
################################################################################
#
# This file has been generated by SpyGlass:
#     Report Name      : moresimple
#     Report Created by: Vsd22113
#     Report Created on:  Wed Dec 21 01:05:13 2022
#     Working Directory: /home/user2/Vsd22/Vsd22113/Desktop/HW4_2/build
#     SpyGlass Version : SpyGlass_vQ-2020.03
#     Policy Name      : SpyGlass(SpyGlass_vQ-2020.03)
#
#     Total Number of Generated Messages :          6
#     Number of Waived Messages          :          0
#     Number of Reported Messages        :          6
#     Number of Overlimit Messages       :          0
#
#
################################################################################

+++++++++++++++++++++++++++++++++++++++++++++++++++++++++++++++++++++++
MORESIMPLE REPORT:


############### BuiltIn -> RuleGroup=Blackbox Resolution ###############
+++++++++++++++++++++++++++++++++++++++++++++++++++++++++++++++++++++++++++++++++++++++
ID       Rule               Alias              Severity    File                                   Line    Wt    Message
======================================================================================
[3]      InfoAnalyzeBBox    InfoAnalyzeBBox    Info        ../sim/SRAM/SRAM_rtl.sv                1       10    Design Unit 'SRAM' has empty definition; Stop applied on design unit using -stop option
[4]      InfoAnalyzeBBox    InfoAnalyzeBBox    Info        ../sim/data_array/data_array_rtl.sv    1       10    Design Unit 'data_array' has empty definition; Stop applied on design unit using -stop option
[5]      InfoAnalyzeBBox    InfoAnalyzeBBox    Info        ../sim/tag_array/tag_array_rtl.sv      1       10    Design Unit 'tag_array' has empty definition; Stop applied on design unit using -stop option
+++++++++++++++++++++++++++++++++++++++++++++++++++++++++++++++++++++++++++++++++++++++


############### BuiltIn -> RuleGroup=Design Read ###############
+++++++++++++++++++++++++++++++++++++++++++++++++++++++++++++++++++++++++++++++++++++++
ID       Rule                    Alias                   Severity    File                                                                   Line    Wt    Message
======================================================================================
[2]      DetectTopDesignUnits    DetectTopDesignUnits    Info        ../src/top.sv                                                          11      2     Module top is a top level design unit
[1]      ElabSummary             ElabSummary             Info        ./spyglass-1/Design_Read/spyglass_reports/SpyGlass/elab_summary.rpt    0       2     Please refer file './spyglass-1/Design_Read/spyglass_reports/SpyGlass/elab_summary.rpt' for elab summary report
[0]      ReportStopSummary       ReportStopSummary       Info        ./spyglass-1/Design_Read/spyglass_reports/SpyGlass/stop_summary.rpt    0       10    Design option(s) stop/stopfile/stopdir specified. Please see ./spyglass-1/Design_Read/spyglass_reports/SpyGlass/stop_summary.rpt to know the design units which have been stopped
+++++++++++++++++++++++++++++++++++++++++++++++++++++++++++++++++++++++++++++++++++++++
