irun(64): 15.20-s084: (c) Copyright 1995-2020 Cadence Design Systems, Inc.
TOOL:	irun(64)	15.20-s084: Started on Nov 29, 2022 at 14:54:57 CST
irun
	/home/YuChengWang/VLSI-System-Design/HW3/./sim/top_tb.sv
	+incdir+/home/YuChengWang/VLSI-System-Design/HW3/./src+/home/YuChengWang/VLSI-System-Design/HW3/./src/AXI+/home/YuChengWang/VLSI-System-Design/HW3/./include+/home/YuChengWang/VLSI-System-Design/HW3/./sim
	+define+prog2+FSDB_ALL
	-define CYCLE=10.0
	-define MAX=6000000
	+access+r
	+prog_path=/home/YuChengWang/VLSI-System-Design/HW3/./sim/prog2
	+nc64bit

   User defined plus("+") options:
	+prog_path=/home/YuChengWang/VLSI-System-Design/HW3/./sim/prog2

file: /home/YuChengWang/VLSI-System-Design/HW3/./sim/top_tb.sv
`define CYCLE 10.0 // Cycle time
                                |
ncvlog: *W,MACNDF (/home/YuChengWang/VLSI-System-Design/HW3/./sim/top_tb.sv,2|32): The text macro 'CYCLE' has also been defined on the command line using the -DEFINE command line option.  The compiler will ignore the definition found in the Verilog source code.
`define MAX 300000 // Max cycle number
                                      |
ncvlog: *W,MACNDF (/home/YuChengWang/VLSI-System-Design/HW3/./sim/top_tb.sv,3|38): The text macro 'MAX' has also been defined on the command line using the -DEFINE command line option.  The compiler will ignore the definition found in the Verilog source code.
    $value$plusargs("prog_path=%s", prog_path);
                  |
ncvlog: *W,NOSYST (/home/YuChengWang/VLSI-System-Design/HW3/./sim/top_tb.sv,115|18): System function '$value$plusargs' invoked as a task. Return value will be ignored.
      $fscanf(gf, "%h\n", GOLDEN[num]);
            |
ncvlog: *W,NOSYST (/home/YuChengWang/VLSI-System-Design/HW3/./sim/top_tb.sv,131|12): System function '$fscanf' invoked as a task. Return value will be ignored.
	module worklib.top_tb:sv
		errors: 0, warnings: 2
	Total errors/warnings found outside modules and primitives:
		errors: 0, warnings: 2
		Caching library 'worklib' ....... Done
	Elaborating the design hierarchy:
	Top level design units:
		inter_Decoder
		top_tb
ncelab: *W,DSEMEL: This SystemVerilog design will be simulated as per IEEE 1800-2009 SystemVerilog simulation semantics. Use -disable_sem2009 option for turning off SV 2009 simulation semantics.
	$readmemh({prog_path, "/rom0.hex"}, i_ROM.Memory_byte0);
	                                                     |
ncelab: *W,MEMODR (../sim/top_tb.sv,118|54): $readmem default memory order incompatible with IEEE1364.
    $readmemh({prog_path, "/rom1.hex"}, i_ROM.Memory_byte1);
                                                         |
ncelab: *W,MEMODR (../sim/top_tb.sv,119|57): $readmem default memory order incompatible with IEEE1364.
    $readmemh({prog_path, "/rom2.hex"}, i_ROM.Memory_byte2);
                                                         |
ncelab: *W,MEMODR (../sim/top_tb.sv,120|57): $readmem default memory order incompatible with IEEE1364.
    $readmemh({prog_path, "/rom3.hex"}, i_ROM.Memory_byte3);
                                                         |
ncelab: *W,MEMODR (../sim/top_tb.sv,121|57): $readmem default memory order incompatible with IEEE1364.
	$readmemh({prog_path, "/dram0.hex"}, i_DRAM.Memory_byte0);
	                                                       |
ncelab: *W,MEMODR (../sim/top_tb.sv,122|56): $readmem default memory order incompatible with IEEE1364.
    $readmemh({prog_path, "/dram1.hex"}, i_DRAM.Memory_byte1);
                                                           |
ncelab: *W,MEMODR (../sim/top_tb.sv,123|59): $readmem default memory order incompatible with IEEE1364.
    $readmemh({prog_path, "/dram2.hex"}, i_DRAM.Memory_byte2);
                                                           |
ncelab: *W,MEMODR (../sim/top_tb.sv,124|59): $readmem default memory order incompatible with IEEE1364.
    $readmemh({prog_path, "/dram3.hex"}, i_DRAM.Memory_byte3);
                                                           |
ncelab: *W,MEMODR (../sim/top_tb.sv,125|59): $readmem default memory order incompatible with IEEE1364.
	Building instance overlay tables: .................... Done
	Generating native compiled code:
		worklib.top_tb:sv <0x6a8bcc19>
			streams:  28, words: 39772
	Building instance specific data structures.
	Loading native compiled code:     .................... Done
	Design hierarchy summary:
		                  Instances  Unique
		Modules:                 50      41
		Interfaces:              55      16
		Registers:              860     514
		Scalar wires:          1265       -
		Expanded wires:         656      14
		Vectored wires:         394       -
		Named events:             5       5
		Always blocks:          166     141
		Initial blocks:           7       7
		Cont. assignments:      331     600
		Pseudo assignments:     354     322
		Assertions:               5       5
		Simulation timescale:  10ps
	Writing initial simulation snapshot: worklib.inter_Decoder:sv
Loading snapshot worklib.inter_Decoder:sv .................... Done
ncsim: *W,DSEM2009: This SystemVerilog design is simulated as per IEEE 1800-2009 SystemVerilog simulation semantics. Use -disable_sem2009 option for turning off SV 2009 simulation semantics.
*Verdi* Loading libsscore_ius152.so
ncsim> source /usr/cad/cadence/INCISIV/cur/tools/inca/files/ncsimrc
ncsim> run
FSDB Dumper for IUS, Release Verdi_O-2018.09, Linux x86_64/64bit, 08/30/2018
(C) 1996 - 2018 by Synopsys, Inc.
*Verdi* FSDB WARNING: The FSDB file already exists. Overwriting the FSDB file may crash the programs that are using this file.
*Verdi* : Create FSDB file 'top.fsdb'
*Verdi* : Begin traversing the scope (top_tb.TOP), layer (0).
*Verdi* : Enable +struct and +mda dumping.
*Verdi* : End of traversing.
*Verdi* : Begin traversing the scope (top_tb.i_DRAM), layer (0).
*Verdi* : Enable +struct and +mda dumping.
*Verdi* : End of traversing.
*Verdi* FSDB: For performance reasons, the Memory Size Limit has been increased to 256M.
*Verdi* FSDB: For performance reasons, the Memory Size Limit has been increased to 512M.
*Verdi* FSDB: For performance reasons, the Memory Size Limit has been increased to 1024M.

Done

DRAM[262144] = 30364d42, pass
DRAM[262145] = 00000000, pass
DRAM[262146] = 00360000, pass
DRAM[262147] = 00280000, pass
DRAM[262148] = 00400000, pass
DRAM[262149] = 00400000, pass
DRAM[262150] = 00010000, pass
DRAM[262151] = 00000018, pass
DRAM[262152] = 30000000, pass
DRAM[262153] = 0ec40000, pass
DRAM[262154] = 0ec40000, pass
DRAM[262155] = 00000000, pass
DRAM[262156] = 00000000, pass
DRAM[262157] = ffff0000, pass
DRAM[262158] = ffffffff, pass
DRAM[262159] = ffffffff, pass
DRAM[262160] = ffffffff, pass
DRAM[262161] = ffffffff, pass
DRAM[262162] = ffffffff, pass
DRAM[262163] = ffffffff, pass
DRAM[262164] = ffffffff, pass
DRAM[262165] = ffffffff, pass
DRAM[262166] = ffffffff, pass
DRAM[262167] = ffffffff, pass
DRAM[262168] = ffffffff, pass
DRAM[262169] = ffffffff, pass
DRAM[262170] = ffffffff, pass
DRAM[262171] = ffffffff, pass
DRAM[262172] = ffffffff, pass
DRAM[262173] = ffffffff, pass
DRAM[262174] = ffffffff, pass
DRAM[262175] = ffffffff, pass
DRAM[262176] = ffffffff, pass
DRAM[262177] = ffffffff, pass
DRAM[262178] = ffffffff, pass
DRAM[262179] = ffffffff, pass
DRAM[262180] = ffffffff, pass
DRAM[262181] = ffffffff, pass
DRAM[262182] = ffffffff, pass
DRAM[262183] = ffffffff, pass
DRAM[262184] = ffffffff, pass
DRAM[262185] = ffffffff, pass
DRAM[262186] = 94d4d4d4, pass
DRAM[262187] = 91919494, pass
DRAM[262188] = 97979791, pass
DRAM[262189] = bde8e8e8, pass
DRAM[262190] = e5e5bdbd, pass
DRAM[262191] = ffffffe5, pass
DRAM[262192] = ffffffff, pass
DRAM[262193] = ffffffff, pass
DRAM[262194] = ffffffff, pass
DRAM[262195] = ffffffff, pass
DRAM[262196] = ffffffff, pass
DRAM[262197] = ffffffff, pass
DRAM[262198] = ffffffff, pass
DRAM[262199] = ffffffff, pass
DRAM[262200] = ffffffff, pass
DRAM[262201] = ffffffff, pass
DRAM[262202] = ffffffff, pass
DRAM[262203] = ffffffff, pass
DRAM[262204] = ffffffff, pass
DRAM[262205] = ffffffff, pass
DRAM[262206] = ffffffff, pass
DRAM[262207] = ffffffff, pass
DRAM[262208] = ffffffff, pass
DRAM[262209] = ffffffff, pass
DRAM[262210] = ffffffff, pass
DRAM[262211] = ffffffff, pass
DRAM[262212] = ffffffff, pass
DRAM[262213] = ffffffff, pass
DRAM[262214] = ffffffff, pass
DRAM[262215] = ffffffff, pass
DRAM[262216] = ffffffff, pass
DRAM[262217] = ffffffff, pass
DRAM[262218] = ffffffff, pass
DRAM[262219] = ffffffff, pass
DRAM[262220] = ffffffff, pass
DRAM[262221] = ffffffff, pass
DRAM[262222] = ffffffff, pass
DRAM[262223] = ffffffff, pass
DRAM[262224] = ffffffff, pass
DRAM[262225] = ffffffff, pass
DRAM[262226] = ffffffff, pass
DRAM[262227] = ffffffff, pass
DRAM[262228] = ffffffff, pass
DRAM[262229] = ffffffff, pass
DRAM[262230] = ffffffff, pass
DRAM[262231] = ffffffff, pass
DRAM[262232] = 9a9affff, pass
DRAM[262233] = 5353539a, pass
DRAM[262234] = ff7c7c7c, pass
DRAM[262235] = 4a4affff, pass
DRAM[262236] = 7a7a7a4a, pass
DRAM[262237] = bf9a9a9a, pass
DRAM[262238] = 8c8cbfbf, pass
DRAM[262239] = ffffff8c, pass
DRAM[262240] = ffffffff, pass
DRAM[262241] = ffffffff, pass
DRAM[262242] = ffffffff, pass
DRAM[262243] = ffffffff, pass
DRAM[262244] = ffffffff, pass
DRAM[262245] = ffffffff, pass
DRAM[262246] = ffffffff, pass
DRAM[262247] = ffffffff, pass
DRAM[262248] = ffffffff, pass
DRAM[262249] = ffffffff, pass
DRAM[262250] = ffffffff, pass
DRAM[262251] = ffffffff, pass
DRAM[262252] = ffffffff, pass
DRAM[262253] = ffffffff, pass
DRAM[262254] = ffffffff, pass
DRAM[262255] = ffffffff, pass
DRAM[262256] = ffffffff, pass
DRAM[262257] = ffffffff, pass
DRAM[262258] = faffffff, pass
DRAM[262259] = 6161fafa, pass
DRAM[262260] = bbbbbb61, pass
DRAM[262261] = 91696969, pass
DRAM[262262] = bdbd9191, pass
DRAM[262263] = ffffffbd, pass
DRAM[262264] = ffffffff, pass
DRAM[262265] = ffffffff, pass
DRAM[262266] = ffffffff, pass
DRAM[262267] = ffffffff, pass
DRAM[262268] = ffffffff, pass
DRAM[262269] = ffffffff, pass
DRAM[262270] = ffffffff, pass
DRAM[262271] = ffffffff, pass
DRAM[262272] = ffffffff, pass
DRAM[262273] = ffffffff, pass
DRAM[262274] = ffffffff, pass
DRAM[262275] = ffffffff, pass
DRAM[262276] = ffffffff, pass
DRAM[262277] = ffffffff, pass
DRAM[262278] = ffffffff, pass
DRAM[262279] = 8fffffff, pass
DRAM[262280] = 7f7f8f8f, pass
DRAM[262281] = 9d9d9d7f, pass
DRAM[262282] = 67b3b3b3, pass
DRAM[262283] = 74746767, pass
DRAM[262284] = cecece74, pass
DRAM[262285] = 44dbdbdb, pass
DRAM[262286] = b0b04444, pass
DRAM[262287] = a5a5a5b0, pass
DRAM[262288] = ffffffff, pass
DRAM[262289] = ffffffff, pass
DRAM[262290] = ffffffff, pass
DRAM[262291] = ffffffff, pass
DRAM[262292] = ffffffff, pass
DRAM[262293] = ffffffff, pass
DRAM[262294] = ffffffff, pass
DRAM[262295] = ffffffff, pass
DRAM[262296] = ffffffff, pass
DRAM[262297] = ffffffff, pass
DRAM[262298] = ffffffff, pass
DRAM[262299] = ffffffff, pass
DRAM[262300] = ffffffff, pass
DRAM[262301] = ffffffff, pass
DRAM[262302] = ffffffff, pass
DRAM[262303] = ffffffff, pass
DRAM[262304] = ffffffff, pass
DRAM[262305] = ffffffff, pass
DRAM[262306] = b4aaaaaa, pass
DRAM[262307] = 6666b4b4, pass
DRAM[262308] = f5f5f566, pass
DRAM[262309] = c99d9d9d, pass
DRAM[262310] = dbdbc9c9, pass
DRAM[262311] = 747474db, pass
DRAM[262312] = cc929292, pass
DRAM[262313] = ffffcccc, pass
DRAM[262314] = ffffffff, pass
DRAM[262315] = ffffffff, pass
DRAM[262316] = ffffffff, pass
DRAM[262317] = ffffffff, pass
DRAM[262318] = ffffffff, pass
DRAM[262319] = ffffffff, pass
DRAM[262320] = ffffffff, pass
DRAM[262321] = ffffffff, pass
DRAM[262322] = ffffffff, pass
DRAM[262323] = ffffffff, pass
DRAM[262324] = ffffffff, pass
DRAM[262325] = ffffffff, pass
DRAM[262326] = ffffffff, pass
DRAM[262327] = 6fffffff, pass
DRAM[262328] = a0a06f6f, pass
DRAM[262329] = 9b9b9ba0, pass
DRAM[262330] = 9a8f8f8f, pass
DRAM[262331] = a1a19a9a, pass
DRAM[262332] = 747474a1, pass
DRAM[262333] = ea171717, pass
DRAM[262334] = 7b7beaea, pass
DRAM[262335] = ebebeb7b, pass
DRAM[262336] = ffffffff, pass
DRAM[262337] = ffffffff, pass
DRAM[262338] = ffffffff, pass
DRAM[262339] = ffffffff, pass
DRAM[262340] = ffffffff, pass
DRAM[262341] = ffffffff, pass
DRAM[262342] = ffffffff, pass
DRAM[262343] = ffffffff, pass
DRAM[262344] = ffffffff, pass
DRAM[262345] = ffffffff, pass
DRAM[262346] = ffffffff, pass
DRAM[262347] = ffffffff, pass
DRAM[262348] = ffffffff, pass
DRAM[262349] = ffffffff, pass
DRAM[262350] = ffffffff, pass
DRAM[262351] = ffffffff, pass
DRAM[262352] = ffffffff, pass
DRAM[262353] = ffffffff, pass
DRAM[262354] = 8effffff, pass
DRAM[262355] = dcdc8e8e, pass
DRAM[262356] = a5a5a5dc, pass
DRAM[262357] = 5df5f5f5, pass
DRAM[262358] = b6b65d5d, pass
DRAM[262359] = 787878b6, pass
DRAM[262360] = 839d9d9d, pass
DRAM[262361] = 5e5e8383, pass
DRAM[262362] = 7777775e, pass
DRAM[262363] = ad828282, pass
DRAM[262364] = ffffadad, pass
DRAM[262365] = ffffffff, pass
DRAM[262366] = ffffffff, pass
DRAM[262367] = ffffffff, pass
DRAM[262368] = ffffffff, pass
DRAM[262369] = ffffffff, pass
DRAM[262370] = ffffffff, pass
DRAM[262371] = ffffffff, pass
DRAM[262372] = ffffffff, pass
DRAM[262373] = ffffffff, pass
DRAM[262374] = ffffffff, pass
DRAM[262375] = 95b8b8b8, pass
DRAM[262376] = 9b9b9595, pass
DRAM[262377] = 9999999b, pass
DRAM[262378] = 9a999999, pass
DRAM[262379] = 9a9a9a9a, pass
DRAM[262380] = a2a2a29a, pass
DRAM[262381] = 41a2a2a2, pass
DRAM[262382] = fcfc4141, pass
DRAM[262383] = fffffffc, pass
DRAM[262384] = ffffffff, pass
DRAM[262385] = ffffffff, pass
DRAM[262386] = ffffffff, pass
DRAM[262387] = ffffffff, pass
DRAM[262388] = ffffffff, pass
DRAM[262389] = ffffffff, pass
DRAM[262390] = ffffffff, pass
DRAM[262391] = ffffffff, pass
DRAM[262392] = ffffffff, pass
DRAM[262393] = ffffffff, pass
DRAM[262394] = ffffffff, pass
DRAM[262395] = ffffffff, pass
DRAM[262396] = ffffffff, pass
DRAM[262397] = ffffffff, pass
DRAM[262398] = ffffffff, pass
DRAM[262399] = ffffffff, pass
DRAM[262400] = ffffffff, pass
DRAM[262401] = ffffffff, pass
DRAM[262402] = ffffffff, pass
DRAM[262403] = aaaaffff, pass
DRAM[262404] = 6e6e6eaa, pass
DRAM[262405] = 919d9d9d, pass
DRAM[262406] = 7d7d9191, pass
DRAM[262407] = a1a1a17d, pass
DRAM[262408] = 999b9b9b, pass
DRAM[262409] = 9c9c9999, pass
DRAM[262410] = 9a9a9a9c, pass
DRAM[262411] = 6ea1a1a1, pass
DRAM[262412] = bfbf6e6e, pass
DRAM[262413] = ffffffbf, pass
DRAM[262414] = ffffffff, pass
DRAM[262415] = ffffffff, pass
DRAM[262416] = ffffffff, pass
DRAM[262417] = ffffffff, pass
DRAM[262418] = ffffffff, pass
DRAM[262419] = ffffffff, pass
DRAM[262420] = ffffffff, pass
DRAM[262421] = ffffffff, pass
DRAM[262422] = ffffffff, pass
DRAM[262423] = a0717171, pass
DRAM[262424] = 9b9ba0a0, pass
DRAM[262425] = 9b9b9b9b, pass
DRAM[262426] = 99999999, pass
DRAM[262427] = 9c9c9999, pass
DRAM[262428] = 9f9f9f9c, pass
DRAM[262429] = ff757575, pass
DRAM[262430] = ffffffff, pass
DRAM[262431] = ffffffff, pass
DRAM[262432] = ffffffff, pass
DRAM[262433] = ffffffff, pass
DRAM[262434] = ffffffff, pass
DRAM[262435] = ffffffff, pass
DRAM[262436] = ffffffff, pass
DRAM[262437] = ffffffff, pass
DRAM[262438] = ffffffff, pass
DRAM[262439] = ffffffff, pass
DRAM[262440] = ffffffff, pass
DRAM[262441] = ffffffff, pass
DRAM[262442] = ffffffff, pass
DRAM[262443] = ffffffff, pass
DRAM[262444] = ffffffff, pass
DRAM[262445] = ffffffff, pass
DRAM[262446] = ffffffff, pass
DRAM[262447] = ffffffff, pass
DRAM[262448] = ffffffff, pass
DRAM[262449] = ffffffff, pass
DRAM[262450] = ffffffff, pass
DRAM[262451] = ffffffff, pass
DRAM[262452] = c8c8c8ff, pass
DRAM[262453] = 6b9e9e9e, pass
DRAM[262454] = 9a9a6b6b, pass
DRAM[262455] = 9999999a, pass
DRAM[262456] = 999d9d9d, pass
DRAM[262457] = 97979999, pass
DRAM[262458] = 9a9a9a97, pass
DRAM[262459] = 71a0a0a0, pass
DRAM[262460] = cdcd7171, pass
DRAM[262461] = ffffffcd, pass
DRAM[262462] = ffffffff, pass
DRAM[262463] = ffffffff, pass
DRAM[262464] = ffffffff, pass
DRAM[262465] = ffffffff, pass
DRAM[262466] = ffffffff, pass
DRAM[262467] = ffffffff, pass
DRAM[262468] = ffffffff, pass
DRAM[262469] = ffffffff, pass
DRAM[262470] = 838383ff, pass
DRAM[262471] = 9d9a9a9a, pass
DRAM[262472] = 9d9d9d9d, pass
DRAM[262473] = 9b9b9b9d, pass
DRAM[262474] = 9a9b9b9b, pass
DRAM[262475] = 9d9d9a9a, pass
DRAM[262476] = 9b9b9b9d, pass
DRAM[262477] = ffb1b1b1, pass
DRAM[262478] = ffffffff, pass
DRAM[262479] = ffffffff, pass
DRAM[262480] = ffffffff, pass
DRAM[262481] = ffffffff, pass
DRAM[262482] = ffffffff, pass
DRAM[262483] = ffffffff, pass
DRAM[262484] = ffffffff, pass
DRAM[262485] = ffffffff, pass
DRAM[262486] = ffffffff, pass
DRAM[262487] = ffffffff, pass
DRAM[262488] = ffffffff, pass
DRAM[262489] = ffffffff, pass
DRAM[262490] = ffffffff, pass
DRAM[262491] = ffffffff, pass
DRAM[262492] = ffffffff, pass
DRAM[262493] = ffffffff, pass
DRAM[262494] = ffffffff, pass
DRAM[262495] = ffffffff, pass
DRAM[262496] = ffffffff, pass
DRAM[262497] = ffffffff, pass
DRAM[262498] = ffffffff, pass
DRAM[262499] = ffffffff, pass
DRAM[262500] = ffffffff, pass
DRAM[262501] = 8e8a8a8a, pass
DRAM[262502] = 9b9b8e8e, pass
DRAM[262503] = 9a9a9a9b, pass
DRAM[262504] = 9c9d9d9d, pass
DRAM[262505] = 9a9a9c9c, pass
DRAM[262506] = 9c9c9c9a, pass
DRAM[262507] = 8d9f9f9f, pass
DRAM[262508] = 63638d8d, pass
DRAM[262509] = c7c7c763, pass
DRAM[262510] = fffdfdfd, pass
DRAM[262511] = ffffffff, pass
DRAM[262512] = ffffffff, pass
DRAM[262513] = ffffffff, pass
DRAM[262514] = ffffffff, pass
DRAM[262515] = f9f9f9ff, pass
DRAM[262516] = dadedede, pass
DRAM[262517] = 7676dada, pass
DRAM[262518] = 90909076, pass
DRAM[262519] = 9c9e9e9e, pass
DRAM[262520] = 9c9c9c9c, pass
DRAM[262521] = 9d9d9d9c, pass
DRAM[262522] = 9c9c9c9c, pass
DRAM[262523] = 9c9c9c9c, pass
DRAM[262524] = a3a3a39c, pass
DRAM[262525] = a8505050, pass
DRAM[262526] = b5b5a8a8, pass
DRAM[262527] = ffffffb5, pass
DRAM[262528] = ffffffff, pass
DRAM[262529] = ffffffff, pass
DRAM[262530] = ffffffff, pass
DRAM[262531] = ffffffff, pass
DRAM[262532] = ffffffff, pass
DRAM[262533] = ffffffff, pass
DRAM[262534] = ffffffff, pass
DRAM[262535] = ffffffff, pass
DRAM[262536] = ffffffff, pass
DRAM[262537] = ffffffff, pass
DRAM[262538] = ffffffff, pass
DRAM[262539] = ffffffff, pass
DRAM[262540] = ffffffff, pass
DRAM[262541] = ffffffff, pass
DRAM[262542] = ffffffff, pass
DRAM[262543] = ffffffff, pass
DRAM[262544] = ffffffff, pass
DRAM[262545] = ffffffff, pass
DRAM[262546] = ffffffff, pass
DRAM[262547] = ffffffff, pass
DRAM[262548] = fefefeff, pass
DRAM[262549] = 9f4f4f4f, pass
DRAM[262550] = 9d9d9f9f, pass
DRAM[262551] = 9c9c9c9d, pass
DRAM[262552] = 9a9d9d9d, pass
DRAM[262553] = 9a9a9a9a, pass
DRAM[262554] = 9c9c9c9a, pass
DRAM[262555] = 9e9d9d9d, pass
DRAM[262556] = a1a19e9e, pass
DRAM[262557] = 8a8a8aa1, pass
DRAM[262558] = 736c6c6c, pass
DRAM[262559] = 86867373, pass
DRAM[262560] = 62626286, pass
DRAM[262561] = a2969696, pass
DRAM[262562] = 9494a2a2, pass
DRAM[262563] = 9b9b9b94, pass
DRAM[262564] = 57a7a7a7, pass
DRAM[262565] = 8a8a5757, pass
DRAM[262566] = 9f9f9f8a, pass
DRAM[262567] = 9c9d9d9d, pass
DRAM[262568] = 9b9b9c9c, pass
DRAM[262569] = 9e9e9e9b, pass
DRAM[262570] = 9c9d9d9d, pass
DRAM[262571] = 9b9b9c9c, pass
DRAM[262572] = 9e9e9e9b, pass
DRAM[262573] = bf6c6c6c, pass
DRAM[262574] = ababbfbf, pass
DRAM[262575] = 797979ab, pass
DRAM[262576] = f2929292, pass
DRAM[262577] = fffff2f2, pass
DRAM[262578] = ffffffff, pass
DRAM[262579] = ffffffff, pass
DRAM[262580] = ffffffff, pass
DRAM[262581] = ffffffff, pass
DRAM[262582] = ffffffff, pass
DRAM[262583] = ffffffff, pass
DRAM[262584] = ffffffff, pass
DRAM[262585] = ffffffff, pass
DRAM[262586] = ffffffff, pass
DRAM[262587] = ffffffff, pass
DRAM[262588] = ffffffff, pass
DRAM[262589] = ffffffff, pass
DRAM[262590] = ffffffff, pass
DRAM[262591] = ffffffff, pass
DRAM[262592] = ffffffff, pass
DRAM[262593] = ffffffff, pass
DRAM[262594] = ffffffff, pass
DRAM[262595] = ffffffff, pass
DRAM[262596] = aaaaaaff, pass
DRAM[262597] = a1939393, pass
DRAM[262598] = 9898a1a1, pass
DRAM[262599] = 99999998, pass
DRAM[262600] = 999a9a9a, pass
DRAM[262601] = 9b9b9999, pass
DRAM[262602] = 9b9b9b9b, pass
DRAM[262603] = 9b9e9e9e, pass
DRAM[262604] = 9f9f9b9b, pass
DRAM[262605] = a5a5a59f, pass
DRAM[262606] = 76727272, pass
DRAM[262607] = 8e8e7676, pass
DRAM[262608] = d0d0d08e, pass
DRAM[262609] = dadddddd, pass
DRAM[262610] = d8d8dada, pass
DRAM[262611] = dadadad8, pass
DRAM[262612] = 67d9d9d9, pass
DRAM[262613] = 9f9f6767, pass
DRAM[262614] = 9b9b9b9f, pass
DRAM[262615] = 9e9b9b9b, pass
DRAM[262616] = 9c9c9e9e, pass
DRAM[262617] = 9b9b9b9c, pass
DRAM[262618] = 9c9d9d9d, pass
DRAM[262619] = 99999c9c, pass
DRAM[262620] = a0a0a099, pass
DRAM[262621] = 6c464646, pass
DRAM[262622] = 73736c6c, pass
DRAM[262623] = 8b8b8b73, pass
DRAM[262624] = 7cc0c0c0, pass
DRAM[262625] = 91917c7c, pass
DRAM[262626] = ffffff91, pass
DRAM[262627] = ffffffff, pass
DRAM[262628] = ffffffff, pass
DRAM[262629] = ffffffff, pass
DRAM[262630] = ffffffff, pass
DRAM[262631] = ffffffff, pass
DRAM[262632] = ffffffff, pass
DRAM[262633] = ffffffff, pass
DRAM[262634] = ffffffff, pass
DRAM[262635] = ffffffff, pass
DRAM[262636] = ffffffff, pass
DRAM[262637] = ffffffff, pass
DRAM[262638] = ffffffff, pass
DRAM[262639] = ffffffff, pass
DRAM[262640] = ffffffff, pass
DRAM[262641] = ffffffff, pass
DRAM[262642] = ffffffff, pass
DRAM[262643] = ffffffff, pass
DRAM[262644] = 959595ff, pass
DRAM[262645] = bbbfbfbf, pass
DRAM[262646] = b2b2bbbb, pass
DRAM[262647] = 9e9e9eb2, pass
DRAM[262648] = 99979797, pass
DRAM[262649] = 9b9b9999, pass
DRAM[262650] = 9c9c9c9b, pass
DRAM[262651] = a29e9e9e, pass
DRAM[262652] = 8080a2a2, pass
DRAM[262653] = 6f6f6f80, pass
DRAM[262654] = dfcfcfcf, pass
DRAM[262655] = d7d7dfdf, pass
DRAM[262656] = d6d6d6d7, pass
DRAM[262657] = d2d1d1d1, pass
DRAM[262658] = d4d4d2d2, pass
DRAM[262659] = ddddddd4, pass
DRAM[262660] = b37b7b7b, pass
DRAM[262661] = b6b6b3b3, pass
DRAM[262662] = bababab6, pass
DRAM[262663] = bdbababa, pass
DRAM[262664] = bcbcbdbd, pass
DRAM[262665] = adadadbc, pass
DRAM[262666] = 9c9c9c9c, pass
DRAM[262667] = 98989c9c, pass
DRAM[262668] = a0a0a098, pass
DRAM[262669] = 8f5b5b5b, pass
DRAM[262670] = 8a8a8f8f, pass
DRAM[262671] = 8888888a, pass
DRAM[262672] = 81636363, pass
DRAM[262673] = bbbb8181, pass
DRAM[262674] = 7a7a7abb, pass
DRAM[262675] = fffafafa, pass
DRAM[262676] = ffffffff, pass
DRAM[262677] = ffffffff, pass
DRAM[262678] = ffffffff, pass
DRAM[262679] = ffffffff, pass
DRAM[262680] = ffffffff, pass
DRAM[262681] = ffffffff, pass
DRAM[262682] = ffffffff, pass
DRAM[262683] = ffffffff, pass
DRAM[262684] = ffffffff, pass
DRAM[262685] = ffffffff, pass
DRAM[262686] = ffffffff, pass
DRAM[262687] = ffffffff, pass
DRAM[262688] = ffffffff, pass
DRAM[262689] = ffffffff, pass
DRAM[262690] = ffffffff, pass
DRAM[262691] = ffffffff, pass
DRAM[262692] = a1a1a1ff, pass
DRAM[262693] = c7c7c7c7, pass
DRAM[262694] = bdbdc7c7, pass
DRAM[262695] = bbbbbbbd, pass
DRAM[262696] = 98ababab, pass
DRAM[262697] = 9b9b9898, pass
DRAM[262698] = 9c9c9c9b, pass
DRAM[262699] = 6ba4a4a4, pass
DRAM[262700] = a1a16b6b, pass
DRAM[262701] = e3e3e3a1, pass
DRAM[262702] = cdd7d7d7, pass
DRAM[262703] = cececdcd, pass
DRAM[262704] = d4d4d4ce, pass
DRAM[262705] = d0cfcfcf, pass
DRAM[262706] = d6d6d0d0, pass
DRAM[262707] = dbdbdbd6, pass
DRAM[262708] = c5828282, pass
DRAM[262709] = bfbfc5c5, pass
DRAM[262710] = babababf, pass
DRAM[262711] = bdb9b9b9, pass
DRAM[262712] = c0c0bdbd, pass
DRAM[262713] = c1c1c1c0, pass
DRAM[262714] = 9eb4b4b4, pass
DRAM[262715] = 9b9b9e9e, pass
DRAM[262716] = 9292929b, pass
DRAM[262717] = 8c5b5b5b, pass
DRAM[262718] = 89898c8c, pass
DRAM[262719] = 8a8a8a89, pass
DRAM[262720] = 8c8c8c8c, pass
DRAM[262721] = 6b6b8c8c, pass
DRAM[262722] = a7a7a76b, pass
DRAM[262723] = f4797979, pass
DRAM[262724] = fffff4f4, pass
DRAM[262725] = ffffffff, pass
DRAM[262726] = ffffffff, pass
DRAM[262727] = ffffffff, pass
DRAM[262728] = ffffffff, pass
DRAM[262729] = ffffffff, pass
DRAM[262730] = ffffffff, pass
DRAM[262731] = ffffffff, pass
DRAM[262732] = ffffffff, pass
DRAM[262733] = ffffffff, pass
DRAM[262734] = ffffffff, pass
DRAM[262735] = ffffffff, pass
DRAM[262736] = ffffffff, pass
DRAM[262737] = ffffffff, pass
DRAM[262738] = ffffffff, pass
DRAM[262739] = ffffffff, pass
DRAM[262740] = d0d0d0ff, pass
DRAM[262741] = dba7a7a7, pass
DRAM[262742] = cbcbdbdb, pass
DRAM[262743] = bfbfbfcb, pass
DRAM[262744] = b4bfbfbf, pass
DRAM[262745] = 9a9ab4b4, pass
DRAM[262746] = a1a1a19a, pass
DRAM[262747] = b7696969, pass
DRAM[262748] = dbdbb7b7, pass
DRAM[262749] = d5d5d5db, pass
DRAM[262750] = ccd2d2d2, pass
DRAM[262751] = cfcfcccc, pass
DRAM[262752] = d3d3d3cf, pass
DRAM[262753] = ced2d2d2, pass
DRAM[262754] = d2d2cece, pass
DRAM[262755] = ddddddd2, pass
DRAM[262756] = cb7f7f7f, pass
DRAM[262757] = c3c3cbcb, pass
DRAM[262758] = bdbdbdc3, pass
DRAM[262759] = bfbcbcbc, pass
DRAM[262760] = bfbfbfbf, pass
DRAM[262761] = bebebebf, pass
DRAM[262762] = aebdbdbd, pass
DRAM[262763] = 9f9faeae, pass
DRAM[262764] = 6b6b6b9f, pass
DRAM[262765] = 8b7d7d7d, pass
DRAM[262766] = 8a8a8b8b, pass
DRAM[262767] = 8a8a8a8a, pass
DRAM[262768] = 8b898989, pass
DRAM[262769] = 8f8f8b8b, pass
DRAM[262770] = 6e6e6e8f, pass
DRAM[262771] = 80969696, pass
DRAM[262772] = ffff8080, pass
DRAM[262773] = ffffffff, pass
DRAM[262774] = ffffffff, pass
DRAM[262775] = ffffffff, pass
DRAM[262776] = ffffffff, pass
DRAM[262777] = ffffffff, pass
DRAM[262778] = ffffffff, pass
DRAM[262779] = ffffffff, pass
DRAM[262780] = ffffffff, pass
DRAM[262781] = ffffffff, pass
DRAM[262782] = ffffffff, pass
DRAM[262783] = ffffffff, pass
DRAM[262784] = ffffffff, pass
DRAM[262785] = ffffffff, pass
DRAM[262786] = ffffffff, pass
DRAM[262787] = ffffffff, pass
DRAM[262788] = ffffffff, pass
DRAM[262789] = df858585, pass
DRAM[262790] = d7d7dfdf, pass
DRAM[262791] = cececed7, pass
DRAM[262792] = c4c3c3c3, pass
DRAM[262793] = b6b6c4c4, pass
DRAM[262794] = 7c7c7cb6, pass
DRAM[262795] = d5b6b6b6, pass
DRAM[262796] = d5d5d5d5, pass
DRAM[262797] = d5d5d5d5, pass
DRAM[262798] = ced1d1d1, pass
DRAM[262799] = cfcfcece, pass
DRAM[262800] = d0d0d0cf, pass
DRAM[262801] = ccd2d2d2, pass
DRAM[262802] = d5d5cccc, pass
DRAM[262803] = d7d7d7d5, pass
DRAM[262804] = da898989, pass
DRAM[262805] = d2d2dada, pass
DRAM[262806] = c5c5c5d2, pass
DRAM[262807] = bfbebebe, pass
DRAM[262808] = bfbfbfbf, pass
DRAM[262809] = bfbfbfbf, pass
DRAM[262810] = bcbebebe, pass
DRAM[262811] = a5a5bcbc, pass
DRAM[262812] = 545454a5, pass
DRAM[262813] = 8d8f8f8f, pass
DRAM[262814] = 8c8c8d8d, pass
DRAM[262815] = 8a8a8a8c, pass
DRAM[262816] = 8b8a8a8a, pass
DRAM[262817] = 8b8b8b8b, pass
DRAM[262818] = 8c8c8c8b, pass
DRAM[262819] = 99747474, pass
DRAM[262820] = 7b7b9999, pass
DRAM[262821] = ffffff7b, pass
DRAM[262822] = ffffffff, pass
DRAM[262823] = ffffffff, pass
DRAM[262824] = ffffffff, pass
DRAM[262825] = ffffffff, pass
DRAM[262826] = ffffffff, pass
DRAM[262827] = ffffffff, pass
DRAM[262828] = ffffffff, pass
DRAM[262829] = ffffffff, pass
DRAM[262830] = ffffffff, pass
DRAM[262831] = ffffffff, pass
DRAM[262832] = ffffffff, pass
DRAM[262833] = ffffffff, pass
DRAM[262834] = ffffffff, pass
DRAM[262835] = ffffffff, pass
DRAM[262836] = ffffffff, pass
DRAM[262837] = d0afafaf, pass
DRAM[262838] = dbdbd0d0, pass
DRAM[262839] = d6d6d6db, pass
DRAM[262840] = c4c5c5c5, pass
DRAM[262841] = c0c0c4c4, pass
DRAM[262842] = 828282c0, pass
DRAM[262843] = d6d5d5d5, pass
DRAM[262844] = d5d5d6d6, pass
DRAM[262845] = d4d4d4d5, pass
DRAM[262846] = d0d3d3d3, pass
DRAM[262847] = cdcdd0d0, pass
DRAM[262848] = cfcfcfcd, pass
DRAM[262849] = d2d5d5d5, pass
DRAM[262850] = d0d0d2d2, pass
DRAM[262851] = cececed0, pass
DRAM[262852] = da8e8e8e, pass
DRAM[262853] = d4d4dada, pass
DRAM[262854] = d3d3d3d4, pass
DRAM[262855] = bec0c0c0, pass
DRAM[262856] = bebebebe, pass
DRAM[262857] = bfbfbfbe, pass
DRAM[262858] = c1bfbfbf, pass
DRAM[262859] = adadc1c1, pass
DRAM[262860] = 4d4d4dad, pass
DRAM[262861] = 6d7f7f7f, pass
DRAM[262862] = 77776d6d, pass
DRAM[262863] = 84848477, pass
DRAM[262864] = 908e8e8e, pass
DRAM[262865] = 8c8c9090, pass
DRAM[262866] = 8a8a8a8c, pass
DRAM[262867] = 6f8b8b8b, pass
DRAM[262868] = 8f8f6f6f, pass
DRAM[262869] = a8a8a88f, pass
DRAM[262870] = ffffffff, pass
DRAM[262871] = ffffffff, pass
DRAM[262872] = ffffffff, pass
DRAM[262873] = ffffffff, pass
DRAM[262874] = ffffffff, pass
DRAM[262875] = ffffffff, pass
DRAM[262876] = ffffffff, pass
DRAM[262877] = ffffffff, pass
DRAM[262878] = ffffffff, pass
DRAM[262879] = ffffffff, pass
DRAM[262880] = ffffffff, pass
DRAM[262881] = ffffffff, pass
DRAM[262882] = ffffffff, pass
DRAM[262883] = ffffffff, pass
DRAM[262884] = ffffffff, pass
DRAM[262885] = 93ffffff, pass
DRAM[262886] = d0d09393, pass
DRAM[262887] = c8c8c8d0, pass
DRAM[262888] = cac4c4c4, pass
DRAM[262889] = 8484caca, pass
DRAM[262890] = cfcfcf84, pass
DRAM[262891] = d4d0d0d0, pass
DRAM[262892] = d4d4d4d4, pass
DRAM[262893] = d6d6d6d4, pass
DRAM[262894] = ced4d4d4, pass
DRAM[262895] = cbcbcece, pass
DRAM[262896] = cecececb, pass
DRAM[262897] = cdd1d1d1, pass
DRAM[262898] = c7c7cdcd, pass
DRAM[262899] = cbcbcbc7, pass
DRAM[262900] = cf9b9b9b, pass
DRAM[262901] = d4d4cfcf, pass
DRAM[262902] = d5d5d5d4, pass
DRAM[262903] = bec6c6c6, pass
DRAM[262904] = bdbdbebe, pass
DRAM[262905] = bdbdbdbd, pass
DRAM[262906] = c4bfbfbf, pass
DRAM[262907] = 9595c4c4, pass
DRAM[262908] = 75757595, pass
DRAM[262909] = d2d5d5d5, pass
DRAM[262910] = c0c0d2d2, pass
DRAM[262911] = 9a9a9ac0, pass
DRAM[262912] = 4e636363, pass
DRAM[262913] = 90904e4e, pass
DRAM[262914] = 93939390, pass
DRAM[262915] = 8e8b8b8b, pass
DRAM[262916] = 7a7a8e8e, pass
DRAM[262917] = 7878787a, pass
DRAM[262918] = ffffffff, pass
DRAM[262919] = ffffffff, pass
DRAM[262920] = ffffffff, pass
DRAM[262921] = ffffffff, pass
DRAM[262922] = ffffffff, pass
DRAM[262923] = ffffffff, pass
DRAM[262924] = ffffffff, pass
DRAM[262925] = ffffffff, pass
DRAM[262926] = ffffffff, pass
DRAM[262927] = ffffffff, pass
DRAM[262928] = ffffffff, pass
DRAM[262929] = ffffffff, pass
DRAM[262930] = ffffffff, pass
DRAM[262931] = ffffffff, pass
DRAM[262932] = ffffffff, pass
DRAM[262933] = f7ffffff, pass
DRAM[262934] = 9999f7f7, pass
DRAM[262935] = cacaca99, pass
DRAM[262936] = cbc3c3c3, pass
DRAM[262937] = 8484cbcb, pass
DRAM[262938] = e0e0e084, pass
DRAM[262939] = ece8e8e8, pass
DRAM[262940] = ededecec, pass
DRAM[262941] = eeeeeeed, pass
DRAM[262942] = e5ebebeb, pass
DRAM[262943] = e1e1e5e5, pass
DRAM[262944] = d5d5d5e1, pass
DRAM[262945] = c6cbcbcb, pass
DRAM[262946] = c6c6c6c6, pass
DRAM[262947] = c7c7c7c6, pass
DRAM[262948] = 97c4c4c4, pass
DRAM[262949] = d0d09797, pass
DRAM[262950] = d6d6d6d0, pass
DRAM[262951] = bec7c7c7, pass
DRAM[262952] = bebebebe, pass
DRAM[262953] = babababe, pass
DRAM[262954] = c8bbbbbb, pass
DRAM[262955] = 6c6cc8c8, pass
DRAM[262956] = ffffff6c, pass
DRAM[262957] = ffffffff, pass
DRAM[262958] = ffffffff, pass
DRAM[262959] = ffffffff, pass
DRAM[262960] = f6ffffff, pass
DRAM[262961] = 7575f6f6, pass
DRAM[262962] = 5a5a5a75, pass
DRAM[262963] = 93979797, pass
DRAM[262964] = 9b9b9393, pass
DRAM[262965] = 8e8e8e9b, pass
DRAM[262966] = ff9f9f9f, pass
DRAM[262967] = ffffffff, pass
DRAM[262968] = ffffffff, pass
DRAM[262969] = ffffffff, pass
DRAM[262970] = ffffffff, pass
DRAM[262971] = ffffffff, pass
DRAM[262972] = ffffffff, pass
DRAM[262973] = ffffffff, pass
DRAM[262974] = ffffffff, pass
DRAM[262975] = ffffffff, pass
DRAM[262976] = ffffffff, pass
DRAM[262977] = ffffffff, pass
DRAM[262978] = ffffffff, pass
DRAM[262979] = ffffffff, pass
DRAM[262980] = ffffffff, pass
DRAM[262981] = ffffffff, pass
DRAM[262982] = e9e9ffff, pass
DRAM[262983] = 909090e9, pass
DRAM[262984] = 93cecece, pass
DRAM[262985] = dcdc9393, pass
DRAM[262986] = f2f2f2dc, pass
DRAM[262987] = f1f1f1f1, pass
DRAM[262988] = f1f1f1f1, pass
DRAM[262989] = f1f1f1f1, pass
DRAM[262990] = f1f1f1f1, pass
DRAM[262991] = e9e9f1f1, pass
DRAM[262992] = e4e4e4e9, pass
DRAM[262993] = dee3e3e3, pass
DRAM[262994] = d6d6dede, pass
DRAM[262995] = cdcdcdd6, pass
DRAM[262996] = 92d0d0d0, pass
DRAM[262997] = c3c39292, pass
DRAM[262998] = c6c6c6c3, pass
DRAM[262999] = bfbfbfbf, pass
DRAM[263000] = bfbfbfbf, pass
DRAM[263001] = babababf, pass
DRAM[263002] = 8dbebebe, pass
DRAM[263003] = b5b58d8d, pass
DRAM[263004] = ffffffb5, pass
DRAM[263005] = ffffffff, pass
DRAM[263006] = ffffffff, pass
DRAM[263007] = ffffffff, pass
DRAM[263008] = ffffffff, pass
DRAM[263009] = ffffffff, pass
DRAM[263010] = e1e1e1ff, pass
DRAM[263011] = 9b4b4b4b, pass
DRAM[263012] = 98989b9b, pass
DRAM[263013] = 97979798, pass
DRAM[263014] = ff5d5d5d, pass
DRAM[263015] = ffffffff, pass
DRAM[263016] = ffffffff, pass
DRAM[263017] = ffffffff, pass
DRAM[263018] = ffffffff, pass
DRAM[263019] = ffffffff, pass
DRAM[263020] = ffffffff, pass
DRAM[263021] = ffffffff, pass
DRAM[263022] = ffffffff, pass
DRAM[263023] = ffffffff, pass
DRAM[263024] = ffffffff, pass
DRAM[263025] = ffffffff, pass
DRAM[263026] = ffffffff, pass
DRAM[263027] = ffffffff, pass
DRAM[263028] = ffffffff, pass
DRAM[263029] = ffffffff, pass
DRAM[263030] = ffffffff, pass
DRAM[263031] = f3f3f3ff, pass
DRAM[263032] = 8d757575, pass
DRAM[263033] = fbfb8d8d, pass
DRAM[263034] = f1f1f1fb, pass
DRAM[263035] = f1f0f0f0, pass
DRAM[263036] = f1f1f1f1, pass
DRAM[263037] = f1f1f1f1, pass
DRAM[263038] = efededed, pass
DRAM[263039] = e4e4efef, pass
DRAM[263040] = e5e5e5e4, pass
DRAM[263041] = e7e5e5e5, pass
DRAM[263042] = e6e6e7e7, pass
DRAM[263043] = e5e5e5e6, pass
DRAM[263044] = bee9e9e9, pass
DRAM[263045] = 7f7fbebe, pass
DRAM[263046] = c3c3c37f, pass
DRAM[263047] = bfbebebe, pass
DRAM[263048] = bfbfbfbf, pass
DRAM[263049] = bcbcbcbf, pass
DRAM[263050] = 68c2c2c2, pass
DRAM[263051] = ffff6868, pass
DRAM[263052] = ffffffff, pass
DRAM[263053] = ffffffff, pass
DRAM[263054] = ffffffff, pass
DRAM[263055] = ffffffff, pass
DRAM[263056] = ffffffff, pass
DRAM[263057] = ffffffff, pass
DRAM[263058] = ffffffff, pass
DRAM[263059] = 49fdfdfd, pass
DRAM[263060] = a0a04949, pass
DRAM[263061] = a0a0a0a0, pass
DRAM[263062] = f54d4d4d, pass
DRAM[263063] = fffff5f5, pass
DRAM[263064] = ffffffff, pass
DRAM[263065] = ffffffff, pass
DRAM[263066] = ffffffff, pass
DRAM[263067] = ffffffff, pass
DRAM[263068] = ffffffff, pass
DRAM[263069] = ffffffff, pass
DRAM[263070] = ffffffff, pass
DRAM[263071] = ffffffff, pass
DRAM[263072] = ffffffff, pass
DRAM[263073] = ffffffff, pass
DRAM[263074] = ffffffff, pass
DRAM[263075] = ffffffff, pass
DRAM[263076] = ffffffff, pass
DRAM[263077] = ffffffff, pass
DRAM[263078] = ffffffff, pass
DRAM[263079] = ffffffff, pass
DRAM[263080] = 87ffffff, pass
DRAM[263081] = f9f98787, pass
DRAM[263082] = f1f1f1f9, pass
DRAM[263083] = f1f1f1f1, pass
DRAM[263084] = f1f1f1f1, pass
DRAM[263085] = ebebebf1, pass
DRAM[263086] = ebeaeaea, pass
DRAM[263087] = e4e4ebeb, pass
DRAM[263088] = e5e5e5e4, pass
DRAM[263089] = e5e4e4e4, pass
DRAM[263090] = e6e6e5e5, pass
DRAM[263091] = eeeeeee6, pass
DRAM[263092] = a9f6f6f6, pass
DRAM[263093] = c2c2a9a9, pass
DRAM[263094] = bfbfbfc2, pass
DRAM[263095] = bfbfbfbf, pass
DRAM[263096] = bfbfbfbf, pass
DRAM[263097] = c6c6c6bf, pass
DRAM[263098] = f96f6f6f, pass
DRAM[263099] = fffff9f9, pass
DRAM[263100] = ffffffff, pass
DRAM[263101] = ffffffff, pass
DRAM[263102] = ffffffff, pass
DRAM[263103] = ffffffff, pass
DRAM[263104] = ffffffff, pass
DRAM[263105] = ffffffff, pass
DRAM[263106] = ffffffff, pass
DRAM[263107] = e8ffffff, pass
DRAM[263108] = 6363e8e8, pass
DRAM[263109] = a0a0a063, pass
DRAM[263110] = a6a5a5a5, pass
DRAM[263111] = ffffa6a6, pass
DRAM[263112] = ffffffff, pass
DRAM[263113] = ffffffff, pass
DRAM[263114] = ffffffff, pass
DRAM[263115] = ffffffff, pass
DRAM[263116] = ffffffff, pass
DRAM[263117] = ffffffff, pass
DRAM[263118] = ffffffff, pass
DRAM[263119] = ffffffff, pass
DRAM[263120] = ffffffff, pass
DRAM[263121] = ffffffff, pass
DRAM[263122] = ffffffff, pass
DRAM[263123] = ffffffff, pass
DRAM[263124] = ffffffff, pass
DRAM[263125] = ffffffff, pass
DRAM[263126] = ffffffff, pass
DRAM[263127] = ffffffff, pass
DRAM[263128] = baffffff, pass
DRAM[263129] = f6f6baba, pass
DRAM[263130] = f1f1f1f6, pass
DRAM[263131] = f1f1f1f1, pass
DRAM[263132] = ededf1f1, pass
DRAM[263133] = e5e5e5ed, pass
DRAM[263134] = e6eeeeee, pass
DRAM[263135] = e4e4e6e6, pass
DRAM[263136] = e4e4e4e4, pass
DRAM[263137] = e5e4e4e4, pass
DRAM[263138] = ecece5e5, pass
DRAM[263139] = edededec, pass
DRAM[263140] = a1f4f4f4, pass
DRAM[263141] = c2c2a1a1, pass
DRAM[263142] = bfbfbfc2, pass
DRAM[263143] = bfbfbfbf, pass
DRAM[263144] = c1c1bfbf, pass
DRAM[263145] = b2b2b2c1, pass
DRAM[263146] = ffa4a4a4, pass
DRAM[263147] = ffffffff, pass
DRAM[263148] = ffffffff, pass
DRAM[263149] = ffffffff, pass
DRAM[263150] = ffffffff, pass
DRAM[263151] = ffffffff, pass
DRAM[263152] = ffffffff, pass
DRAM[263153] = ffffffff, pass
DRAM[263154] = ffffffff, pass
DRAM[263155] = ffffffff, pass
DRAM[263156] = 8989ffff, pass
DRAM[263157] = 9a9a9a89, pass
DRAM[263158] = 90c5c5c5, pass
DRAM[263159] = ffff9090, pass
DRAM[263160] = ffffffff, pass
DRAM[263161] = ffffffff, pass
DRAM[263162] = ffffffff, pass
DRAM[263163] = ffffffff, pass
DRAM[263164] = ffffffff, pass
DRAM[263165] = ffffffff, pass
DRAM[263166] = ffffffff, pass
DRAM[263167] = ffffffff, pass
DRAM[263168] = ffffffff, pass
DRAM[263169] = ffffffff, pass
DRAM[263170] = ffffffff, pass
DRAM[263171] = ffffffff, pass
DRAM[263172] = ffffffff, pass
DRAM[263173] = ffffffff, pass
DRAM[263174] = ffffffff, pass
DRAM[263175] = ffffffff, pass
DRAM[263176] = b9ffffff, pass
DRAM[263177] = f5f5b9b9, pass
DRAM[263178] = f1f1f1f5, pass
DRAM[263179] = f0f1f1f1, pass
DRAM[263180] = e6e6f0f0, pass
DRAM[263181] = ededede6, pass
DRAM[263182] = e7e9e9e9, pass
DRAM[263183] = e6e6e7e7, pass
DRAM[263184] = e4e4e4e6, pass
DRAM[263185] = e7e4e4e4, pass
DRAM[263186] = ecece7e7, pass
DRAM[263187] = eaeaeaec, pass
DRAM[263188] = 8df6f6f6, pass
DRAM[263189] = c3c38d8d, pass
DRAM[263190] = bfbfbfc3, pass
DRAM[263191] = bfbfbfbf, pass
DRAM[263192] = c7c7bfbf, pass
DRAM[263193] = 6f6f6fc7, pass
DRAM[263194] = ffffffff, pass
DRAM[263195] = ffffffff, pass
DRAM[263196] = ffffffff, pass
DRAM[263197] = ffffffff, pass
DRAM[263198] = ffffffff, pass
DRAM[263199] = ffffffff, pass
DRAM[263200] = ffffffff, pass
DRAM[263201] = ffffffff, pass
DRAM[263202] = ffffffff, pass
DRAM[263203] = ffffffff, pass
DRAM[263204] = ffffffff, pass
DRAM[263205] = 696969ff, pass
DRAM[263206] = 91c9c9c9, pass
DRAM[263207] = ffff9191, pass
DRAM[263208] = ffffffff, pass
DRAM[263209] = ffffffff, pass
DRAM[263210] = ffffffff, pass
DRAM[263211] = ffffffff, pass
DRAM[263212] = ffffffff, pass
DRAM[263213] = ffffffff, pass
DRAM[263214] = ffffffff, pass
DRAM[263215] = ffffffff, pass
DRAM[263216] = ffffffff, pass
DRAM[263217] = ffffffff, pass
DRAM[263218] = ffffffff, pass
DRAM[263219] = ffffffff, pass
DRAM[263220] = ffffffff, pass
DRAM[263221] = ffffffff, pass
DRAM[263222] = ffffffff, pass
DRAM[263223] = ffffffff, pass
DRAM[263224] = 98ffffff, pass
DRAM[263225] = f8f89898, pass
DRAM[263226] = f1f1f1f8, pass
DRAM[263227] = ecf1f1f1, pass
DRAM[263228] = ededecec, pass
DRAM[263229] = edededed, pass
DRAM[263230] = e9e9e9e9, pass
DRAM[263231] = e6e6e9e9, pass
DRAM[263232] = e4e4e4e6, pass
DRAM[263233] = eae5e5e5, pass
DRAM[263234] = e9e9eaea, pass
DRAM[263235] = eaeaeae9, pass
DRAM[263236] = 7feeeeee, pass
DRAM[263237] = c4c47f7f, pass
DRAM[263238] = bfbfbfc4, pass
DRAM[263239] = c4bfbfbf, pass
DRAM[263240] = 9090c4c4, pass
DRAM[263241] = e2e2e290, pass
DRAM[263242] = ffffffff, pass
DRAM[263243] = ffffffff, pass
DRAM[263244] = ffffffff, pass
DRAM[263245] = ffffffff, pass
DRAM[263246] = ffffffff, pass
DRAM[263247] = ffffffff, pass
DRAM[263248] = ffffffff, pass
DRAM[263249] = ffffffff, pass
DRAM[263250] = ffffffff, pass
DRAM[263251] = ffffffff, pass
DRAM[263252] = ffffffff, pass
DRAM[263253] = 8e8e8eff, pass
DRAM[263254] = 91c3c3c3, pass
DRAM[263255] = ffff9191, pass
DRAM[263256] = ffffffff, pass
DRAM[263257] = ffffffff, pass
DRAM[263258] = ffffffff, pass
DRAM[263259] = ffffffff, pass
DRAM[263260] = ffffffff, pass
DRAM[263261] = ffffffff, pass
DRAM[263262] = ffffffff, pass
DRAM[263263] = ffffffff, pass
DRAM[263264] = ffffffff, pass
DRAM[263265] = ffffffff, pass
DRAM[263266] = ffffffff, pass
DRAM[263267] = ffffffff, pass
DRAM[263268] = ffffffff, pass
DRAM[263269] = ffffffff, pass
DRAM[263270] = ffffffff, pass
DRAM[263271] = ffffffff, pass
DRAM[263272] = 99ffffff, pass
DRAM[263273] = f7f79999, pass
DRAM[263274] = f1f1f1f7, pass
DRAM[263275] = f1f0f0f0, pass
DRAM[263276] = ededf1f1, pass
DRAM[263277] = eaeaeaed, pass
DRAM[263278] = e8ebebeb, pass
DRAM[263279] = e5e5e8e8, pass
DRAM[263280] = e5e5e5e5, pass
DRAM[263281] = e8e8e8e8, pass
DRAM[263282] = e8e8e8e8, pass
DRAM[263283] = f0f0f0e8, pass
DRAM[263284] = aeababab, pass
DRAM[263285] = c1c1aeae, pass
DRAM[263286] = bebebec1, pass
DRAM[263287] = bdc0c0c0, pass
DRAM[263288] = 9b9bbdbd, pass
DRAM[263289] = ffffff9b, pass
DRAM[263290] = ffffffff, pass
DRAM[263291] = ffffffff, pass
DRAM[263292] = ffffffff, pass
DRAM[263293] = ffffffff, pass
DRAM[263294] = ffffffff, pass
DRAM[263295] = ffffffff, pass
DRAM[263296] = ffffffff, pass
DRAM[263297] = ffffffff, pass
DRAM[263298] = ffffffff, pass
DRAM[263299] = ffffffff, pass
DRAM[263300] = ffffffff, pass
DRAM[263301] = f5f5f5ff, pass
DRAM[263302] = 99898989, pass
DRAM[263303] = ffff9999, pass
DRAM[263304] = ffffffff, pass
DRAM[263305] = ffffffff, pass
DRAM[263306] = ffffffff, pass
DRAM[263307] = ffffffff, pass
DRAM[263308] = ffffffff, pass
DRAM[263309] = ffffffff, pass
DRAM[263310] = ffffffff, pass
DRAM[263311] = ffffffff, pass
DRAM[263312] = ffffffff, pass
DRAM[263313] = ffffffff, pass
DRAM[263314] = ffffffff, pass
DRAM[263315] = ffffffff, pass
DRAM[263316] = ffffffff, pass
DRAM[263317] = ffffffff, pass
DRAM[263318] = ffffffff, pass
DRAM[263319] = ffffffff, pass
DRAM[263320] = a4ffffff, pass
DRAM[263321] = f7f7a4a4, pass
DRAM[263322] = f0f0f0f7, pass
DRAM[263323] = edf1f1f1, pass
DRAM[263324] = ebebeded, pass
DRAM[263325] = ecececeb, pass
DRAM[263326] = e6eaeaea, pass
DRAM[263327] = e6e6e6e6, pass
DRAM[263328] = e8e8e8e6, pass
DRAM[263329] = e6e7e7e7, pass
DRAM[263330] = e9e9e6e6, pass
DRAM[263331] = f5f5f5e9, pass
DRAM[263332] = c5858585, pass
DRAM[263333] = bebec5c5, pass
DRAM[263334] = bcbcbcbe, pass
DRAM[263335] = 77c5c5c5, pass
DRAM[263336] = ffff7777, pass
DRAM[263337] = ffffffff, pass
DRAM[263338] = ffffffff, pass
DRAM[263339] = ffffffff, pass
DRAM[263340] = ffffffff, pass
DRAM[263341] = ffffffff, pass
DRAM[263342] = ffffffff, pass
DRAM[263343] = ffffffff, pass
DRAM[263344] = ffffffff, pass
DRAM[263345] = ffffffff, pass
DRAM[263346] = ffffffff, pass
DRAM[263347] = ffffffff, pass
DRAM[263348] = f0f0ffff, pass
DRAM[263349] = d6d6d6f0, pass
DRAM[263350] = 958b8b8b, pass
DRAM[263351] = a5a59595, pass
DRAM[263352] = c9c9c9a5, pass
DRAM[263353] = ffffffff, pass
DRAM[263354] = ffffffff, pass
DRAM[263355] = ffffffff, pass
DRAM[263356] = ffffffff, pass
DRAM[263357] = ffffffff, pass
DRAM[263358] = ffffffff, pass
DRAM[263359] = ffffffff, pass
DRAM[263360] = ffffffff, pass
DRAM[263361] = ffffffff, pass
DRAM[263362] = ffffffff, pass
DRAM[263363] = ffffffff, pass
DRAM[263364] = ffffffff, pass
DRAM[263365] = ffffffff, pass
DRAM[263366] = ffffffff, pass
DRAM[263367] = ffffffff, pass
DRAM[263368] = a8ffffff, pass
DRAM[263369] = f4f4a8a8, pass
DRAM[263370] = f0f0f0f4, pass
DRAM[263371] = ebebebeb, pass
DRAM[263372] = ececebeb, pass
DRAM[263373] = ecececec, pass
DRAM[263374] = e7e7e7e7, pass
DRAM[263375] = e9e9e7e7, pass
DRAM[263376] = e6e6e6e9, pass
DRAM[263377] = e7e5e5e5, pass
DRAM[263378] = edede7e7, pass
DRAM[263379] = ecececed, pass
DRAM[263380] = c8727272, pass
DRAM[263381] = b3b3c8c8, pass
DRAM[263382] = a4a4a4b3, pass
DRAM[263383] = e5787878, pass
DRAM[263384] = ffffe5e5, pass
DRAM[263385] = ffffffff, pass
DRAM[263386] = ffffffff, pass
DRAM[263387] = ffffffff, pass
DRAM[263388] = ffffffff, pass
DRAM[263389] = ffffffff, pass
DRAM[263390] = ffffffff, pass
DRAM[263391] = ffffffff, pass
DRAM[263392] = ffffffff, pass
DRAM[263393] = ffffffff, pass
DRAM[263394] = ffffffff, pass
DRAM[263395] = b8ffffff, pass
DRAM[263396] = b9b9b8b8, pass
DRAM[263397] = e6e6e6b9, pass
DRAM[263398] = d2c1c1c1, pass
DRAM[263399] = a1a1d2d2, pass
DRAM[263400] = 989898a1, pass
DRAM[263401] = ff717171, pass
DRAM[263402] = ffffffff, pass
DRAM[263403] = ffffffff, pass
DRAM[263404] = ffffffff, pass
DRAM[263405] = ffffffff, pass
DRAM[263406] = ffffffff, pass
DRAM[263407] = ffffffff, pass
DRAM[263408] = ffffffff, pass
DRAM[263409] = ffffffff, pass
DRAM[263410] = 807e7e7e, pass
DRAM[263411] = cece8080, pass
DRAM[263412] = d2d2d2ce, pass
DRAM[263413] = bec6c6c6, pass
DRAM[263414] = c5c5bebe, pass
DRAM[263415] = d5d5d5c5, pass
DRAM[263416] = b1eeeeee, pass
DRAM[263417] = f4f4b1b1, pass
DRAM[263418] = eaeaeaf4, pass
DRAM[263419] = ebeaeaea, pass
DRAM[263420] = ececebeb, pass
DRAM[263421] = e9e9e9ec, pass
DRAM[263422] = eae8e8e8, pass
DRAM[263423] = e7e7eaea, pass
DRAM[263424] = e4e4e4e7, pass
DRAM[263425] = ede5e5e5, pass
DRAM[263426] = f7f7eded, pass
DRAM[263427] = 8a8a8af7, pass
DRAM[263428] = b3c2c2c2, pass
DRAM[263429] = 9e9eb3b3, pass
DRAM[263430] = 8d8d8d9e, pass
DRAM[263431] = ce7a7a7a, pass
DRAM[263432] = b8b8cece, pass
DRAM[263433] = cececeb8, pass
DRAM[263434] = fff4f4f4, pass
DRAM[263435] = ffffffff, pass
DRAM[263436] = ffffffff, pass
DRAM[263437] = ffffffff, pass
DRAM[263438] = ffffffff, pass
DRAM[263439] = ffffffff, pass
DRAM[263440] = ffffffff, pass
DRAM[263441] = ffffffff, pass
DRAM[263442] = ffffffff, pass
DRAM[263443] = 91ffffff, pass
DRAM[263444] = cfcf9191, pass
DRAM[263445] = e4e4e4cf, pass
DRAM[263446] = e9dedede, pass
DRAM[263447] = 9a9ae9e9, pass
DRAM[263448] = 9595959a, pass
DRAM[263449] = ff939393, pass
DRAM[263450] = ffffffff, pass
DRAM[263451] = ffffffff, pass
DRAM[263452] = ffffffff, pass
DRAM[263453] = ffffffff, pass
DRAM[263454] = ffffffff, pass
DRAM[263455] = ffffffff, pass
DRAM[263456] = ffffffff, pass
DRAM[263457] = ffffffff, pass
DRAM[263458] = c49e9e9e, pass
DRAM[263459] = 9f9fc4c4, pass
DRAM[263460] = 8e8e8e9f, pass
DRAM[263461] = 88898989, pass
DRAM[263462] = 88888888, pass
DRAM[263463] = 80808088, pass
DRAM[263464] = 3b797979, pass
DRAM[263465] = d8d83b3b, pass
DRAM[263466] = edededd8, pass
DRAM[263467] = edebebeb, pass
DRAM[263468] = eaeaeded, pass
DRAM[263469] = e9e9e9ea, pass
DRAM[263470] = e9ebebeb, pass
DRAM[263471] = e5e5e9e9, pass
DRAM[263472] = e5e5e5e5, pass
DRAM[263473] = f1ececec, pass
DRAM[263474] = f5f5f1f1, pass
DRAM[263475] = 6b6b6bf5, pass
DRAM[263476] = 61b1b1b1, pass
DRAM[263477] = 6a6a6161, pass
DRAM[263478] = 6666666a, pass
DRAM[263479] = 85818181, pass
DRAM[263480] = 86868585, pass
DRAM[263481] = 76767686, pass
DRAM[263482] = 655f5f5f, pass
DRAM[263483] = 86866565, pass
DRAM[263484] = d3d3d386, pass
DRAM[263485] = ffffffff, pass
DRAM[263486] = ffffffff, pass
DRAM[263487] = ffffffff, pass
DRAM[263488] = ffffffff, pass
DRAM[263489] = ffffffff, pass
DRAM[263490] = ffffffff, pass
DRAM[263491] = bacccccc, pass
DRAM[263492] = ccccbaba, pass
DRAM[263493] = ddddddcc, pass
DRAM[263494] = e3dedede, pass
DRAM[263495] = bbbbe3e3, pass
DRAM[263496] = 8c8c8cbb, pass
DRAM[263497] = fc858585, pass
DRAM[263498] = fffffcfc, pass
DRAM[263499] = ffffffff, pass
DRAM[263500] = ffffffff, pass
DRAM[263501] = ffffffff, pass
DRAM[263502] = ffffffff, pass
DRAM[263503] = ffffffff, pass
DRAM[263504] = ffffffff, pass
DRAM[263505] = f9f9f9ff, pass
DRAM[263506] = bd7f7f7f, pass
DRAM[263507] = bbbbbdbd, pass
DRAM[263508] = bdbdbdbb, pass
DRAM[263509] = bcbdbdbd, pass
DRAM[263510] = bdbdbcbc, pass
DRAM[263511] = babababd, pass
DRAM[263512] = b4b5b5b5, pass
DRAM[263513] = 5656b4b4, pass
DRAM[263514] = f7f7f756, pass
DRAM[263515] = ebededed, pass
DRAM[263516] = eaeaebeb, pass
DRAM[263517] = ebebebea, pass
DRAM[263518] = e7eaeaea, pass
DRAM[263519] = e6e6e7e7, pass
DRAM[263520] = ebebebe6, pass
DRAM[263521] = fbefefef, pass
DRAM[263522] = 7e7efbfb, pass
DRAM[263523] = c0c0c07e, pass
DRAM[263524] = c3939393, pass
DRAM[263525] = c6c6c3c3, pass
DRAM[263526] = c8c8c8c6, pass
DRAM[263527] = bdc0c0c0, pass
DRAM[263528] = bdbdbdbd, pass
DRAM[263529] = b9b9b9bd, pass
DRAM[263530] = 68acacac, pass
DRAM[263531] = 67676868, pass
DRAM[263532] = 73737367, pass
DRAM[263533] = 9e575757, pass
DRAM[263534] = fafa9e9e, pass
DRAM[263535] = fffffffa, pass
DRAM[263536] = ffffffff, pass
DRAM[263537] = ffffffff, pass
DRAM[263538] = adadadff, pass
DRAM[263539] = e2bababa, pass
DRAM[263540] = d9d9e2e2, pass
DRAM[263541] = c5c5c5d9, pass
DRAM[263542] = dde8e8e8, pass
DRAM[263543] = d7d7dddd, pass
DRAM[263544] = 979797d7, pass
DRAM[263545] = c0939393, pass
DRAM[263546] = ffffc0c0, pass
DRAM[263547] = ffffffff, pass
DRAM[263548] = ffffffff, pass
DRAM[263549] = ffffffff, pass
DRAM[263550] = ffffffff, pass
DRAM[263551] = ffffffff, pass
DRAM[263552] = e0e0ffff, pass
DRAM[263553] = 767676e0, pass
DRAM[263554] = bac2c2c2, pass
DRAM[263555] = b9b9baba, pass
DRAM[263556] = b9b9b9b9, pass
DRAM[263557] = bcb9b9b9, pass
DRAM[263558] = bfbfbcbc, pass
DRAM[263559] = c0c0c0bf, pass
DRAM[263560] = cbc1c1c1, pass
DRAM[263561] = 4141cbcb, pass
DRAM[263562] = f1f1f141, pass
DRAM[263563] = ebededed, pass
DRAM[263564] = ececebeb, pass
DRAM[263565] = ecececec, pass
DRAM[263566] = e9eaeaea, pass
DRAM[263567] = edede9e9, pass
DRAM[263568] = eeeeeeed, pass
DRAM[263569] = cbf3f3f3, pass
DRAM[263570] = 8a8acbcb, pass
DRAM[263571] = bebebe8a, pass
DRAM[263572] = bebdbdbd, pass
DRAM[263573] = bdbdbebe, pass
DRAM[263574] = babababd, pass
DRAM[263575] = bac1c1c1, pass
DRAM[263576] = b9b9baba, pass
DRAM[263577] = b9b9b9b9, pass
DRAM[263578] = cdbfbfbf, pass
DRAM[263579] = 7171cdcd, pass
DRAM[263580] = 9f9f9f71, pass
DRAM[263581] = 9fa1a1a1, pass
DRAM[263582] = 87879f9f, pass
DRAM[263583] = ffffff87, pass
DRAM[263584] = ffffffff, pass
DRAM[263585] = d8d8ffff, pass
DRAM[263586] = aaaaaad8, pass
DRAM[263587] = dce0e0e0, pass
DRAM[263588] = e1e1dcdc, pass
DRAM[263589] = a2a2a2e1, pass
DRAM[263590] = e0e0e0e0, pass
DRAM[263591] = dedee0e0, pass
DRAM[263592] = adadadde, pass
DRAM[263593] = aaa6a6a6, pass
DRAM[263594] = ffffaaaa, pass
DRAM[263595] = ffffffff, pass
DRAM[263596] = ffffffff, pass
DRAM[263597] = ffffffff, pass
DRAM[263598] = ffffffff, pass
DRAM[263599] = c8ffffff, pass
DRAM[263600] = 7070c8c8, pass
DRAM[263601] = c5c5c570, pass
DRAM[263602] = b8c0c0c0, pass
DRAM[263603] = b9b9b8b8, pass
DRAM[263604] = b8b8b8b9, pass
DRAM[263605] = bdbbbbbb, pass
DRAM[263606] = bebebdbd, pass
DRAM[263607] = bfbfbfbe, pass
DRAM[263608] = c5bfbfbf, pass
DRAM[263609] = 8c8cc5c5, pass
DRAM[263610] = 9b9b9b8c, pass
DRAM[263611] = ecf3f3f3, pass
DRAM[263612] = eeeeecec, pass
DRAM[263613] = ecececee, pass
DRAM[263614] = efececec, pass
DRAM[263615] = f0f0efef, pass
DRAM[263616] = edededf0, pass
DRAM[263617] = 6df5f5f5, pass
DRAM[263618] = c8c86d6d, pass
DRAM[263619] = b8b8b8c8, pass
DRAM[263620] = beb9b9b9, pass
DRAM[263621] = bdbdbebe, pass
DRAM[263622] = b8b8b8bd, pass
DRAM[263623] = bfbababa, pass
DRAM[263624] = b9b9bfbf, pass
DRAM[263625] = b8b8b8b9, pass
DRAM[263626] = a8c0c0c0, pass
DRAM[263627] = 9a9aa8a8, pass
DRAM[263628] = 9d9d9d9a, pass
DRAM[263629] = 809e9e9e, pass
DRAM[263630] = 9d9d8080, pass
DRAM[263631] = ffffff9d, pass
DRAM[263632] = ffffffff, pass
DRAM[263633] = dedeffff, pass
DRAM[263634] = c9c9c9de, pass
DRAM[263635] = dfdadada, pass
DRAM[263636] = e2e2dfdf, pass
DRAM[263637] = bebebee2, pass
DRAM[263638] = e2a5a5a5, pass
DRAM[263639] = e4e4e2e2, pass
DRAM[263640] = cbcbcbe4, pass
DRAM[263641] = c3919191, pass
DRAM[263642] = dcdcc3c3, pass
DRAM[263643] = ffffffdc, pass
DRAM[263644] = ffffffff, pass
DRAM[263645] = ffffffff, pass
DRAM[263646] = ffffffff, pass
DRAM[263647] = ffffffff, pass
DRAM[263648] = e5e5ffff, pass
DRAM[263649] = 747474e5, pass
DRAM[263650] = c0a3a3a3, pass
DRAM[263651] = bebec0c0, pass
DRAM[263652] = bebebebe, pass
DRAM[263653] = bfbfbfbf, pass
DRAM[263654] = bfbfbfbf, pass
DRAM[263655] = bfbfbfbf, pass
DRAM[263656] = c6bfbfbf, pass
DRAM[263657] = 7c7cc6c6, pass
DRAM[263658] = 8b8b8b7c, pass
DRAM[263659] = f1ececec, pass
DRAM[263660] = f1f1f1f1, pass
DRAM[263661] = f1f1f1f1, pass
DRAM[263662] = f2efefef, pass
DRAM[263663] = eeeef2f2, pass
DRAM[263664] = fcfcfcee, pass
DRAM[263665] = c2727272, pass
DRAM[263666] = c0c0c2c2, pass
DRAM[263667] = bdbdbdc0, pass
DRAM[263668] = bebbbbbb, pass
DRAM[263669] = bfbfbebe, pass
DRAM[263670] = b9b9b9bf, pass
DRAM[263671] = beb9b9b9, pass
DRAM[263672] = bdbdbebe, pass
DRAM[263673] = babababd, pass
DRAM[263674] = c2bebebe, pass
DRAM[263675] = bebec2c2, pass
DRAM[263676] = 9e9e9ebe, pass
DRAM[263677] = 78878787, pass
DRAM[263678] = 54547878, pass
DRAM[263679] = c2c2c254, pass
DRAM[263680] = ffffffff, pass
DRAM[263681] = ffffffff, pass
DRAM[263682] = b1b1b1ff, pass
DRAM[263683] = bad9d9d9, pass
DRAM[263684] = e4e4baba, pass
DRAM[263685] = c5c5c5e4, pass
DRAM[263686] = b6909090, pass
DRAM[263687] = dbdbb6b6, pass
DRAM[263688] = ecececdb, pass
DRAM[263689] = 9ba1a1a1, pass
DRAM[263690] = efef9b9b, pass
DRAM[263691] = ffffffef, pass
DRAM[263692] = ffffffff, pass
DRAM[263693] = ffffffff, pass
DRAM[263694] = ffffffff, pass
DRAM[263695] = ffffffff, pass
DRAM[263696] = ffffffff, pass
DRAM[263697] = bfbfbfff, pass
DRAM[263698] = 85c4c4c4, pass
DRAM[263699] = 83838585, pass
DRAM[263700] = 7c7c7c83, pass
DRAM[263701] = c7c0c0c0, pass
DRAM[263702] = c0c0c7c7, pass
DRAM[263703] = bfbfbfc0, pass
DRAM[263704] = c4bfbfbf, pass
DRAM[263705] = 8c8cc4c4, pass
DRAM[263706] = bcbcbc8c, pass
DRAM[263707] = fa959595, pass
DRAM[263708] = e6e6fafa, pass
DRAM[263709] = dcdcdce6, pass
DRAM[263710] = dcd6d6d6, pass
DRAM[263711] = ececdcdc, pass
DRAM[263712] = 888888ec, pass
DRAM[263713] = c3b2b2b2, pass
DRAM[263714] = bfbfc3c3, pass
DRAM[263715] = bebebebf, pass
DRAM[263716] = bfbebebe, pass
DRAM[263717] = bfbfbfbf, pass
DRAM[263718] = bebebebf, pass
DRAM[263719] = bfbdbdbd, pass
DRAM[263720] = bdbdbfbf, pass
DRAM[263721] = bdbdbdbd, pass
DRAM[263722] = c5c3c3c3, pass
DRAM[263723] = 9797c5c5, pass
DRAM[263724] = bcbcbc97, pass
DRAM[263725] = d6909090, pass
DRAM[263726] = ffffd6d6, pass
DRAM[263727] = ffffffff, pass
DRAM[263728] = ffffffff, pass
DRAM[263729] = ffffffff, pass
DRAM[263730] = f2f2f2ff, pass
DRAM[263731] = a0c2c2c2, pass
DRAM[263732] = bcbca0a0, pass
DRAM[263733] = a4a4a4bc, pass
DRAM[263734] = 85979797, pass
DRAM[263735] = c1c18585, pass
DRAM[263736] = ebebebc1, pass
DRAM[263737] = cdc8c8c8, pass
DRAM[263738] = ffffcdcd, pass
DRAM[263739] = ffffffff, pass
DRAM[263740] = ffffffff, pass
DRAM[263741] = ffffffff, pass
DRAM[263742] = ffffffff, pass
DRAM[263743] = ffffffff, pass
DRAM[263744] = ffffffff, pass
DRAM[263745] = ffffffff, pass
DRAM[263746] = ffffffff, pass
DRAM[263747] = ffffffff, pass
DRAM[263748] = f0f0f0ff, pass
DRAM[263749] = 69838383, pass
DRAM[263750] = bfbf6969, pass
DRAM[263751] = c6c6c6bf, pass
DRAM[263752] = c0c1c1c1, pass
DRAM[263753] = acacc0c0, pass
DRAM[263754] = a1a1a1ac, pass
DRAM[263755] = 8bafafaf, pass
DRAM[263756] = d6d68b8b, pass
DRAM[263757] = c9c9c9d6, pass
DRAM[263758] = dcd7d7d7, pass
DRAM[263759] = 7474dcdc, pass
DRAM[263760] = 7f7f7f74, pass
DRAM[263761] = b1a3a3a3, pass
DRAM[263762] = c0c0b1b1, pass
DRAM[263763] = bebebec0, pass
DRAM[263764] = bfbebebe, pass
DRAM[263765] = bfbfbfbf, pass
DRAM[263766] = bfbfbfbf, pass
DRAM[263767] = c2bfbfbf, pass
DRAM[263768] = c3c3c2c2, pass
DRAM[263769] = a8a8a8c3, pass
DRAM[263770] = 8d727272, pass
DRAM[263771] = dede8d8d, pass
DRAM[263772] = b0b0b0de, pass
DRAM[263773] = 77888888, pass
DRAM[263774] = ffff7777, pass
DRAM[263775] = ffffffff, pass
DRAM[263776] = ffffffff, pass
DRAM[263777] = ffffffff, pass
DRAM[263778] = ffffffff, pass
DRAM[263779] = b3c3c3c3, pass
DRAM[263780] = 9c9cb3b3, pass
DRAM[263781] = 9a9a9a9c, pass
DRAM[263782] = 7ea1a1a1, pass
DRAM[263783] = b4b47e7e, pass
DRAM[263784] = ecececb4, pass
DRAM[263785] = d1d6d6d6, pass
DRAM[263786] = ffffd1d1, pass
DRAM[263787] = ffffffff, pass
DRAM[263788] = ffffffff, pass
DRAM[263789] = ffffffff, pass
DRAM[263790] = ffffffff, pass
DRAM[263791] = ffffffff, pass
DRAM[263792] = ffffffff, pass
DRAM[263793] = ffffffff, pass
DRAM[263794] = ffffffff, pass
DRAM[263795] = ffffffff, pass
DRAM[263796] = ffffffff, pass
DRAM[263797] = fdffffff, pass
DRAM[263798] = 8b8bfdfd, pass
DRAM[263799] = 6b6b6b8b, pass
DRAM[263800] = c7ababab, pass
DRAM[263801] = c2c2c7c7, pass
DRAM[263802] = 9f9f9fc2, pass
DRAM[263803] = 8f9c9c9c, pass
DRAM[263804] = 75758f8f, pass
DRAM[263805] = bdbdbd75, pass
DRAM[263806] = 579e9e9e, pass
DRAM[263807] = 86865757, pass
DRAM[263808] = 9d9d9d86, pass
DRAM[263809] = 96989898, pass
DRAM[263810] = a9a99696, pass
DRAM[263811] = c0c0c0a9, pass
DRAM[263812] = bfbfbfbf, pass
DRAM[263813] = c1c1bfbf, pass
DRAM[263814] = c3c3c3c1, pass
DRAM[263815] = 97c5c5c5, pass
DRAM[263816] = 88889797, pass
DRAM[263817] = b9b9b988, pass
DRAM[263818] = ffffffff, pass
DRAM[263819] = ffffffff, pass
DRAM[263820] = ffffffff, pass
DRAM[263821] = ffffffff, pass
DRAM[263822] = ffffffff, pass
DRAM[263823] = ffffffff, pass
DRAM[263824] = ffffffff, pass
DRAM[263825] = ffffffff, pass
DRAM[263826] = ffffffff, pass
DRAM[263827] = 8afafafa, pass
DRAM[263828] = a5a58a8a, pass
DRAM[263829] = 9d9d9da5, pass
DRAM[263830] = 86a2a2a2, pass
DRAM[263831] = b3b38686, pass
DRAM[263832] = e7e7e7b3, pass
DRAM[263833] = 9dc1c1c1, pass
DRAM[263834] = ffff9d9d, pass
DRAM[263835] = ffffffff, pass
DRAM[263836] = ffffffff, pass
DRAM[263837] = ffffffff, pass
DRAM[263838] = ffffffff, pass
DRAM[263839] = ffffffff, pass
DRAM[263840] = ffffffff, pass
DRAM[263841] = ffffffff, pass
DRAM[263842] = ffffffff, pass
DRAM[263843] = ffffffff, pass
DRAM[263844] = ffffffff, pass
DRAM[263845] = ffffffff, pass
DRAM[263846] = ffffffff, pass
DRAM[263847] = ffffffff, pass
DRAM[263848] = 77b7b7b7, pass
DRAM[263849] = 94947777, pass
DRAM[263850] = a5a5a594, pass
DRAM[263851] = 9b999999, pass
DRAM[263852] = 97979b9b, pass
DRAM[263853] = 72727297, pass
DRAM[263854] = a16d6d6d, pass
DRAM[263855] = 9b9ba1a1, pass
DRAM[263856] = 9898989b, pass
DRAM[263857] = 98989898, pass
DRAM[263858] = 98989898, pass
DRAM[263859] = acacac98, pass
DRAM[263860] = c4c5c5c5, pass
DRAM[263861] = b3b3c4c4, pass
DRAM[263862] = 7e7e7eb3, pass
DRAM[263863] = e7989898, pass
DRAM[263864] = ffffe7e7, pass
DRAM[263865] = ffffffff, pass
DRAM[263866] = ffffffff, pass
DRAM[263867] = ffffffff, pass
DRAM[263868] = ffffffff, pass
DRAM[263869] = ffffffff, pass
DRAM[263870] = ffffffff, pass
DRAM[263871] = ffffffff, pass
DRAM[263872] = ffffffff, pass
DRAM[263873] = ffffffff, pass
DRAM[263874] = ffffffff, pass
DRAM[263875] = 7cffffff, pass
DRAM[263876] = a9a97c7c, pass
DRAM[263877] = a3a3a3a9, pass
DRAM[263878] = 93a5a5a5, pass
DRAM[263879] = caca9393, pass
DRAM[263880] = bfbfbfca, pass
DRAM[263881] = 7c9d9d9d, pass
DRAM[263882] = ffff7c7c, pass
DRAM[263883] = ffffffff, pass
DRAM[263884] = ffffffff, pass
DRAM[263885] = ffffffff, pass
DRAM[263886] = ffffffff, pass
DRAM[263887] = ffffffff, pass
DRAM[263888] = ffffffff, pass
DRAM[263889] = ffffffff, pass
DRAM[263890] = ffffffff, pass
DRAM[263891] = ffffffff, pass
DRAM[263892] = ffffffff, pass
DRAM[263893] = ffffffff, pass
DRAM[263894] = ffffffff, pass
DRAM[263895] = ffffffff, pass
DRAM[263896] = ffffffff, pass
DRAM[263897] = c0c0ffff, pass
DRAM[263898] = 404040c0, pass
DRAM[263899] = 9ea0a0a0, pass
DRAM[263900] = 90909e9e, pass
DRAM[263901] = 9b9b9b90, pass
DRAM[263902] = a09c9c9c, pass
DRAM[263903] = 9b9ba0a0, pass
DRAM[263904] = 9797979b, pass
DRAM[263905] = 98989898, pass
DRAM[263906] = 9d9d9898, pass
DRAM[263907] = 9a9a9a9d, pass
DRAM[263908] = 8b828282, pass
DRAM[263909] = bbbb8b8b, pass
DRAM[263910] = ffffffbb, pass
DRAM[263911] = ffffffff, pass
DRAM[263912] = ffffffff, pass
DRAM[263913] = ffffffff, pass
DRAM[263914] = ffffffff, pass
DRAM[263915] = ffffffff, pass
DRAM[263916] = ffffffff, pass
DRAM[263917] = ffffffff, pass
DRAM[263918] = ffffffff, pass
DRAM[263919] = ffffffff, pass
DRAM[263920] = ffffffff, pass
DRAM[263921] = ffffffff, pass
DRAM[263922] = ffffffff, pass
DRAM[263923] = 8afefefe, pass
DRAM[263924] = b3b38a8a, pass
DRAM[263925] = a8a8a8b3, pass
DRAM[263926] = 98a3a3a3, pass
DRAM[263927] = d9d99898, pass
DRAM[263928] = 9c9c9cd9, pass
DRAM[263929] = ff8f8f8f, pass
DRAM[263930] = ffffffff, pass
DRAM[263931] = ffffffff, pass
DRAM[263932] = ffffffff, pass
DRAM[263933] = ffffffff, pass
DRAM[263934] = ffffffff, pass
DRAM[263935] = ffffffff, pass
DRAM[263936] = ffffffff, pass
DRAM[263937] = ffffffff, pass
DRAM[263938] = ffffffff, pass
DRAM[263939] = ffffffff, pass
DRAM[263940] = ffffffff, pass
DRAM[263941] = ffffffff, pass
DRAM[263942] = ffffffff, pass
DRAM[263943] = ffffffff, pass
DRAM[263944] = 7ec9c9c9, pass
DRAM[263945] = 73737e7e, pass
DRAM[263946] = a2a2a273, pass
DRAM[263947] = 64696969, pass
DRAM[263948] = 79796464, pass
DRAM[263949] = 80808079, pass
DRAM[263950] = 826b6b6b, pass
DRAM[263951] = a5a58282, pass
DRAM[263952] = 9a9a9aa5, pass
DRAM[263953] = 9c989898, pass
DRAM[263954] = 9a9a9c9c, pass
DRAM[263955] = 4c4c4c9a, pass
DRAM[263956] = ffffffff, pass
DRAM[263957] = ffffffff, pass
DRAM[263958] = ffffffff, pass
DRAM[263959] = ffffffff, pass
DRAM[263960] = ffffffff, pass
DRAM[263961] = ffffffff, pass
DRAM[263962] = ffffffff, pass
DRAM[263963] = ffffffff, pass
DRAM[263964] = ffffffff, pass
DRAM[263965] = ffffffff, pass
DRAM[263966] = ffffffff, pass
DRAM[263967] = ffffffff, pass
DRAM[263968] = ffffffff, pass
DRAM[263969] = ffffffff, pass
DRAM[263970] = ffffffff, pass
DRAM[263971] = c3fefefe, pass
DRAM[263972] = d8d8c3c3, pass
DRAM[263973] = bfbfbfd8, pass
DRAM[263974] = 969b9b9b, pass
DRAM[263975] = bdbd9696, pass
DRAM[263976] = 8d8d8dbd, pass
DRAM[263977] = ffffffff, pass
DRAM[263978] = ffffffff, pass
DRAM[263979] = ffffffff, pass
DRAM[263980] = ffffffff, pass
DRAM[263981] = ffffffff, pass
DRAM[263982] = ffffffff, pass
DRAM[263983] = ffffffff, pass
DRAM[263984] = ffffffff, pass
DRAM[263985] = ffffffff, pass
DRAM[263986] = ffffffff, pass
DRAM[263987] = ffffffff, pass
DRAM[263988] = ffffffff, pass
DRAM[263989] = ffffffff, pass
DRAM[263990] = c7c7ffff, pass
DRAM[263991] = 6f6f6fc7, pass
DRAM[263992] = a18a8a8a, pass
DRAM[263993] = 7070a1a1, pass
DRAM[263994] = 5d5d5d70, pass
DRAM[263995] = cac3c3c3, pass
DRAM[263996] = c5c5caca, pass
DRAM[263997] = c3c3c3c5, pass
DRAM[263998] = a4c8c8c8, pass
DRAM[263999] = 5d5da4a4, pass
DRAM[264000] = 9a9a9a5d, pass
DRAM[264001] = 9c9c9c9c, pass
DRAM[264002] = a0a09c9c, pass
DRAM[264003] = 717171a0, pass
DRAM[264004] = ffffffff, pass
DRAM[264005] = ffffffff, pass
DRAM[264006] = ffffffff, pass
DRAM[264007] = ffffffff, pass
DRAM[264008] = ffffffff, pass
DRAM[264009] = ffffffff, pass
DRAM[264010] = ffffffff, pass
DRAM[264011] = ffffffff, pass
DRAM[264012] = ffffffff, pass
DRAM[264013] = ffffffff, pass
DRAM[264014] = ffffffff, pass
DRAM[264015] = ffffffff, pass
DRAM[264016] = ffffffff, pass
DRAM[264017] = ffffffff, pass
DRAM[264018] = ffffffff, pass
DRAM[264019] = 6dffffff, pass
DRAM[264020] = e2e26d6d, pass
DRAM[264021] = a6a6a6e2, pass
DRAM[264022] = 99a2a2a2, pass
DRAM[264023] = 9a9a9999, pass
DRAM[264024] = bababa9a, pass
DRAM[264025] = ffffffff, pass
DRAM[264026] = ffffffff, pass
DRAM[264027] = ffffffff, pass
DRAM[264028] = ffffffff, pass
DRAM[264029] = ffffffff, pass
DRAM[264030] = ffffffff, pass
DRAM[264031] = ffffffff, pass
DRAM[264032] = ffffffff, pass
DRAM[264033] = ffffffff, pass
DRAM[264034] = ffffffff, pass
DRAM[264035] = ffffffff, pass
DRAM[264036] = ffffffff, pass
DRAM[264037] = 71ffffff, pass
DRAM[264038] = 83837171, pass
DRAM[264039] = ababab83, pass
DRAM[264040] = 5e7b7b7b, pass
DRAM[264041] = 87875e5e, pass
DRAM[264042] = 82828287, pass
DRAM[264043] = aa858585, pass
DRAM[264044] = bebeaaaa, pass
DRAM[264045] = c1c1c1be, pass
DRAM[264046] = c3c0c0c0, pass
DRAM[264047] = cecec3c3, pass
DRAM[264048] = 4a4a4ace, pass
DRAM[264049] = 9c9e9e9e, pass
DRAM[264050] = 9d9d9c9c, pass
DRAM[264051] = 8181819d, pass
DRAM[264052] = ffc8c8c8, pass
DRAM[264053] = ffffffff, pass
DRAM[264054] = ffffffff, pass
DRAM[264055] = ffffffff, pass
DRAM[264056] = ffffffff, pass
DRAM[264057] = ffffffff, pass
DRAM[264058] = ffffffff, pass
DRAM[264059] = ffffffff, pass
DRAM[264060] = ffffffff, pass
DRAM[264061] = ffffffff, pass
DRAM[264062] = ffffffff, pass
DRAM[264063] = ffffffff, pass
DRAM[264064] = ffffffff, pass
DRAM[264065] = ffffffff, pass
DRAM[264066] = ffffffff, pass
DRAM[264067] = cbffffff, pass
DRAM[264068] = c8c8cbcb, pass
DRAM[264069] = a9a9a9c8, pass
DRAM[264070] = a7909090, pass
DRAM[264071] = 8a8aa7a7, pass
DRAM[264072] = cbcbcb8a, pass
DRAM[264073] = ffffffff, pass
DRAM[264074] = ffffffff, pass
DRAM[264075] = ffffffff, pass
DRAM[264076] = ffffffff, pass
DRAM[264077] = ffffffff, pass
DRAM[264078] = ffffffff, pass
DRAM[264079] = ffffffff, pass
DRAM[264080] = ffffffff, pass
DRAM[264081] = ffffffff, pass
DRAM[264082] = ffffffff, pass
DRAM[264083] = ffffffff, pass
DRAM[264084] = ebebebff, pass
DRAM[264085] = a1646464, pass
DRAM[264086] = acaca1a1, pass
DRAM[264087] = 686868ac, pass
DRAM[264088] = 82686868, pass
DRAM[264089] = 7c7c8282, pass
DRAM[264090] = 7d7d7d7c, pass
DRAM[264091] = 7e818181, pass
DRAM[264092] = 85857e7e, pass
DRAM[264093] = 94949485, pass
DRAM[264094] = a9a0a0a0, pass
DRAM[264095] = aeaea9a9, pass
DRAM[264096] = 8f8f8fae, pass
DRAM[264097] = a63f3f3f, pass
DRAM[264098] = 9a9aa6a6, pass
DRAM[264099] = 9b9b9b9a, pass
DRAM[264100] = ff8b8b8b, pass
DRAM[264101] = ffffffff, pass
DRAM[264102] = ffffffff, pass
DRAM[264103] = ffffffff, pass
DRAM[264104] = ffffffff, pass
DRAM[264105] = ffffffff, pass
DRAM[264106] = ffffffff, pass
DRAM[264107] = ffffffff, pass
DRAM[264108] = ffffffff, pass
DRAM[264109] = ffffffff, pass
DRAM[264110] = ffffffff, pass
DRAM[264111] = ffffffff, pass
DRAM[264112] = ffffffff, pass
DRAM[264113] = ffffffff, pass
DRAM[264114] = ffffffff, pass
DRAM[264115] = ffffffff, pass
DRAM[264116] = a8a8ffff, pass
DRAM[264117] = d2d2d2a8, pass
DRAM[264118] = 99858585, pass
DRAM[264119] = 96969999, pass
DRAM[264120] = d6d6d696, pass
DRAM[264121] = ffffffff, pass
DRAM[264122] = ffffffff, pass
DRAM[264123] = ffffffff, pass
DRAM[264124] = ffffffff, pass
DRAM[264125] = ffffffff, pass
DRAM[264126] = ffffffff, pass
DRAM[264127] = ffffffff, pass
DRAM[264128] = ffffffff, pass
DRAM[264129] = ffffffff, pass
DRAM[264130] = ffffffff, pass
DRAM[264131] = f2f2ffff, pass
DRAM[264132] = 676767f2, pass
DRAM[264133] = 81a7a7a7, pass
DRAM[264134] = 4e4e8181, pass
DRAM[264135] = 3c3c3c4e, pass
DRAM[264136] = 7b656565, pass
DRAM[264137] = 90907b7b, pass
DRAM[264138] = 8a8a8a90, pass
DRAM[264139] = 676e6e6e, pass
DRAM[264140] = 58586767, pass
DRAM[264141] = 5a5a5a58, pass
DRAM[264142] = 807e7e7e, pass
DRAM[264143] = 80808080, pass
DRAM[264144] = 84848480, pass
DRAM[264145] = 527c7c7c, pass
DRAM[264146] = a2a25252, pass
DRAM[264147] = 9b9b9ba2, pass
DRAM[264148] = f66b6b6b, pass
DRAM[264149] = fffff6f6, pass
DRAM[264150] = ffffffff, pass
DRAM[264151] = ffffffff, pass
DRAM[264152] = ffffffff, pass
DRAM[264153] = ffffffff, pass
DRAM[264154] = ffffffff, pass
DRAM[264155] = ffffffff, pass
DRAM[264156] = ffffffff, pass
DRAM[264157] = ffffffff, pass
DRAM[264158] = ffffffff, pass
DRAM[264159] = ffffffff, pass
DRAM[264160] = ffffffff, pass
DRAM[264161] = ffffffff, pass
DRAM[264162] = ffffffff, pass
DRAM[264163] = ffffffff, pass
DRAM[264164] = cbcbffff, pass
DRAM[264165] = ffffffcb, pass
DRAM[264166] = 8d959595, pass
DRAM[264167] = 92928d8d, pass
DRAM[264168] = e3e3e392, pass
DRAM[264169] = ffffffff, pass
DRAM[264170] = ffffffff, pass
DRAM[264171] = ffffffff, pass
DRAM[264172] = ffffffff, pass
DRAM[264173] = ffffffff, pass
DRAM[264174] = ffffffff, pass
DRAM[264175] = ffffffff, pass
DRAM[264176] = ffffffff, pass
DRAM[264177] = ffffffff, pass
DRAM[264178] = ffffffff, pass
DRAM[264179] = 8181ffff, pass
DRAM[264180] = a5a5a581, pass
DRAM[264181] = 778c8c8c, pass
DRAM[264182] = 79797777, pass
DRAM[264183] = bababa79, pass
DRAM[264184] = c0c7c7c7, pass
DRAM[264185] = bebec0c0, pass
DRAM[264186] = bfbfbfbe, pass
DRAM[264187] = c2c1c1c1, pass
DRAM[264188] = c1c1c2c2, pass
DRAM[264189] = a7a7a7c1, pass
DRAM[264190] = 5b6c6c6c, pass
DRAM[264191] = 56565b5b, pass
DRAM[264192] = 6e6e6e56, pass
DRAM[264193] = 83747474, pass
DRAM[264194] = 8f8f8383, pass
DRAM[264195] = 9a9a9a8f, pass
DRAM[264196] = 9a979797, pass
DRAM[264197] = ffff9a9a, pass
DRAM[264198] = ffffffff, pass
DRAM[264199] = ffffffff, pass
DRAM[264200] = ffffffff, pass
DRAM[264201] = ffffffff, pass
DRAM[264202] = ffffffff, pass
DRAM[264203] = ffffffff, pass
DRAM[264204] = ffffffff, pass
DRAM[264205] = ffffffff, pass
DRAM[264206] = ffffffff, pass
DRAM[264207] = ffffffff, pass
DRAM[264208] = ffffffff, pass
DRAM[264209] = ffffffff, pass
DRAM[264210] = ffffffff, pass
DRAM[264211] = ffffffff, pass
DRAM[264212] = ffffffff, pass
DRAM[264213] = ffffffff, pass
DRAM[264214] = 98adadad, pass
DRAM[264215] = 6a6a9898, pass
DRAM[264216] = ececec6a, pass
DRAM[264217] = ffffffff, pass
DRAM[264218] = ffffffff, pass
DRAM[264219] = ffffffff, pass
DRAM[264220] = ffffffff, pass
DRAM[264221] = ffffffff, pass
DRAM[264222] = ffffffff, pass
DRAM[264223] = ffffffff, pass
DRAM[264224] = ffffffff, pass
DRAM[264225] = ffffffff, pass
DRAM[264226] = e8ffffff, pass
DRAM[264227] = 7b7be8e8, pass
DRAM[264228] = 7575757b, pass
DRAM[264229] = c1787878, pass
DRAM[264230] = c8c8c1c1, pass
DRAM[264231] = c3c3c3c8, pass
DRAM[264232] = b5949494, pass
DRAM[264233] = babab5b5, pass
DRAM[264234] = b9b9b9ba, pass
DRAM[264235] = a3bbbbbb, pass
DRAM[264236] = b3b3a3a3, pass
DRAM[264237] = c4c4c4b3, pass
DRAM[264238] = c8c7c7c7, pass
DRAM[264239] = b6b6c8c8, pass
DRAM[264240] = 777777b6, pass
DRAM[264241] = 7b797979, pass
DRAM[264242] = 3f3f7b7b, pass
DRAM[264243] = a5a5a53f, pass
DRAM[264244] = 5a9c9c9c, pass
DRAM[264245] = ffff5a5a, pass
DRAM[264246] = ffffffff, pass
DRAM[264247] = ffffffff, pass
DRAM[264248] = ffffffff, pass
DRAM[264249] = ffffffff, pass
DRAM[264250] = ffffffff, pass
DRAM[264251] = ffffffff, pass
DRAM[264252] = ffffffff, pass
DRAM[264253] = ffffffff, pass
DRAM[264254] = ffffffff, pass
DRAM[264255] = ffffffff, pass
DRAM[264256] = ffffffff, pass
DRAM[264257] = ffffffff, pass
DRAM[264258] = ffffffff, pass
DRAM[264259] = ffffffff, pass
DRAM[264260] = ffffffff, pass
DRAM[264261] = ffffffff, pass
DRAM[264262] = 99bcbcbc, pass
DRAM[264263] = 92929999, pass
DRAM[264264] = fbfbfb92, pass
DRAM[264265] = ffffffff, pass
DRAM[264266] = ffffffff, pass
DRAM[264267] = ffffffff, pass
DRAM[264268] = ffffffff, pass
DRAM[264269] = ffffffff, pass
DRAM[264270] = ffffffff, pass
DRAM[264271] = ffffffff, pass
DRAM[264272] = ffffffff, pass
DRAM[264273] = ffffffff, pass
DRAM[264274] = eaffffff, pass
DRAM[264275] = 8282eaea, pass
DRAM[264276] = 91919182, pass
DRAM[264277] = c0cacaca, pass
DRAM[264278] = bfbfc0c0, pass
DRAM[264279] = bebebebf, pass
DRAM[264280] = c6bfbfbf, pass
DRAM[264281] = bebec6c6, pass
DRAM[264282] = bdbdbdbe, pass
DRAM[264283] = b5bababa, pass
DRAM[264284] = b4b4b5b5, pass
DRAM[264285] = c0c0c0b4, pass
DRAM[264286] = bfbfbfbf, pass
DRAM[264287] = c2c2bfbf, pass
DRAM[264288] = c0c0c0c2, pass
DRAM[264289] = a4a4a4a4, pass
DRAM[264290] = 7373a4a4, pass
DRAM[264291] = 78787873, pass
DRAM[264292] = 6aa0a0a0, pass
DRAM[264293] = ecec6a6a, pass
DRAM[264294] = ffffffec, pass
DRAM[264295] = ffffffff, pass
DRAM[264296] = ffffffff, pass
DRAM[264297] = ffffffff, pass
DRAM[264298] = ffffffff, pass
DRAM[264299] = ffffffff, pass
DRAM[264300] = ffffffff, pass
DRAM[264301] = ffffffff, pass
DRAM[264302] = ffffffff, pass
DRAM[264303] = ffffffff, pass
DRAM[264304] = ffffffff, pass
DRAM[264305] = ffffffff, pass
DRAM[264306] = ffffffff, pass
DRAM[264307] = ffffffff, pass
DRAM[264308] = ffffffff, pass
DRAM[264309] = ffffffff, pass
DRAM[264310] = 86d8d8d8, pass
DRAM[264311] = ffff8686, pass
DRAM[264312] = ffffffff, pass
DRAM[264313] = ffffffff, pass
DRAM[264314] = ffffffff, pass
DRAM[264315] = ffffffff, pass
DRAM[264316] = ffffffff, pass
DRAM[264317] = ffffffff, pass
DRAM[264318] = ffffffff, pass
DRAM[264319] = ffffffff, pass
DRAM[264320] = ffffffff, pass
DRAM[264321] = ffffffff, pass
DRAM[264322] = ffffffff, pass
DRAM[264323] = 8888ffff, pass
DRAM[264324] = c4c4c488, pass
DRAM[264325] = c3c3c3c3, pass
DRAM[264326] = bebec3c3, pass
DRAM[264327] = babababe, pass
DRAM[264328] = c0bababa, pass
DRAM[264329] = bfbfc0c0, pass
DRAM[264330] = bfbfbfbf, pass
DRAM[264331] = bebdbdbd, pass
DRAM[264332] = bfbfbebe, pass
DRAM[264333] = bfbfbfbf, pass
DRAM[264334] = bfbfbfbf, pass
DRAM[264335] = bfbfbfbf, pass
DRAM[264336] = c2c2c2bf, pass
DRAM[264337] = 9ab0b0b0, pass
DRAM[264338] = a3a39a9a, pass
DRAM[264339] = 8f8f8fa3, pass
DRAM[264340] = 949d9d9d, pass
DRAM[264341] = c0c09494, pass
DRAM[264342] = ffffffc0, pass
DRAM[264343] = ffffffff, pass
DRAM[264344] = ffffffff, pass
DRAM[264345] = ffffffff, pass
DRAM[264346] = ffffffff, pass
DRAM[264347] = ffffffff, pass
DRAM[264348] = ffffffff, pass
DRAM[264349] = ffffffff, pass
DRAM[264350] = ffffffff, pass
DRAM[264351] = ffffffff, pass
DRAM[264352] = ffffffff, pass
DRAM[264353] = ffffffff, pass
DRAM[264354] = ffffffff, pass
DRAM[264355] = ffffffff, pass
DRAM[264356] = ffffffff, pass
DRAM[264357] = ffffffff, pass
DRAM[264358] = f1fafafa, pass
DRAM[264359] = fffff1f1, pass
DRAM[264360] = ffffffff, pass
DRAM[264361] = ffffffff, pass
DRAM[264362] = ffffffff, pass
DRAM[264363] = ffffffff, pass
DRAM[264364] = ffffffff, pass
DRAM[264365] = ffffffff, pass
DRAM[264366] = ffffffff, pass
DRAM[264367] = ffffffff, pass
DRAM[264368] = ffffffff, pass
DRAM[264369] = ffffffff, pass
DRAM[264370] = ffffffff, pass
DRAM[264371] = 9393ffff, pass
DRAM[264372] = c5c5c593, pass
DRAM[264373] = a5a6a6a6, pass
DRAM[264374] = c0c0a5a5, pass
DRAM[264375] = b9b9b9c0, pass
DRAM[264376] = bab9b9b9, pass
DRAM[264377] = bebebaba, pass
DRAM[264378] = bfbfbfbe, pass
DRAM[264379] = bfbfbfbf, pass
DRAM[264380] = bfbfbfbf, pass
DRAM[264381] = bfbfbfbf, pass
DRAM[264382] = bfbfbfbf, pass
DRAM[264383] = bdbdbfbf, pass
DRAM[264384] = c3c3c3bd, pass
DRAM[264385] = adc4c4c4, pass
DRAM[264386] = 9f9fadad, pass
DRAM[264387] = 9e9e9e9f, pass
DRAM[264388] = 939c9c9c, pass
DRAM[264389] = a9a99393, pass
DRAM[264390] = ffffffa9, pass
DRAM[264391] = ffffffff, pass
DRAM[264392] = ffffffff, pass
DRAM[264393] = ffffffff, pass
DRAM[264394] = ffffffff, pass
DRAM[264395] = ffffffff, pass
DRAM[264396] = ffffffff, pass
DRAM[264397] = ffffffff, pass
DRAM[264398] = ffffffff, pass
DRAM[264399] = ffffffff, pass
DRAM[264400] = ffffffff, pass
DRAM[264401] = ffffffff, pass
DRAM[264402] = ffffffff, pass
DRAM[264403] = ffffffff, pass
DRAM[264404] = ffffffff, pass
DRAM[264405] = ffffffff, pass
DRAM[264406] = ffffffff, pass
DRAM[264407] = ffffffff, pass
DRAM[264408] = ffffffff, pass
DRAM[264409] = ffffffff, pass
DRAM[264410] = ffffffff, pass
DRAM[264411] = ffffffff, pass
DRAM[264412] = ffffffff, pass
DRAM[264413] = ffffffff, pass
DRAM[264414] = ffffffff, pass
DRAM[264415] = ffffffff, pass
DRAM[264416] = ffffffff, pass
DRAM[264417] = ffffffff, pass
DRAM[264418] = ffffffff, pass
DRAM[264419] = c0c0ffff, pass
DRAM[264420] = 6d6d6dc0, pass
DRAM[264421] = 60414141, pass
DRAM[264422] = c7c76060, pass
DRAM[264423] = b9b9b9c7, pass
DRAM[264424] = b9b9b9b9, pass
DRAM[264425] = bdbdb9b9, pass
DRAM[264426] = bfbfbfbd, pass
DRAM[264427] = bebfbfbf, pass
DRAM[264428] = bfbfbebe, pass
DRAM[264429] = bebebebf, pass
DRAM[264430] = bfbfbfbf, pass
DRAM[264431] = c3c3bfbf, pass
DRAM[264432] = 757575c3, pass
DRAM[264433] = 6d5a5a5a, pass
DRAM[264434] = 8b8b6d6d, pass
DRAM[264435] = a5a5a58b, pass
DRAM[264436] = 839f9f9f, pass
DRAM[264437] = c1c18383, pass
DRAM[264438] = ffffffc1, pass
DRAM[264439] = ffffffff, pass
DRAM[264440] = ffffffff, pass
DRAM[264441] = ffffffff, pass
DRAM[264442] = ffffffff, pass
DRAM[264443] = ffffffff, pass
DRAM[264444] = ffffffff, pass
DRAM[264445] = ffffffff, pass
DRAM[264446] = ffffffff, pass
DRAM[264447] = ffffffff, pass
DRAM[264448] = ffffffff, pass
DRAM[264449] = ffffffff, pass
DRAM[264450] = ffffffff, pass
DRAM[264451] = ffffffff, pass
DRAM[264452] = ffffffff, pass
DRAM[264453] = ffffffff, pass
DRAM[264454] = ffffffff, pass
DRAM[264455] = ffffffff, pass
DRAM[264456] = ffffffff, pass
DRAM[264457] = ffffffff, pass
DRAM[264458] = ffffffff, pass
DRAM[264459] = ffffffff, pass
DRAM[264460] = ffffffff, pass
DRAM[264461] = ffffffff, pass
DRAM[264462] = ffffffff, pass
DRAM[264463] = ffffffff, pass
DRAM[264464] = ffffffff, pass
DRAM[264465] = ffffffff, pass
DRAM[264466] = ffffffff, pass
DRAM[264467] = e7e7ffff, pass
DRAM[264468] = 585858e7, pass
DRAM[264469] = 62323232, pass
DRAM[264470] = c9c96262, pass
DRAM[264471] = bdbdbdc9, pass
DRAM[264472] = bab9b9b9, pass
DRAM[264473] = bcbcbaba, pass
DRAM[264474] = bfbfbfbc, pass
DRAM[264475] = bfbfbfbf, pass
DRAM[264476] = bfbfbfbf, pass
DRAM[264477] = bdbdbdbf, pass
DRAM[264478] = bdb9b9b9, pass
DRAM[264479] = c8c8bdbd, pass
DRAM[264480] = 4d4d4dc8, pass
DRAM[264481] = 787f7f7f, pass
DRAM[264482] = 42427878, pass
DRAM[264483] = 5e5e5e42, pass
DRAM[264484] = 62a6a6a6, pass
DRAM[264485] = f2f26262, pass
DRAM[264486] = fffffff2, pass
DRAM[264487] = ffffffff, pass
DRAM[264488] = ffffffff, pass
DRAM[264489] = ffffffff, pass
DRAM[264490] = ffffffff, pass
DRAM[264491] = ffffffff, pass
DRAM[264492] = ffffffff, pass
DRAM[264493] = ffffffff, pass
DRAM[264494] = ffffffff, pass
DRAM[264495] = ffffffff, pass
DRAM[264496] = ffffffff, pass
DRAM[264497] = ffffffff, pass
DRAM[264498] = ffffffff, pass
DRAM[264499] = ffffffff, pass
DRAM[264500] = ffffffff, pass
DRAM[264501] = ffffffff, pass
DRAM[264502] = ffffffff, pass
DRAM[264503] = ffffffff, pass
DRAM[264504] = ffffffff, pass
DRAM[264505] = ffffffff, pass
DRAM[264506] = ffffffff, pass
DRAM[264507] = ffffffff, pass
DRAM[264508] = ffffffff, pass
DRAM[264509] = ffffffff, pass
DRAM[264510] = ffffffff, pass
DRAM[264511] = ffffffff, pass
DRAM[264512] = ffffffff, pass
DRAM[264513] = ffffffff, pass
DRAM[264514] = ffffffff, pass
DRAM[264515] = eaeaffff, pass
DRAM[264516] = 3a3a3aea, pass
DRAM[264517] = 5c000000, pass
DRAM[264518] = c9c95c5c, pass
DRAM[264519] = bebebec9, pass
DRAM[264520] = bbbcbcbc, pass
DRAM[264521] = bbbbbbbb, pass
DRAM[264522] = bfbfbfbb, pass
DRAM[264523] = bfbfbfbf, pass
DRAM[264524] = c0c0bfbf, pass
DRAM[264525] = bcbcbcc0, pass
DRAM[264526] = b9b8b8b8, pass
DRAM[264527] = c9c9b9b9, pass
DRAM[264528] = 363636c9, pass
DRAM[264529] = 2c484848, pass
DRAM[264530] = 5c5c2c2c, pass
DRAM[264531] = 5f5f5f5c, pass
DRAM[264532] = 5ca9a9a9, pass
DRAM[264533] = ffff5c5c, pass
DRAM[264534] = ffffffff, pass
DRAM[264535] = ffffffff, pass
DRAM[264536] = ffffffff, pass
DRAM[264537] = ffffffff, pass
DRAM[264538] = ffffffff, pass
DRAM[264539] = ffffffff, pass
DRAM[264540] = ffffffff, pass
DRAM[264541] = ffffffff, pass
DRAM[264542] = ffffffff, pass
DRAM[264543] = ffffffff, pass
DRAM[264544] = ffffffff, pass
DRAM[264545] = ffffffff, pass
DRAM[264546] = ffffffff, pass
DRAM[264547] = ffffffff, pass
DRAM[264548] = ffffffff, pass
DRAM[264549] = ffffffff, pass
DRAM[264550] = ffffffff, pass
DRAM[264551] = ffffffff, pass
DRAM[264552] = ffffffff, pass
DRAM[264553] = ffffffff, pass
DRAM[264554] = ffffffff, pass
DRAM[264555] = ffffffff, pass
DRAM[264556] = ffffffff, pass
DRAM[264557] = ffffffff, pass
DRAM[264558] = ffffffff, pass
DRAM[264559] = ffffffff, pass
DRAM[264560] = ffffffff, pass
DRAM[264561] = ffffffff, pass
DRAM[264562] = ffffffff, pass
DRAM[264563] = dadaffff, pass
DRAM[264564] = 1b1b1bda, pass
DRAM[264565] = 84737373, pass
DRAM[264566] = c4c48484, pass
DRAM[264567] = bebebec4, pass
DRAM[264568] = bdbebebe, pass
DRAM[264569] = bdbdbdbd, pass
DRAM[264570] = bebebebd, pass
DRAM[264571] = bfbfbfbf, pass
DRAM[264572] = bfbfbfbf, pass
DRAM[264573] = bfbfbfbf, pass
DRAM[264574] = b9bababa, pass
DRAM[264575] = cacab9b9, pass
DRAM[264576] = 202020ca, pass
DRAM[264577] = 101a1a1a, pass
DRAM[264578] = 3b3b1010, pass
DRAM[264579] = 5050503b, pass
DRAM[264580] = 84a1a1a1, pass
DRAM[264581] = ffff8484, pass
DRAM[264582] = ffffffff, pass
DRAM[264583] = ffffffff, pass
DRAM[264584] = ffffffff, pass
DRAM[264585] = ffffffff, pass
DRAM[264586] = ffffffff, pass
DRAM[264587] = ffffffff, pass
DRAM[264588] = ffffffff, pass
DRAM[264589] = ffffffff, pass
DRAM[264590] = ffffffff, pass
DRAM[264591] = ffffffff, pass
DRAM[264592] = ffffffff, pass
DRAM[264593] = ffffffff, pass
DRAM[264594] = ffffffff, pass
DRAM[264595] = ffffffff, pass
DRAM[264596] = ffffffff, pass
DRAM[264597] = ffffffff, pass
DRAM[264598] = ffffffff, pass
DRAM[264599] = ffffffff, pass
DRAM[264600] = ffffffff, pass
DRAM[264601] = ffffffff, pass
DRAM[264602] = ffffffff, pass
DRAM[264603] = ffffffff, pass
DRAM[264604] = ffffffff, pass
DRAM[264605] = ffffffff, pass
DRAM[264606] = ffffffff, pass
DRAM[264607] = ffffffff, pass
DRAM[264608] = ffffffff, pass
DRAM[264609] = ffffffff, pass
DRAM[264610] = ffffffff, pass
DRAM[264611] = f3f3ffff, pass
DRAM[264612] = 0e0e0ef3, pass
DRAM[264613] = 86ffffff, pass
DRAM[264614] = c3c38686, pass
DRAM[264615] = bebebec3, pass
DRAM[264616] = bebebebe, pass
DRAM[264617] = bebebebe, pass
DRAM[264618] = bebebebe, pass
DRAM[264619] = bebebebe, pass
DRAM[264620] = bdbdbebe, pass
DRAM[264621] = bebebebd, pass
DRAM[264622] = bfc0c0c0, pass
DRAM[264623] = ccccbfbf, pass
DRAM[264624] = 000000cc, pass
DRAM[264625] = 19747474, pass
DRAM[264626] = 37371919, pass
DRAM[264627] = 39393937, pass
DRAM[264628] = aba6a6a6, pass
DRAM[264629] = ffffabab, pass
DRAM[264630] = ffffffff, pass
DRAM[264631] = ffffffff, pass
DRAM[264632] = ffffffff, pass
DRAM[264633] = ffffffff, pass
DRAM[264634] = ffffffff, pass
DRAM[264635] = ffffffff, pass
DRAM[264636] = ffffffff, pass
DRAM[264637] = ffffffff, pass
DRAM[264638] = ffffffff, pass
DRAM[264639] = ffffffff, pass
DRAM[264640] = ffffffff, pass
DRAM[264641] = ffffffff, pass
DRAM[264642] = ffffffff, pass
DRAM[264643] = ffffffff, pass
DRAM[264644] = ffffffff, pass
DRAM[264645] = ffffffff, pass
DRAM[264646] = ffffffff, pass
DRAM[264647] = ffffffff, pass
DRAM[264648] = ffffffff, pass
DRAM[264649] = ffffffff, pass
DRAM[264650] = ffffffff, pass
DRAM[264651] = ffffffff, pass
DRAM[264652] = ffffffff, pass
DRAM[264653] = ffffffff, pass
DRAM[264654] = ffffffff, pass
DRAM[264655] = ffffffff, pass
DRAM[264656] = ffffffff, pass
DRAM[264657] = ffffffff, pass
DRAM[264658] = ffffffff, pass
DRAM[264659] = ffffffff, pass
DRAM[264660] = 101010ff, pass
DRAM[264661] = 9ef6f6f6, pass
DRAM[264662] = c2c29e9e, pass
DRAM[264663] = bababac2, pass
DRAM[264664] = bbbababa, pass
DRAM[264665] = bebebbbb, pass
DRAM[264666] = bebebebe, pass
DRAM[264667] = bdbebebe, pass
DRAM[264668] = b8b8bdbd, pass
DRAM[264669] = b8b8b8b8, pass
DRAM[264670] = c0b9b9b9, pass
DRAM[264671] = c5c5c0c0, pass
DRAM[264672] = 282828c5, pass
DRAM[264673] = 5fffffff, pass
DRAM[264674] = 0d0d5f5f, pass
DRAM[264675] = 5555550d, pass
DRAM[264676] = bc949494, pass
DRAM[264677] = ffffbcbc, pass
DRAM[264678] = ffffffff, pass
DRAM[264679] = ffffffff, pass
DRAM[264680] = ffffffff, pass
DRAM[264681] = ffffffff, pass
DRAM[264682] = ffffffff, pass
DRAM[264683] = ffffffff, pass
DRAM[264684] = ffffffff, pass
DRAM[264685] = ffffffff, pass
DRAM[264686] = ffffffff, pass
DRAM[264687] = ffffffff, pass
DRAM[264688] = ffffffff, pass
DRAM[264689] = ffffffff, pass
DRAM[264690] = ffffffff, pass
DRAM[264691] = ffffffff, pass
DRAM[264692] = ffffffff, pass
DRAM[264693] = ffffffff, pass
DRAM[264694] = ffffffff, pass
DRAM[264695] = ffffffff, pass
DRAM[264696] = ffffffff, pass
DRAM[264697] = ffffffff, pass
DRAM[264698] = ffffffff, pass
DRAM[264699] = ffffffff, pass
DRAM[264700] = ffffffff, pass
DRAM[264701] = ffffffff, pass
DRAM[264702] = ffffffff, pass
DRAM[264703] = ffffffff, pass
DRAM[264704] = ffffffff, pass
DRAM[264705] = ffffffff, pass
DRAM[264706] = ffffffff, pass
DRAM[264707] = ffffffff, pass
DRAM[264708] = 484848ff, pass
DRAM[264709] = c8b6b6b6, pass
DRAM[264710] = aeaec8c8, pass
DRAM[264711] = bababaae, pass
DRAM[264712] = b8b8b8b8, pass
DRAM[264713] = bbbbb8b8, pass
DRAM[264714] = bebebebb, pass
DRAM[264715] = bdbfbfbf, pass
DRAM[264716] = b8b8bdbd, pass
DRAM[264717] = bababab8, pass
DRAM[264718] = beb9b9b9, pass
DRAM[264719] = afafbebe, pass
DRAM[264720] = 757575af, pass
DRAM[264721] = 76ffffff, pass
DRAM[264722] = 00007676, pass
DRAM[264723] = 9a9a9a00, pass
DRAM[264724] = fe727272, pass
DRAM[264725] = fffffefe, pass
DRAM[264726] = ffffffff, pass
DRAM[264727] = ffffffff, pass
DRAM[264728] = ffffffff, pass
DRAM[264729] = ffffffff, pass
DRAM[264730] = ffffffff, pass
DRAM[264731] = ffffffff, pass
DRAM[264732] = ffffffff, pass
DRAM[264733] = ffffffff, pass
DRAM[264734] = ffffffff, pass
DRAM[264735] = ffffffff, pass
DRAM[264736] = ffffffff, pass
DRAM[264737] = ffffffff, pass
DRAM[264738] = ffffffff, pass
DRAM[264739] = ffffffff, pass
DRAM[264740] = ffffffff, pass
DRAM[264741] = ffffffff, pass
DRAM[264742] = ffffffff, pass
DRAM[264743] = ffffffff, pass
DRAM[264744] = ffffffff, pass
DRAM[264745] = ffffffff, pass
DRAM[264746] = ffffffff, pass
DRAM[264747] = ffffffff, pass
DRAM[264748] = ffffffff, pass
DRAM[264749] = ffffffff, pass
DRAM[264750] = ffffffff, pass
DRAM[264751] = ffffffff, pass
DRAM[264752] = ffffffff, pass
DRAM[264753] = ffffffff, pass
DRAM[264754] = ffffffff, pass
DRAM[264755] = ffffffff, pass
DRAM[264756] = 575757ff, pass
DRAM[264757] = d6494949, pass
DRAM[264758] = 9a9ad6d6, pass
DRAM[264759] = bcbcbc9a, pass
DRAM[264760] = b8bababa, pass
DRAM[264761] = babab8b8, pass
DRAM[264762] = bfbfbfba, pass
DRAM[264763] = bfbfbfbf, pass
DRAM[264764] = b9b9bfbf, pass
DRAM[264765] = b9b9b9b9, pass
DRAM[264766] = a9bdbdbd, pass
DRAM[264767] = b5b5a9a9, pass
DRAM[264768] = 989898b5, pass
DRAM[264769] = 52ffffff, pass
DRAM[264770] = 1a1a5252, pass
DRAM[264771] = aeaeae1a, pass
DRAM[264772] = ff868686, pass
DRAM[264773] = ffffffff, pass
DRAM[264774] = ffffffff, pass
DRAM[264775] = ffffffff, pass
DRAM[264776] = ffffffff, pass
DRAM[264777] = ffffffff, pass
DRAM[264778] = ffffffff, pass
DRAM[264779] = ffffffff, pass
DRAM[264780] = ffffffff, pass
DRAM[264781] = ffffffff, pass
DRAM[264782] = ffffffff, pass
DRAM[264783] = ffffffff, pass
DRAM[264784] = ffffffff, pass
DRAM[264785] = ffffffff, pass
DRAM[264786] = ffffffff, pass
DRAM[264787] = ffffffff, pass
DRAM[264788] = ffffffff, pass
DRAM[264789] = ffffffff, pass
DRAM[264790] = ffffffff, pass
DRAM[264791] = ffffffff, pass
DRAM[264792] = ffffffff, pass
DRAM[264793] = ffffffff, pass
DRAM[264794] = ffffffff, pass
DRAM[264795] = ffffffff, pass
DRAM[264796] = ffffffff, pass
DRAM[264797] = ffffffff, pass
DRAM[264798] = ffffffff, pass
DRAM[264799] = ffffffff, pass
DRAM[264800] = ffffffff, pass
DRAM[264801] = ffffffff, pass
DRAM[264802] = ffffffff, pass
DRAM[264803] = ffffffff, pass
DRAM[264804] = 9f9f9fff, pass
DRAM[264805] = bbc8c8c8, pass
DRAM[264806] = a1a1bbbb, pass
DRAM[264807] = bcbcbca1, pass
DRAM[264808] = b9b8b8b8, pass
DRAM[264809] = bbbbb9b9, pass
DRAM[264810] = bfbfbfbb, pass
DRAM[264811] = bfbfbfbf, pass
DRAM[264812] = bdbdbfbf, pass
DRAM[264813] = b8b8b8bd, pass
DRAM[264814] = 7dbebebe, pass
DRAM[264815] = c9c97d7d, pass
DRAM[264816] = 8b8b8bc9, pass
DRAM[264817] = 00dbdbdb, pass
DRAM[264818] = 90900000, pass
DRAM[264819] = 9e9e9e90, pass
DRAM[264820] = ffa8a8a8, pass
DRAM[264821] = ffffffff, pass
DRAM[264822] = ffffffff, pass
DRAM[264823] = ffffffff, pass
DRAM[264824] = ffffffff, pass
DRAM[264825] = ffffffff, pass
DRAM[264826] = ffffffff, pass
DRAM[264827] = ffffffff, pass
DRAM[264828] = ffffffff, pass
DRAM[264829] = ffffffff, pass
DRAM[264830] = ffffffff, pass
DRAM[264831] = ffffffff, pass
DRAM[264832] = ffffffff, pass
DRAM[264833] = ffffffff, pass
DRAM[264834] = ffffffff, pass
DRAM[264835] = ffffffff, pass
DRAM[264836] = ffffffff, pass
DRAM[264837] = ffffffff, pass
DRAM[264838] = ffffffff, pass
DRAM[264839] = ffffffff, pass
DRAM[264840] = ffffffff, pass
DRAM[264841] = ffffffff, pass
DRAM[264842] = ffffffff, pass
DRAM[264843] = ffffffff, pass
DRAM[264844] = ffffffff, pass
DRAM[264845] = ffffffff, pass
DRAM[264846] = ffffffff, pass
DRAM[264847] = ffffffff, pass
DRAM[264848] = ffffffff, pass
DRAM[264849] = ffffffff, pass
DRAM[264850] = ffffffff, pass
DRAM[264851] = ffffffff, pass
DRAM[264852] = a3a3a3ff, pass
DRAM[264853] = bfbfbfbf, pass
DRAM[264854] = c4c4bfbf, pass
DRAM[264855] = c2c2c2c4, pass
DRAM[264856] = b9b8b8b8, pass
DRAM[264857] = bbbbb9b9, pass
DRAM[264858] = c0c0c0bb, pass
DRAM[264859] = bfc0c0c0, pass
DRAM[264860] = c0c0bfbf, pass
DRAM[264861] = bababac0, pass
DRAM[264862] = aabcbcbc, pass
DRAM[264863] = b0b0aaaa, pass
DRAM[264864] = bfbfbfb0, pass
DRAM[264865] = 8f5a5a5a, pass
DRAM[264866] = a0a08f8f, pass
DRAM[264867] = 717171a0, pass
DRAM[264868] = fff7f7f7, pass
DRAM[264869] = ffffffff, pass
DRAM[264870] = ffffffff, pass
DRAM[264871] = ffffffff, pass
DRAM[264872] = ffffffff, pass
DRAM[264873] = ffffffff, pass
DRAM[264874] = ffffffff, pass
DRAM[264875] = ffffffff, pass
DRAM[264876] = ffffffff, pass
DRAM[264877] = ffffffff, pass
DRAM[264878] = ffffffff, pass
DRAM[264879] = ffffffff, pass
DRAM[264880] = ffffffff, pass
DRAM[264881] = ffffffff, pass
DRAM[264882] = ffffffff, pass
DRAM[264883] = ffffffff, pass
DRAM[264884] = ffffffff, pass
DRAM[264885] = ffffffff, pass
DRAM[264886] = ffffffff, pass
DRAM[264887] = ffffffff, pass
DRAM[264888] = ffffffff, pass
DRAM[264889] = ffffffff, pass
DRAM[264890] = ffffffff, pass
DRAM[264891] = ffffffff, pass
DRAM[264892] = ffffffff, pass
DRAM[264893] = ffffffff, pass
DRAM[264894] = ffffffff, pass
DRAM[264895] = ffffffff, pass
DRAM[264896] = ffffffff, pass
DRAM[264897] = ffffffff, pass
DRAM[264898] = ffffffff, pass
DRAM[264899] = ffffffff, pass
DRAM[264900] = ffffffff, pass
DRAM[264901] = c7727272, pass
DRAM[264902] = ccccc7c7, pass
DRAM[264903] = d5d5d5cc, pass
DRAM[264904] = bcc9c9c9, pass
DRAM[264905] = bfbfbcbc, pass
DRAM[264906] = c0c0c0bf, pass
DRAM[264907] = c0c1c1c1, pass
DRAM[264908] = bdbdc0c0, pass
DRAM[264909] = bbbbbbbd, pass
DRAM[264910] = c1bdbdbd, pass
DRAM[264911] = c0c0c1c1, pass
DRAM[264912] = bdbdbdc0, pass
DRAM[264913] = 9cbcbcbc, pass
DRAM[264914] = 9c9c9c9c, pass
DRAM[264915] = 7676769c, pass
DRAM[264916] = ffffffff, pass
DRAM[264917] = ffffffff, pass
DRAM[264918] = ffffffff, pass
DRAM[264919] = ffffffff, pass
DRAM[264920] = ffffffff, pass
DRAM[264921] = ffffffff, pass
DRAM[264922] = ffffffff, pass
DRAM[264923] = ffffffff, pass
DRAM[264924] = ffffffff, pass
DRAM[264925] = ffffffff, pass
DRAM[264926] = ffffffff, pass
DRAM[264927] = ffffffff, pass
DRAM[264928] = ffffffff, pass
DRAM[264929] = ffffffff, pass
DRAM[264930] = ffffffff, pass
DRAM[264931] = ffffffff, pass
DRAM[264932] = ffffffff, pass
DRAM[264933] = ffffffff, pass
DRAM[264934] = ffffffff, pass
DRAM[264935] = ffffffff, pass
DRAM[264936] = ffffffff, pass
DRAM[264937] = ffffffff, pass
DRAM[264938] = ffffffff, pass
DRAM[264939] = ffffffff, pass
DRAM[264940] = ffffffff, pass
DRAM[264941] = ffffffff, pass
DRAM[264942] = ffffffff, pass
DRAM[264943] = ffffffff, pass
DRAM[264944] = ffffffff, pass
DRAM[264945] = ffffffff, pass
DRAM[264946] = ffffffff, pass
DRAM[264947] = ffffffff, pass
DRAM[264948] = ffffffff, pass
DRAM[264949] = 91c9c9c9, pass
DRAM[264950] = cece9191, pass
DRAM[264951] = d4d4d4ce, pass
DRAM[264952] = cad5d5d5, pass
DRAM[264953] = c1c1caca, pass
DRAM[264954] = c3c3c3c1, pass
DRAM[264955] = bfc3c3c3, pass
DRAM[264956] = bababfbf, pass
DRAM[264957] = babababa, pass
DRAM[264958] = bebcbcbc, pass
DRAM[264959] = bfbfbebe, pass
DRAM[264960] = c0c0c0bf, pass
DRAM[264961] = 99b0b0b0, pass
DRAM[264962] = 74749999, pass
DRAM[264963] = d7d7d774, pass
DRAM[264964] = ffffffff, pass
DRAM[264965] = ffffffff, pass
DRAM[264966] = ffffffff, pass
DRAM[264967] = ffffffff, pass
DRAM[264968] = ffffffff, pass
DRAM[264969] = ffffffff, pass
DRAM[264970] = ffffffff, pass
DRAM[264971] = ffffffff, pass
DRAM[264972] = ffffffff, pass
DRAM[264973] = ffffffff, pass
DRAM[264974] = ffffffff, pass
DRAM[264975] = ffffffff, pass
DRAM[264976] = ffffffff, pass
DRAM[264977] = ffffffff, pass
DRAM[264978] = ffffffff, pass
DRAM[264979] = ffffffff, pass
DRAM[264980] = ffffffff, pass
DRAM[264981] = ffffffff, pass
DRAM[264982] = ffffffff, pass
DRAM[264983] = ffffffff, pass
DRAM[264984] = ffffffff, pass
DRAM[264985] = ffffffff, pass
DRAM[264986] = ffffffff, pass
DRAM[264987] = ffffffff, pass
DRAM[264988] = ffffffff, pass
DRAM[264989] = ffffffff, pass
DRAM[264990] = ffffffff, pass
DRAM[264991] = ffffffff, pass
DRAM[264992] = ffffffff, pass
DRAM[264993] = ffffffff, pass
DRAM[264994] = ffffffff, pass
DRAM[264995] = ffffffff, pass
DRAM[264996] = ffffffff, pass
DRAM[264997] = 83ffffff, pass
DRAM[264998] = aeae8383, pass
DRAM[264999] = d7d7d7ae, pass
DRAM[265000] = d5d4d4d4, pass
DRAM[265001] = c6c6d5d5, pass
DRAM[265002] = c6c6c6c6, pass
DRAM[265003] = c0c4c4c4, pass
DRAM[265004] = bdbdc0c0, pass
DRAM[265005] = babababd, pass
DRAM[265006] = bdbbbbbb, pass
DRAM[265007] = bfbfbdbd, pass
DRAM[265008] = c2c2c2bf, pass
DRAM[265009] = 9da7a7a7, pass
DRAM[265010] = 63639d9d, pass
DRAM[265011] = ffffff63, pass
DRAM[265012] = ffffffff, pass
DRAM[265013] = ffffffff, pass
DRAM[265014] = ffffffff, pass
DRAM[265015] = ffffffff, pass
DRAM[265016] = ffffffff, pass
DRAM[265017] = ffffffff, pass
DRAM[265018] = ffffffff, pass
DRAM[265019] = ffffffff, pass
DRAM[265020] = ffffffff, pass
DRAM[265021] = ffffffff, pass
DRAM[265022] = ffffffff, pass
DRAM[265023] = ffffffff, pass
DRAM[265024] = ffffffff, pass
DRAM[265025] = ffffffff, pass
DRAM[265026] = ffffffff, pass
DRAM[265027] = ffffffff, pass
DRAM[265028] = ffffffff, pass
DRAM[265029] = ffffffff, pass
DRAM[265030] = ffffffff, pass
DRAM[265031] = ffffffff, pass
DRAM[265032] = ffffffff, pass
DRAM[265033] = ffffffff, pass
DRAM[265034] = ffffffff, pass
DRAM[265035] = ffffffff, pass
DRAM[265036] = ffffffff, pass
DRAM[265037] = ffffffff, pass
DRAM[265038] = ffffffff, pass
DRAM[265039] = ffffffff, pass
DRAM[265040] = ffffffff, pass
DRAM[265041] = ffffffff, pass
DRAM[265042] = ffffffff, pass
DRAM[265043] = ffffffff, pass
DRAM[265044] = ffffffff, pass
DRAM[265045] = ffffffff, pass
DRAM[265046] = 7676ffff, pass
DRAM[265047] = bcbcbc76, pass
DRAM[265048] = d9dbdbdb, pass
DRAM[265049] = ccccd9d9, pass
DRAM[265050] = c4c4c4cc, pass
DRAM[265051] = c3c6c6c6, pass
DRAM[265052] = bfbfc3c3, pass
DRAM[265053] = bbbbbbbf, pass
DRAM[265054] = bdbbbbbb, pass
DRAM[265055] = bfbfbdbd, pass
DRAM[265056] = bdbdbdbf, pass
DRAM[265057] = 58a6a6a6, pass
DRAM[265058] = eeee5858, pass
DRAM[265059] = ffffffee, pass
DRAM[265060] = ffffffff, pass
DRAM[265061] = ffffffff, pass
DRAM[265062] = ffffffff, pass
DRAM[265063] = ffffffff, pass
DRAM[265064] = ffffffff, pass
DRAM[265065] = ffffffff, pass
DRAM[265066] = ffffffff, pass
DRAM[265067] = ffffffff, pass
DRAM[265068] = ffffffff, pass
DRAM[265069] = ffffffff, pass
DRAM[265070] = ffffffff, pass
DRAM[265071] = ffffffff, pass
DRAM[265072] = ffffffff, pass
DRAM[265073] = ffffffff, pass
DRAM[265074] = ffffffff, pass
DRAM[265075] = ffffffff, pass
DRAM[265076] = ffffffff, pass
DRAM[265077] = ffffffff, pass
DRAM[265078] = ffffffff, pass
DRAM[265079] = ffffffff, pass
DRAM[265080] = ffffffff, pass
DRAM[265081] = ffffffff, pass
DRAM[265082] = ffffffff, pass
DRAM[265083] = ffffffff, pass
DRAM[265084] = ffffffff, pass
DRAM[265085] = ffffffff, pass
DRAM[265086] = ffffffff, pass
DRAM[265087] = ffffffff, pass
DRAM[265088] = ffffffff, pass
DRAM[265089] = ffffffff, pass
DRAM[265090] = ffffffff, pass
DRAM[265091] = ffffffff, pass
DRAM[265092] = ffffffff, pass
DRAM[265093] = ffffffff, pass
DRAM[265094] = ffffffff, pass
DRAM[265095] = 929292ff, pass
DRAM[265096] = d3939393, pass
DRAM[265097] = c9c9d3d3, pass
DRAM[265098] = c4c4c4c9, pass
DRAM[265099] = c4c5c5c5, pass
DRAM[265100] = bebec4c4, pass
DRAM[265101] = bbbbbbbe, pass
DRAM[265102] = bebcbcbc, pass
DRAM[265103] = c3c3bebe, pass
DRAM[265104] = b2b2b2c3, pass
DRAM[265105] = bb5c5c5c, pass
DRAM[265106] = ffffbbbb, pass
DRAM[265107] = ffffffff, pass
DRAM[265108] = ffffffff, pass
DRAM[265109] = ffffffff, pass
DRAM[265110] = ffffffff, pass
DRAM[265111] = ffffffff, pass
DRAM[265112] = ffffffff, pass
DRAM[265113] = ffffffff, pass
DRAM[265114] = ffffffff, pass
DRAM[265115] = ffffffff, pass
DRAM[265116] = ffffffff, pass
DRAM[265117] = ffffffff, pass
DRAM[265118] = ffffffff, pass
DRAM[265119] = ffffffff, pass
DRAM[265120] = ffffffff, pass
DRAM[265121] = ffffffff, pass
DRAM[265122] = ffffffff, pass
DRAM[265123] = ffffffff, pass
DRAM[265124] = ffffffff, pass
DRAM[265125] = ffffffff, pass
DRAM[265126] = ffffffff, pass
DRAM[265127] = ffffffff, pass
DRAM[265128] = ffffffff, pass
DRAM[265129] = ffffffff, pass
DRAM[265130] = ffffffff, pass
DRAM[265131] = ffffffff, pass
DRAM[265132] = ffffffff, pass
DRAM[265133] = ffffffff, pass
DRAM[265134] = ffffffff, pass
DRAM[265135] = ffffffff, pass
DRAM[265136] = ffffffff, pass
DRAM[265137] = ffffffff, pass
DRAM[265138] = ffffffff, pass
DRAM[265139] = ffffffff, pass
DRAM[265140] = ffffffff, pass
DRAM[265141] = ffffffff, pass
DRAM[265142] = ffffffff, pass
DRAM[265143] = ffffffff, pass
DRAM[265144] = 75d4d4d4, pass
DRAM[265145] = a1a17575, pass
DRAM[265146] = c8c8c8a1, pass
DRAM[265147] = cbc9c9c9, pass
DRAM[265148] = c4c4cbcb, pass
DRAM[265149] = c1c1c1c4, pass
DRAM[265150] = c4c2c2c2, pass
DRAM[265151] = a0a0c4c4, pass
DRAM[265152] = 585858a0, pass
DRAM[265153] = ffd8d8d8, pass
DRAM[265154] = ffffffff, pass
DRAM[265155] = ffffffff, pass
DRAM[265156] = ffffffff, pass
DRAM[265157] = ffffffff, pass
DRAM[265158] = ffffffff, pass
DRAM[265159] = ffffffff, pass
DRAM[265160] = ffffffff, pass
DRAM[265161] = ffffffff, pass
DRAM[265162] = ffffffff, pass
DRAM[265163] = ffffffff, pass
DRAM[265164] = ffffffff, pass
DRAM[265165] = ffffffff, pass
DRAM[265166] = ffffffff, pass
DRAM[265167] = ffffffff, pass
DRAM[265168] = ffffffff, pass
DRAM[265169] = ffffffff, pass
DRAM[265170] = ffffffff, pass
DRAM[265171] = ffffffff, pass
DRAM[265172] = ffffffff, pass
DRAM[265173] = ffffffff, pass
DRAM[265174] = ffffffff, pass
DRAM[265175] = ffffffff, pass
DRAM[265176] = ffffffff, pass
DRAM[265177] = ffffffff, pass
DRAM[265178] = ffffffff, pass
DRAM[265179] = ffffffff, pass
DRAM[265180] = ffffffff, pass
DRAM[265181] = ffffffff, pass
DRAM[265182] = ffffffff, pass
DRAM[265183] = ffffffff, pass
DRAM[265184] = ffffffff, pass
DRAM[265185] = ffffffff, pass
DRAM[265186] = ffffffff, pass
DRAM[265187] = ffffffff, pass
DRAM[265188] = ffffffff, pass
DRAM[265189] = ffffffff, pass
DRAM[265190] = ffffffff, pass
DRAM[265191] = ffffffff, pass
DRAM[265192] = ffffffff, pass
DRAM[265193] = ddddffff, pass
DRAM[265194] = bababadd, pass
DRAM[265195] = 7b9f9f9f, pass
DRAM[265196] = 83837b7b, pass
DRAM[265197] = 89898983, pass
DRAM[265198] = a2959595, pass
DRAM[265199] = d8d8a2a2, pass
DRAM[265200] = ffffffd8, pass
DRAM[265201] = ffffffff, pass
DRAM[265202] = ffffffff, pass
DRAM[265203] = ffffffff, pass
DRAM[265204] = ffffffff, pass
DRAM[265205] = ffffffff, pass
DRAM[265206] = ffffffff, pass
DRAM[265207] = ffffffff, pass
DRAM[265208] = ffffffff, pass
DRAM[265209] = ffffffff, pass
DRAM[265210] = ffffffff, pass
DRAM[265211] = ffffffff, pass
DRAM[265212] = ffffffff, pass
DRAM[265213] = ffffffff, pass
DRAM[265214] = ffffffff, pass
DRAM[265215] = ffffffff, pass
DRAM[265216] = ffffffff, pass
DRAM[265217] = ffffffff, pass
DRAM[265218] = ffffffff, pass
DRAM[265219] = ffffffff, pass
DRAM[265220] = ffffffff, pass
DRAM[265221] = ffffffff, pass
DRAM[265222] = ffffffff, pass
DRAM[265223] = ffffffff, pass
DRAM[265224] = ffffffff, pass
DRAM[265225] = ffffffff, pass
DRAM[265226] = ffffffff, pass
DRAM[265227] = ffffffff, pass
DRAM[265228] = ffffffff, pass
DRAM[265229] = 0000ffff, pass




        ****************************               
        **                        **       |__||  
        **  Congratulations !!    **      / O.O  | 
        **                        **    /_____   | 
        **  Simulation PASS!!     **   /^ ^ ^ \  |
        **                        **  |^ ^ ^ ^ |w| 
        ****************************   \m___m__|_|


Simulation complete via $finish(1) at time 31270530 NS + 0
../sim/top_tb.sv:174     $finish;
ncsim> exit
TOOL:	irun(64)	15.20-s084: Exiting on Nov 29, 2022 at 14:56:46 CST  (total: 00:01:49)
