
################################################################################
#
# This file has been generated by SpyGlass:
#     Report Name      : waiver
#     Report Created by: Vsd22113
#     Report Created on:  Tue Dec 20 23:48:52 2022
#     Working Directory: /home/user2/Vsd22/Vsd22113/Desktop/HW4_2/build
#     SpyGlass Version : SpyGlass_vQ-2020.03
#     Policy Name      : SpyGlass(SpyGlass_vQ-2020.03)
#                        clock-reset(SpyGlass_vQ-2020.03)
#
#     Total Number of Generated Messages :         12
#     Number of Waived Messages          :          0
#     Number of Reported Messages        :         12
#     Number of Overlimit Messages       :          0
#
#     Total Number of Waivers                            :          1
#     Number of Waivers Applied                          :          1
#     Number of Waivers with Regex and/or wildcard       :          0
#     Number of Waivers with -rule                       :          1
#     Number of Waivers with line number and/or file info:          0
#     Number of Waive -IP commands                       :          0
#
#
################################################################################

WAIVER REPORT:
+++++++++++++++++++++++++++++++++++++++++++++++++++++++++++++++++++++++++++++++

Design Issues Waiver Report
+++++++++++++++++++++++++++++++++++++++++++++++++++++++++++++++++++++++++++++++

===============================================================================
Design Issues Waivers Waiving Zero Violations
===============================================================================
waive -rule Ar_syncrst_setupcheck01 
#spg_backref : "../script/Spyglass.sgdc" 23

===============================================================================

