
################################################################################
#
# This file has been generated by SpyGlass:
#     Report Name      : CDC-report
#     Report Created by: Vsd22113
#     Report Created on:  Tue Dec 20 23:48:32 2022
#     Working Directory: /home/user2/Vsd22/Vsd22113/Desktop/HW4_2/build
#     SpyGlass Version : SpyGlass_vQ-2020.03
#     Policy Name      : clock-reset(SpyGlass_vQ-2020.03)
#     Comment          : CDC Setup and Analysis Report 
#
################################################################################

################################################################################
# 
# This report consists of the following sections:
# A. Run Information  
#    This section lists the total time taken to run the design and the peak memory.
#    Also shows the list of user-specified parameters.
# B. Design Information 
#    This section lists the flat instances and flops in the design.
#    It also shows the count of blackboxes.
# C. Setup Information 
#    This section reports the total clocks and resets in the design.
# D. Setup Audit Information: To be reviewed for setup signoff 
#    This section reports result of the setup rules to ensure that 
#    a. Registers are properly clocked
#    b. no clocks are defined in the fanout of other clocks
#    c. BlackBoxes are properly constrained 
# E. Analysis and Verification: Structural CDC Violations 
#    This section reports results of the rules which ensure that
#    a. There is no meta-stability problem across clock-domain
#    b. All crossings involving quasi-static signals have been analyzed
# F. Analysis and Verification: Information 
#    This section reports the count of qualifiers specified by user
#    or auto-inferred by spyglass
# G. Analysis and Verification: Functional CDC Violations 
#    This section reports results of the rules which ensure that
#    a. There is no issue with correlated signals crossing clock domains
#    b. There is no data loss for signal crossing a fast clock domain to a 
#      slow clock domain
# H. Analysis and Verification: Asynchronous Reset Verification 
#    This section reports results of the rules which ensure that
#    a. Asynchronous resets have been properly synchronized in each domain
#    b. Asynchronous resets have been deasserted properly
#    c. All registers have been properly reset
# I. Hierarchical CDC Verification : Abstraction Validation
#    This section reports results of the rules which ensure that
#    a. All abstracted blocks are in sync with top-level constraints 
################################################################################

================================================================================
A. Run Information 
================================================================================

  Total Time (in sec)                                                      : 29
  Memory used (in KB)                                                      : 0
  User defined Parameter values :
  ------------------------------------------------------------------------------
    -handle_combo_arc                                            :yes 
    -enable_debug_data                                           :yes 
    -hier_wild_card                                              :no 
    -stop                                                        :1 
    -fa_atime                                                    :100 
    -cdc_reduce_pessimism                                        :'+use_multi_arc' 



================================================================================
B. Design Information 
================================================================================

  Total Flat Instances in design                                           : 16070
  Number of black-box (AnalyzeBBox)                                        : 0
      Black-boxes without definition or synthesis error (ErrorAnalyzeBBox) : 0



================================================================================
C. Setup Information 
================================================================================

 Number of total clocks                                                    : 2
    Number of user defined clocks                                          : 2
    Number of user defined generated clocks                                : 0
    Number of user defined virtual clocks                                  : 0
    Number of user defined domains                                         : 2
    Number of inferred clocks                                              : 0
    Number of black-box clocks                                             : 0
  Number of total resets                                                   : 2
    Number of user defined resets                                          : 2
    Number of BB resets                                                    : 0
  Number of set_case_analysis constraint                                   : 0
  Number of quasi_static constraint                                        : 0
  Number of assume_path constraint                                         : 0
  Number of cdc_false_path constraint                                      : 0

  For more details, refer to following files:
  --------------------------------------
   - clocks.csv
   - resets.csv
   - parameterList.csv



================================================================================
D. Setup Audit: To be reviewed for setup signoff 
================================================================================

  Number of registers missing clock definition (Clock_info03a)                                     : 0 
  Number of clock convergences on unselected MUX(Clock_info05)                                     : 0 
  Number of clock convergences at non-mux gate (Clock_info05b)                                     : 0 
  Number of multi-definition on clock (Clock_check07)                                              : 0 
  Number of clock path muxes with data inputs (Clock_info05c)                                      : 0 
  Number of registers missing asynchronous reset definition (Reset_info09a)                        : 0 
  Number of registers without asynchronous reset assertion (Reset_check12)                         : 0 
  Number of Constant functional flops in synchronous reset de-assert mode(Ar_syncrst_setupcheck01) : 0 
  Number of primary ports not associated with clocks (Setup_port01)                                : 0(0.00 %) 
  Number of black-boxes not fully constrained (Setup_blackbox01)                                   : 6 

  For details, refer to following files:
  --------------------------------------
   - Setup_blackbox01.csv



================================================================================
E. Analysis and Verification: Structural CDC Violations
================================================================================

  Number of Scalar Signal Crossings                                          : 0
  Number of Vector Signal Crossings                                          : 0




================================================================================
F. Analysis and Verification: Information
================================================================================




================================================================================
G. Analysis and Verification: Functional CDC Violations
================================================================================






================================================================================
H. Analysis and Verification: Asynchronous Reset Verification
================================================================================

   Glitch due to asynchronous reset re-convergence (Ar_converge01)               : 0 




================================================================================
I : Hierarchical Verification : Abstraction Validation 
================================================================================


================================================================================



