
################################################################################
#
# This file has been generated by SpyGlass:
#     Report Name      : no_msg_reporting_rules
#     Report Created by: Vsd22113
#     Report Created on:  Tue Dec 20 23:48:32 2022
#     Working Directory: /home/user2/Vsd22/Vsd22113/Desktop/HW4_2/build
#     SpyGlass Version : SpyGlass_vQ-2020.03
#     Policy Name      : SpyGlass(SpyGlass_vQ-2020.03)
#                        clock-reset(SpyGlass_vQ-2020.03)
#                        latch(SpyGlass_vQ-2020.03)
#                        morelint(SpyGlass_vQ-2020.03)
#                        openmore(SpyGlass_vQ-2020.03)
#                        power_est(SpyGlass_vQ-2020.03)
#                        starc(SpyGlass_vQ-2020.03)
#                        timing(SpyGlass_vQ-2020.03)
#                        txv(SpyGlass_vL-2016.06-SP2)
#
#     Total Number of Generated Messages :         39
#     Number of Waived Messages          :          1
#     Number of Reported Messages        :         38
#     Number of Overlimit Messages       :          0
#
#
################################################################################

NO VIOLATION RULE REPORT :
++++++++++++++++++++++++++++++++++++++++++++++++++++++++++++++++++++++++++++++++

Following rules did not produce any violation or waived off during spyglass run

++++++++++++++++++++++++++++++++++++++++++++++++++++++++++++++++++++++++++++++++


================================================================================
	INDEX                                   RULE-NAME
================================================================================
	1                                  Ac_resetvalue01
	2                                  Ar_converge01
	3                                  Ar_syncrst_setupcheck01
	4                                  Clock_check10
	5                                  Clock_converge01
	6                                  Clock_info03a
	7                                  Clock_info03c
	8                                  Clock_info05
	9                                  Clock_info05b
	10                                 Clock_info05c
	11                                 FalsePathSetup
	12                                 Reset_check03
	13                                 Reset_check11
	14                                 Reset_info09a
================================================================================
