
################################################################################
#
# This file has been generated by SpyGlass:
#     Report Name      : no_msg_reporting_rules
#     Report Created by: Vsd22113
#     Report Created on:  Wed Dec 21 01:05:52 2022
#     Working Directory: /home/user2/Vsd22/Vsd22113/Desktop/HW4_2/build
#     SpyGlass Version : SpyGlass_vQ-2020.03
#     Policy Name      : SpyGlass(SpyGlass_vQ-2020.03)
#                        clock-reset(SpyGlass_vQ-2020.03)
#                        latch(SpyGlass_vQ-2020.03)
#                        morelint(SpyGlass_vQ-2020.03)
#                        openmore(SpyGlass_vQ-2020.03)
#                        power_est(SpyGlass_vQ-2020.03)
#                        starc(SpyGlass_vQ-2020.03)
#                        timing(SpyGlass_vQ-2020.03)
#                        txv(SpyGlass_vL-2016.06-SP2)
#
#     Total Number of Generated Messages :         50
#     Number of Waived Messages          :          1
#     Number of Reported Messages        :         49
#     Number of Overlimit Messages       :          0
#
#
################################################################################

NO VIOLATION RULE REPORT :
++++++++++++++++++++++++++++++++++++++++++++++++++++++++++++++++++++++++++++++++

Following rules did not produce any violation or waived off during spyglass run

++++++++++++++++++++++++++++++++++++++++++++++++++++++++++++++++++++++++++++++++


================================================================================
	INDEX                                   RULE-NAME
================================================================================
	1                                  Ac_clockperiod01
	2                                  Ac_clockperiod02
	3                                  Ac_clockperiod03
	4                                  Ac_coherency06
	5                                  Ac_conv03
	6                                  Ac_glitch03
	7                                  Ac_resetvalue01
	8                                  Ac_unsync01
	9                                  Ac_unsync02
	10                                 Ar_asyncdeassert01
	11                                 Ar_converge01
	12                                 Ar_sync01
	13                                 Ar_syncdeassert01
	14                                 Ar_syncrst_setupcheck01
	15                                 Ar_syncrstactive01
	16                                 Ar_syncrstcombo01
	17                                 Ar_syncrstload01
	18                                 Ar_syncrstload02
	19                                 Ar_syncrstpragma01
	20                                 Ar_syncrstrtl01
	21                                 Ar_unsync01
	22                                 Clock_check10
	23                                 Clock_converge01
	24                                 Clock_glitch05
	25                                 Clock_info03a
	26                                 Clock_info03c
	27                                 Clock_info05
	28                                 Clock_info05b
	29                                 Clock_info05c
	30                                 Clock_sync05
	31                                 Clock_sync05a
	32                                 Clock_sync06
	33                                 Clock_sync06a
	34                                 FalsePathSetup
	35                                 Reset_check03
	36                                 Reset_check11
	37                                 Reset_info09a
	38                                 Reset_sync02
	39                                 Reset_sync04
================================================================================
