################################################################################
#
# This file has been generated by SpyGlass:
#     Report Created by: Vsd22113
#     Report Created on: Wed Dec 21 01:05:52 2022
#     Working Directory: /home/user2/Vsd22/Vsd22113/Desktop/HW4_2/build
#     Report Location  : ./spyglass-1/cdc/cdc_verify/spyglass_reports/SpyGlass/stop_summary.rpt
#     SpyGlass Version : SpyGlass_vQ-2020.03
#     Policy Name      : SpyGlass(SpyGlass_vQ-2020.03)
#     Comment          : This report tells about the various stop specifications given by user
#
################################################################################

Design units stopped by stop/stopfile/stopdir options
++++++++++++++++++++++++++++++++++++++++++++++++++++++++++++++++++++++++++++++++

Object Name                     Object Type             Stop specification
================================================================================
data_array                      MODULE                  stop     "data_array"
tag_array                       MODULE                  stop     "tag_array"
SRAM                            MODULE                  stop     "SRAM"


Files stopped by stopfile/stopdir options
++++++++++++++++++++++++++++++++++++++++++++++++++++++++++++++++++++++++++++++++


Unused stop/stopfile/stopdir specification(s)
++++++++++++++++++++++++++++++++++++++++++++++++++++++++++++++++++++++++++++++++

