irun(64): 15.20-s084: (c) Copyright 1995-2020 Cadence Design Systems, Inc.
TOOL:	irun(64)	15.20-s084: Started on Oct 28, 2022 at 07:56:03 CST
irun
	/home/YuChengWang/VLSI-System-Design/HW2/P76111602/./sim/top_tb.sv
	+incdir+/home/YuChengWang/VLSI-System-Design/HW2/P76111602/./src+/home/YuChengWang/VLSI-System-Design/HW2/P76111602/./src/AXI+/home/YuChengWang/VLSI-System-Design/HW2/P76111602/./include+/home/YuChengWang/VLSI-System-Design/HW2/P76111602/./sim
	+define+prog0+FSDB_ALL
	-define CYCLE=20.0
	-define MAX=100000
	+access+r
	+nc64bit
	+prog_path=/home/YuChengWang/VLSI-System-Design/HW2/P76111602/./sim/prog0

   User defined plus("+") options:
	+prog_path=/home/YuChengWang/VLSI-System-Design/HW2/P76111602/./sim/prog0

Recompiling... reason: file '../src/CPU_wrapper.sv' is newer than expected.
	expected: Fri Oct 28 07:55:10 2022
	actual:   Fri Oct 28 07:55:59 2022
file: /home/YuChengWang/VLSI-System-Design/HW2/P76111602/./sim/top_tb.sv
`define CYCLE 20.0 // Cycle time
                                |
ncvlog: *W,MACNDF (/home/YuChengWang/VLSI-System-Design/HW2/P76111602/./sim/top_tb.sv,2|32): The text macro 'CYCLE' has also been defined on the command line using the -DEFINE command line option.  The compiler will ignore the definition found in the Verilog source code.
`define MAX 300000 // Max cycle number
                                      |
ncvlog: *W,MACNDF (/home/YuChengWang/VLSI-System-Design/HW2/P76111602/./sim/top_tb.sv,3|38): The text macro 'MAX' has also been defined on the command line using the -DEFINE command line option.  The compiler will ignore the definition found in the Verilog source code.
	module worklib.CPU_wrapper:sv
		errors: 0, warnings: 0
	interface worklib.inter_Decoder:sv
		errors: 0, warnings: 0
	interface worklib.inter_RA:sv
		errors: 0, warnings: 0
	interface worklib.inter_RD:sv
		errors: 0, warnings: 0
	interface worklib.inter_WA:sv
		errors: 0, warnings: 0
	interface worklib.inter_WD:sv
		errors: 0, warnings: 0
	interface worklib.inter_WR:sv
		errors: 0, warnings: 0
	interface worklib.inter_IFIO:sv
		errors: 0, warnings: 0
	interface worklib.inter_MEMIO:sv
		errors: 0, warnings: 0
	interface worklib.VALIDCtrl:sv
		errors: 0, warnings: 0
interface inter_Decoder;
                      |
ncvlog: *W,RECOME (/home/YuChengWang/VLSI-System-Design/HW2/P76111602/./src/AXI/Interface.sv,3|22): recompiling design unit worklib.inter_Decoder:sv.
	First compiled from line 3 of /home/YuChengWang/VLSI-System-Design/HW2/P76111602/./src/AXI/Interface.sv.
(`include file: /home/YuChengWang/VLSI-System-Design/HW2/P76111602/./src/AXI/Interface.sv line 3, `include file: /home/YuChengWang/VLSI-System-Design/HW2/P76111602/./src/top.sv line 5, file: /home/YuChengWang/VLSI-System-Design/HW2/P76111602/./sim/top_tb.sv line 10)
	interface worklib.inter_Decoder:sv
		errors: 0, warnings: 1
interface inter_RA;
                 |
ncvlog: *W,RECOME (/home/YuChengWang/VLSI-System-Design/HW2/P76111602/./src/AXI/Interface.sv,10|17): recompiling design unit worklib.inter_RA:sv.
	First compiled from line 10 of /home/YuChengWang/VLSI-System-Design/HW2/P76111602/./src/AXI/Interface.sv.
(`include file: /home/YuChengWang/VLSI-System-Design/HW2/P76111602/./src/AXI/Interface.sv line 10, `include file: /home/YuChengWang/VLSI-System-Design/HW2/P76111602/./src/top.sv line 5, file: /home/YuChengWang/VLSI-System-Design/HW2/P76111602/./sim/top_tb.sv line 10)
	interface worklib.inter_RA:sv
		errors: 0, warnings: 1
interface inter_RD;
                 |
ncvlog: *W,RECOME (/home/YuChengWang/VLSI-System-Design/HW2/P76111602/./src/AXI/Interface.sv,35|17): recompiling design unit worklib.inter_RD:sv.
	First compiled from line 35 of /home/YuChengWang/VLSI-System-Design/HW2/P76111602/./src/AXI/Interface.sv.
(`include file: /home/YuChengWang/VLSI-System-Design/HW2/P76111602/./src/AXI/Interface.sv line 35, `include file: /home/YuChengWang/VLSI-System-Design/HW2/P76111602/./src/top.sv line 5, file: /home/YuChengWang/VLSI-System-Design/HW2/P76111602/./sim/top_tb.sv line 10)
	interface worklib.inter_RD:sv
		errors: 0, warnings: 1
interface inter_WA;
                 |
ncvlog: *W,RECOME (/home/YuChengWang/VLSI-System-Design/HW2/P76111602/./src/AXI/Interface.sv,58|17): recompiling design unit worklib.inter_WA:sv.
	First compiled from line 58 of /home/YuChengWang/VLSI-System-Design/HW2/P76111602/./src/AXI/Interface.sv.
(`include file: /home/YuChengWang/VLSI-System-Design/HW2/P76111602/./src/AXI/Interface.sv line 58, `include file: /home/YuChengWang/VLSI-System-Design/HW2/P76111602/./src/top.sv line 5, file: /home/YuChengWang/VLSI-System-Design/HW2/P76111602/./sim/top_tb.sv line 10)
	interface worklib.inter_WA:sv
		errors: 0, warnings: 1
interface inter_WD;
                 |
ncvlog: *W,RECOME (/home/YuChengWang/VLSI-System-Design/HW2/P76111602/./src/AXI/Interface.sv,83|17): recompiling design unit worklib.inter_WD:sv.
	First compiled from line 83 of /home/YuChengWang/VLSI-System-Design/HW2/P76111602/./src/AXI/Interface.sv.
(`include file: /home/YuChengWang/VLSI-System-Design/HW2/P76111602/./src/AXI/Interface.sv line 83, `include file: /home/YuChengWang/VLSI-System-Design/HW2/P76111602/./src/top.sv line 5, file: /home/YuChengWang/VLSI-System-Design/HW2/P76111602/./sim/top_tb.sv line 10)
	interface worklib.inter_WD:sv
		errors: 0, warnings: 1
interface inter_WR;
                 |
ncvlog: *W,RECOME (/home/YuChengWang/VLSI-System-Design/HW2/P76111602/./src/AXI/Interface.sv,103|17): recompiling design unit worklib.inter_WR:sv.
	First compiled from line 103 of /home/YuChengWang/VLSI-System-Design/HW2/P76111602/./src/AXI/Interface.sv.
(`include file: /home/YuChengWang/VLSI-System-Design/HW2/P76111602/./src/AXI/Interface.sv line 103, `include file: /home/YuChengWang/VLSI-System-Design/HW2/P76111602/./src/top.sv line 5, file: /home/YuChengWang/VLSI-System-Design/HW2/P76111602/./sim/top_tb.sv line 10)
	interface worklib.inter_WR:sv
		errors: 0, warnings: 1
interface inter_IFIO;
                   |
ncvlog: *W,RECOME (/home/YuChengWang/VLSI-System-Design/HW2/P76111602/./src/AXI/Interface.sv,125|19): recompiling design unit worklib.inter_IFIO:sv.
	First compiled from line 125 of /home/YuChengWang/VLSI-System-Design/HW2/P76111602/./src/AXI/Interface.sv.
(`include file: /home/YuChengWang/VLSI-System-Design/HW2/P76111602/./src/AXI/Interface.sv line 125, `include file: /home/YuChengWang/VLSI-System-Design/HW2/P76111602/./src/top.sv line 5, file: /home/YuChengWang/VLSI-System-Design/HW2/P76111602/./sim/top_tb.sv line 10)
	interface worklib.inter_IFIO:sv
		errors: 0, warnings: 1
interface inter_MEMIO;
                    |
ncvlog: *W,RECOME (/home/YuChengWang/VLSI-System-Design/HW2/P76111602/./src/AXI/Interface.sv,131|20): recompiling design unit worklib.inter_MEMIO:sv.
	First compiled from line 131 of /home/YuChengWang/VLSI-System-Design/HW2/P76111602/./src/AXI/Interface.sv.
(`include file: /home/YuChengWang/VLSI-System-Design/HW2/P76111602/./src/AXI/Interface.sv line 131, `include file: /home/YuChengWang/VLSI-System-Design/HW2/P76111602/./src/top.sv line 5, file: /home/YuChengWang/VLSI-System-Design/HW2/P76111602/./sim/top_tb.sv line 10)
	interface worklib.inter_MEMIO:sv
		errors: 0, warnings: 1
interface VALIDCtrl;
                  |
ncvlog: *W,RECOME (/home/YuChengWang/VLSI-System-Design/HW2/P76111602/./src/AXI/Interface.sv,140|18): recompiling design unit worklib.VALIDCtrl:sv.
	First compiled from line 140 of /home/YuChengWang/VLSI-System-Design/HW2/P76111602/./src/AXI/Interface.sv.
(`include file: /home/YuChengWang/VLSI-System-Design/HW2/P76111602/./src/AXI/Interface.sv line 140, `include file: /home/YuChengWang/VLSI-System-Design/HW2/P76111602/./src/top.sv line 5, file: /home/YuChengWang/VLSI-System-Design/HW2/P76111602/./sim/top_tb.sv line 10)
	interface worklib.VALIDCtrl:sv
		errors: 0, warnings: 1
    $value$plusargs("prog_path=%s", prog_path);
                  |
ncvlog: *W,NOSYST (/home/YuChengWang/VLSI-System-Design/HW2/P76111602/./sim/top_tb.sv,43|18): System function '$value$plusargs' invoked as a task. Return value will be ignored.
      $fscanf(gf, "%h\n", GOLDEN[num]);
            |
ncvlog: *W,NOSYST (/home/YuChengWang/VLSI-System-Design/HW2/P76111602/./sim/top_tb.sv,65|12): System function '$fscanf' invoked as a task. Return value will be ignored.
	Total errors/warnings found outside modules and primitives:
		errors: 0, warnings: 2
		Caching library 'worklib' ....... Done
	Elaborating the design hierarchy:
	Top level design units:
		inter_Decoder
		top_tb
ncelab: *W,DSEMEL: This SystemVerilog design will be simulated as per IEEE 1800-2009 SystemVerilog simulation semantics. Use -disable_sem2009 option for turning off SV 2009 simulation semantics.
	Building instance overlay tables: .................... Done
	Generating native compiled code:
		worklib.AXI:sv <0x2e8c4b3a>
			streams:   3, words:   381
		worklib.CPU_wrapper:sv <0x5daceb3d>
			streams:  83, words: 20002
		worklib.DefaultSlave:sv <0x60681518>
			streams:  17, words:  9230
		worklib.ReadAddr:sv <0x25a8ecbc>
			streams:  44, words: 12110
		worklib.ReadData:sv <0x6391fc67>
			streams:  10, words: 18561
		worklib.SRAM_wrapper:sv <0x3742b0c6>
			streams:  65, words: 36700
		worklib.WriteAddr:sv <0x16cf57f6>
			streams:  33, words:  7614
		worklib.WriteData:sv <0x76d5756e>
			streams:  16, words:  9897
		worklib.WriteRespon:sv <0x17552b0d>
			streams:   5, words: 10071
		worklib.top:sv <0x47caaf04>
			streams:   3, words:   349
	Building instance specific data structures.
	Loading native compiled code:     .................... Done
	Design hierarchy summary:
		                  Instances  Unique
		Modules:                 36      31
		Interfaces:              42      15
		Registers:              554     305
		Scalar wires:           543       -
		Vectored wires:         311       -
		Always blocks:           86      64
		Initial blocks:           2       2
		Cont. assignments:      216     217
		Pseudo assignments:     285     253
		Simulation timescale:  10ps
	Writing initial simulation snapshot: worklib.inter_Decoder:sv
Loading snapshot worklib.inter_Decoder:sv .................... Done
ncsim: *W,DSEM2009: This SystemVerilog design is simulated as per IEEE 1800-2009 SystemVerilog simulation semantics. Use -disable_sem2009 option for turning off SV 2009 simulation semantics.
*Verdi* Loading libsscore_ius152.so
ncsim> source /usr/cad/cadence/INCISIV/cur/tools/inca/files/ncsimrc
ncsim> run
FSDB Dumper for IUS, Release Verdi_O-2018.09, Linux x86_64/64bit, 08/30/2018
(C) 1996 - 2018 by Synopsys, Inc.
*Verdi* FSDB WARNING: The FSDB file already exists. Overwriting the FSDB file may crash the programs that are using this file.
*Verdi* : Create FSDB file 'top.fsdb'
*Verdi* : Begin traversing the scope (top_tb.TOP), layer (0).
*Verdi* : Enable +struct and +mda dumping.
*Verdi* : End of traversing.

Done

DM[   0] = fffffff0, pass
DM[   1] = fffffff8, pass
DM[   2] = 00000008, pass
DM[   3] = 00000001, pass
DM[   4] = 00000001, pass
DM[   5] = 78787878, pass
DM[   6] = 000091a2, pass
DM[   7] = 00000003, pass
DM[   8] = fefcfefd, pass
DM[   9] = 10305070, pass
DM[  10] = cccccccc, pass
DM[  11] = ffffffcc, pass
DM[  12] = ffffcccc, pass
DM[  13] = 000000cc, pass
DM[  14] = 0000cccc, pass
DM[  15] = 00000d9d, pass
DM[  16] = 00000004, pass
DM[  17] = 00000003, pass
DM[  18] = 000001a6, pass
DM[  19] = 00000ec6, pass
DM[  20] = 2468b7a8, pass
DM[  21] = 5dbf9f00, pass
DM[  22] = 00012b38, pass
DM[  23] = fa2817b7, pass
DM[  24] = ff000000, pass
DM[  25] = 12345678, pass
DM[  26] = 0000f000, pass
DM[  27] = 00000f00, pass
DM[  28] = 000000f0, pass
DM[  29] = 0000000f, pass
DM[  30] = 56780000, pass
DM[  31] = 78000000, pass
DM[  32] = 00005678, pass
DM[  33] = 00000078, pass
DM[  34] = 12345678, pass
DM[  35] = ce780000, pass
DM[  36] = fffff000, pass
DM[  37] = fffff000, pass
DM[  38] = fffff000, pass
DM[  39] = fffff000, pass
DM[  40] = fffff000, pass
DM[  41] = fffff000, pass
DM[  42] = 1357a064, pass
DM[  43] = 13578000, pass
DM[  44] = fffff004, pass
DM[  45] = 00000000, pass
DM[  46] = 000013a1, pass




        ****************************               
        **                        **       |__||  
        **  Congratulations !!    **      / O.O  | 
        **                        **    /_____   | 
        **  Simulation PASS!!     **   /^ ^ ^ \  |
        **                        **  |^ ^ ^ ^ |w| 
        ****************************   \m___m__|_|


Simulation complete via $finish(1) at time 293410 NS + 3
../sim/top_tb.sv:87     $finish;
ncsim> exit
TOOL:	irun(64)	15.20-s084: Exiting on Oct 28, 2022 at 07:56:04 CST  (total: 00:00:01)
