
################################################################################
#
# This file has been generated by SpyGlass:
#     Report Name      : moresimple
#     Report Created by: Vsd22113
#     Report Created on:  Tue Dec 20 23:49:08 2022
#     Working Directory: /home/user2/Vsd22/Vsd22113/Desktop/HW4_2/build
#     SpyGlass Version : SpyGlass_vQ-2020.03
#     Policy Name      : SpyGlass(SpyGlass_vQ-2020.03)
#                        clock-reset(SpyGlass_vQ-2020.03)
#
#     Total Number of Generated Messages :         44
#     Number of Waived Messages          :          1
#     Number of Reported Messages        :         43
#     Number of Overlimit Messages       :          0
#
#
################################################################################

+++++++++++++++++++++++++++++++++++++++++++++++++++++++++++++++++++++++
MORESIMPLE REPORT:


############### BuiltIn -> RuleGroup=Blackbox Resolution ###############
+++++++++++++++++++++++++++++++++++++++++++++++++++++++++++++++++++++++++++++++++++++++
ID       Rule               Alias              Severity    File                            Line    Wt    Message
======================================================================================
[6C8]    InfoAnalyzeBBox    InfoAnalyzeBBox    Info        ../src/SRAM_wrapper.sv          195     10    UnsynthesizedDU: Design Unit 'SRAM' (elaborated name 'SRAM') not synthesizable; Stop applied on design unit using -stop option
[6C9]    InfoAnalyzeBBox    InfoAnalyzeBBox    Info        ../src/data_array_wrapper.sv    11      10    UnsynthesizedDU: Design Unit 'data_array' (elaborated name 'data_array') not synthesizable; Stop applied on design unit using -stop option
[6CA]    InfoAnalyzeBBox    InfoAnalyzeBBox    Info        ../src/tag_array_wrapper.sv     11      10    UnsynthesizedDU: Design Unit 'tag_array' (elaborated name 'tag_array') not synthesizable; Stop applied on design unit using -stop option
+++++++++++++++++++++++++++++++++++++++++++++++++++++++++++++++++++++++++++++++++++++++


############### BuiltIn -> RuleGroup=Design Read ###############
+++++++++++++++++++++++++++++++++++++++++++++++++++++++++++++++++++++++++++++++++++++++
ID       Rule                    Alias                   Severity    File                                                                             Line    Wt    Message
======================================================================================
[1]      DetectTopDesignUnits    DetectTopDesignUnits    Info        ../src/top.sv                                                                    11      2     Module top is a top level design unit
[0]      ElabSummary             ElabSummary             Info        ./spyglass-1/cdc/cdc_verify_struct/spyglass_reports/SpyGlass/elab_summary.rpt    0       2     Please refer file './spyglass-1/cdc/cdc_verify_struct/spyglass_reports/SpyGlass/elab_summary.rpt' for elab summary report
[1B]     Info_Case_Analysis      showSimVal              Info        ../src/top.sv                                                                    11      10    Information for set_case_analysis value propagation for design 'top' is displayed
+++++++++++++++++++++++++++++++++++++++++++++++++++++++++++++++++++++++++++++++++++++++


############### BuiltIn -> RuleGroup=SGDC Checks ###############
+++++++++++++++++++++++++++++++++++++++++++++++++++++++++++++++++++++++++++++++++++++++
ID       Rule                    Alias    Severity    File                       Line    Wt    Message
======================================================================================
[2]      SGDC_abstract_port03             Info        ../script/Spyglass.sgdc    8       10    Constraint 'abstract_port': 'clk' specified with '-clock' field not found on/within module 'data_array'.Considering it as virtual clock
[4]      SGDC_abstract_port03             Info        ../script/Spyglass.sgdc    9       10    Constraint 'abstract_port': 'clk' specified with '-clock' field not found on/within module 'tag_array'.Considering it as virtual clock
[3]      SGDC_abstract_port03             Info        ../script/Spyglass.sgdc    10      10    Constraint 'abstract_port': 'clk' specified with '-clock' field not found on/within module 'SRAM'.Considering it as virtual clock
+++++++++++++++++++++++++++++++++++++++++++++++++++++++++++++++++++++++++++++++++++++++


############### Non-BuiltIn -> Goal=cdc/cdc_verify_struct ###############
+++++++++++++++++++++++++++++++++++++++++++++++++++++++++++++++++++++++++++++++++++++++
ID       Rule                    Alias                         Severity    File                                                                                       Line    Wt    Message
======================================================================================
[6C6]    Ac_conv01               Convergence                   Warning     ../src/WDT.sv                                                                              58      2     2 synchronizers (top.WDT_wrapper.WDT.wden_temp,top.WDT_wrapper.WDT.wdlive1) converge on flop 'top.WDT_wrapper.WDT.count[31]'
[6C7]    Ac_conv04               Control Bus Gray Encoding     Warning     ../src/WDT.sv                                                                              40      10    Control destination bus 'top.WDT_wrapper.WDT.wtocnt[0:31]' has a clock domain crossing. Gray encoding check:DISABLED
[28]     Ac_crossing01                                         Info        ../src/top.sv                                                                              11      10    CrossingMatrix spreadsheet generated for design 'top'
[1A]     Ac_sync01                                             Info        ../src/WDT.sv                                                                              24      2     Synchronized Crossing: destination flop top.WDT_wrapper.WDT.wden_temp, clocked by top.clk2, source flop top.WDT_wrapper.WDEN, clocked by top.clk, by method: Conventional multi-flop for metastability technique [Total Sources: 1 (Number of source domains: 1)]
[19]     Ac_sync01                                             Info        ../src/WDT.sv                                                                              35      2     Synchronized Crossing: destination flop top.WDT_wrapper.WDT.wdlive1, clocked by top.clk2, source flop top.WDT_wrapper.WDT.wdlive, clocked by top.clk, by method: Conventional multi-flop for metastability technique [Total Sources: 1 (Number of source domains: 1)]
[17]     Ac_sync01                                             Info        ../src/WDT_wrapper.sv                                                                      173     2     Synchronized Crossing: destination flop top.WDT_wrapper.wto_temp, clocked by top.clk, source flop top.WDT_wrapper.WDT.WTO, clocked by top.clk2, by method: Conventional multi-flop for metastability technique [Total Sources: 1 (Number of source domains: 1)]
[18]     Ac_sync02                                             Info        ../src/WDT.sv                                                                              40      2     Synchronized Crossing: destination flop top.WDT_wrapper.WDT.wtocnt[31:0], clocked by top.clk2, source flop top.WDT_wrapper.WDOCNT[31:0], clocked by top.clk, by method: Conventional multi-flop for metastability technique [Total Sources: 1 (Number of source domains: 1)]
[1D]     Clock_info01                                          Info        ../src/top.sv                                                                              12      2     Candidate clock: top.clk of type: Primary Clock
[1E]     Clock_info01                                          Info        ../src/top.sv                                                                              13      2     Candidate clock: top.clk2 of type: Primary Clock
[25]     Clock_info03b                                         Info        ../src/Csr.sv                                                                              89      2     Data pin of flop top.CPU_wrapper.CPU.EXE.Csr.mip[6:0], clocked by top.clk , is tied to constant value 0
[26]     Clock_info03b                                         Info        ../src/Csr.sv                                                                              89      2     Data pin of flop top.CPU_wrapper.CPU.EXE.Csr.mip[10:8], clocked by top.clk , is tied to constant value 0
[27]     Clock_info03b                                         Info        ../src/Csr.sv                                                                              89      2     Data pin of flop top.CPU_wrapper.CPU.EXE.Csr.mip[31:12], clocked by top.clk , is tied to constant value 0
[23]     Clock_info03b                                         Info        ../src/DRAM_wrapper.sv                                                                     115     2     Data pin of flop top.DRAM_wrapper.reg_ID[3:0], clocked by top.clk , is tied to constant value 0
[24]     Clock_info03b                                         Info        ../src/DRAM_wrapper.sv                                                                     115     2     Data pin of flop top.DRAM_wrapper.reg_ID[7:6], clocked by top.clk , is tied to constant value 0
[21]     Clock_info03b                                         Info        ../src/DRAM_wrapper.sv                                                                     117     2     Data pin of flop top.DRAM_wrapper.reg_LEN[3:2], clocked by top.clk , is tied to constant value 0
[1F]     Clock_info03b                                         Info        ../src/DRAM_wrapper.sv                                                                     118     2     Data pin of flop top.DRAM_wrapper.reg_SIZE[0], clocked by top.clk , is tied to constant value 0
[20]     Clock_info03b                                         Info        ../src/DRAM_wrapper.sv                                                                     118     2     Data pin of flop top.DRAM_wrapper.reg_SIZE[2], clocked by top.clk , is tied to constant value 0
[22]     Clock_info03b                                         Info        ../src/DRAM_wrapper.sv                                                                     119     2     Data pin of flop top.DRAM_wrapper.reg_BURST[1], clocked by top.clk , is tied to constant value 0
[6C3]    Clock_info15                                          Info        N.A.                                                                                       0       2     Port-Clock information generated for PortClockMatrix report
[6]      Propagate_Clocks                                      Info        ../src/top.sv                                                                              12      2     For top, clock(s) 'top.clk' of domain 'clk' propagated
[7]      Propagate_Clocks                                      Info        ../src/top.sv                                                                              13      2     For top, clock(s) 'top.clk2' of domain 'clk2' propagated
[2C]     Reset_check12                                         Info        N.A.                                                                                       0       10    For design unit 'top', no SGDC command found for Asynchronous Reset with active value
[29]     Reset_info01                                          Info        ../src/top.sv                                                                              15      2     Candidate synchronous clear: top.rst2 of type Primary synchronous clear
[2A]     Reset_info01                                          Info        ../src/top.sv                                                                              14      2     Candidate synchronous set: top.rst of type Primary synchronous set
[2B]     Reset_info01                                          Info        ../src/top.sv                                                                              14      2     Candidate synchronous clear: top.rst of type Primary synchronous clear
[617]    Setup_blackbox01                                      Info        ../src/SRAM_wrapper.sv                                                                     195     2     Port coverage for black-box 'SRAM' (instance: top.DM1.i_SRAM): '0' (0.00 %) pin(s) not fully constrained
[6C2]    Setup_blackbox01                                      Info        ../src/SRAM_wrapper.sv                                                                     195     2     Port coverage for black-box 'SRAM' (instance: top.IM1.i_SRAM): '0' (0.00 %) pin(s) not fully constrained
[25F]    Setup_blackbox01                                      Info        ../src/data_array_wrapper.sv                                                               11      2     Port coverage for black-box 'data_array' (instance: top.CPU_wrapper.L1CI.DA.i_data_array): '0' (0.00 %) pin(s) not fully constrained
[4FF]    Setup_blackbox01                                      Info        ../src/data_array_wrapper.sv                                                               11      2     Port coverage for black-box 'data_array' (instance: top.CPU_wrapper.L1CD.DA.i_data_array): '0' (0.00 %) pin(s) not fully constrained
[2CC]    Setup_blackbox01                                      Info        ../src/tag_array_wrapper.sv                                                                11      2     Port coverage for black-box 'tag_array' (instance: top.CPU_wrapper.L1CI.TA.i_tag_array): '0' (0.00 %) pin(s) not fully constrained
[56C]    Setup_blackbox01                                      Info        ../src/tag_array_wrapper.sv                                                                11      2     Port coverage for black-box 'tag_array' (instance: top.CPU_wrapper.L1CD.TA.i_tag_array): '0' (0.00 %) pin(s) not fully constrained
[16]     Setup_port01                                          Info        ../src/top.sv                                                                              11      2     Port coverage for top design unit 'top' is: '0' (0.00 %) port(s) not fully constrained
[14]     Setup_port01                                          Info        ./spyglass-1/cdc/cdc_verify_struct/spyglass_reports/clock-reset/top_input_abstract.sgdc    0       2     Abstracted sgdc file for input ports of block 'top' is generated
[1C]     Setup_quasi_static01                                  Info        ./spyglass-1/cdc/cdc_verify_struct/spyglass_reports/clock-reset/auto_quasi_static.sgdc     25      2     For design 'top', '0' quasi_static constraint(s) inferred
+++++++++++++++++++++++++++++++++++++++++++++++++++++++++++++++++++++++++++++++++++++++
