
################################################################################
#
# This file has been generated by SpyGlass:
#     Report Name      : no_msg_reporting_rules
#     Report Created by: Vsd22113
#     Report Created on:  Tue Dec 20 23:49:08 2022
#     Working Directory: /home/user2/Vsd22/Vsd22113/Desktop/HW4_2/build
#     SpyGlass Version : SpyGlass_vQ-2020.03
#     Policy Name      : SpyGlass(SpyGlass_vQ-2020.03)
#                        clock-reset(SpyGlass_vQ-2020.03)
#
#     Total Number of Generated Messages :         44
#     Number of Waived Messages          :          1
#     Number of Reported Messages        :         43
#     Number of Overlimit Messages       :          0
#
#
################################################################################

NO VIOLATION RULE REPORT :
++++++++++++++++++++++++++++++++++++++++++++++++++++++++++++++++++++++++++++++++

Following rules did not produce any violation or waived off during spyglass run

++++++++++++++++++++++++++++++++++++++++++++++++++++++++++++++++++++++++++++++++


================================================================================
	INDEX                                   RULE-NAME
================================================================================
	1                                  Ac_abstract_validation02
	2                                  Ac_coherency06
	3                                  Ac_conv03
	4                                  Ac_glitch03
	5                                  Ac_resetvalue01
	6                                  Ac_unsync01
	7                                  Ac_unsync02
	8                                  Ar_asyncdeassert01
	9                                  Ar_converge01
	10                                 Ar_sync01
	11                                 Ar_syncdeassert01
	12                                 Ar_syncrst_setupcheck01
	13                                 Ar_syncrstactive01
	14                                 Ar_syncrstcombo01
	15                                 Ar_syncrstload01
	16                                 Ar_syncrstload02
	17                                 Ar_syncrstpragma01
	18                                 Ar_syncrstrtl01
	19                                 Ar_unsync01
	20                                 Clock_check10
	21                                 Clock_converge01
	22                                 Clock_glitch05
	23                                 Clock_info03a
	24                                 Clock_info03c
	25                                 Clock_info05
	26                                 Clock_info05b
	27                                 Clock_info05c
	28                                 Clock_sync05
	29                                 Clock_sync05a
	30                                 Clock_sync06
	31                                 Clock_sync06a
	32                                 FalsePathSetup
	33                                 Reset_check03
	34                                 Reset_check11
	35                                 Reset_info09a
	36                                 Reset_sync02
	37                                 Reset_sync04
	38                                 SGDC_abstract_mapping01
================================================================================
