################################################################################
#
# This file has been generated by SpyGlass:
#     Report Created by: Vsd22113
#     Report Created on: Wed Dec 21 01:09:23 2022
#     Working Directory: /home/user2/Vsd22/Vsd22113/Desktop/HW4_2/build
#     Report Location  : ./spyglass-1/cdc/cdc_verify/spyglass_reports/SpyGlass/unsynth_modules.rpt
#     SpyGlass Version : SpyGlass_vQ-2020.03
#     Policy Name      : SpyGlass(SpyGlass_vQ-2020.03)
#     Comment          : This report tells user about the Unsynthesized modules in the Design
#
################################################################################

Design Unit Name : SRAM
File             : ../sim/SRAM/SRAM_rtl.sv
Line             : 1
Reason           : Stop applied on design unit using -stop option
Cross Ref Id     : 
BBox Viol Id     : 1936
Remedy           : Remove -stop option on the design unit

Design Unit Name : tag_array
File             : ../sim/tag_array/tag_array_rtl.sv
Line             : 1
Reason           : Stop applied on design unit using -stop option
Cross Ref Id     : 
BBox Viol Id     : 1938
Remedy           : Remove -stop option on the design unit

Design Unit Name : data_array
File             : ../sim/data_array/data_array_rtl.sv
Line             : 1
Reason           : Stop applied on design unit using -stop option
Cross Ref Id     : 
BBox Viol Id     : 1937
Remedy           : Remove -stop option on the design unit



Quick Synth Error Reference
===========================
