2022-12-23 17:29:43.025952 (202759) main____ INFO    ----------------------------------------
2022-12-23 17:29:43.026061 (202759) main____ INFO    JasperGold version info
2022-12-23 17:29:43.026082 (202759) main____ INFO      tool      : JasperGold 2021.03
2022-12-23 17:29:43.026099 (202759) main____ INFO      version   : 2021.03 FCS 64 bits
2022-12-23 17:29:43.026111 (202759) main____ INFO      build date: 2021.03.23 02:50:43 UTC
2022-12-23 17:29:43.026123 (202759) main____ INFO    ----------------------------------------
2022-12-23 17:29:43.026132 (202759) main____ INFO    Runtime info:
2022-12-23 17:29:43.026147 (202759) main____ INFO      platform  : Linux 5.15.0-56-generic x86_64
2022-12-23 17:29:43.026161 (202759) main____ INFO      hostname  : caidcpuserver1
2022-12-23 17:29:43.026186 (202759) main____ INFO      pid       : 202759
2022-12-23 17:29:43.026194 (202759) main____ INFO      arguments : '-style' 'windows' '-superlint' '../script/superlint.tcl'
2022-12-23 17:29:43.026206 (202759) main____ INFO      locale    : UTF-8
2022-12-23 17:29:43.026213 (202759) main____ INFO    ----------------------------------------
2022-12-23 17:29:43.026219 (202759) main____ INFO    System resource limits info:
2022-12-23 17:29:43.026226 (202759) main____ INFO      virtual memory: unlimited
2022-12-23 17:29:43.026237 (202759) main____ INFO      cpu time      : unlimited
2022-12-23 17:29:43.026248 (202759) main____ INFO      stack size    : 8388608 B
2022-12-23 17:29:43.026258 (202759) main____ INFO      core file size: 0 B
2022-12-23 17:29:43.026267 (202759) main____ INFO      open files    : 1024
2022-12-23 17:29:43.026276 (202759) main____ INFO      file size     : unlimited
2022-12-23 17:29:43.026282 (202759) main____ INFO    ----------------------------------------
2022-12-23 17:29:43.026289 (202759) main____ INFO    Memory statistics:
2022-12-23 17:29:43.026298 (202759) main____ INFO      total physical memory  : 65589284 kB
2022-12-23 17:29:43.026304 (202759) main____ INFO      free physical memory   : 49185656 kB
2022-12-23 17:29:43.026312 (202759) main____ INFO      committed address space: 8942852 kB
2022-12-23 17:29:43.026318 (202759) main____ INFO    ----------------------------------------
2022-12-23 17:29:43.027342 (202759) main____ INFO    Important environment variables:
2022-12-23 17:29:43.027362 (202759) main____ INFO      DISPLAY           : 'localhost:16.0'
2022-12-23 17:29:43.027371 (202759) main____ INFO      JASPER_INSTALL_DIR: '/home/nfs_cad/cadence/JASPER/jasper_2021.03'
2022-12-23 17:29:43.027380 (202759) main____ INFO      LANG              : 'en_US.UTF-8'
2022-12-23 17:29:43.027388 (202759) main____ INFO      LM_LICENSE_FILE   : '1717@lshc:26585@lstn:5280@lshc'
2022-12-23 17:29:43.027396 (202759) main____ INFO    ----------------------------------------
2022-12-23 17:29:43.048174 (202759) lic_core INFO    Initializing license system ...
2022-12-23 17:29:43.114684 (202759) lic_core INFO    ... license system initialized.
2022-12-23 17:29:43.126641 (202759) lic__man INFO    Claim 'main' for <ui>.
2022-12-23 17:29:43.126683 (202759) lic_core INFO    (1) checking out 'jasper_interactive' ...
2022-12-23 17:29:43.210987 (202759) lic_core INFO    ... (1) checkout failed (error: -5) ("FLEXnet ERROR(-5, 0, 0): No such feature exists.")
2022-12-23 17:29:43.211061 (202759) lic_core INFO    (2) checking out 'jasper_pint' ...
2022-12-23 17:29:43.395604 (202759) lic_core INFO    ... (2) checkout succeeded
2022-12-23 17:29:43.395730 (202759) lic__man INFO    Claim 'superlint' for <ui>.
2022-12-23 17:29:43.395749 (202759) lic_core INFO    (3) checking out 'jasper_afl' ...
2022-12-23 17:29:43.499507 (202759) lic_core INFO    ... (3) checkout failed (error: -5) ("FLEXnet ERROR(-5, 0, 0): No such feature exists.")
2022-12-23 17:29:43.499567 (202759) lic_core INFO    (4) checking out 'jasper_dao' ...
2022-12-23 17:29:43.688230 (202759) lic_core INFO    ... (4) checkout succeeded
2022-12-23 17:29:43.723844 (202759) main____ INFO    Tool inactivity delay is 480000 ms.
2022-12-23 17:29:44.738145 (202759) lic__man INFO    Claim 'superlint' for <ui>.
2022-12-23 17:29:45.159772 (202759) lic__man INFO    Unclaim 'superlint' for <ui>.
2022-12-23 17:29:45.159820 (202759) lic__man INFO    Claim 'superlint' for <ui>.
2022-12-23 17:29:45.163377 (202759) session_ INFO    Starting analysis session with session id 'session_0' (launcher: <local>) ...
2022-12-23 17:29:45.166519 (202759) session_ INFO    Analysis session with session id 'session_0' started (pid: 202795)
2022-12-23 17:29:50.848012 (202759) session_ INFO    Analysis session 'session_0' connected to the console (host: 127.0.0.1:60402)
2022-12-23 17:29:52.150315 (202759) lic__man INFO    Unclaim everything for 'session_0'.
2022-12-23 17:29:54.904026 (202759) lic__man INFO    Unclaim everything for 'session_0'.
2022-12-23 17:29:55.246324 (202759) lic__man INFO    Claim 'superlint' for 'session_0'.
2022-12-23 17:30:49.410731 (202759) main____ INFO    About to exit: requested from GUI
2022-12-23 17:30:49.468850 (202759) session_ INFO    Analysis session 'session_0' disconnected.
2022-12-23 17:30:49.513337 (202759) lic_core INFO    (2) checkin jasper_pint
2022-12-23 17:30:49.521582 (202759) lic_core INFO    (4) checkin jasper_dao
2022-12-23 17:30:49.532074 (202759) main____ INFO    Exiting with status 0.
