# ----------------------------------------
# JasperGold Version Info
# tool      : JasperGold 2021.03
# platform  : Linux 5.15.0-46-generic
# version   : 2021.03 FCS 64 bits
# build date: 2021.03.23 02:50:43 UTC
# ----------------------------------------
# started   : 2022-09-17 17:16:05 CST
# hostname  : caidcpuserver1.(none)
# pid       : 2109793
# arguments : '-label' 'session_0' '-console' '//127.0.0.1:40567' '-style' 'windows' '-data' 'AAAAjHicY2RgYLCp////PwMYMFcBCQEGHwZfhiAGVyDpzxAGpOGA8QGUYcMIJJiAWIRBl6GYoZShgCGVoYghhyGTIY+hBCiuB4b6QLlkoHgmUL4EzENXqQfEyUAeAwM7AJWwFNA=' '-proj' '/home/YuChengWang/VLSI-System-Design/HW1/P76111602/build/jgproject/sessionLogs/session_0' '-init' '-hidden' '/home/YuChengWang/VLSI-System-Design/HW1/P76111602/build/jgproject/.tmp/.initCmds.tcl' '../script/superlint.tcl'

Any disclosure about the Cadence Design Systems software or its use
model to any third party violates the written Non-Disclosure Agreement
between Cadence Design Systems, Inc. and the customer.

THIS SOFTWARE CONTAINS CONFIDENTIAL INFORMATION AND TRADE SECRETS OF
CADENCE DESIGN SYSTEMS, INC. USE, DISCLOSURE, OR REPRODUCTION IS
PROHIBITED WITHOUT THE PRIOR EXPRESS WRITTEN PERMISSION OF CADENCE
DESIGN SYSTEMS, INC.

Copyright (C) 2000-2021 Cadence Design Systems, Inc. All Rights
Reserved.  Unpublished -- rights reserved under the copyright laws of
the United States.

This product includes software developed by others and redistributed
according to license agreement. See doc/third_party_readme.txt for
further details.

RESTRICTED RIGHTS LEGEND

Use, duplication, or disclosure by the Government is subject to
restrictions as set forth in subparagraph (c) (1) (ii) of the Rights in
Technical Data and Computer Software clause at DFARS 252.227-7013 or
subparagraphs (c) (1) and (2) of Commercial Computer Software -- Restricted
Rights at 48 CFR 52.227-19, as applicable.


                          Cadence Design Systems, Inc. 
                          2655 Seely Avenue
                          San Jose, CA 95134
                          Phone: 408.943.1234

For technical assistance visit http://support.cadence.com.

JasperGold Apps Analysis Session - /home/YuChengWang/VLSI-System-Design/HW1/P76111602/build/jgproject/sessionLogs/session_0

INFO: successfully checked out licenses "jasper_pint" and "jasper_dao".
INFO: reading configuration file "/home/YuChengWang/.config/jasper/jaspergold.conf".
% check_superlint -init
% clear -all
INFO (IPF121): Cleared environment completely for new design analysis.
% 
% # Config rules
% config_rtlds -rule -enable -domain { LINT AUTO_FORMAL }
% config_rtlds -rule -disable -tag { CAS_IS_DFRC SIG_IS_DLCK SIG_NO_TGFL SIG_NO_TGRS SIG_NO_TGST FSM_NO_MTRN FSM_NO_TRRN }
% # vsd2018_constrain //
% config_rtlds -rule  -disable -category { NAMING AUTO_FORMAL_DEAD_CODE AUTO_FORMAL_SIGNALS AUTO_FORMAL_ARITHMETIC_OVERFLOW }
% config_rtlds -rule  -disable -tag { IDN_NR_SVKY ARY_MS_DRNG IDN_NR_AMKY IDN_NR_CKYW IDN_NR_SVKW ARY_NR_LBND VAR_NR_INDL INS_NR_PTEX INP_NO_USED OTP_NR_ASYA FLP_NR_MXCS OTP_UC_INST OTP_NR_UDRV REG_NR_TRRC INS_NR_INPR MOD_NS_GLGC } 
WARNING (WRTL017): Unable to find a matching tag for IDN_NR_SVKY,IDN_NR_AMKY,VAR_NR_INDL. This command will be completely ignored.
% config_rtlds -rule  -disable -tag { REG_NR_RWRC }
% # vsd2018_constrain //
% 
% analyze -sv +incdir+../include ../src/top.sv
[-- (VERI-1482)] Analyzing Verilog file '/home/nfs_cad/cadence/JASPER/jasper_2021.03/lib/verilog/packages/std/std.sv' into library 'std'
[-- (VERI-1482)] Analyzing Verilog file '../src/top.sv'
[INFO (VERI-1328)] ../src/top.sv(1): analyzing included file '../src/IF.sv'
[INFO (VERI-1328)] ../src/IF.sv(1): analyzing included file '../src/ProgramCounter.sv'
[INFO (VERI-1328)] ../src/top.sv(2): analyzing included file '../src/ID.sv'
[INFO (VERI-1328)] ../src/ID.sv(1): analyzing included file '../src/ControlUnit.sv'
[INFO (VERI-1328)] ../src/ID.sv(2): analyzing included file '../src/RegisterFile.sv'
[INFO (VERI-1328)] ../src/ID.sv(3): analyzing included file '../src/ImmediateGenerator.sv'
[INFO (VERI-1328)] ../src/top.sv(3): analyzing included file '../src/EXE.sv'
[INFO (VERI-1328)] ../src/EXE.sv(1): analyzing included file '../src/ALUCtrl.sv'
[INFO (VERI-1328)] ../src/EXE.sv(2): analyzing included file '../src/ALU.sv'
[INFO (VERI-1328)] ../src/EXE.sv(3): analyzing included file '../src/Src.sv'
[INFO (VERI-1328)] ../src/top.sv(4): analyzing included file '../src/MEM.sv'
[INFO (VERI-1328)] ../src/top.sv(5): analyzing included file '../src/WB.sv'
[INFO (VERI-1328)] ../src/top.sv(6): analyzing included file '../src/ForwardUnit.sv'
[INFO (VERI-1328)] ../src/top.sv(7): analyzing included file '../src/BranchCtrl.sv'
[INFO (VERI-1328)] ../src/top.sv(8): analyzing included file '../src/HazardCtrl.sv'
[INFO (VERI-1328)] ../src/top.sv(9): analyzing included file '../src/SRAM_wrapper.sv'
[INFO (VERI-1328)] ../src/top.sv(10): analyzing included file '../src/Interface.sv'
% elaborate -bbox true -top top
INFO (ISW003): Top module name is "top".
[INFO (HIER-8002)] ../src/top.sv(172): Disabling old hierarchical reference handler
[INFO (VERI-1018)] ../src/ProgramCounter.sv(1): compiling module 'ProgramCounter'
[INFO (VERI-1018)] ../src/SRAM_wrapper.sv(1): compiling module 'SRAM_wrapper'
[INFO (VERI-1018)] ../src/RegisterFile.sv(1): compiling module 'RegisterFile'
[INFO (VERI-1018)] ../src/ImmediateGenerator.sv(1): compiling module 'ImmediateGenerator'
[INFO (VERI-1018)] ../src/ControlUnit.sv(1): compiling module 'ControlUnit'
[INFO (VERI-1018)] ../src/ALU.sv(1): compiling module 'ALU'
[INFO (VERI-1018)] ../src/ALUCtrl.sv(1): compiling module 'ALUCtrl'
[INFO (VERI-1018)] ../src/Src.sv(1): compiling module 'Src'
[INFO (VERI-1018)] ../src/BranchCtrl.sv(1): compiling module 'BranchCtrl'
[INFO (VERI-1018)] ../src/ForwardUnit.sv(1): compiling module 'ForwardUnit'
[INFO (VERI-1018)] ../src/top.sv(11): compiling module 'top'
[INFO (VERI-1018)] ../src/IF.sv(2): compiling module 'IF:(IFEXEi=IFEXE_inter_IFEXEi,IFHCi=IFHC_inter_IFHCi,IFIDo=IFID_inter_IFIDo)'
[INFO (VERI-1018)] ../src/ID.sv(4): compiling module 'ID:(IFIDi=IFID_inter_IFIDi,IDEXEo=IDEXE_inter_IDEXEo)'
[INFO (VERI-1018)] ../src/EXE.sv(4): compiling module 'EXE:(IDEXEi=IDEXE_inter_IDEXEi,EXEMEMo=EXEMEM_inter_EXEMEMo,IFEXEo=IFEXE_inter_IFEXEo)'
[INFO (VERI-1018)] ../src/MEM.sv(1): compiling module 'MEM:(EXEMEMi=EXEMEM_inter_EXEMEMi,MEMWBo=MEMWB_inter_MEMWBo)'
[INFO (VERI-1018)] ../src/WB.sv(1): compiling module 'WB:(MEMWBi=MEMWB_inter_MEMWBi)'
[INFO (VERI-1018)] ../src/HazardCtrl.sv(1): compiling module 'HazardCtrl:(IFHCo=IFHC_inter_IFHCo)'
WARNING (WNL008): Module "SRAM" is undefined. All instances will be black boxed.
INFO (INL208): Elaboration synthesis summary:
  Number of synthesized netlists          18 (0 packages)
  Single run mode                         On
  Pipeline                                On (17 pipelined netlists)
  Late hierarchical reference connection  On
  Number of analyzed Verilog modules      23 (17 synthesized)
  Number of analyzed VHDL entities        0 (1 synthesized)
INFO (INL003): Clearing all state information (assumes, stopats, and so forth).
top
[<embedded>] % 
[<embedded>] % # Setup clock and reset
[<embedded>] % clock clk
[<embedded>] % reset rst
INFO (IPM031): Clearing proof results of all properties.
INFO (IRS006): Current reset condition is "rst".
[<embedded>] % 
[<embedded>] % # Setup for CTL check
[<embedded>] % set_superlint_fsm_ctl_livelock true
WARNING (WSL070): This command is deprecated.
    Use "config_rtlds -rule -enable -tag {FSM_IS_LVLK FSM_IS_PLLK FSM_IS_NLLK}" instead.
    For CTL properties, enable FSM_IS_LVLK, and for LTL properties, enable FSM_IS_PLLK and FSM_IS_NLLK.
[<embedded>] % set_superlint_fsm_ctl_deadlock true
WARNING (WSL069): This command is deprecated.
    Use "config_rtlds -rule -enable -tag {FSM_IS_DDLK FSM_IS_PDLK FSM_IS_NDLK}" instead.
    For CTL properties, enable FSM_IS_DDLK, and for LTL properties, enable FSM_IS_PDLK and FSM_IS_NDLK.
[<embedded>] % 
[<embedded>] % # Setup for LTL check
[<embedded>] % #set_superlint_fsm_ctl_livelock false
[<embedded>] % #set_superlint_fsm_ctl_deadlock false
[<embedded>] % #set_superlint_add_automatic_task_assumption true
[<embedded>] % 
[<embedded>] % # Extract checks
[<embedded>] % check_superlint -extract
INFO (ISL009): Started detection of MOD_IS_FCMB checks
INFO (ISL009): Started detection of ASG_IS_XRCH, ARY_IS_OOBI, CAS_NO_PRIO checks
INFO (ISL009): Started detection of FSM_IS_DDLK,FSM_IS_LVLK,FSM_NO_RCHB,FSM_IS_PDLK,FSM_IS_PLLK checks
INFO (ISL009): Started detection of BUS_IS_CONT,BUS_IS_FLOT checks
INFO (ISL014): Started extracting properties for MOD_IS_FCMB checks
INFO (ISL015): Extracted 0 properties of MOD_IS_FCMB
INFO (ISL014): Started extracting properties for ASG_IS_XRCH,ARY_IS_OOBI,CAS_NO_PRIO checks
INFO (ISL015): Extracted 3 properties of ASG_IS_XRCH,ARY_IS_OOBI,CAS_NO_PRIO
INFO (ISL014): Started extracting properties for FSM_IS_DDLK,FSM_IS_LVLK,FSM_NO_RCHB,FSM_IS_PDLK,FSM_IS_PLLK checks
INFO (ISL015): Extracted 0 properties of FSM_IS_DDLK,FSM_IS_LVLK,FSM_NO_RCHB,FSM_IS_PDLK,FSM_IS_PLLK
INFO (ISL014): Started extracting properties for BUS_IS_CONT,BUS_IS_FLOT checks
INFO (ISL018): Started extraction of structural checks
INFO (ISL018): Started building clock tree
INFO (ISL018): Finished building clock tree
INFO (ISL018): Started building reset tree
INFO (ISL018): Finished building reset tree
INFO (ISL018): Violation Count: Errors = 4 Warnings = 231 Info = 1
239
[<embedded>] % 
[<embedded>] % # Prove
[<embedded>] % set_superlint_prove_parallel_tasks on
[<embedded>] % set_prove_no_traces true
[<embedded>] % check_superlint -prove -time_limit 10m -bg
INFO (ISL008): Running multiple proof threads in parallel, one per task.
    Expect high resource allocation.
WARNING (WSL054): "superlint_prove_parallel_tasks" is enabled, overriding the following settings: proofgrid_per_engine_max_jobs, proofgrid_max_jobs.
    For message help, type "help -message WSL054".
Ncustom1: Custom engine code is hT3Ng7hPPfiYQOTDZ3qhYOwGAM51eA+J/FjkM5shLioAsqhgLR4Ft+O1BuKG6ilQ83B9tLXSl+CwjiTMAQA
AMcustom2: Custom engine code is hT3Ng7hP/feYQOTDZ3qhYOwGAM51eA+J/FjkM5shLioAsqhgLR4Ft+O1BuKG6ilQ83B9tLXSmmqwm7g9AQA
INFO (IPF036): Starting proof on task: "<SL_AUTO_FORMAL_OUT_OF_BOUND_INDEXING>", 3 properties to prove with 0 already proven/unreachable
INFO (IRS029): Starting reset analysis: phase 1 of 4.
INFO (IRS030): Running reset analysis: phase 2 of 4.
INFO (IRS031): Running reset analysis: phase 3 of 4.
INFO (IRS020): Starting the reset analysis simulation with a limit of 100 iterations (phase 4 of 4).
INFO (IRS024): Reset iterations 0 to 3 analyzed.
INFO (IRS018): Reset analysis simulation executed for 2 iterations. Assigned values for 1638 of 1638 design flops, 0 of 0 design latches, 0 of 0 internal elements.
INFO (IRS039): Reset analysis complete.
INFO (IPF031): Settings used for proof thread 0:
    orchestration                 = on
    time_limit                    = 600s
    per_property_time_limit       = 1s * 10 ^ scan
    engine_mode                   = auto
    proofgrid_per_engine_max_jobs = 1
    max engine jobs               = auto
    proofgrid_mode                = local
    proofgrid_restarts            = 10
    trace_generation              = off
WARNING (WTR001): Trace generation is disabled. This proof will not generate nor store any trace data.
    For message help, type "help -message WTR001".
AMcustom3: Custom engine code is hT3NE7hP/2Fz2XrVSbG0RDiSlOmcEY54dTxWvdDsI3//MxFcPzdQEJVlimlZshtLUKCpt0qXHu9EQAivsvCTP5Pi2s9EBccXnc85FrzRRX45WcXC5XpA9kyHdIYmOxUqsRrN5ntdfkwHRnO7f82Dn4pCsne09HV19Yd/o8VzV0c8nka+2MMhbNDEdLGC4SmTi8oNy00Nn40QJnMevDlPY3jIAQA
Ncustom4: Custom engine code is hT3OXrhPByJp3TrFSTLhUmMH4KVtJgmTCnNDF46yMXOKY48m4LS5nE7yBzFjA7kDuwO/GhGUpEPiky3p3wmPn3dJZHxFMsafSoObRzSC+tn7sEY0WbTdZ/FV4hL3MYH/b1CIUvXSWR4wqEoVLsmMOD4xIPT4lI1LO6ZCO7PnnWQuLwetnvKlrXx6wCW/A+x+enqslg1YPobi4wEF/EvbzOvcTYdJvl2s4H2yZg2b2ofAVN5WvhWk1HoBAA
Ncustom5: Custom engine code is hT3NR7hPByFp3TrFSTLhUmMH4KWtJglTyV/c51BHEeZWamnJv767nE6PCak26bd3gf3XGN3rIRheufhDieCJQVISo+gNYUKhiUedBKGtsP/a18svAnlMJZudHxDFwK5ufsyoxsIyiAeSY2oi3tEuoDHr5gw42DFKAG3PqO3CEsl8Azzdt3pl5nGA1Ifv2H02eYsFzWb/nfp8PMb3F0krE/EgBcm8TD9Div8BAA
0.0.PRE: A proof was found: No trace exists. [0.00 s]
Tricustom6: Custom engine code is hT3Nu7hP3fiYQADBZnYcglNHp9bfd7EOeniIqP/ji8sGLQu8yhsFO+wxJ+O+R0bU8g/IewXFomyos+viQnWc2xYNYmMqpo3i40O7DaZR7qfp4YqNx26KRvQ/qx0BAA
INFO (IPF057): 0.0.PRE: The property "out_of_bound_indexing_prop_1" was proven in 0.00 s.
0.0.PRE: A proof was found: No trace exists. [0.00 s]
INFO (IPF057): 0.0.PRE: The property "out_of_bound_indexing_prop_2" was proven in 0.00 s.
0.0.PRE: A proof was found: No trace exists. [0.00 s]
INFO (IPF057): 0.0.PRE: The property "out_of_bound_indexing_prop_3" was proven in 0.00 s.
0: Found proofs for 3 properties in preprocessing
INFO (IPF059): Completed proof on task: "<SL_AUTO_FORMAL_OUT_OF_BOUND_INDEXING>" for proof thread 0

==============================================================
SUMMARY
==============================================================
           Properties Considered              : 3
                 assertions                   : 3
                  - proven                    : 3 (100%)
                  - bounded_proven (user)     : 0 (0%)
                  - bounded_proven (auto)     : 0 (0%)
                  - marked_proven             : 0 (0%)
                  - cex                       : 0 (0%)
                  - ar_cex                    : 0 (0%)
                  - undetermined              : 0 (0%)
                  - unknown                   : 0 (0%)
                  - error                     : 0 (0%)
                 covers                       : 0
                  - unreachable               : 0
                  - bounded_unreachable (user): 0
                  - covered                   : 0
                  - ar_covered                : 0
                  - undetermined              : 0
                  - unknown                   : 0
                  - error                     : 0
background 0
INFO (IPL005): Received request to exit from the console.
INFO (IPL014): Waiting for the Tcl-thread to exit.
INFO: Waiting for proof threads to stop...
INFO: Proof threads stopped.
INFO (IPL018): The peak resident set memory use for this session was 0.408 GB.
INFO (IPL015): The Tcl-thread exited with status 0.
INFO (IPL016): Exiting the analysis session with status 0.
