irun(64): 15.20-s084: (c) Copyright 1995-2020 Cadence Design Systems, Inc.
TOOL:	irun(64)	15.20-s084: Started on Dec 23, 2022 at 07:37:15 CST
irun
	/home/YuChengWang/VLSI-System-Design/HW4/P76111602/./sim/top_tb.sv
	+incdir+/home/YuChengWang/VLSI-System-Design/HW4/P76111602/./src+/home/YuChengWang/VLSI-System-Design/HW4/P76111602/./src/AXI+/home/YuChengWang/VLSI-System-Design/HW4/P76111602/./include+/home/YuChengWang/VLSI-System-Design/HW4/P76111602/./sim
	+define+prog0
	-define CYCLE=12.5
	-define CYCLE2=100
	-define MAX=6000000
	+access+r
	+prog_path=/home/YuChengWang/VLSI-System-Design/HW4/P76111602/./sim/prog0
	+nc64bit

   User defined plus("+") options:
	+prog_path=/home/YuChengWang/VLSI-System-Design/HW4/P76111602/./sim/prog0

file: /home/YuChengWang/VLSI-System-Design/HW4/P76111602/./sim/top_tb.sv
`define CYCLE 8.0 // Cycle time
                               |
ncvlog: *W,MACNDF (/home/YuChengWang/VLSI-System-Design/HW4/P76111602/./sim/top_tb.sv,2|31): The text macro 'CYCLE' has also been defined on the command line using the -DEFINE command line option.  The compiler will ignore the definition found in the Verilog source code.
`define CYCLE2 8.0 // Cycle time for WDT
                                        |
ncvlog: *W,MACNDF (/home/YuChengWang/VLSI-System-Design/HW4/P76111602/./sim/top_tb.sv,3|40): The text macro 'CYCLE2' has also been defined on the command line using the -DEFINE command line option.  The compiler will ignore the definition found in the Verilog source code.
`define MAX 300000 // Max cycle number
                                      |
ncvlog: *W,MACNDF (/home/YuChengWang/VLSI-System-Design/HW4/P76111602/./sim/top_tb.sv,4|38): The text macro 'MAX' has also been defined on the command line using the -DEFINE command line option.  The compiler will ignore the definition found in the Verilog source code.
	module worklib.ProgramCounter:sv
		errors: 0, warnings: 0
	module worklib.IF:sv
		errors: 0, warnings: 0
	module worklib.ControlUnit:sv
		errors: 0, warnings: 0
	module worklib.RegisterFile:sv
		errors: 0, warnings: 0
	module worklib.ImmediateGenerator:sv
		errors: 0, warnings: 0
	module worklib.ID:sv
		errors: 0, warnings: 0
	module worklib.ALUCtrl:sv
		errors: 0, warnings: 0
	module worklib.ALU:sv
		errors: 0, warnings: 0
	module worklib.Csr:sv
		errors: 0, warnings: 0
	module worklib.EXE:sv
		errors: 0, warnings: 0
	module worklib.MEM:sv
		errors: 0, warnings: 0
	module worklib.WB:sv
		errors: 0, warnings: 0
	module worklib.ForwardUnit:sv
		errors: 0, warnings: 0
	module worklib.BranchCtrl:sv
		errors: 0, warnings: 0
	module worklib.HazardCtrl:sv
		errors: 0, warnings: 0
	interface worklib.IFID_inter:sv
		errors: 0, warnings: 0
	interface worklib.IFEXE_inter:sv
		errors: 0, warnings: 0
	interface worklib.IFHC_inter:sv
		errors: 0, warnings: 0
	interface worklib.IDEXE_inter:sv
		errors: 0, warnings: 0
	interface worklib.EXEMEM_inter:sv
		errors: 0, warnings: 0
	interface worklib.MEMWB_inter:sv
		errors: 0, warnings: 0
	module worklib.CPU:sv
		errors: 0, warnings: 0
	module worklib.Master:sv
		errors: 0, warnings: 0
	module worklib.data_array_wrapper:sv
		errors: 0, warnings: 0
	module worklib.tag_array_wrapper:sv
		errors: 0, warnings: 0
	module worklib.L1C_inst:sv
		errors: 0, warnings: 0
	module worklib.L1C_data:sv
		errors: 0, warnings: 0
	module worklib.CPU_wrapper:sv
		errors: 0, warnings: 0
	module worklib.Arbiter:sv
		errors: 0, warnings: 0
	module worklib.Decoder:sv
		errors: 0, warnings: 0
	interface worklib.inter_Decoder:sv
		errors: 0, warnings: 0
	interface worklib.inter_RA:sv
		errors: 0, warnings: 0
	interface worklib.inter_RD:sv
		errors: 0, warnings: 0
	interface worklib.inter_WA:sv
		errors: 0, warnings: 0
	interface worklib.inter_WD:sv
		errors: 0, warnings: 0
	interface worklib.inter_WR:sv
		errors: 0, warnings: 0
	interface worklib.inter_IFIO:sv
		errors: 0, warnings: 0
	interface worklib.inter_MEMIO:sv
		errors: 0, warnings: 0
	interface worklib.VALIDCtrl:sv
		errors: 0, warnings: 0
	interface worklib.cache:sv
		errors: 0, warnings: 0
	module worklib.DefaultSlave:sv
		errors: 0, warnings: 0
	module worklib.ReadAddr:sv
		errors: 0, warnings: 0
	module worklib.ReadData:sv
		errors: 0, warnings: 0
	module worklib.WriteAddr:sv
		errors: 0, warnings: 0
	module worklib.WriteData:sv
		errors: 0, warnings: 0
	module worklib.WriteRespon:sv
		errors: 0, warnings: 0
	module worklib.AXI:sv
		errors: 0, warnings: 0
	module worklib.SRAM_wrapper:sv
		errors: 0, warnings: 0
	module worklib.DRAM_wrapper:sv
		errors: 0, warnings: 0
	module worklib.ROM_wrapper:sv
		errors: 0, warnings: 0
	module worklib.WDT:sv
		errors: 0, warnings: 0
	module worklib.WDT_wrapper:sv
		errors: 0, warnings: 0
	module worklib.sensor_ctrl:sv
		errors: 0, warnings: 0
	module worklib.sensor_wrapper:sv
		errors: 0, warnings: 0
	module worklib.top:sv
		errors: 0, warnings: 0
	module worklib.SRAM:sv
		errors: 0, warnings: 0
	module worklib.data_array:sv
		errors: 0, warnings: 0
	module worklib.tag_array:sv
		errors: 0, warnings: 0
	module worklib.ROM:v
		errors: 0, warnings: 0
	module worklib.DRAM:sv
		errors: 0, warnings: 0
    $value$plusargs("prog_path=%s", prog_path);
                  |
ncvlog: *W,NOSYST (/home/YuChengWang/VLSI-System-Design/HW4/P76111602/./sim/top_tb.sv,138|18): System function '$value$plusargs' invoked as a task. Return value will be ignored.
      $fscanf(gf, "%h\n", GOLDEN[num]);
            |
ncvlog: *W,NOSYST (/home/YuChengWang/VLSI-System-Design/HW4/P76111602/./sim/top_tb.sv,154|12): System function '$fscanf' invoked as a task. Return value will be ignored.
	module worklib.top_tb:sv
		errors: 0, warnings: 2
	Total errors/warnings found outside modules and primitives:
		errors: 0, warnings: 3
		Caching library 'worklib' ....... Done
	Elaborating the design hierarchy:
	Top level design units:
		inter_Decoder
		top_tb
ncelab: *W,DSEMEL: This SystemVerilog design will be simulated as per IEEE 1800-2009 SystemVerilog simulation semantics. Use -disable_sem2009 option for turning off SV 2009 simulation semantics.
    $readmemh({prog_path, "/rom0.hex"}, i_ROM.Memory_byte0);
                                                         |
ncelab: *W,MEMODR (../sim/top_tb.sv,141|57): $readmem default memory order incompatible with IEEE1364.
    $readmemh({prog_path, "/rom1.hex"}, i_ROM.Memory_byte1);
                                                         |
ncelab: *W,MEMODR (../sim/top_tb.sv,142|57): $readmem default memory order incompatible with IEEE1364.
    $readmemh({prog_path, "/rom2.hex"}, i_ROM.Memory_byte2);
                                                         |
ncelab: *W,MEMODR (../sim/top_tb.sv,143|57): $readmem default memory order incompatible with IEEE1364.
    $readmemh({prog_path, "/rom3.hex"}, i_ROM.Memory_byte3);
                                                         |
ncelab: *W,MEMODR (../sim/top_tb.sv,144|57): $readmem default memory order incompatible with IEEE1364.
    $readmemh({prog_path, "/dram0.hex"}, i_DRAM.Memory_byte0);
                                                           |
ncelab: *W,MEMODR (../sim/top_tb.sv,145|59): $readmem default memory order incompatible with IEEE1364.
    $readmemh({prog_path, "/dram1.hex"}, i_DRAM.Memory_byte1);
                                                           |
ncelab: *W,MEMODR (../sim/top_tb.sv,146|59): $readmem default memory order incompatible with IEEE1364.
    $readmemh({prog_path, "/dram2.hex"}, i_DRAM.Memory_byte2);
                                                           |
ncelab: *W,MEMODR (../sim/top_tb.sv,147|59): $readmem default memory order incompatible with IEEE1364.
    $readmemh({prog_path, "/dram3.hex"}, i_DRAM.Memory_byte3);
                                                           |
ncelab: *W,MEMODR (../sim/top_tb.sv,148|59): $readmem default memory order incompatible with IEEE1364.
	Building instance overlay tables: .................... Done
	Generating native compiled code:
		worklib.ALU:sv <0x22677c4a>
			streams:   5, words:  3647
		worklib.ALUCtrl:sv <0x594ec4a4>
			streams:   1, words:  4143
		worklib.AXI:sv <0x7811eba2>
			streams:   7, words:   901
		worklib.Arbiter:sv <0x5cfd14dc>
			streams:   5, words:  5188
		worklib.BranchCtrl:sv <0x7561cabd>
			streams:   1, words:   853
		worklib.CPU:sv <0x7d7a704a>
			streams:  57, words: 12114
		worklib.CPU_wrapper:sv <0x765a4871>
			streams: 111, words: 26507
		worklib.ControlUnit:sv <0x0f644de2>
			streams:   1, words: 13053
		worklib.Csr:sv <0x22b71c0c>
			streams:  33, words: 21071
		worklib.DRAM:sv <0x6259822d>
			streams:  46, words: 35731
		worklib.DRAM_wrapper:sv <0x2d8c6386>
			streams:  48, words: 23027
		worklib.Decoder:sv <0x1e335d62>
			streams:   1, words:  9835
		worklib.DefaultSlave:sv <0x744e5120>
			streams:  17, words:  9259
		worklib.EXE:sv <0x3b2c00b3>
			streams:  35, words: 16412
		worklib.ForwardUnit:sv <0x3d5b96cb>
			streams:   2, words:  1257
		worklib.HazardCtrl:sv <0x0a99cc0d>
			streams:   1, words:  3525
		worklib.ID:sv <0x4f680ec3>
			streams:  27, words: 18776
		worklib.IF:sv <0x62b470a7>
			streams:   9, words:  3261
		worklib.ImmediateGenerator:sv <0x2708cc27>
			streams:   1, words:  1961
		worklib.L1C_data:sv <0x4bef7023>
			streams:  32, words: 27273
		worklib.L1C_inst:sv <0x5fe9ed4d>
			streams:  38, words: 30690
		worklib.MEM:sv <0x1980c978>
			streams:  12, words: 11009
		worklib.Master:sv <0x4c43b8f9>
			streams:  24, words: 11395
		worklib.ProgramCounter:sv <0x4b681967>
			streams:   2, words:   454
		worklib.ROM:v <0x6f7049ac>
			streams:   3, words:  1511
		worklib.ROM_wrapper:sv <0x62801041>
			streams:  44, words: 21601
		worklib.ReadAddr:sv <0x0ed761a0>
			streams:  43, words: 11169
		worklib.ReadData:sv <0x11802242>
			streams:  10, words: 42260
		worklib.RegisterFile:sv <0x1228878a>
			streams:   5, words:  7693
		worklib.SRAM:sv <0x5f7e64c3>
			streams:  61, words: 19862
		worklib.SRAM:sv <0x698ef830>
			streams:  61, words: 19862
		worklib.SRAM_wrapper:sv <0x21a44a9e>
			streams:  64, words: 37195
		worklib.WB:sv <0x7d7d5aa7>
			streams:   3, words:   630
		worklib.WDT:sv <0x4ba61b68>
			streams:  17, words:  5246
		worklib.WDT_wrapper:sv <0x1ab07a9b>
			streams:  30, words: 14179
		worklib.WriteAddr:sv <0x0719a3d5>
			streams:  41, words: 11070
		worklib.WriteData:sv <0x37c0625a>
			streams:  19, words: 26287
		worklib.WriteRespon:sv <0x2c2ec26f>
			streams:   8, words: 34607
		worklib.data_array:sv <0x2dd2974a>
			streams:  58, words: 57895
		worklib.sensor_ctrl:sv <0x582fb1e2>
			streams:   6, words: 11994
		worklib.sensor_wrapper:sv <0x6e92daac>
			streams:  30, words: 14528
		worklib.tag_array:sv <0x29d5e962>
			streams:  34, words: 10375
		worklib.top:sv <0x3d8d2c9f>
			streams:  12, words:  3225
		worklib.top_tb:sv <0x34ebcfcb>
			streams:  32, words: 38696
	Building instance specific data structures.
	Loading native compiled code:     .................... Done
	Design hierarchy summary:
		                  Instances  Unique
		Modules:                 54      45
		Interfaces:              67      16
		Registers:             1049     629
		Scalar wires:          1337       -
		Expanded wires:         656      14
		Vectored wires:         441       -
		Named events:             5       5
		Always blocks:          204     177
		Initial blocks:           9       9
		Cont. assignments:      350     650
		Pseudo assignments:     389     357
		Assertions:               5       5
		Simulation timescale:  10ps
	Writing initial simulation snapshot: worklib.inter_Decoder:sv

Trying to check out license...
	Incisive_HDL_Simulator 15.20 - Failed
	Xcelium_Limited_Single_Core 16.00 - Failed
	Incisive_Enterprise_Simulator 15.20 - Failed
	Incisive_Enterprise_Verifier 15.20 - Failed
	Xcelium_Single_Core 16.00 - Failed
	Xcelium_Safety 16.00 - Failed
ncsim: *F,NOLICN: Unable to checkout license for the simulation. (flag - 10) 'lic_error -97'.
TOOL:	irun(64)	15.20-s084: Exiting on Dec 23, 2022 at 07:37:15 CST  (total: 00:00:00)
