xmsim(64) 20.09-s007
Linux 3.10.0-693.el7.x86_64 #1 SMP Tue Aug 22 21:09:27 UTC 2017 x86_64
CPU cores: 16
Limit information:
======================================
cputime			unlimited
filesize		unlimited
datasize		unlimited
stacksize		8192 kbytes
coredumpsize	0 kbytes
memoryuse		unlimited
vmemoryuse		unlimited
descriptors		4096
memorylocked	64 kbytes
maxproc			4096
======================================
(Special)Runtime environment variables:

Runtime environment variables:
REMOTEHOST=192.168.1.2
SYNOPSYS_LC_ROOT=/usr/cad/synopsys/lc/cur
MANPATH=/usr/cad/synopsys/synthesis/cur/doc/syn/man:/usr/cad/synopsys/coreconsultant/cur/doc/dware/man
XDG_SESSION_ID=9542
TMIARCH=RH_64
HOSTNAME=vlsicad6
SYNOPSYS_TMAX=/usr/cad/synopsys/tmax/cur
SELINUX_ROLE_REQUESTED=
XKEYSYMDB=/usr/cad/synopsys/icvalidator/cur/lib-u/X11/XKeysymDB
HOST=vlsicad6
TERM=xterm
SHELL=/bin/tcsh
MAKEFLAGS=
VERIFIC_LICENSE_FILE=/usr/cad/HOY/BRAINS/cur/../../CIC/Verific.dat
SSH_CLIENT=192.168.1.2 44325 22
DESIGNWARE_HOME=/cad/synopsys_sun/dw_home/cur
SELINUX_USE_CURRENT_RANGE=
CDS_LOAD_ENV=CSF
HSP_GCC_VERSION=5.2.0
MGC_LOCATION_MAP=NO_MAP
SSH_TTY=/dev/pts/3
SG_HTML_BROWSER=/usr/bin/mozilla
XAPPLRESDIR=/usr/cad/synopsys/icvalidator/cur/app-defaults
GROUP=lphp
HSP_HOME=/usr/cad/synopsys/hspice/cur/hspice
USER=Vsd2298
SC_HLPPATH=/usr/cad/synopsys/laker_oa/cur
LD_LIBRARY_PATH=/usr/lib:/usr/lib64:/lib:/lib64:/usr/local/systemc/cur/lib-linux64:/usr/local/systemc/systemc-2.3.1/lib-linux64::/usr/cad/cadence/CTOS/cur/tools.lnx86/lib:/usr/cad/cadence/MMSIM/cur/tools/lib:/usr/cad/cadence/IC/cur/tools/lib:/usr/cad/cadence/XCELIUM/XCELIUM_20.09.007/tools/lib/64bit:/usr/cad/cadence/XCELIUM/XCELIUM_20.09.007/tools/lib64:/usr/cad/cadence/XCELIUM/XCELIUM_20.09.007/tools/lib:/usr/cad/cadence/INCISIV/cur/tools/lib:/usr/cad/cadence/INCISIV/cur/tools/vtools/vfault/lib:/usr/cad/cadence/EDI/cur//tools/tlfUtil/lib:/usr/cad/cadence/INNOVUS/cur//tools/tlfUtil/lib:/usr/cad/synopsys/verdi/cur/etc/lib/libstdc++/LINUX64/:/usr/cad/synopsys/verdi/cur/share/PLI/IUS/LINUX64/://usr/cad/synopsys/hspice/cur/hspice/linux64/interfaces
LS_COLORS=no=00:fi=00:di=00;34;01:ln=00;36:pi=40;33:so=00;35:bd=40;33;01:cd=40;33;01:or=01;05;37;41:mi=01;05;37;41:ex=00;32:*.cmd=00;32:*.exe=00;32:*.com=00;32:*.btm=00;32:*.bat=00;32:*.sh=00;32:*.csh=00;32:*.tar=00;31:*.tgz=00;31:*.arj=00;31:*.taz=00;31:*.lzh=00;31:*.zip=00;31:*.z=00;31:*.Z=00;31:*.gz=00;31:*.bz2=00;31:*.bz=00;31:*.tz=00;31:*.rpm=00;31:*.cpio=00;31:*.jpg=00;35:*.gif=00;35:*.bmp=00;35:*.xbm=00;35:*.xpm=00;35:*.png=00;35:*.tif=00;35:
XNLSPATH=/usr/cad/synopsys/icvalidator/cur/lib-u/X11/nls
HOSTTYPE=x86_64-linux
installdir=/usr/cad/synopsys/hspice/cur/hspice
ENCOUNTER=/usr/cad/cadence/EDI/cur/tools/fe
MAKELEVEL=1
CMIARCH=RH_64
MFLAGS=
maxpend=1
MAIL=/var/spool/mail/Vsd2298
PATH=/usr/local/sbin:/usr/local/bin:/usr/sbin:/usr/bin:/sbin:/bin:/usr/cad/Sigasi/eclipse:/usr/cad/Sigasi/eclipse/cur:/opt/RISCV/bin:/usr/cad/HOY/BRAINS/cur/bin:/usr/cad/mentor/Tessent/cur/bin:/usr/cad/mentor/calibre/cur/bin:/usr/cad/cadence/JASPER/cur/bin:/usr/cad/cadence/JASPER/cur/bin:/usr/cad/cadence/JASPER/cur/bin:/usr/cad/cadence/JASPER/cur/bin:/usr/cad/cadence/JASPER/cur/bin:/usr/cad/cadence/JASPER/cur/bin:/usr/cad/cadence/JASPER/cur/bin:/usr/cad/cadence/CTOS/cur/tools.lnx86/bin:/usr/cad/cadence/MMSIM/cur/tools/dfII/bin:/usr/cad/cadence/MMSIM/cur/tools/bin:/usr/cad/cadence/IC/cur/tools/dfII/bin:/usr/cad/cadence/IC/cur/tools/dracula/bin:/usr/cad/cadence/IC/cur/tools/bin:/usr/cad/cadence/XCELIUM/XCELIUM_20.09.007/tools/bin/64bit:/usr/cad/cadence/XCELIUM/XCELIUM_20.09.007/tools/bin:/usr/cad/cadence/INCISIV/cur/tools/bin:/usr/cad/cadence/INCISIV/cur/tools/vtools/vfault/bin:/usr/cad/cadence/INCISIV/cur/tools/dfII/bin:/usr/cad/cadence/EDI/cur/tools/celtic/bin:/usr/cad/cadence/EDI/cur/tools/plato/bin:/usr/cad/cadence/EDI/cur/tools/dfII/bin:/usr/cad/cadence/EDI/cur/tools/fe/bin:/usr/cad/cadence/EDI/cur/tools/cdsdoc/bin:/usr/cad/cadence/EDI/cur/tools/bin:/usr/cad/cadence/EDI/cur//tools/tlfUtil/bin:/usr/cad/cadence/INNOVUS/cur/tools/celtic/bin:/usr/cad/cadence/INNOVUS/cur/tools/plato/bin:/usr/cad/cadence/INNOVUS/cur/tools/dfII/bin:/usr/cad/cadence/INNOVUS/cur/tools/bin:/usr/cad/cadence/INNOVUS/cur//tools/tlfUtil/bin:/usr/cad/synopsys/tmax/cur/bin:/usr/cad/synopsys/spyglass/cur/SPYGLASS_HOME/bin:/usr/bin/X11:/usr/cad/synopsys/coreconsultant/cur/bin:/usr/cad/synopsys/verdi/cur/bin:/usr/cad/synopsys/verdi/cur/nLint/bin:/usr/bin/X11:/usr/cad/synopsys/primetime/cur/amd64/syn/bin:/usr/bin/X11:/usr/cad/synopsys/primerail/cur/amd64/syn/bin:/usr/cad/synopsys/adp/cur/bin:/usr/cad/synopsys/laker_oa/cur/bin:/usr/cad/synopsys/icvalidator/cur/bin/LINUX64_L31el:/usr/cad/synopsys/star-rcxt/cur/amd64_starrc/bin:/usr/cad/synopsys/laker/cur/bin:/usr/cad/synopsys/customexplorer/cur/bin:/usr/cad/synopsys/hspice/cur/hspice/bin:/usr/cad/synopsys/hspice/cur/hspice/GNU/linux64/gcc/bin:/usr/cad/synopsys/hspice/cur/hspice/linux64:/usr/bin:/usr/ucb/bin:/usr/cad/synopsys/customcompiler/cur/bin:/usr/bin/X11:/usr/cad/synopsys/coreConsultant/cur/bin:/usr/cad/synopsys/synthesis/cur/amd64/syn/bin:/usr/cad/synopsys/lc/cur/bin:/usr/cad/synopsys/lc/cur/bin:/usr/local/bin:/usr/bin:/usr/local/sbin:/usr/sbin:/cad/synopsys_sun/dw_home/cur/bin
HOY_LIC_FILE=4141@lshc
PWD=/home/user2/Vsd22/Vsd2298/Desktop/HW4_4/build
XMODIFIERS=@im=ibus
EDITOR=/usr/bin/vim
LANG=en_US.utf8
Laker_TCL_ToolBox=1
SYNTHESIS=/usr/cad/synopsys/synthesis/cur
SELINUX_LEVEL_REQUESTED=
CDS_Netlisting_Mode=Analog
PRIMETIME=/usr/cad/synopsys/primetime/cur
LM_LICENSE_FILE=5280@vlsicad8:26000@lscic:1717@lshc:1717@lstn:1717@lstc:1717@lsncku:5280@lstn:26585@lstn:26585@lstc:26585@lshc:26585@lsncku:26585@lscic
PRIMERAIL=/usr/cad/synopsys/primerail/cur
HSP_GCC=/usr/cad/synopsys/hspice/cur/hspice/GNU/linux64/gcc/bin/gcc -m64 
SHLVL=2
HOME=/home/user2/Vsd22/Vsd2298
OSTYPE=linux
Laker_TCL_L3=1
MGC_HOME=/usr/cad/mentor/calibre/cur
ICV_HOME_DIR=/usr/cad/synopsys/icvalidator/cur
CDS_AUTO_64BIT=ALL
SYNOPSYS_SYSTYPE=LINUX64_L31el
SNPS_64=1
SNPS_PLATFORM=linux64
MGC_TMPDIR=/tmp
VENDOR=unknown
LOGNAME=Vsd2298
MACHTYPE=x86_64
SSH_CONNECTION=192.168.1.2 44325 192.168.100.6 22
mraarch=linux_64
LESSOPEN=||/usr/bin/lesspipe.sh %s
SHLIB_PATH=/usr/cad/synopsys/verdi/cur/etc/lib/libstdc++/LINUX64/
vip_dir=/home/user2/Vsd22/Vsd2298/Desktop/HW4_4/vip
DISPLAY=localhost:13.0
XDG_RUNTIME_DIR=/run/user/1524
SYN_MAN_DIR=/usr/cad/synopsys/synthesis/cur/doc/syn/man
SOFT_MAN_DIR=/usr/cad/synopsys/coreconsultant/cur/doc/dware/man
_=/usr/cad/cadence/XCELIUM/XCELIUM_20.09.007/tools/bin/64bit/irun
OLDPWD=/home/user2/Vsd22/Vsd2298/Desktop/HW4_4
_XRUNROOT_=/usr/cad/cadence/XCELIUM/XCELIUM_20.09.007/tools
_IRUNROOT_=/usr/cad/cadence/XCELIUM/XCELIUM_20.09.007/tools
CDS_ARCH=lnx86
XMRUNMODE=xrun:./xcelium.d/run.lnx8664.20.09.d
XRUNBATCH=FALSE
AMS_LOG_FILE_NAME=xrun.log
IMPERAS_PORT_FILE=.vsp_ovp_gdb_port
TCL_LIBRARY=/usr/cad/cadence/XCELIUM/XCELIUM_20.09.007/tools/inca/files/tcl/library
Runtime command line arguments:
argv[0]=xrun
argv[1]=/home/user2/Vsd22/Vsd2298/Desktop/HW4_4/./sim/top_tb_WDT.sv
argv[2]=-sdf_file
argv[3]=/home/user2/Vsd22/Vsd2298/Desktop/HW4_4/./pr/top_pr.sdf
argv[4]=+incdir+/home/user2/Vsd22/Vsd2298/Desktop/HW4_4/./pr+/home/user2/Vsd22/Vsd2298/Desktop/HW4_4/./include+/home/user2/Vsd22/Vsd2298/Desktop/HW4_4/./sim
argv[5]=+define+PR+prog4
argv[6]=+no_notifier
argv[7]=-define
argv[8]=CYCLE=12.5
argv[9]=-define
argv[10]=CYCLE2=100
argv[11]=-define
argv[12]=MAX=6000000
argv[13]=+access+r
argv[14]=+prog_path=/home/user2/Vsd22/Vsd2298/Desktop/HW4_4/./sim/prog4
argv[15]=-maxdelays
121 profile - 100
          CPU/Mem usage: 0.130 sys,  0.290 user,  300.70M sys,  0.00M vm
122 VC callback profile - scalar:0 vector:0
123 Fri Dec 23 04:20:52 2022
124 pliAppInit
125 FSDB_GATE is disabled.
126 Enable Parallel Dumping.
127 pliAppMiscSet: New Sim Round
128 pliEntryInit
129 LIBSSCORE=found /usr/cad/synopsys/verdi/cur/share/PLI/IUS/LINUX64/libsscore_ius152.so through $LD_LIBRARY_PATH setting.
130 Sim process exit
