xrun(64): 20.09-s007: (c) Copyright 1995-2020 Cadence Design Systems, Inc.
TOOL:	xrun(64)	20.09-s007: Started on Dec 23, 2022 at 04:20:43 CST
irun
	/home/user2/Vsd22/Vsd2298/Desktop/HW4_4/./sim/top_tb_WDT.sv
	-sdf_file /home/user2/Vsd22/Vsd2298/Desktop/HW4_4/./pr/top_pr.sdf
	+incdir+/home/user2/Vsd22/Vsd2298/Desktop/HW4_4/./pr+/home/user2/Vsd22/Vsd2298/Desktop/HW4_4/./include+/home/user2/Vsd22/Vsd2298/Desktop/HW4_4/./sim
	+define+PR+prog4
	+no_notifier
	-define CYCLE=12.5
	-define CYCLE2=100
	-define MAX=6000000
	+access+r
	+prog_path=/home/user2/Vsd22/Vsd2298/Desktop/HW4_4/./sim/prog4
	-maxdelays

   User defined plus("+") options:
	+prog_path=/home/user2/Vsd22/Vsd2298/Desktop/HW4_4/./sim/prog4

xrun: *W,NCEXDEP: Executable (irun) is deprecated. Use (xrun) instead.
file: /home/user2/Vsd22/Vsd2298/Desktop/HW4_4/./sim/top_tb_WDT.sv
`define CYCLE 8.0 // Cycle time
                               |
xmvlog: *W,MACNDF (/home/user2/Vsd22/Vsd2298/Desktop/HW4_4/./sim/top_tb_WDT.sv,2|31): The text macro 'CYCLE' has also been defined on the command line using the -DEFINE command line option.  The compiler will ignore the definition found in the Verilog source code.
`define CYCLE2 8.0 // Cycle time for WDT
                                        |
xmvlog: *W,MACNDF (/home/user2/Vsd22/Vsd2298/Desktop/HW4_4/./sim/top_tb_WDT.sv,3|40): The text macro 'CYCLE2' has also been defined on the command line using the -DEFINE command line option.  The compiler will ignore the definition found in the Verilog source code.
`define MAX 300000 // Max cycle number
                                      |
xmvlog: *W,MACNDF (/home/user2/Vsd22/Vsd2298/Desktop/HW4_4/./sim/top_tb_WDT.sv,4|38): The text macro 'MAX' has also been defined on the command line using the -DEFINE command line option.  The compiler will ignore the definition found in the Verilog source code.
  int boot_end_flag = 0;
                    |
xmvlog: *W,VARIST (/home/user2/Vsd22/Vsd2298/Desktop/HW4_4/./sim/top_tb_WDT.sv,156|20): Local static variable with initializer requires 'static' keyword.
  int only_pose1 = 0;
                 |
xmvlog: *W,VARIST (/home/user2/Vsd22/Vsd2298/Desktop/HW4_4/./sim/top_tb_WDT.sv,157|17): Local static variable with initializer requires 'static' keyword.
  int only_pose2 = 0;
                 |
xmvlog: *W,VARIST (/home/user2/Vsd22/Vsd2298/Desktop/HW4_4/./sim/top_tb_WDT.sv,158|17): Local static variable with initializer requires 'static' keyword.
  int cycle_number = 0;
                   |
xmvlog: *W,VARIST (/home/user2/Vsd22/Vsd2298/Desktop/HW4_4/./sim/top_tb_WDT.sv,159|19): Local static variable with initializer requires 'static' keyword.
    $value$plusargs("prog_path=%s", prog_path);
                  |
xmvlog: *W,NOSYST (/home/user2/Vsd22/Vsd2298/Desktop/HW4_4/./sim/top_tb_WDT.sv,200|18): System function '$value$plusargs' invoked as a task. Return value will be ignored.
      $fscanf(gf, "%h\n", GOLDEN[num]);
            |
xmvlog: *W,NOSYST (/home/user2/Vsd22/Vsd2298/Desktop/HW4_4/./sim/top_tb_WDT.sv,216|12): System function '$fscanf' invoked as a task. Return value will be ignored.
	module worklib.top_tb:sv
		errors: 0, warnings: 6
xmvlog: *W,SPDUSD: Include directory /home/user2/Vsd22/Vsd2298/Desktop/HW4_4/./include given but not used.
	Total errors/warnings found outside modules and primitives:
		errors: 0, warnings: 4
		Caching library 'worklib' ....... Done
	Elaborating the design hierarchy:
   AXI_I_RA_M0_inter_RA__I_RD_M0_inter_RD__I_WA_M1_inter_WA__I_WD_M1_inter_WD__I_WR_M1_inter_WR__I_RA_M1_inter_RA__I_RD_M1_inter_RD__I_WA_S0_inter_WA__I_WD_S0_inter_WD__I_WR_S0_inter_WR__I_RA_S0_inter_RA__I_RD_S0_inter_RD__I_WA_S1_inter_WA__I_WD_S1_inter_WD__I_WR_S1_inter_WR__I_RA_S1_inter_RA__I_RD_S1_inter_RD__I_WA_S2_inter_WA__I_WD_S2_inter_WD__I_WR_S2_inter_WR__I_RA_S2_inter_RA__I_RD_S2_inter_RD__I_WA_S3_inter_WA__I_WD_S3_inter_WD__I_WR_S3_inter_WR__I_RA_S3_inter_RA__I_RD_S3_inter_RD__I_WA_S4_inter_WA__I_WD_S4_inter_WD__I_WR_S4_inter_WR__I_RA_S4_inter_RA__I_RD_S4_inter_RD__I_WA_S5_inter_WA__I_WD_S5_inter_WD__I_WR_S5_inter_WR__I_RA_S5_inter_RA__I_RD_S5_inter_RD__ AXI (.ARESETn(FE_OFN0_rst),
                                                                                                                                                                                                                                                                                                                                                                                                                                                                                                                                                                                                                                                                                                    |
xmelab: *W,CUVWSP (../pr/top_pr.v,107095|676): 4 output ports were not connected:
xmelab: (../pr/top_pr.v,5189): WD_S0.WLAST
xmelab: (../pr/top_pr.v,5216): WD_S1.WLAST
xmelab: (../pr/top_pr.v,5243): WD_S2.WLAST
xmelab: (../pr/top_pr.v,5297): WD_S4.WLAST

   DefaultSlave_I_SD_RA_inter_RA__I_SD_RD_inter_RD__I_SD_WA_inter_WA__I_SD_WD_inter_WD__I_SD_WR_inter_WR__ DS (.rst(ARESETn),
                                                                                                            |
xmelab: *W,CUVWSP (../pr/top_pr.v,5885|108): 3 output ports were not connected:
xmelab: (../pr/top_pr.v,22): SD_RD.RDATA
xmelab: (../pr/top_pr.v,23): SD_RD.RRESP
xmelab: (../pr/top_pr.v,34): SD_WR.BRESP

   DFFN temp_ARLEN_reg (.QB(n5),
                     |
xmelab: *W,CUVWSP (../pr/top_pr.v,152|21): 1 output port was not connected:
xmelab: (/usr/cad/CBDK/CBDK018_UMC_Faraday_v1.0/orig_lib/fsa0m_a/2009Q2v2.0/GENERIC_CORE/FrontEnd/verilog/fsa0m_a_generic_core_21.lib,5066): Q

   DFFN lockM0_reg (.QB(n3),
                 |
xmelab: *W,CUVWSP (../pr/top_pr.v,391|17): 1 output port was not connected:
xmelab: (/usr/cad/CBDK/CBDK018_UMC_Faraday_v1.0/orig_lib/fsa0m_a/2009Q2v2.0/GENERIC_CORE/FrontEnd/verilog/fsa0m_a_generic_core_21.lib,5066): Q

   Arbiter_0 WArbiter (.rst(rst),
                    |
xmelab: *W,CUVWSP (../pr/top_pr.v,3722|20): 1 output port was not connected:
xmelab: (../pr/top_pr.v,2905): READY_M0

   WriteData_I_M1_inter_WD_M1_I_S0_inter_WD_S0_I_S1_inter_WD_S1_I_S2_inter_WD_S2_I_S3_inter_WD_S3_I_S4_inter_WD_S3_I_S5_inter_WD_S3_I_SD_inter_WD__ WD (.rst(ARESETn),
                                                                                                                                                     |
xmelab: *W,CUVWSP (../pr/top_pr.v,6358|149): 1 output port was not connected:
xmelab: (../pr/top_pr.v,3979): SD.WLAST

   CPU_wrapper_I_M0_AW_inter_WA__I_M0_W_inter_WD__I_M0_B_inter_WR__I_M0_AR_inter_RA__I_M0_R_inter_RD__I_M1_AW_inter_WA__I_M1_W_inter_WD__I_M1_B_inter_WR__I_M1_AR_inter_RA__I_M1_R_inter_RD__ CPU_wrapper (.rst(FE_PHN862_FE_OFN902_rst),
                                                                                                                                                                                                        |
xmelab: *W,CUVWSP (../pr/top_pr.v,108158|200): 22 output ports were not connected:
xmelab: (../pr/top_pr.v,64424): M0_AW.AWID
xmelab: (../pr/top_pr.v,64425): M0_AW.AWADDR
xmelab: (../pr/top_pr.v,64426): M0_AW.AWLEN
xmelab: (../pr/top_pr.v,64427): M0_AW.AWSIZE
xmelab: (../pr/top_pr.v,64428): M0_AW.AWBURST
xmelab: (../pr/top_pr.v,64429): M0_AW.AWVALID
xmelab: (../pr/top_pr.v,64431): M0_W.WDATA
xmelab: (../pr/top_pr.v,64432): M0_W.WSTRB
xmelab: (../pr/top_pr.v,64433): M0_W.WLAST
xmelab: (../pr/top_pr.v,64434): M0_W.WVALID
xmelab: (../pr/top_pr.v,64437): M0_B.BREADY
xmelab: (../pr/top_pr.v,64438): M0_AR.ARID
xmelab: (../pr/top_pr.v,64441): M0_AR.ARSIZE
xmelab: (../pr/top_pr.v,64442): M0_AR.ARBURST
xmelab: (../pr/top_pr.v,64448): M1_AW.AWID
xmelab: (../pr/top_pr.v,64450): M1_AW.AWLEN
xmelab: (../pr/top_pr.v,64451): M1_AW.AWSIZE
xmelab: (../pr/top_pr.v,64452): M1_AW.AWBURST
xmelab: (../pr/top_pr.v,64457): M1_W.WLAST
xmelab: (../pr/top_pr.v,64462): M1_AR.ARID
xmelab: (../pr/top_pr.v,64465): M1_AR.ARSIZE
xmelab: (../pr/top_pr.v,64466): M1_AR.ARBURST

   DFFN lock_DM_reg (.QB(n1),
                  |
xmelab: *W,CUVWSP (../pr/top_pr.v,64666|18): 1 output port was not connected:
xmelab: (/usr/cad/CBDK/CBDK018_UMC_Faraday_v1.0/orig_lib/fsa0m_a/2009Q2v2.0/GENERIC_CORE/FrontEnd/verilog/fsa0m_a_generic_core_21.lib,5066): Q

   CPU CPU (.rst(rst),
         |
xmelab: *W,CUVWSP (../pr/top_pr.v,64669|9): 1 output port was not connected:
xmelab: (../pr/top_pr.v,50796): b_instr_read

   ProgramCounter PC (.PCWrite(\IFHCi.PCWrite ),
                   |
xmelab: *W,CUVWSI (../pr/top_pr.v,7533|19): 1 input port was not connected:
xmelab: (../pr/top_pr.v,6522): rst

   RegisterFile RF (.RegWrite(WB_RegWrite),
                 |
xmelab: *W,CUVWSI (../pr/top_pr.v,29361|17): 2 input ports were not connected:
xmelab: (../pr/top_pr.v,8789): rst
xmelab: (../pr/top_pr.v,8797): p_1

   EXE_I_IDEXEi_IDEXE_inter__I_EXEMEMo_EXEMEM_inter__I_IFEXEo_IFEXE_inter__ EXE (.rst(n25),
                                                                              |
xmelab: *W,CUVWSP (../pr/top_pr.v,51123|78): 1 output port was not connected:
xmelab: (../pr/top_pr.v,45961): IFEXEo.csrISR_pc

   Csr Csr (.state({ n47,
         |
xmelab: *W,CUVWSP (../pr/top_pr.v,46517|9): 1 output port was not connected:
xmelab: (../pr/top_pr.v,40046): csrISR_pc

   Csr Csr (.state({ n47,
         |
xmelab: *W,CUVWSI (../pr/top_pr.v,46517|9): 2 input ports were not connected:
xmelab: (../pr/top_pr.v,40035): rst
xmelab: (../pr/top_pr.v,40115): p_4

   DFFP \EXEMEMo.EXE_ALUout_reg[23]  (.Q(FE_OFN932_wire_MEMIO_data_addr_23),
                                   |
xmelab: *W,CUVWSP (../pr/top_pr.v,46611|35): 1 output port was not connected:
xmelab: (/usr/cad/CBDK/CBDK018_UMC_Faraday_v1.0/orig_lib/fsa0m_a/2009Q2v2.0/GENERIC_CORE/FrontEnd/verilog/fsa0m_a_generic_core_21.lib,5106): QB

   DFFP \EXEMEMo.EXE_ALUout_reg[30]  (.Q(FE_OFN351_wire_MEMIO_data_addr_30),
                                   |
xmelab: *W,CUVWSP (../pr/top_pr.v,46614|35): 1 output port was not connected:
xmelab: (/usr/cad/CBDK/CBDK018_UMC_Faraday_v1.0/orig_lib/fsa0m_a/2009Q2v2.0/GENERIC_CORE/FrontEnd/verilog/fsa0m_a_generic_core_21.lib,5106): QB

   MEM_I_EXEMEMi_EXEMEM_inter__I_MEMWBo_MEMWB_inter__ MEM (.rst(n25),
                                                        |
xmelab: *W,CUVWSP (../pr/top_pr.v,51215|56): 1 output port was not connected:
xmelab: (../pr/top_pr.v,48438): MEM_CS

   HazardCtrl_I_IFHCo_IFHC_inter__ HC (.BranchCtrl(BranchCtrl),
                                    |
xmelab: *W,CUVWSP (../pr/top_pr.v,51290|36): 2 output ports were not connected:
xmelab: (../pr/top_pr.v,50656): EXEMEM_RegWrite
xmelab: (../pr/top_pr.v,50657): MEMWB_RegWrite

   Master_1 M0 (.rst(FE_OFN0_rst),
             |
xmelab: *W,CUVWSP (../pr/top_pr.v,64706|13): 8 output ports were not connected:
xmelab: (../pr/top_pr.v,51319): AWID
xmelab: (../pr/top_pr.v,51321): AWLEN
xmelab: (../pr/top_pr.v,51322): AWSIZE
xmelab: (../pr/top_pr.v,51323): AWBURST
xmelab: (../pr/top_pr.v,51328): WLAST
xmelab: (../pr/top_pr.v,51333): ARID
xmelab: (../pr/top_pr.v,51336): ARSIZE
xmelab: (../pr/top_pr.v,51337): ARBURST

   L1C_inst L1CI (.rst(FE_OFN0_rst),
               |
xmelab: *W,CUVWSP (../pr/top_pr.v,64742|15): 1 output port was not connected:
xmelab: (../pr/top_pr.v,52589): I_type

   Master_0 M1 (.rst(FE_OFN0_rst),
             |
xmelab: *W,CUVWSP (../pr/top_pr.v,64831|13): 8 output ports were not connected:
xmelab: (../pr/top_pr.v,56456): AWID
xmelab: (../pr/top_pr.v,56458): AWLEN
xmelab: (../pr/top_pr.v,56459): AWSIZE
xmelab: (../pr/top_pr.v,56460): AWBURST
xmelab: (../pr/top_pr.v,56465): WLAST
xmelab: (../pr/top_pr.v,56470): ARID
xmelab: (../pr/top_pr.v,56473): ARSIZE
xmelab: (../pr/top_pr.v,56474): ARBURST

   DFFN \reg_core_type_reg[1]  (.QB(n5),
                             |
xmelab: *W,CUVWSP (../pr/top_pr.v,59298|29): 1 output port was not connected:
xmelab: (/usr/cad/CBDK/CBDK018_UMC_Faraday_v1.0/orig_lib/fsa0m_a/2009Q2v2.0/GENERIC_CORE/FrontEnd/verilog/fsa0m_a_generic_core_21.lib,5066): Q

   ROM_wrapper_I_S0AW_inter_WA__I_S0W_inter_WD__I_S0B_inter_WR__I_S0AR_inter_RA__I_S0R_inter_RD__ ROM_wrapper (.rst(FE_OFN0_rst),
                                                                                                            |
xmelab: *W,CUVWSP (../pr/top_pr.v,108275|108): 2 output ports were not connected:
xmelab: (../pr/top_pr.v,64933): S0B.BRESP
xmelab: (../pr/top_pr.v,64942): S0R.RRESP

   SRAM_wrapper_I_S_AW_inter_WA__I_S_W_inter_WD__I_S_B_inter_WR__I_S_AR_inter_RA__I_S_R_inter_RD___1 IM1 (.rst(FE_OFN0_rst),
                                                                                                       |
xmelab: *W,CUVWSP (../pr/top_pr.v,108354|103): 2 output ports were not connected:
xmelab: (../pr/top_pr.v,66313): S_B.BRESP
xmelab: (../pr/top_pr.v,66322): S_R.RRESP

   SRAM_wrapper_I_S_AW_inter_WA__I_S_W_inter_WD__I_S_B_inter_WR__I_S_AR_inter_RA__I_S_R_inter_RD___0 DM1 (.clk(CTS_26),
                                                                                                       |
xmelab: *W,CUVWSP (../pr/top_pr.v,108465|103): 2 output ports were not connected:
xmelab: (../pr/top_pr.v,67772): S_B.BRESP
xmelab: (../pr/top_pr.v,67781): S_R.RRESP

   DRAM_wrapper_I_S3AW_inter_WA__I_S3W_inter_WD__I_S3B_inter_WR__I_S3AR_inter_RA__I_S3R_inter_RD__ DRAM_wrapper (.rst(FE_OFN0_rst),
                                                                                                              |
xmelab: *W,CUVWSP (../pr/top_pr.v,108578|110): 2 output ports were not connected:
xmelab: (../pr/top_pr.v,69234): S3B.BRESP
xmelab: (../pr/top_pr.v,69242): S3R.RRESP

   DFFN \read_cnt_reg[2]  (.QB(n17),
                        |
xmelab: *W,CUVWSP (../pr/top_pr.v,70215|24): 1 output port was not connected:
xmelab: (/usr/cad/CBDK/CBDK018_UMC_Faraday_v1.0/orig_lib/fsa0m_a/2009Q2v2.0/GENERIC_CORE/FrontEnd/verilog/fsa0m_a_generic_core_21.lib,5066): Q

   DFFN write_reg (.QB(n7),
                |
xmelab: *W,CUVWSP (../pr/top_pr.v,70218|16): 1 output port was not connected:
xmelab: (/usr/cad/CBDK/CBDK018_UMC_Faraday_v1.0/orig_lib/fsa0m_a/2009Q2v2.0/GENERIC_CORE/FrontEnd/verilog/fsa0m_a_generic_core_21.lib,5066): Q

   DFFN \reg_WDATA_reg[31]  (.QB(n18),
                          |
xmelab: *W,CUVWSP (../pr/top_pr.v,70221|26): 1 output port was not connected:
xmelab: (/usr/cad/CBDK/CBDK018_UMC_Faraday_v1.0/orig_lib/fsa0m_a/2009Q2v2.0/GENERIC_CORE/FrontEnd/verilog/fsa0m_a_generic_core_21.lib,5066): Q

   DFFN \reg_WDATA_reg[30]  (.QB(n19),
                          |
xmelab: *W,CUVWSP (../pr/top_pr.v,70224|26): 1 output port was not connected:
xmelab: (/usr/cad/CBDK/CBDK018_UMC_Faraday_v1.0/orig_lib/fsa0m_a/2009Q2v2.0/GENERIC_CORE/FrontEnd/verilog/fsa0m_a_generic_core_21.lib,5066): Q

   DFFN \reg_WDATA_reg[29]  (.QB(n20),
                          |
xmelab: *W,CUVWSP (../pr/top_pr.v,70227|26): 1 output port was not connected:
xmelab: (/usr/cad/CBDK/CBDK018_UMC_Faraday_v1.0/orig_lib/fsa0m_a/2009Q2v2.0/GENERIC_CORE/FrontEnd/verilog/fsa0m_a_generic_core_21.lib,5066): Q

   DFFN \reg_WDATA_reg[28]  (.QB(n21),
                          |
xmelab: *W,CUVWSP (../pr/top_pr.v,70230|26): 1 output port was not connected:
xmelab: (/usr/cad/CBDK/CBDK018_UMC_Faraday_v1.0/orig_lib/fsa0m_a/2009Q2v2.0/GENERIC_CORE/FrontEnd/verilog/fsa0m_a_generic_core_21.lib,5066): Q

   DFFN \reg_WDATA_reg[27]  (.QB(n22),
                          |
xmelab: *W,CUVWSP (../pr/top_pr.v,70233|26): 1 output port was not connected:
xmelab: (/usr/cad/CBDK/CBDK018_UMC_Faraday_v1.0/orig_lib/fsa0m_a/2009Q2v2.0/GENERIC_CORE/FrontEnd/verilog/fsa0m_a_generic_core_21.lib,5066): Q

   DFFN \reg_WDATA_reg[26]  (.QB(n23),
                          |
xmelab: *W,CUVWSP (../pr/top_pr.v,70236|26): 1 output port was not connected:
xmelab: (/usr/cad/CBDK/CBDK018_UMC_Faraday_v1.0/orig_lib/fsa0m_a/2009Q2v2.0/GENERIC_CORE/FrontEnd/verilog/fsa0m_a_generic_core_21.lib,5066): Q

   DFFN \reg_WDATA_reg[25]  (.QB(n24),
                          |
xmelab: *W,CUVWSP (../pr/top_pr.v,70239|26): 1 output port was not connected:
xmelab: (/usr/cad/CBDK/CBDK018_UMC_Faraday_v1.0/orig_lib/fsa0m_a/2009Q2v2.0/GENERIC_CORE/FrontEnd/verilog/fsa0m_a_generic_core_21.lib,5066): Q

   DFFN \reg_WDATA_reg[24]  (.QB(n25),
                          |
xmelab: *W,CUVWSP (../pr/top_pr.v,70242|26): 1 output port was not connected:
xmelab: (/usr/cad/CBDK/CBDK018_UMC_Faraday_v1.0/orig_lib/fsa0m_a/2009Q2v2.0/GENERIC_CORE/FrontEnd/verilog/fsa0m_a_generic_core_21.lib,5066): Q

   DFFN \reg_WDATA_reg[23]  (.QB(n26),
                          |
xmelab: *W,CUVWSP (../pr/top_pr.v,70245|26): 1 output port was not connected:
xmelab: (/usr/cad/CBDK/CBDK018_UMC_Faraday_v1.0/orig_lib/fsa0m_a/2009Q2v2.0/GENERIC_CORE/FrontEnd/verilog/fsa0m_a_generic_core_21.lib,5066): Q

   DFFN \reg_WDATA_reg[22]  (.QB(n27),
                          |
xmelab: *W,CUVWSP (../pr/top_pr.v,70248|26): 1 output port was not connected:
xmelab: (/usr/cad/CBDK/CBDK018_UMC_Faraday_v1.0/orig_lib/fsa0m_a/2009Q2v2.0/GENERIC_CORE/FrontEnd/verilog/fsa0m_a_generic_core_21.lib,5066): Q

   DFFN \reg_WDATA_reg[21]  (.QB(n28),
                          |
xmelab: *W,CUVWSP (../pr/top_pr.v,70251|26): 1 output port was not connected:
xmelab: (/usr/cad/CBDK/CBDK018_UMC_Faraday_v1.0/orig_lib/fsa0m_a/2009Q2v2.0/GENERIC_CORE/FrontEnd/verilog/fsa0m_a_generic_core_21.lib,5066): Q

   DFFN \reg_WDATA_reg[20]  (.QB(n29),
                          |
xmelab: *W,CUVWSP (../pr/top_pr.v,70254|26): 1 output port was not connected:
xmelab: (/usr/cad/CBDK/CBDK018_UMC_Faraday_v1.0/orig_lib/fsa0m_a/2009Q2v2.0/GENERIC_CORE/FrontEnd/verilog/fsa0m_a_generic_core_21.lib,5066): Q

   DFFN \reg_WDATA_reg[19]  (.QB(n30),
                          |
xmelab: *W,CUVWSP (../pr/top_pr.v,70257|26): 1 output port was not connected:
xmelab: (/usr/cad/CBDK/CBDK018_UMC_Faraday_v1.0/orig_lib/fsa0m_a/2009Q2v2.0/GENERIC_CORE/FrontEnd/verilog/fsa0m_a_generic_core_21.lib,5066): Q

   DFFN \reg_WDATA_reg[18]  (.QB(n31),
                          |
xmelab: *W,CUVWSP (../pr/top_pr.v,70260|26): 1 output port was not connected:
xmelab: (/usr/cad/CBDK/CBDK018_UMC_Faraday_v1.0/orig_lib/fsa0m_a/2009Q2v2.0/GENERIC_CORE/FrontEnd/verilog/fsa0m_a_generic_core_21.lib,5066): Q

   DFFN \reg_WDATA_reg[17]  (.QB(n32),
                          |
xmelab: *W,CUVWSP (../pr/top_pr.v,70263|26): 1 output port was not connected:
xmelab: (/usr/cad/CBDK/CBDK018_UMC_Faraday_v1.0/orig_lib/fsa0m_a/2009Q2v2.0/GENERIC_CORE/FrontEnd/verilog/fsa0m_a_generic_core_21.lib,5066): Q

   DFFN \reg_WDATA_reg[16]  (.QB(n33),
                          |
xmelab: *W,CUVWSP (../pr/top_pr.v,70266|26): 1 output port was not connected:
xmelab: (/usr/cad/CBDK/CBDK018_UMC_Faraday_v1.0/orig_lib/fsa0m_a/2009Q2v2.0/GENERIC_CORE/FrontEnd/verilog/fsa0m_a_generic_core_21.lib,5066): Q

   DFFN \reg_WDATA_reg[15]  (.QB(n34),
                          |
xmelab: *W,CUVWSP (../pr/top_pr.v,70269|26): 1 output port was not connected:
xmelab: (/usr/cad/CBDK/CBDK018_UMC_Faraday_v1.0/orig_lib/fsa0m_a/2009Q2v2.0/GENERIC_CORE/FrontEnd/verilog/fsa0m_a_generic_core_21.lib,5066): Q

   DFFN \reg_WDATA_reg[14]  (.QB(n35),
                          |
xmelab: *W,CUVWSP (../pr/top_pr.v,70272|26): 1 output port was not connected:
xmelab: (/usr/cad/CBDK/CBDK018_UMC_Faraday_v1.0/orig_lib/fsa0m_a/2009Q2v2.0/GENERIC_CORE/FrontEnd/verilog/fsa0m_a_generic_core_21.lib,5066): Q

   DFFN \reg_WDATA_reg[13]  (.QB(n36),
                          |
xmelab: *W,CUVWSP (../pr/top_pr.v,70275|26): 1 output port was not connected:
xmelab: (/usr/cad/CBDK/CBDK018_UMC_Faraday_v1.0/orig_lib/fsa0m_a/2009Q2v2.0/GENERIC_CORE/FrontEnd/verilog/fsa0m_a_generic_core_21.lib,5066): Q

   DFFN \reg_WDATA_reg[12]  (.QB(n37),
                          |
xmelab: *W,CUVWSP (../pr/top_pr.v,70278|26): 1 output port was not connected:
xmelab: (/usr/cad/CBDK/CBDK018_UMC_Faraday_v1.0/orig_lib/fsa0m_a/2009Q2v2.0/GENERIC_CORE/FrontEnd/verilog/fsa0m_a_generic_core_21.lib,5066): Q

   DFFN \reg_WDATA_reg[11]  (.QB(n38),
                          |
xmelab: *W,CUVWSP (../pr/top_pr.v,70281|26): 1 output port was not connected:
xmelab: (/usr/cad/CBDK/CBDK018_UMC_Faraday_v1.0/orig_lib/fsa0m_a/2009Q2v2.0/GENERIC_CORE/FrontEnd/verilog/fsa0m_a_generic_core_21.lib,5066): Q

   DFFN \reg_WDATA_reg[10]  (.QB(n39),
                          |
xmelab: *W,CUVWSP (../pr/top_pr.v,70284|26): 1 output port was not connected:
xmelab: (/usr/cad/CBDK/CBDK018_UMC_Faraday_v1.0/orig_lib/fsa0m_a/2009Q2v2.0/GENERIC_CORE/FrontEnd/verilog/fsa0m_a_generic_core_21.lib,5066): Q

   DFFN \reg_WDATA_reg[9]  (.QB(n40),
                         |
xmelab: *W,CUVWSP (../pr/top_pr.v,70287|25): 1 output port was not connected:
xmelab: (/usr/cad/CBDK/CBDK018_UMC_Faraday_v1.0/orig_lib/fsa0m_a/2009Q2v2.0/GENERIC_CORE/FrontEnd/verilog/fsa0m_a_generic_core_21.lib,5066): Q

   DFFN \reg_WDATA_reg[8]  (.QB(n41),
                         |
xmelab: *W,CUVWSP (../pr/top_pr.v,70290|25): 1 output port was not connected:
xmelab: (/usr/cad/CBDK/CBDK018_UMC_Faraday_v1.0/orig_lib/fsa0m_a/2009Q2v2.0/GENERIC_CORE/FrontEnd/verilog/fsa0m_a_generic_core_21.lib,5066): Q

   DFFN \reg_WDATA_reg[7]  (.QB(n42),
                         |
xmelab: *W,CUVWSP (../pr/top_pr.v,70293|25): 1 output port was not connected:
xmelab: (/usr/cad/CBDK/CBDK018_UMC_Faraday_v1.0/orig_lib/fsa0m_a/2009Q2v2.0/GENERIC_CORE/FrontEnd/verilog/fsa0m_a_generic_core_21.lib,5066): Q

   DFFN \reg_WDATA_reg[6]  (.QB(n43),
                         |
xmelab: *W,CUVWSP (../pr/top_pr.v,70296|25): 1 output port was not connected:
xmelab: (/usr/cad/CBDK/CBDK018_UMC_Faraday_v1.0/orig_lib/fsa0m_a/2009Q2v2.0/GENERIC_CORE/FrontEnd/verilog/fsa0m_a_generic_core_21.lib,5066): Q

   DFFN \reg_WDATA_reg[5]  (.QB(n44),
                         |
xmelab: *W,CUVWSP (../pr/top_pr.v,70299|25): 1 output port was not connected:
xmelab: (/usr/cad/CBDK/CBDK018_UMC_Faraday_v1.0/orig_lib/fsa0m_a/2009Q2v2.0/GENERIC_CORE/FrontEnd/verilog/fsa0m_a_generic_core_21.lib,5066): Q

   DFFN \reg_WDATA_reg[4]  (.QB(n45),
                         |
xmelab: *W,CUVWSP (../pr/top_pr.v,70302|25): 1 output port was not connected:
xmelab: (/usr/cad/CBDK/CBDK018_UMC_Faraday_v1.0/orig_lib/fsa0m_a/2009Q2v2.0/GENERIC_CORE/FrontEnd/verilog/fsa0m_a_generic_core_21.lib,5066): Q

   DFFN \reg_WDATA_reg[3]  (.QB(n46),
                         |
xmelab: *W,CUVWSP (../pr/top_pr.v,70305|25): 1 output port was not connected:
xmelab: (/usr/cad/CBDK/CBDK018_UMC_Faraday_v1.0/orig_lib/fsa0m_a/2009Q2v2.0/GENERIC_CORE/FrontEnd/verilog/fsa0m_a_generic_core_21.lib,5066): Q

   DFFN \reg_WDATA_reg[2]  (.QB(n47),
                         |
xmelab: *W,CUVWSP (../pr/top_pr.v,70308|25): 1 output port was not connected:
xmelab: (/usr/cad/CBDK/CBDK018_UMC_Faraday_v1.0/orig_lib/fsa0m_a/2009Q2v2.0/GENERIC_CORE/FrontEnd/verilog/fsa0m_a_generic_core_21.lib,5066): Q

   DFFN \reg_WDATA_reg[1]  (.QB(n48),
                         |
xmelab: *W,CUVWSP (../pr/top_pr.v,70311|25): 1 output port was not connected:
xmelab: (/usr/cad/CBDK/CBDK018_UMC_Faraday_v1.0/orig_lib/fsa0m_a/2009Q2v2.0/GENERIC_CORE/FrontEnd/verilog/fsa0m_a_generic_core_21.lib,5066): Q

   DFFN \reg_WDATA_reg[0]  (.QB(n49),
                         |
xmelab: *W,CUVWSP (../pr/top_pr.v,70314|25): 1 output port was not connected:
xmelab: (/usr/cad/CBDK/CBDK018_UMC_Faraday_v1.0/orig_lib/fsa0m_a/2009Q2v2.0/GENERIC_CORE/FrontEnd/verilog/fsa0m_a_generic_core_21.lib,5066): Q

   DFFN \reg_RDATA_reg[31]  (.QB(n50),
                          |
xmelab: *W,CUVWSP (../pr/top_pr.v,70317|26): 1 output port was not connected:
xmelab: (/usr/cad/CBDK/CBDK018_UMC_Faraday_v1.0/orig_lib/fsa0m_a/2009Q2v2.0/GENERIC_CORE/FrontEnd/verilog/fsa0m_a_generic_core_21.lib,5066): Q

   DFFN \reg_RDATA_reg[30]  (.QB(n51),
                          |
xmelab: *W,CUVWSP (../pr/top_pr.v,70320|26): 1 output port was not connected:
xmelab: (/usr/cad/CBDK/CBDK018_UMC_Faraday_v1.0/orig_lib/fsa0m_a/2009Q2v2.0/GENERIC_CORE/FrontEnd/verilog/fsa0m_a_generic_core_21.lib,5066): Q

   DFFN \reg_RDATA_reg[29]  (.QB(n52),
                          |
xmelab: *W,CUVWSP (../pr/top_pr.v,70323|26): 1 output port was not connected:
xmelab: (/usr/cad/CBDK/CBDK018_UMC_Faraday_v1.0/orig_lib/fsa0m_a/2009Q2v2.0/GENERIC_CORE/FrontEnd/verilog/fsa0m_a_generic_core_21.lib,5066): Q

   DFFN \reg_RDATA_reg[28]  (.QB(n53),
                          |
xmelab: *W,CUVWSP (../pr/top_pr.v,70326|26): 1 output port was not connected:
xmelab: (/usr/cad/CBDK/CBDK018_UMC_Faraday_v1.0/orig_lib/fsa0m_a/2009Q2v2.0/GENERIC_CORE/FrontEnd/verilog/fsa0m_a_generic_core_21.lib,5066): Q

   DFFN \reg_RDATA_reg[27]  (.QB(n54),
                          |
xmelab: *W,CUVWSP (../pr/top_pr.v,70329|26): 1 output port was not connected:
xmelab: (/usr/cad/CBDK/CBDK018_UMC_Faraday_v1.0/orig_lib/fsa0m_a/2009Q2v2.0/GENERIC_CORE/FrontEnd/verilog/fsa0m_a_generic_core_21.lib,5066): Q

   DFFN \reg_RDATA_reg[26]  (.QB(n55),
                          |
xmelab: *W,CUVWSP (../pr/top_pr.v,70332|26): 1 output port was not connected:
xmelab: (/usr/cad/CBDK/CBDK018_UMC_Faraday_v1.0/orig_lib/fsa0m_a/2009Q2v2.0/GENERIC_CORE/FrontEnd/verilog/fsa0m_a_generic_core_21.lib,5066): Q

   DFFN \reg_RDATA_reg[25]  (.QB(n56),
                          |
xmelab: *W,CUVWSP (../pr/top_pr.v,70335|26): 1 output port was not connected:
xmelab: (/usr/cad/CBDK/CBDK018_UMC_Faraday_v1.0/orig_lib/fsa0m_a/2009Q2v2.0/GENERIC_CORE/FrontEnd/verilog/fsa0m_a_generic_core_21.lib,5066): Q

   DFFN \reg_RDATA_reg[24]  (.QB(n57),
                          |
xmelab: *W,CUVWSP (../pr/top_pr.v,70338|26): 1 output port was not connected:
xmelab: (/usr/cad/CBDK/CBDK018_UMC_Faraday_v1.0/orig_lib/fsa0m_a/2009Q2v2.0/GENERIC_CORE/FrontEnd/verilog/fsa0m_a_generic_core_21.lib,5066): Q

   DFFN \reg_RDATA_reg[23]  (.QB(n58),
                          |
xmelab: *W,CUVWSP (../pr/top_pr.v,70341|26): 1 output port was not connected:
xmelab: (/usr/cad/CBDK/CBDK018_UMC_Faraday_v1.0/orig_lib/fsa0m_a/2009Q2v2.0/GENERIC_CORE/FrontEnd/verilog/fsa0m_a_generic_core_21.lib,5066): Q

   DFFN \reg_RDATA_reg[22]  (.QB(n59),
                          |
xmelab: *W,CUVWSP (../pr/top_pr.v,70344|26): 1 output port was not connected:
xmelab: (/usr/cad/CBDK/CBDK018_UMC_Faraday_v1.0/orig_lib/fsa0m_a/2009Q2v2.0/GENERIC_CORE/FrontEnd/verilog/fsa0m_a_generic_core_21.lib,5066): Q

   DFFN \reg_RDATA_reg[21]  (.QB(n60),
                          |
xmelab: *W,CUVWSP (../pr/top_pr.v,70347|26): 1 output port was not connected:
xmelab: (/usr/cad/CBDK/CBDK018_UMC_Faraday_v1.0/orig_lib/fsa0m_a/2009Q2v2.0/GENERIC_CORE/FrontEnd/verilog/fsa0m_a_generic_core_21.lib,5066): Q

   DFFN \reg_RDATA_reg[20]  (.QB(n61),
                          |
xmelab: *W,CUVWSP (../pr/top_pr.v,70350|26): 1 output port was not connected:
xmelab: (/usr/cad/CBDK/CBDK018_UMC_Faraday_v1.0/orig_lib/fsa0m_a/2009Q2v2.0/GENERIC_CORE/FrontEnd/verilog/fsa0m_a_generic_core_21.lib,5066): Q

   DFFN \reg_RDATA_reg[19]  (.QB(n62),
                          |
xmelab: *W,CUVWSP (../pr/top_pr.v,70353|26): 1 output port was not connected:
xmelab: (/usr/cad/CBDK/CBDK018_UMC_Faraday_v1.0/orig_lib/fsa0m_a/2009Q2v2.0/GENERIC_CORE/FrontEnd/verilog/fsa0m_a_generic_core_21.lib,5066): Q

   DFFN \reg_RDATA_reg[18]  (.QB(n63),
                          |
xmelab: *W,CUVWSP (../pr/top_pr.v,70356|26): 1 output port was not connected:
xmelab: (/usr/cad/CBDK/CBDK018_UMC_Faraday_v1.0/orig_lib/fsa0m_a/2009Q2v2.0/GENERIC_CORE/FrontEnd/verilog/fsa0m_a_generic_core_21.lib,5066): Q

   DFFN \reg_RDATA_reg[17]  (.QB(n64),
                          |
xmelab: *W,CUVWSP (../pr/top_pr.v,70359|26): 1 output port was not connected:
xmelab: (/usr/cad/CBDK/CBDK018_UMC_Faraday_v1.0/orig_lib/fsa0m_a/2009Q2v2.0/GENERIC_CORE/FrontEnd/verilog/fsa0m_a_generic_core_21.lib,5066): Q

   DFFN \reg_RDATA_reg[16]  (.QB(n65),
                          |
xmelab: *W,CUVWSP (../pr/top_pr.v,70362|26): 1 output port was not connected:
xmelab: (/usr/cad/CBDK/CBDK018_UMC_Faraday_v1.0/orig_lib/fsa0m_a/2009Q2v2.0/GENERIC_CORE/FrontEnd/verilog/fsa0m_a_generic_core_21.lib,5066): Q

   DFFN \reg_RDATA_reg[15]  (.QB(n66),
                          |
xmelab: *W,CUVWSP (../pr/top_pr.v,70365|26): 1 output port was not connected:
xmelab: (/usr/cad/CBDK/CBDK018_UMC_Faraday_v1.0/orig_lib/fsa0m_a/2009Q2v2.0/GENERIC_CORE/FrontEnd/verilog/fsa0m_a_generic_core_21.lib,5066): Q

   DFFN \reg_RDATA_reg[14]  (.QB(n67),
                          |
xmelab: *W,CUVWSP (../pr/top_pr.v,70368|26): 1 output port was not connected:
xmelab: (/usr/cad/CBDK/CBDK018_UMC_Faraday_v1.0/orig_lib/fsa0m_a/2009Q2v2.0/GENERIC_CORE/FrontEnd/verilog/fsa0m_a_generic_core_21.lib,5066): Q

   DFFN \reg_RDATA_reg[13]  (.QB(n68),
                          |
xmelab: *W,CUVWSP (../pr/top_pr.v,70371|26): 1 output port was not connected:
xmelab: (/usr/cad/CBDK/CBDK018_UMC_Faraday_v1.0/orig_lib/fsa0m_a/2009Q2v2.0/GENERIC_CORE/FrontEnd/verilog/fsa0m_a_generic_core_21.lib,5066): Q

   DFFN \reg_RDATA_reg[12]  (.QB(n69),
                          |
xmelab: *W,CUVWSP (../pr/top_pr.v,70374|26): 1 output port was not connected:
xmelab: (/usr/cad/CBDK/CBDK018_UMC_Faraday_v1.0/orig_lib/fsa0m_a/2009Q2v2.0/GENERIC_CORE/FrontEnd/verilog/fsa0m_a_generic_core_21.lib,5066): Q

   DFFN \reg_RDATA_reg[11]  (.QB(n70),
                          |
xmelab: *W,CUVWSP (../pr/top_pr.v,70377|26): 1 output port was not connected:
xmelab: (/usr/cad/CBDK/CBDK018_UMC_Faraday_v1.0/orig_lib/fsa0m_a/2009Q2v2.0/GENERIC_CORE/FrontEnd/verilog/fsa0m_a_generic_core_21.lib,5066): Q

   DFFN \reg_RDATA_reg[10]  (.QB(n71),
                          |
xmelab: *W,CUVWSP (../pr/top_pr.v,70380|26): 1 output port was not connected:
xmelab: (/usr/cad/CBDK/CBDK018_UMC_Faraday_v1.0/orig_lib/fsa0m_a/2009Q2v2.0/GENERIC_CORE/FrontEnd/verilog/fsa0m_a_generic_core_21.lib,5066): Q

   DFFN \reg_RDATA_reg[9]  (.QB(n72),
                         |
xmelab: *W,CUVWSP (../pr/top_pr.v,70383|25): 1 output port was not connected:
xmelab: (/usr/cad/CBDK/CBDK018_UMC_Faraday_v1.0/orig_lib/fsa0m_a/2009Q2v2.0/GENERIC_CORE/FrontEnd/verilog/fsa0m_a_generic_core_21.lib,5066): Q

   DFFN \reg_RDATA_reg[8]  (.QB(n73),
                         |
xmelab: *W,CUVWSP (../pr/top_pr.v,70386|25): 1 output port was not connected:
xmelab: (/usr/cad/CBDK/CBDK018_UMC_Faraday_v1.0/orig_lib/fsa0m_a/2009Q2v2.0/GENERIC_CORE/FrontEnd/verilog/fsa0m_a_generic_core_21.lib,5066): Q

   DFFN \reg_RDATA_reg[7]  (.QB(n74),
                         |
xmelab: *W,CUVWSP (../pr/top_pr.v,70389|25): 1 output port was not connected:
xmelab: (/usr/cad/CBDK/CBDK018_UMC_Faraday_v1.0/orig_lib/fsa0m_a/2009Q2v2.0/GENERIC_CORE/FrontEnd/verilog/fsa0m_a_generic_core_21.lib,5066): Q

   DFFN \reg_RDATA_reg[6]  (.QB(n75),
                         |
xmelab: *W,CUVWSP (../pr/top_pr.v,70392|25): 1 output port was not connected:
xmelab: (/usr/cad/CBDK/CBDK018_UMC_Faraday_v1.0/orig_lib/fsa0m_a/2009Q2v2.0/GENERIC_CORE/FrontEnd/verilog/fsa0m_a_generic_core_21.lib,5066): Q

   DFFN \reg_RDATA_reg[5]  (.QB(n76),
                         |
xmelab: *W,CUVWSP (../pr/top_pr.v,70395|25): 1 output port was not connected:
xmelab: (/usr/cad/CBDK/CBDK018_UMC_Faraday_v1.0/orig_lib/fsa0m_a/2009Q2v2.0/GENERIC_CORE/FrontEnd/verilog/fsa0m_a_generic_core_21.lib,5066): Q

   DFFN \reg_RDATA_reg[4]  (.QB(n77),
                         |
xmelab: *W,CUVWSP (../pr/top_pr.v,70398|25): 1 output port was not connected:
xmelab: (/usr/cad/CBDK/CBDK018_UMC_Faraday_v1.0/orig_lib/fsa0m_a/2009Q2v2.0/GENERIC_CORE/FrontEnd/verilog/fsa0m_a_generic_core_21.lib,5066): Q

   DFFN \reg_RDATA_reg[3]  (.QB(n78),
                         |
xmelab: *W,CUVWSP (../pr/top_pr.v,70401|25): 1 output port was not connected:
xmelab: (/usr/cad/CBDK/CBDK018_UMC_Faraday_v1.0/orig_lib/fsa0m_a/2009Q2v2.0/GENERIC_CORE/FrontEnd/verilog/fsa0m_a_generic_core_21.lib,5066): Q

   DFFN \reg_RDATA_reg[2]  (.QB(n79),
                         |
xmelab: *W,CUVWSP (../pr/top_pr.v,70404|25): 1 output port was not connected:
xmelab: (/usr/cad/CBDK/CBDK018_UMC_Faraday_v1.0/orig_lib/fsa0m_a/2009Q2v2.0/GENERIC_CORE/FrontEnd/verilog/fsa0m_a_generic_core_21.lib,5066): Q

   DFFN \reg_RDATA_reg[1]  (.QB(n80),
                         |
xmelab: *W,CUVWSP (../pr/top_pr.v,70407|25): 1 output port was not connected:
xmelab: (/usr/cad/CBDK/CBDK018_UMC_Faraday_v1.0/orig_lib/fsa0m_a/2009Q2v2.0/GENERIC_CORE/FrontEnd/verilog/fsa0m_a_generic_core_21.lib,5066): Q

   DFFN \reg_RDATA_reg[0]  (.QB(n81),
                         |
xmelab: *W,CUVWSP (../pr/top_pr.v,70410|25): 1 output port was not connected:
xmelab: (/usr/cad/CBDK/CBDK018_UMC_Faraday_v1.0/orig_lib/fsa0m_a/2009Q2v2.0/GENERIC_CORE/FrontEnd/verilog/fsa0m_a_generic_core_21.lib,5066): Q

   sensor_wrapper_I_S_AW_inter_WA__I_S_W_inter_WD__I_S_B_inter_WR__I_S_AR_inter_RA__I_S_R_inter_RD__ sensor_wrapper (.rst(FE_OFN0_rst),
                                                                                                                  |
xmelab: *W,CUVWSP (../pr/top_pr.v,108784|114): 2 output ports were not connected:
xmelab: (../pr/top_pr.v,102079): S_B.BRESP
xmelab: (../pr/top_pr.v,102088): S_R.RRESP

   sensor_ctrl sensor_ctrl (.sctrl_en(sctrl_en),
                         |
xmelab: *W,CUVWSI (../pr/top_pr.v,102464|25): 2 input ports were not connected:
xmelab: (../pr/top_pr.v,71478): rst
xmelab: (../pr/top_pr.v,71487): p_1

   WDT_wrapper_I_S_AW_inter_WA__I_S_W_inter_WD__I_S_B_inter_WR__I_S_AR_inter_RA__I_S_R_inter_RD__ WDT_wrapper (.rst(FE_OFN0_rst),
                                                                                                            |
xmelab: *W,CUVWSP (../pr/top_pr.v,108905|108): 3 output ports were not connected:
xmelab: (../pr/top_pr.v,104985): S_B.BRESP
xmelab: (../pr/top_pr.v,104993): S_R.RDATA
xmelab: (../pr/top_pr.v,104994): S_R.RRESP

   DFFN \reg_ADDR_reg[7]  (.QB(n21),
                        |
xmelab: *W,CUVWSP (../pr/top_pr.v,105286|24): 1 output port was not connected:
xmelab: (/usr/cad/CBDK/CBDK018_UMC_Faraday_v1.0/orig_lib/fsa0m_a/2009Q2v2.0/GENERIC_CORE/FrontEnd/verilog/fsa0m_a_generic_core_21.lib,5066): Q

   DFFN \reg_ADDR_reg[6]  (.QB(n22),
                        |
xmelab: *W,CUVWSP (../pr/top_pr.v,105289|24): 1 output port was not connected:
xmelab: (/usr/cad/CBDK/CBDK018_UMC_Faraday_v1.0/orig_lib/fsa0m_a/2009Q2v2.0/GENERIC_CORE/FrontEnd/verilog/fsa0m_a_generic_core_21.lib,5066): Q

   DFFN \reg_ADDR_reg[5]  (.QB(n23),
                        |
xmelab: *W,CUVWSP (../pr/top_pr.v,105292|24): 1 output port was not connected:
xmelab: (/usr/cad/CBDK/CBDK018_UMC_Faraday_v1.0/orig_lib/fsa0m_a/2009Q2v2.0/GENERIC_CORE/FrontEnd/verilog/fsa0m_a_generic_core_21.lib,5066): Q

   DFFN \reg_ADDR_reg[2]  (.QB(n26),
                        |
xmelab: *W,CUVWSP (../pr/top_pr.v,105295|24): 1 output port was not connected:
xmelab: (/usr/cad/CBDK/CBDK018_UMC_Faraday_v1.0/orig_lib/fsa0m_a/2009Q2v2.0/GENERIC_CORE/FrontEnd/verilog/fsa0m_a_generic_core_21.lib,5066): Q

   DFFN \reg_ADDR_reg[1]  (.QB(n27),
                        |
xmelab: *W,CUVWSP (../pr/top_pr.v,105298|24): 1 output port was not connected:
xmelab: (/usr/cad/CBDK/CBDK018_UMC_Faraday_v1.0/orig_lib/fsa0m_a/2009Q2v2.0/GENERIC_CORE/FrontEnd/verilog/fsa0m_a_generic_core_21.lib,5066): Q

   DFFN \reg_ADDR_reg[0]  (.QB(n28),
                        |
xmelab: *W,CUVWSP (../pr/top_pr.v,105301|24): 1 output port was not connected:
xmelab: (/usr/cad/CBDK/CBDK018_UMC_Faraday_v1.0/orig_lib/fsa0m_a/2009Q2v2.0/GENERIC_CORE/FrontEnd/verilog/fsa0m_a_generic_core_21.lib,5066): Q

   WDT WDT (.rst(rst),
         |
xmelab: *W,CUVWSI (../pr/top_pr.v,105304|9): 1 input port was not connected:
xmelab: (../pr/top_pr.v,103434): p_1

   DFFN \wtocnt_reg[0]  (.QB(n36),
                      |
xmelab: *W,CUVWSP (../pr/top_pr.v,103739|22): 1 output port was not connected:
xmelab: (/usr/cad/CBDK/CBDK018_UMC_Faraday_v1.0/orig_lib/fsa0m_a/2009Q2v2.0/GENERIC_CORE/FrontEnd/verilog/fsa0m_a_generic_core_21.lib,5066): Q

   DFFN \wtocnt_reg[1]  (.QB(n35),
                      |
xmelab: *W,CUVWSP (../pr/top_pr.v,103742|22): 1 output port was not connected:
xmelab: (/usr/cad/CBDK/CBDK018_UMC_Faraday_v1.0/orig_lib/fsa0m_a/2009Q2v2.0/GENERIC_CORE/FrontEnd/verilog/fsa0m_a_generic_core_21.lib,5066): Q

   DFFN \wtocnt_reg[2]  (.QB(n34),
                      |
xmelab: *W,CUVWSP (../pr/top_pr.v,103745|22): 1 output port was not connected:
xmelab: (/usr/cad/CBDK/CBDK018_UMC_Faraday_v1.0/orig_lib/fsa0m_a/2009Q2v2.0/GENERIC_CORE/FrontEnd/verilog/fsa0m_a_generic_core_21.lib,5066): Q

   DFFN \wtocnt_reg[3]  (.QB(n33),
                      |
xmelab: *W,CUVWSP (../pr/top_pr.v,103748|22): 1 output port was not connected:
xmelab: (/usr/cad/CBDK/CBDK018_UMC_Faraday_v1.0/orig_lib/fsa0m_a/2009Q2v2.0/GENERIC_CORE/FrontEnd/verilog/fsa0m_a_generic_core_21.lib,5066): Q

   DFFN \wtocnt_reg[4]  (.QB(n32),
                      |
xmelab: *W,CUVWSP (../pr/top_pr.v,103751|22): 1 output port was not connected:
xmelab: (/usr/cad/CBDK/CBDK018_UMC_Faraday_v1.0/orig_lib/fsa0m_a/2009Q2v2.0/GENERIC_CORE/FrontEnd/verilog/fsa0m_a_generic_core_21.lib,5066): Q

   DFFN \wtocnt_reg[5]  (.QB(n31),
                      |
xmelab: *W,CUVWSP (../pr/top_pr.v,103754|22): 1 output port was not connected:
xmelab: (/usr/cad/CBDK/CBDK018_UMC_Faraday_v1.0/orig_lib/fsa0m_a/2009Q2v2.0/GENERIC_CORE/FrontEnd/verilog/fsa0m_a_generic_core_21.lib,5066): Q

   DFFN \wtocnt_reg[6]  (.QB(n30),
                      |
xmelab: *W,CUVWSP (../pr/top_pr.v,103757|22): 1 output port was not connected:
xmelab: (/usr/cad/CBDK/CBDK018_UMC_Faraday_v1.0/orig_lib/fsa0m_a/2009Q2v2.0/GENERIC_CORE/FrontEnd/verilog/fsa0m_a_generic_core_21.lib,5066): Q

   DFFN \wtocnt_reg[7]  (.QB(n29),
                      |
xmelab: *W,CUVWSP (../pr/top_pr.v,103760|22): 1 output port was not connected:
xmelab: (/usr/cad/CBDK/CBDK018_UMC_Faraday_v1.0/orig_lib/fsa0m_a/2009Q2v2.0/GENERIC_CORE/FrontEnd/verilog/fsa0m_a_generic_core_21.lib,5066): Q

   DFFN \wtocnt_reg[8]  (.QB(n28),
                      |
xmelab: *W,CUVWSP (../pr/top_pr.v,103763|22): 1 output port was not connected:
xmelab: (/usr/cad/CBDK/CBDK018_UMC_Faraday_v1.0/orig_lib/fsa0m_a/2009Q2v2.0/GENERIC_CORE/FrontEnd/verilog/fsa0m_a_generic_core_21.lib,5066): Q

   DFFN \wtocnt_reg[9]  (.QB(n27),
                      |
xmelab: *W,CUVWSP (../pr/top_pr.v,103766|22): 1 output port was not connected:
xmelab: (/usr/cad/CBDK/CBDK018_UMC_Faraday_v1.0/orig_lib/fsa0m_a/2009Q2v2.0/GENERIC_CORE/FrontEnd/verilog/fsa0m_a_generic_core_21.lib,5066): Q

   DFFN \wtocnt_reg[10]  (.QB(n26),
                       |
xmelab: *W,CUVWSP (../pr/top_pr.v,103769|23): 1 output port was not connected:
xmelab: (/usr/cad/CBDK/CBDK018_UMC_Faraday_v1.0/orig_lib/fsa0m_a/2009Q2v2.0/GENERIC_CORE/FrontEnd/verilog/fsa0m_a_generic_core_21.lib,5066): Q

   DFFN \wtocnt_reg[11]  (.QB(n25),
                       |
xmelab: *W,CUVWSP (../pr/top_pr.v,103772|23): 1 output port was not connected:
xmelab: (/usr/cad/CBDK/CBDK018_UMC_Faraday_v1.0/orig_lib/fsa0m_a/2009Q2v2.0/GENERIC_CORE/FrontEnd/verilog/fsa0m_a_generic_core_21.lib,5066): Q

   DFFN \wtocnt_reg[12]  (.QB(n24),
                       |
xmelab: *W,CUVWSP (../pr/top_pr.v,103775|23): 1 output port was not connected:
xmelab: (/usr/cad/CBDK/CBDK018_UMC_Faraday_v1.0/orig_lib/fsa0m_a/2009Q2v2.0/GENERIC_CORE/FrontEnd/verilog/fsa0m_a_generic_core_21.lib,5066): Q

   DFFN \wtocnt_reg[13]  (.QB(n23),
                       |
xmelab: *W,CUVWSP (../pr/top_pr.v,103778|23): 1 output port was not connected:
xmelab: (/usr/cad/CBDK/CBDK018_UMC_Faraday_v1.0/orig_lib/fsa0m_a/2009Q2v2.0/GENERIC_CORE/FrontEnd/verilog/fsa0m_a_generic_core_21.lib,5066): Q

   DFFN \wtocnt_reg[14]  (.QB(n22),
                       |
xmelab: *W,CUVWSP (../pr/top_pr.v,103781|23): 1 output port was not connected:
xmelab: (/usr/cad/CBDK/CBDK018_UMC_Faraday_v1.0/orig_lib/fsa0m_a/2009Q2v2.0/GENERIC_CORE/FrontEnd/verilog/fsa0m_a_generic_core_21.lib,5066): Q

   DFFN \wtocnt_reg[15]  (.QB(n21),
                       |
xmelab: *W,CUVWSP (../pr/top_pr.v,103784|23): 1 output port was not connected:
xmelab: (/usr/cad/CBDK/CBDK018_UMC_Faraday_v1.0/orig_lib/fsa0m_a/2009Q2v2.0/GENERIC_CORE/FrontEnd/verilog/fsa0m_a_generic_core_21.lib,5066): Q

   DFFN \wtocnt_reg[16]  (.QB(n20),
                       |
xmelab: *W,CUVWSP (../pr/top_pr.v,103787|23): 1 output port was not connected:
xmelab: (/usr/cad/CBDK/CBDK018_UMC_Faraday_v1.0/orig_lib/fsa0m_a/2009Q2v2.0/GENERIC_CORE/FrontEnd/verilog/fsa0m_a_generic_core_21.lib,5066): Q

   DFFN \wtocnt_reg[17]  (.QB(n19),
                       |
xmelab: *W,CUVWSP (../pr/top_pr.v,103790|23): 1 output port was not connected:
xmelab: (/usr/cad/CBDK/CBDK018_UMC_Faraday_v1.0/orig_lib/fsa0m_a/2009Q2v2.0/GENERIC_CORE/FrontEnd/verilog/fsa0m_a_generic_core_21.lib,5066): Q

   DFFN \wtocnt_reg[18]  (.QB(n18),
                       |
xmelab: *W,CUVWSP (../pr/top_pr.v,103793|23): 1 output port was not connected:
xmelab: (/usr/cad/CBDK/CBDK018_UMC_Faraday_v1.0/orig_lib/fsa0m_a/2009Q2v2.0/GENERIC_CORE/FrontEnd/verilog/fsa0m_a_generic_core_21.lib,5066): Q

   DFFN \wtocnt_reg[19]  (.QB(n17),
                       |
xmelab: *W,CUVWSP (../pr/top_pr.v,103796|23): 1 output port was not connected:
xmelab: (/usr/cad/CBDK/CBDK018_UMC_Faraday_v1.0/orig_lib/fsa0m_a/2009Q2v2.0/GENERIC_CORE/FrontEnd/verilog/fsa0m_a_generic_core_21.lib,5066): Q

   DFFN \wtocnt_reg[20]  (.QB(n16),
                       |
xmelab: *W,CUVWSP (../pr/top_pr.v,103799|23): 1 output port was not connected:
xmelab: (/usr/cad/CBDK/CBDK018_UMC_Faraday_v1.0/orig_lib/fsa0m_a/2009Q2v2.0/GENERIC_CORE/FrontEnd/verilog/fsa0m_a_generic_core_21.lib,5066): Q

   DFFN \wtocnt_reg[21]  (.QB(n15),
                       |
xmelab: *W,CUVWSP (../pr/top_pr.v,103802|23): 1 output port was not connected:
xmelab: (/usr/cad/CBDK/CBDK018_UMC_Faraday_v1.0/orig_lib/fsa0m_a/2009Q2v2.0/GENERIC_CORE/FrontEnd/verilog/fsa0m_a_generic_core_21.lib,5066): Q

   DFFN \wtocnt_reg[22]  (.QB(n14),
                       |
xmelab: *W,CUVWSP (../pr/top_pr.v,103805|23): 1 output port was not connected:
xmelab: (/usr/cad/CBDK/CBDK018_UMC_Faraday_v1.0/orig_lib/fsa0m_a/2009Q2v2.0/GENERIC_CORE/FrontEnd/verilog/fsa0m_a_generic_core_21.lib,5066): Q

   DFFN \wtocnt_reg[23]  (.QB(n13),
                       |
xmelab: *W,CUVWSP (../pr/top_pr.v,103808|23): 1 output port was not connected:
xmelab: (/usr/cad/CBDK/CBDK018_UMC_Faraday_v1.0/orig_lib/fsa0m_a/2009Q2v2.0/GENERIC_CORE/FrontEnd/verilog/fsa0m_a_generic_core_21.lib,5066): Q

   DFFN \wtocnt_reg[24]  (.QB(n12),
                       |
xmelab: *W,CUVWSP (../pr/top_pr.v,103811|23): 1 output port was not connected:
xmelab: (/usr/cad/CBDK/CBDK018_UMC_Faraday_v1.0/orig_lib/fsa0m_a/2009Q2v2.0/GENERIC_CORE/FrontEnd/verilog/fsa0m_a_generic_core_21.lib,5066): Q

   DFFN \wtocnt_reg[25]  (.QB(n11),
                       |
xmelab: *W,CUVWSP (../pr/top_pr.v,103814|23): 1 output port was not connected:
xmelab: (/usr/cad/CBDK/CBDK018_UMC_Faraday_v1.0/orig_lib/fsa0m_a/2009Q2v2.0/GENERIC_CORE/FrontEnd/verilog/fsa0m_a_generic_core_21.lib,5066): Q

   DFFN \wtocnt_reg[26]  (.QB(n10),
                       |
xmelab: *W,CUVWSP (../pr/top_pr.v,103817|23): 1 output port was not connected:
xmelab: (/usr/cad/CBDK/CBDK018_UMC_Faraday_v1.0/orig_lib/fsa0m_a/2009Q2v2.0/GENERIC_CORE/FrontEnd/verilog/fsa0m_a_generic_core_21.lib,5066): Q

   DFFN \wtocnt_reg[27]  (.QB(n9),
                       |
xmelab: *W,CUVWSP (../pr/top_pr.v,103820|23): 1 output port was not connected:
xmelab: (/usr/cad/CBDK/CBDK018_UMC_Faraday_v1.0/orig_lib/fsa0m_a/2009Q2v2.0/GENERIC_CORE/FrontEnd/verilog/fsa0m_a_generic_core_21.lib,5066): Q

   DFFN \wtocnt_reg[28]  (.QB(n8),
                       |
xmelab: *W,CUVWSP (../pr/top_pr.v,103823|23): 1 output port was not connected:
xmelab: (/usr/cad/CBDK/CBDK018_UMC_Faraday_v1.0/orig_lib/fsa0m_a/2009Q2v2.0/GENERIC_CORE/FrontEnd/verilog/fsa0m_a_generic_core_21.lib,5066): Q

   DFFN \wtocnt_reg[29]  (.QB(n7),
                       |
xmelab: *W,CUVWSP (../pr/top_pr.v,103826|23): 1 output port was not connected:
xmelab: (/usr/cad/CBDK/CBDK018_UMC_Faraday_v1.0/orig_lib/fsa0m_a/2009Q2v2.0/GENERIC_CORE/FrontEnd/verilog/fsa0m_a_generic_core_21.lib,5066): Q

   DFFN \wtocnt_reg[30]  (.QB(n6),
                       |
xmelab: *W,CUVWSP (../pr/top_pr.v,103829|23): 1 output port was not connected:
xmelab: (/usr/cad/CBDK/CBDK018_UMC_Faraday_v1.0/orig_lib/fsa0m_a/2009Q2v2.0/GENERIC_CORE/FrontEnd/verilog/fsa0m_a_generic_core_21.lib,5066): Q

   DFFN \wtocnt_reg[31]  (.QB(n5),
                       |
xmelab: *W,CUVWSP (../pr/top_pr.v,103832|23): 1 output port was not connected:
xmelab: (/usr/cad/CBDK/CBDK018_UMC_Faraday_v1.0/orig_lib/fsa0m_a/2009Q2v2.0/GENERIC_CORE/FrontEnd/verilog/fsa0m_a_generic_core_21.lib,5066): Q

	Top level design units:
		AN3B1P
		AN3B1S
		AN3B1T
		AN3B2T
		AN3P
		AN4
		AN4B1T
		AN4P
		AN4T
		AO112S
		AO112T
		AO12T
		AO13T
		AO222T
		AO22T
		AOI112H
		AOI112HP
		AOI112HS
		AOI112HT
		AOI13H
		AOI13HP
		AOI13HT
		AOI22H
		AOI22HP
		AOI22HT
		BHD1
		BUF12CK
		BUF3CK
		BUF4CK
		BUF6CK
		BUF8
		BUF8CK
		BUFB1
		BUFB2
		BUFB3
		BUFT1
		BUFT2
		BUFT3
		BUFT4
		CMPE4
		CMPE4S
		DBFRBN
		DBFRSBN
		DBHRBN
		DBHRBS
		DBZRBN
		DBZRSBN
		DFCLRBN
		DFCRBN
		DFFRBP
		DFFRBT
		DFFRSBN
		DFFS
		DFFSBN
		DFTRBN
		DFTRBS
		DFZCLRBN
		DFZCRBN
		DFZN
		DFZP
		DFZRBN
		DFZRBP
		DFZRBS
		DFZRBT
		DFZRSBN
		DFZS
		DFZSBN
		DFZTRBN
		DFZTRBS
		DLHN
		DLHP
		DLHRBN
		DLHRBP
		DLHRBS
		DLHS
		FA1P
		FA1T
		FA2
		FA2P
		FA2S
		FA3
		FA3P
		FA3S
		FACS1
		FACS1P
		FACS1S
		FACS2
		FACS2P
		FACS2S
		GCKETF
		GCKETN
		GCKETP
		GCKETT
		HA1P
		HA1S
		HA1T
		HA2
		HA2P
		HA2T
		HA3
		HA3P
		HA3T
		INV1
		INV12
		INVT1
		INVT2
		INVT4
		JKFN
		JKFRBN
		JKFRBP
		JKZN
		JKZRBN
		JKZRBP
		MAO222S
		MAO222T
		MAOI1H
		MAOI1HP
		MAOI1HT
		MAOI1S
		MOAI1HT
		MULBE
		MULBEP
		MULBET
		MULPA
		MULPAP
		MULPAT
		MUX2F
		MUX2T
		MUX3P
		MUX3T
		MUX4
		MUX4P
		MUX4S
		MUX4T
		MUXB2P
		MUXB2T
		MUXB4
		MUXB4P
		MUXB4S
		MUXB4T
		MXL2H
		MXL2HF
		MXL2HP
		MXL2HT
		MXL3P
		MXL3S
		MXL3T
		ND4
		ND4P
		ND4S
		ND4T
		NR4
		NR4P
		NR4S
		NR4T
		OA112P
		OA112T
		OA12T
		OA13
		OA13P
		OA13T
		OA222P
		OA222T
		OA22P
		OA22T
		OAI112H
		OAI112HT
		OAI12HT
		OAI13H
		OAI13HP
		OAI13HS
		OAI13HT
		OAI222HP
		OAI22H
		OAI22HP
		OAI22HT
		OR2B1T
		OR3B1S
		OR3B1T
		OR3B2T
		OR3P
		OR3T
		PDI
		PDIX
		PUI
		QDBHN
		QDBHS
		QDFFRBN
		QDFFRBP
		QDFFRBS
		QDFFRBT
		QDFFRSBN
		QDFZN
		QDFZP
		QDFZRBN
		QDFZRBP
		QDFZRBS
		QDFZRBT
		QDFZRSBN
		QDFZS
		QDLHN
		QDLHP
		QDLHRBN
		QDLHRBP
		QDLHRBS
		QDLHS
		QDLHSN
		RAM2
		RAM2S
		RAM3
		RAM3S
		RAM5
		RAM5S
		XNR2H
		XNR2HP
		XNR2HT
		XNR3P
		XNR3S
		XNR3T
		XNR4
		XNR4P
		XNR4S
		XNR4T
		XOR2H
		XOR2HP
		XOR2HT
		XOR3P
		XOR4
		XOR4P
		XOR4S
		XOR4T
		dffsb_pri
		pulldown_IO
		pullup2_down_IO
		pullup_IO
		pullup_down_IO
		pullup_down_IO_IEO
		pullup_down_IO_PSCN
		pullup_down_ene_IO
		pullup_down_keep_IO
		pullup_down_keep_IO_03us
		pullup_down_keep_IO_IE
		pullup_down_keep_IO_IG
		pullup_inv_IO
		top_tb
xmelab: *W,DSEMEL: This SystemVerilog design will be simulated as per IEEE 1800-2009 SystemVerilog simulation semantics. Use -disable_sem2009 option for turning off SV 2009 simulation semantics.
	Reading SDF file from location "/home/user2/Vsd22/Vsd2298/Desktop/HW4_4/./pr/top_pr.sdf"
    .ROM_address(ROM_address),
                           |
xmelab: *W,CUVMPW (../sim/top_tb_WDT.sv,121|27): port sizes differ in port connection(32/12) for the instance(top_tb) .
	Annotating SDF timing data:
		Compiled SDF file:     top_pr.sdf.X
		Log file:              
		Backannotation scope:  top_tb.TOP
		Configuration file:    
		MTM control:           
		Scale factors:         
		Scale type:            
xmelab: *W,SDFNET: Unable to annotate to non-existent timing check (RECREM (posedge RB) (posedge CK) (-0.001) (0.211)) of instance top_tb.TOP.CPU_wrapper.CPU.ID.\IDEXEo.ID_csraddr_reg[11]  of module DFFRBS <../pr/top_pr.sdf, line 168049>.
xmelab: *W,SDFNET: Unable to annotate to non-existent timing check (RECREM (posedge RB) (posedge CK) (-0.001) (0.207)) of instance top_tb.TOP.CPU_wrapper.CPU.ID.\IDEXEo.ID_csraddr_reg[9]  of module DFFRBS <../pr/top_pr.sdf, line 168070>.
xmelab: *W,SDFNET: Unable to annotate to non-existent timing check (RECREM (posedge RB) (posedge CK) (-0.001) (0.211)) of instance top_tb.TOP.CPU_wrapper.CPU.ID.\IDEXEo.ID_csraddr_reg[7]  of module DFFRBS <../pr/top_pr.sdf, line 168091>.
xmelab: *W,SDFNET: Unable to annotate to non-existent timing check (RECREM (posedge RB) (posedge CK) (-0.001) (0.207)) of instance top_tb.TOP.CPU_wrapper.CPU.ID.\IDEXEo.ID_csraddr_reg[5]  of module DFFRBS <../pr/top_pr.sdf, line 168112>.
xmelab: *W,SDFNET: Unable to annotate to non-existent timing check (RECREM (posedge RB) (posedge CK) (-0.001) (0.207)) of instance top_tb.TOP.CPU_wrapper.CPU.ID.\IDEXEo.ID_rdaddr_reg[3]  of module DFFRBS <../pr/top_pr.sdf, line 168133>.
xmelab: *W,SDFNET: Unable to annotate to non-existent timing check (RECREM (posedge RB) (posedge CK) (-0.001) (0.211)) of instance top_tb.TOP.CPU_wrapper.CPU.ID.\IDEXEo.ID_Funct7_reg[4]  of module DFFRBS <../pr/top_pr.sdf, line 168154>.
xmelab: *W,SDFNET: Unable to annotate to non-existent timing check (RECREM (posedge RB) (posedge CK) (-0.001) (0.21)) of instance top_tb.TOP.CPU_wrapper.CPU.ID.\IDEXEo.ID_Funct7_reg[2]  of module DFFRBS <../pr/top_pr.sdf, line 168175>.
xmelab: *W,SDFNET: Unable to annotate to non-existent timing check (RECREM (posedge RB) (posedge CK) (-0.001) (0.211)) of instance top_tb.TOP.CPU_wrapper.CPU.ID.\IDEXEo.ID_Funct7_reg[0]  of module DFFRBS <../pr/top_pr.sdf, line 168196>.
xmelab: *W,SDFNET: Unable to annotate to non-existent timing check (RECREM (posedge RB) (posedge CK) (-0.001) (0.21)) of instance top_tb.TOP.CPU_wrapper.CPU.ID.\IDEXEo.ID_Funct3_reg[2]  of module DFFRBS <../pr/top_pr.sdf, line 168217>.
xmelab: *W,SDFNET: Unable to annotate to non-existent timing check (RECREM (posedge RB) (posedge CK) (-0.001) (0.207)) of instance top_tb.TOP.CPU_wrapper.CPU.ID.\IDEXEo.ID_rdaddr_reg[4]  of module DFFRBS <../pr/top_pr.sdf, line 168238>.
xmelab: *W,SDFNET: Unable to annotate to non-existent timing check (RECREM (posedge RB) (posedge CK) (-0.001) (0.207)) of instance top_tb.TOP.CPU_wrapper.CPU.ID.\IDEXEo.ID_rdaddr_reg[2]  of module DFFRBS <../pr/top_pr.sdf, line 168259>.
xmelab: *W,SDFNET: Unable to annotate to non-existent timing check (RECREM (posedge RB) (posedge CK) (-0.001) (0.207)) of instance top_tb.TOP.CPU_wrapper.CPU.ID.\IDEXEo.ID_rdaddr_reg[1]  of module DFFRBS <../pr/top_pr.sdf, line 168280>.
xmelab: *W,SDFNET: Unable to annotate to non-existent timing check (RECREM (posedge RB) (posedge CK) (-0.001) (0.207)) of instance top_tb.TOP.CPU_wrapper.CPU.ID.\IDEXEo.ID_rdaddr_reg[0]  of module DFFRBS <../pr/top_pr.sdf, line 168301>.
xmelab: *W,SDFNET: Unable to annotate to non-existent timing check (RECREM (posedge RB) (posedge CK) (-0.001) (0.21)) of instance top_tb.TOP.CPU_wrapper.CPU.ID.\IDEXEo.ID_Funct7_reg[6]  of module DFFRBS <../pr/top_pr.sdf, line 168322>.
xmelab: *W,SDFNET: Unable to annotate to non-existent timing check (RECREM (posedge RB) (posedge CK) (-0.001) (0.21)) of instance top_tb.TOP.CPU_wrapper.CPU.ID.\IDEXEo.ID_Funct7_reg[5]  of module DFFRBS <../pr/top_pr.sdf, line 168343>.
xmelab: *W,SDFNET: Unable to annotate to non-existent timing check (RECREM (posedge RB) (posedge CK) (-0.001) (0.211)) of instance top_tb.TOP.CPU_wrapper.CPU.ID.\IDEXEo.ID_Funct7_reg[3]  of module DFFRBS <../pr/top_pr.sdf, line 168364>.
xmelab: *W,SDFNET: Unable to annotate to non-existent timing check (RECREM (posedge RB) (posedge CK) (-0.001) (0.21)) of instance top_tb.TOP.CPU_wrapper.CPU.ID.\IDEXEo.ID_Funct7_reg[1]  of module DFFRBS <../pr/top_pr.sdf, line 168385>.
xmelab: *W,SDFNET: Unable to annotate to non-existent timing check (RECREM (posedge RB) (posedge CK) (-0.001) (0.21)) of instance top_tb.TOP.CPU_wrapper.CPU.ID.\IDEXEo.ID_Funct3_reg[1]  of module DFFRBS <../pr/top_pr.sdf, line 168406>.
xmelab: *W,SDFNET: Unable to annotate to non-existent timing check (RECREM (posedge RB) (posedge CK) (-0.001) (0.21)) of instance top_tb.TOP.CPU_wrapper.CPU.ID.\IDEXEo.ID_Funct3_reg[0]  of module DFFRBS <../pr/top_pr.sdf, line 168427>.
xmelab: *W,SDFNET: Unable to annotate to non-existent timing check (RECREM (posedge RB) (posedge CK) (-0.001) (0.208)) of instance top_tb.TOP.CPU_wrapper.CPU.ID.\ID_rs2addr_reg[2]  of module DFFRBN <../pr/top_pr.sdf, line 170768>.
xmelab: *W,SDFNET: Unable to annotate to non-existent timing check (RECREM (posedge RB) (posedge CK) (-0.001) (0.205)) of instance top_tb.TOP.CPU_wrapper.CPU.ID.\ID_rs2addr_reg[4]  of module DFFRBN <../pr/top_pr.sdf, line 170789>.
xmelab: *W,SDFNET: Unable to annotate to non-existent timing check (RECREM (posedge RB) (posedge CK) (-0.001) (0.208)) of instance top_tb.TOP.CPU_wrapper.CPU.ID.\ID_rs2addr_reg[3]  of module DFFRBN <../pr/top_pr.sdf, line 170810>.
xmelab: *W,SDFNET: Unable to annotate to non-existent timing check (RECREM (posedge RB) (posedge CK) (-0.001) (0.208)) of instance top_tb.TOP.CPU_wrapper.CPU.ID.\ID_rs1addr_reg[0]  of module DFFRBN <../pr/top_pr.sdf, line 170847>.
xmelab: *W,SDFNET: Unable to annotate to non-existent timing check (RECREM (posedge RB) (posedge CK) (-0.001) (0.208)) of instance top_tb.TOP.CPU_wrapper.CPU.ID.\ID_rs1addr_reg[3]  of module DFFRBN <../pr/top_pr.sdf, line 170868>.
xmelab: *W,SDFNET: Unable to annotate to non-existent timing check (RECREM (posedge RB) (posedge CK) (-0.001) (0.205)) of instance top_tb.TOP.CPU_wrapper.CPU.ID.\ID_rs2addr_reg[0]  of module DFFRBN <../pr/top_pr.sdf, line 170889>.
xmelab: *W,SDFNET: Unable to annotate to non-existent timing check (RECREM (posedge RB) (posedge CK) (-0.001) (0.205)) of instance top_tb.TOP.CPU_wrapper.CPU.ID.\ID_rs2addr_reg[1]  of module DFFRBN <../pr/top_pr.sdf, line 170910>.
xmelab: *W,SDFNET: Unable to annotate to non-existent timing check (RECREM (posedge RB) (posedge CK) (-0.001) (0.208)) of instance top_tb.TOP.CPU_wrapper.CPU.ID.\ID_rs1addr_reg[2]  of module DFFRBN <../pr/top_pr.sdf, line 170931>.
xmelab: *W,SDFNET: Unable to annotate to non-existent timing check (RECREM (posedge RB) (posedge CK) (-0.001) (0.208)) of instance top_tb.TOP.CPU_wrapper.CPU.ID.\ID_rs1addr_reg[1]  of module DFFRBN <../pr/top_pr.sdf, line 170952>.
xmelab: *W,SDFNET: Unable to annotate to non-existent timing check (RECREM (posedge RB) (posedge CK) (-0.001) (0.208)) of instance top_tb.TOP.CPU_wrapper.CPU.ID.\ID_rs1addr_reg[4]  of module DFFRBN <../pr/top_pr.sdf, line 170973>.
xmelab: *W,SDFNET: Unable to annotate to non-existent timing check (PERIOD (negedge CK) (3.936)) of instance top_tb.TOP.CPU_wrapper.L1CI.DA.i_data_array of module data_array <../pr/top_pr.sdf, line 260035>.
xmelab: *W,SDFNET: Unable to annotate to non-existent timing check (PERIOD (negedge CK) (3.939)) of instance top_tb.TOP.CPU_wrapper.L1CI.TA.i_tag_array of module tag_array <../pr/top_pr.sdf, line 260164>.
xmelab: *W,SDFNET: Unable to annotate to non-existent timing check (PERIOD (negedge CK) (3.934)) of instance top_tb.TOP.CPU_wrapper.L1CD.DA.i_data_array of module data_array <../pr/top_pr.sdf, line 277910>.
xmelab: *W,SDFNET: Unable to annotate to non-existent timing check (PERIOD (negedge CK) (3.939)) of instance top_tb.TOP.CPU_wrapper.L1CD.TA.i_tag_array of module tag_array <../pr/top_pr.sdf, line 278029>.
xmelab: *W,SDFNET: Unable to annotate to non-existent timing check (PERIOD (negedge CK) (6.393)) of instance top_tb.TOP.IM1.i_SRAM of module SRAM <../pr/top_pr.sdf, line 311832>.
xmelab: *W,SDFNET: Unable to annotate to non-existent timing check (PERIOD (negedge CK) (6.399)) of instance top_tb.TOP.DM1.i_SRAM of module SRAM <../pr/top_pr.sdf, line 316763>.
	Annotation completed with 0 Errors and 35 Warnings
	SDF statistics: 
		 No. of Pathdelays = 160711  	 No. of Disabled Pathdelays = 0        Annotated = 97.78% (157136/160711) 
		 No. of Tchecks    = 20639   	 No. of Disabled Tchecks    = 0        Annotated = 97.15% (20051/20639) 
				        Total(T) 	   Disabled(D) 	    Annotated(A)	  Percentage(A/(T-D))
		 Path Delays	        160711	             0	            157136	                 97.78
		       $hold	            76	             0	                 0	                  0.00
		     $period	             6	             0	                 6	                100.00
		      $width	          9743	             0	              9579	                 98.32
		   $recovery	            76	             0	                 0	                  0.00
		  $setuphold	         10738	             0	             10466	                 97.47
	$readmemh({prog_path, "/rom0.hex"}, i_ROM.Memory_byte0);
	                                                     |
xmelab: *W,MEMODR (../sim/top_tb_WDT.sv,203|54): $readmem default memory order incompatible with IEEE1364.
    $readmemh({prog_path, "/rom1.hex"}, i_ROM.Memory_byte1);
                                                         |
xmelab: *W,MEMODR (../sim/top_tb_WDT.sv,204|57): $readmem default memory order incompatible with IEEE1364.
    $readmemh({prog_path, "/rom2.hex"}, i_ROM.Memory_byte2);
                                                         |
xmelab: *W,MEMODR (../sim/top_tb_WDT.sv,205|57): $readmem default memory order incompatible with IEEE1364.
    $readmemh({prog_path, "/rom3.hex"}, i_ROM.Memory_byte3);
                                                         |
xmelab: *W,MEMODR (../sim/top_tb_WDT.sv,206|57): $readmem default memory order incompatible with IEEE1364.
	$readmemh({prog_path, "/dram0.hex"}, i_DRAM.Memory_byte0);
	                                                       |
xmelab: *W,MEMODR (../sim/top_tb_WDT.sv,207|56): $readmem default memory order incompatible with IEEE1364.
    $readmemh({prog_path, "/dram1.hex"}, i_DRAM.Memory_byte1);
                                                           |
xmelab: *W,MEMODR (../sim/top_tb_WDT.sv,208|59): $readmem default memory order incompatible with IEEE1364.
    $readmemh({prog_path, "/dram2.hex"}, i_DRAM.Memory_byte2);
                                                           |
xmelab: *W,MEMODR (../sim/top_tb_WDT.sv,209|59): $readmem default memory order incompatible with IEEE1364.
    $readmemh({prog_path, "/dram3.hex"}, i_DRAM.Memory_byte3);
                                                           |
xmelab: *W,MEMODR (../sim/top_tb_WDT.sv,210|59): $readmem default memory order incompatible with IEEE1364.
	Building instance overlay tables: .................... Done
	Generating native compiled code:
		worklib.top_tb:sv <0x34c19a68>
			streams:  35, words: 46669
		worklib.DRAM:sv <0x4fcdd448>
			streams:  49, words: 33865
		worklib.ROM:v <0x05d6983f>
			streams:   3, words:  1415
	Building instance specific data structures.
		FE_UNCONNECTEDZ_75,
		                 |
xmelab: *W,CSINFI (../pr/top_pr.v,107969|19): implicit wire has no fanin (top_tb.TOP.FE_UNCONNECTEDZ_75).
		FE_UNCONNECTEDZ_74,
		                 |
xmelab: *W,CSINFI (../pr/top_pr.v,107968|19): implicit wire has no fanin (top_tb.TOP.FE_UNCONNECTEDZ_74).
		FE_UNCONNECTEDZ_73,
		                 |
xmelab: *W,CSINFI (../pr/top_pr.v,107967|19): implicit wire has no fanin (top_tb.TOP.FE_UNCONNECTEDZ_73).
		FE_UNCONNECTEDZ_72,
		                 |
xmelab: *W,CSINFI (../pr/top_pr.v,107966|19): implicit wire has no fanin (top_tb.TOP.FE_UNCONNECTEDZ_72).
		FE_UNCONNECTEDZ_71,
		                 |
xmelab: *W,CSINFI (../pr/top_pr.v,107965|19): implicit wire has no fanin (top_tb.TOP.FE_UNCONNECTEDZ_71).
		FE_UNCONNECTEDZ_70,
		                 |
xmelab: *W,CSINFI (../pr/top_pr.v,107964|19): implicit wire has no fanin (top_tb.TOP.FE_UNCONNECTEDZ_70).
		FE_UNCONNECTEDZ_69,
		                 |
xmelab: *W,CSINFI (../pr/top_pr.v,107963|19): implicit wire has no fanin (top_tb.TOP.FE_UNCONNECTEDZ_69).
		FE_UNCONNECTEDZ_68,
		                 |
xmelab: *W,CSINFI (../pr/top_pr.v,107962|19): implicit wire has no fanin (top_tb.TOP.FE_UNCONNECTEDZ_68).
		FE_UNCONNECTEDZ_67,
		                 |
xmelab: *W,CSINFI (../pr/top_pr.v,107915|19): implicit wire has no fanin (top_tb.TOP.FE_UNCONNECTEDZ_67).
		FE_UNCONNECTEDZ_66,
		                 |
xmelab: *W,CSINFI (../pr/top_pr.v,107914|19): implicit wire has no fanin (top_tb.TOP.FE_UNCONNECTEDZ_66).
		FE_UNCONNECTEDZ_65,
		                 |
xmelab: *W,CSINFI (../pr/top_pr.v,107913|19): implicit wire has no fanin (top_tb.TOP.FE_UNCONNECTEDZ_65).
		FE_UNCONNECTEDZ_64,
		                 |
xmelab: *W,CSINFI (../pr/top_pr.v,107912|19): implicit wire has no fanin (top_tb.TOP.FE_UNCONNECTEDZ_64).
		FE_UNCONNECTEDZ_63,
		                 |
xmelab: *W,CSINFI (../pr/top_pr.v,107911|19): implicit wire has no fanin (top_tb.TOP.FE_UNCONNECTEDZ_63).
		FE_UNCONNECTEDZ_62,
		                 |
xmelab: *W,CSINFI (../pr/top_pr.v,107910|19): implicit wire has no fanin (top_tb.TOP.FE_UNCONNECTEDZ_62).
		FE_UNCONNECTEDZ_61,
		                 |
xmelab: *W,CSINFI (../pr/top_pr.v,107909|19): implicit wire has no fanin (top_tb.TOP.FE_UNCONNECTEDZ_61).
		FE_UNCONNECTEDZ_60,
		                 |
xmelab: *W,CSINFI (../pr/top_pr.v,107908|19): implicit wire has no fanin (top_tb.TOP.FE_UNCONNECTEDZ_60).
		FE_UNCONNECTEDZ_59 }),
		                 |
xmelab: *W,CSINFI (../pr/top_pr.v,107867|19): implicit wire has no fanin (top_tb.TOP.FE_UNCONNECTEDZ_59).
		FE_UNCONNECTEDZ_58,
		                 |
xmelab: *W,CSINFI (../pr/top_pr.v,107822|19): implicit wire has no fanin (top_tb.TOP.FE_UNCONNECTEDZ_58).
		FE_UNCONNECTEDZ_57,
		                 |
xmelab: *W,CSINFI (../pr/top_pr.v,107821|19): implicit wire has no fanin (top_tb.TOP.FE_UNCONNECTEDZ_57).
		FE_UNCONNECTEDZ_56,
		                 |
xmelab: *W,CSINFI (../pr/top_pr.v,107820|19): implicit wire has no fanin (top_tb.TOP.FE_UNCONNECTEDZ_56).
		FE_UNCONNECTEDZ_55,
		                 |
xmelab: *W,CSINFI (../pr/top_pr.v,107819|19): implicit wire has no fanin (top_tb.TOP.FE_UNCONNECTEDZ_55).
		FE_UNCONNECTEDZ_54,
		                 |
xmelab: *W,CSINFI (../pr/top_pr.v,107818|19): implicit wire has no fanin (top_tb.TOP.FE_UNCONNECTEDZ_54).
		FE_UNCONNECTEDZ_53,
		                 |
xmelab: *W,CSINFI (../pr/top_pr.v,107817|19): implicit wire has no fanin (top_tb.TOP.FE_UNCONNECTEDZ_53).
		FE_UNCONNECTEDZ_52,
		                 |
xmelab: *W,CSINFI (../pr/top_pr.v,107816|19): implicit wire has no fanin (top_tb.TOP.FE_UNCONNECTEDZ_52).
		FE_UNCONNECTEDZ_51,
		                 |
xmelab: *W,CSINFI (../pr/top_pr.v,107815|19): implicit wire has no fanin (top_tb.TOP.FE_UNCONNECTEDZ_51).
		FE_UNCONNECTEDZ_50,
		                 |
xmelab: *W,CSINFI (../pr/top_pr.v,107757|19): implicit wire has no fanin (top_tb.TOP.FE_UNCONNECTEDZ_50).
		FE_UNCONNECTEDZ_49,
		                 |
xmelab: *W,CSINFI (../pr/top_pr.v,107657|19): implicit wire has no fanin (top_tb.TOP.FE_UNCONNECTEDZ_49).
		FE_UNCONNECTEDZ_48,
		                 |
xmelab: *W,CSINFI (../pr/top_pr.v,107656|19): implicit wire has no fanin (top_tb.TOP.FE_UNCONNECTEDZ_48).
		FE_UNCONNECTEDZ_47,
		                 |
xmelab: *W,CSINFI (../pr/top_pr.v,107655|19): implicit wire has no fanin (top_tb.TOP.FE_UNCONNECTEDZ_47).
		FE_UNCONNECTEDZ_46,
		                 |
xmelab: *W,CSINFI (../pr/top_pr.v,107654|19): implicit wire has no fanin (top_tb.TOP.FE_UNCONNECTEDZ_46).
		FE_UNCONNECTEDZ_45,
		                 |
xmelab: *W,CSINFI (../pr/top_pr.v,107653|19): implicit wire has no fanin (top_tb.TOP.FE_UNCONNECTEDZ_45).
		FE_UNCONNECTEDZ_44,
		                 |
xmelab: *W,CSINFI (../pr/top_pr.v,107652|19): implicit wire has no fanin (top_tb.TOP.FE_UNCONNECTEDZ_44).
		FE_UNCONNECTEDZ_43,
		                 |
xmelab: *W,CSINFI (../pr/top_pr.v,107651|19): implicit wire has no fanin (top_tb.TOP.FE_UNCONNECTEDZ_43).
		FE_UNCONNECTEDZ_42,
		                 |
xmelab: *W,CSINFI (../pr/top_pr.v,107650|19): implicit wire has no fanin (top_tb.TOP.FE_UNCONNECTEDZ_42).
		FE_UNCONNECTEDZ_41,
		                 |
xmelab: *W,CSINFI (../pr/top_pr.v,107649|19): implicit wire has no fanin (top_tb.TOP.FE_UNCONNECTEDZ_41).
		FE_UNCONNECTEDZ_40,
		                 |
xmelab: *W,CSINFI (../pr/top_pr.v,107648|19): implicit wire has no fanin (top_tb.TOP.FE_UNCONNECTEDZ_40).
		FE_UNCONNECTEDZ_39,
		                 |
xmelab: *W,CSINFI (../pr/top_pr.v,107646|19): implicit wire has no fanin (top_tb.TOP.FE_UNCONNECTEDZ_39).
		FE_UNCONNECTEDZ_38,
		                 |
xmelab: *W,CSINFI (../pr/top_pr.v,107645|19): implicit wire has no fanin (top_tb.TOP.FE_UNCONNECTEDZ_38).
		FE_UNCONNECTEDZ_37,
		                 |
xmelab: *W,CSINFI (../pr/top_pr.v,107644|19): implicit wire has no fanin (top_tb.TOP.FE_UNCONNECTEDZ_37).
		FE_UNCONNECTEDZ_36,
		                 |
xmelab: *W,CSINFI (../pr/top_pr.v,107596|19): implicit wire has no fanin (top_tb.TOP.FE_UNCONNECTEDZ_36).
		FE_UNCONNECTEDZ_35,
		                 |
xmelab: *W,CSINFI (../pr/top_pr.v,107593|19): implicit wire has no fanin (top_tb.TOP.FE_UNCONNECTEDZ_35).
		FE_UNCONNECTEDZ_34,
		                 |
xmelab: *W,CSINFI (../pr/top_pr.v,107590|19): implicit wire has no fanin (top_tb.TOP.FE_UNCONNECTEDZ_34).
		FE_UNCONNECTEDZ_33,
		                 |
xmelab: *W,CSINFI (../pr/top_pr.v,107589|19): implicit wire has no fanin (top_tb.TOP.FE_UNCONNECTEDZ_33).
		FE_UNCONNECTEDZ_32,
		                 |
xmelab: *W,CSINFI (../pr/top_pr.v,107587|19): implicit wire has no fanin (top_tb.TOP.FE_UNCONNECTEDZ_32).
		FE_UNCONNECTEDZ_31,
		                 |
xmelab: *W,CSINFI (../pr/top_pr.v,107586|19): implicit wire has no fanin (top_tb.TOP.FE_UNCONNECTEDZ_31).
		FE_UNCONNECTEDZ_30,
		                 |
xmelab: *W,CSINFI (../pr/top_pr.v,107544|19): implicit wire has no fanin (top_tb.TOP.FE_UNCONNECTEDZ_30).
		FE_UNCONNECTEDZ_29,
		                 |
xmelab: *W,CSINFI (../pr/top_pr.v,107543|19): implicit wire has no fanin (top_tb.TOP.FE_UNCONNECTEDZ_29).
		FE_UNCONNECTEDZ_28,
		                 |
xmelab: *W,CSINFI (../pr/top_pr.v,107542|19): implicit wire has no fanin (top_tb.TOP.FE_UNCONNECTEDZ_28).
		FE_UNCONNECTEDZ_27,
		                 |
xmelab: *W,CSINFI (../pr/top_pr.v,107541|19): implicit wire has no fanin (top_tb.TOP.FE_UNCONNECTEDZ_27).
		FE_UNCONNECTEDZ_26,
		                 |
xmelab: *W,CSINFI (../pr/top_pr.v,107540|19): implicit wire has no fanin (top_tb.TOP.FE_UNCONNECTEDZ_26).
		FE_UNCONNECTEDZ_25,
		                 |
xmelab: *W,CSINFI (../pr/top_pr.v,107539|19): implicit wire has no fanin (top_tb.TOP.FE_UNCONNECTEDZ_25).
		FE_UNCONNECTEDZ_24,
		                 |
xmelab: *W,CSINFI (../pr/top_pr.v,107538|19): implicit wire has no fanin (top_tb.TOP.FE_UNCONNECTEDZ_24).
		FE_UNCONNECTEDZ_23,
		                 |
xmelab: *W,CSINFI (../pr/top_pr.v,107537|19): implicit wire has no fanin (top_tb.TOP.FE_UNCONNECTEDZ_23).
		FE_UNCONNECTEDZ_22,
		                 |
xmelab: *W,CSINFI (../pr/top_pr.v,107536|19): implicit wire has no fanin (top_tb.TOP.FE_UNCONNECTEDZ_22).
		FE_UNCONNECTEDZ_21,
		                 |
xmelab: *W,CSINFI (../pr/top_pr.v,107534|19): implicit wire has no fanin (top_tb.TOP.FE_UNCONNECTEDZ_21).
		FE_UNCONNECTEDZ_20,
		                 |
xmelab: *W,CSINFI (../pr/top_pr.v,107485|19): implicit wire has no fanin (top_tb.TOP.FE_UNCONNECTEDZ_20).
		FE_UNCONNECTEDZ_19,
		                 |
xmelab: *W,CSINFI (../pr/top_pr.v,107484|19): implicit wire has no fanin (top_tb.TOP.FE_UNCONNECTEDZ_19).
		FE_UNCONNECTEDZ_18,
		                 |
xmelab: *W,CSINFI (../pr/top_pr.v,107482|19): implicit wire has no fanin (top_tb.TOP.FE_UNCONNECTEDZ_18).
		FE_UNCONNECTEDZ_17,
		                 |
xmelab: *W,CSINFI (../pr/top_pr.v,107481|19): implicit wire has no fanin (top_tb.TOP.FE_UNCONNECTEDZ_17).
		FE_UNCONNECTEDZ_16,
		                 |
xmelab: *W,CSINFI (../pr/top_pr.v,107479|19): implicit wire has no fanin (top_tb.TOP.FE_UNCONNECTEDZ_16).
		FE_UNCONNECTEDZ_15,
		                 |
xmelab: *W,CSINFI (../pr/top_pr.v,107478|19): implicit wire has no fanin (top_tb.TOP.FE_UNCONNECTEDZ_15).
		FE_UNCONNECTEDZ_14,
		                 |
xmelab: *W,CSINFI (../pr/top_pr.v,107475|19): implicit wire has no fanin (top_tb.TOP.FE_UNCONNECTEDZ_14).
		FE_UNCONNECTEDZ_13,
		                 |
xmelab: *W,CSINFI (../pr/top_pr.v,107472|19): implicit wire has no fanin (top_tb.TOP.FE_UNCONNECTEDZ_13).
		FE_UNCONNECTEDZ_12,
		                 |
xmelab: *W,CSINFI (../pr/top_pr.v,107422|19): implicit wire has no fanin (top_tb.TOP.FE_UNCONNECTEDZ_12).
		FE_UNCONNECTEDZ_11,
		                 |
xmelab: *W,CSINFI (../pr/top_pr.v,107421|19): implicit wire has no fanin (top_tb.TOP.FE_UNCONNECTEDZ_11).
		FE_UNCONNECTEDZ_10,
		                 |
xmelab: *W,CSINFI (../pr/top_pr.v,107338|19): implicit wire has no fanin (top_tb.TOP.FE_UNCONNECTEDZ_10).
		FE_UNCONNECTEDZ_9,
		                |
xmelab: *W,CSINFI (../pr/top_pr.v,107337|18): implicit wire has no fanin (top_tb.TOP.FE_UNCONNECTEDZ_9).
		FE_UNCONNECTEDZ_8,
		                |
xmelab: *W,CSINFI (../pr/top_pr.v,107336|18): implicit wire has no fanin (top_tb.TOP.FE_UNCONNECTEDZ_8).
		FE_UNCONNECTEDZ_7,
		                |
xmelab: *W,CSINFI (../pr/top_pr.v,107335|18): implicit wire has no fanin (top_tb.TOP.FE_UNCONNECTEDZ_7).
		FE_UNCONNECTEDZ_6,
		                |
xmelab: *W,CSINFI (../pr/top_pr.v,107334|18): implicit wire has no fanin (top_tb.TOP.FE_UNCONNECTEDZ_6).
		FE_UNCONNECTEDZ_5,
		                |
xmelab: *W,CSINFI (../pr/top_pr.v,107333|18): implicit wire has no fanin (top_tb.TOP.FE_UNCONNECTEDZ_5).
		FE_UNCONNECTEDZ_4,
		                |
xmelab: *W,CSINFI (../pr/top_pr.v,107332|18): implicit wire has no fanin (top_tb.TOP.FE_UNCONNECTEDZ_4).
		FE_UNCONNECTEDZ_3,
		                |
xmelab: *W,CSINFI (../pr/top_pr.v,107331|18): implicit wire has no fanin (top_tb.TOP.FE_UNCONNECTEDZ_3).
		FE_UNCONNECTEDZ_2,
		                |
xmelab: *W,CSINFI (../pr/top_pr.v,107330|18): implicit wire has no fanin (top_tb.TOP.FE_UNCONNECTEDZ_2).
		FE_UNCONNECTEDZ_1,
		                |
xmelab: *W,CSINFI (../pr/top_pr.v,107329|18): implicit wire has no fanin (top_tb.TOP.FE_UNCONNECTEDZ_1).
		FE_UNCONNECTEDZ_0,
		                |
xmelab: *W,CSINFI (../pr/top_pr.v,107328|18): implicit wire has no fanin (top_tb.TOP.FE_UNCONNECTEDZ_0).
	.Funct3({ FE_UNCONNECTEDZ_0,
	                          |
xmelab: *W,CSINFI (../pr/top_pr.v,46508|27): implicit wire has no fanin (top_tb.TOP.CPU_wrapper.CPU.EXE.FE_UNCONNECTEDZ_0).
	.funct3({ FE_UNCONNECTEDZ_1,
	                          |
xmelab: *W,CSINFI (../pr/top_pr.v,46522|27): implicit wire has no fanin (top_tb.TOP.CPU_wrapper.CPU.EXE.FE_UNCONNECTEDZ_1).
	Loading native compiled code:     .................... Done
	Design hierarchy summary:
		                     Instances  Unique
		Modules:                 21304     459
		UDPs:                     5365      11
		Primitives:              41331      14
		Timing outputs:          21960     600
		Registers:                7054     848
		Scalar wires:            27183       -
		Expanded wires:            519      13
		Vectored wires:             66       -
		Named events:               90      66
		Always blocks:             195     159
		Initial blocks:            100      19
		Cont. assignments:          54      76
		Pseudo assignments:         25      25
		Timing checks:           31377    5969
		Interconnect:            59628    4214
		Delayed tcheck signals:   9813    5603
		Assertions:                  5       5
		Simulation timescale:      1ps
	Writing initial simulation snapshot: worklib.AN3B1P:lib
Loading snapshot worklib.AN3B1P:lib .................... Done
xmsim: *W,DSEM2009: This SystemVerilog design is simulated as per IEEE 1800-2009 SystemVerilog simulation semantics. Use -disable_sem2009 option for turning off SV 2009 simulation semantics.
*Verdi* Loading libsscore_ius152.so
xcelium> source /usr/cad/cadence/XCELIUM/XCELIUM_20.09.007/tools/xcelium/files/xmsimrc
xcelium> run
CYCLE = 12.500000, CYCLE2 = 100.000000
** MEM_Error: Unknown value occurred (             7270 ps) in Address of top_tb.TOP.CPU_wrapper.L1CD.DA.i_data_array.ErrorMessage
** MEM_Error: Unknown value occurred (             7300 ps) in Address of top_tb.TOP.CPU_wrapper.L1CI.DA.i_data_array.ErrorMessage
** MEM_Error: Unknown value occurred (             7320 ps) in Address of top_tb.TOP.CPU_wrapper.L1CD.TA.i_tag_array.ErrorMessage
** MEM_Error: Unknown value occurred (             7320 ps) in Address of top_tb.TOP.CPU_wrapper.L1CI.TA.i_tag_array.ErrorMessage
** MEM_Error: Unknown value occurred (        853252890 ps) in Address of top_tb.TOP.CPU_wrapper.L1CD.DA.i_data_array.ErrorMessage
** MEM_Error: Unknown value occurred (        853252940 ps) in Address of top_tb.TOP.CPU_wrapper.L1CD.TA.i_tag_array.ErrorMessage
`dram_word(`TEST_START) = ffffffff, cycle_number =       68392
`ismem_word(`FOR_LOOP_ADDR) = 0000006f
              854913
** MEM_Error: Unknown value occurred (       2720876340 ps) in Address of top_tb.TOP.CPU_wrapper.L1CD.DA.i_data_array.ErrorMessage
** MEM_Error: Unknown value occurred (       2720876390 ps) in Address of top_tb.TOP.CPU_wrapper.L1CD.TA.i_tag_array.ErrorMessage
`dram_word(`TEST_START)2 = ffffffff, cycle_number =      217802
             2722538

Warning!  Timing violation
           $setuphold<hold>( posedge CK:8526250395 PS, negedge D:8526250326 PS,  16.0 : 160 PS,  -2.4 : -24 PS );
           Scope: top_tb.TOP.WDT_wrapper.WDT.wdlive1_reg
            Time: 8526250407 PS


Done

DRAM[262144] = ffffffff, pass
DRAM[262145] = 00078d98, pass
Open failed on file "/home/user2/Vsd22/Vsd2298/Desktop/HW4_4/./sim/prog4/result_pr.txt". No such file or directory




        ****************************               
        **                        **       |__||  
        **  Congratulations !!    **      / O.O  | 
        **                        **    /_____   | 
        **  Simulation PASS!!     **   /^ ^ ^ \  |
        **                        **  |^ ^ ^ ^ |w| 
        ****************************   \m___m__|_|


Simulation complete via $finish(1) at time 8833187500 PS + 0
../sim/top_tb_WDT.sv:265     $finish;
xcelium> exit
TOOL:	xrun(64)	20.09-s007: Exiting on Dec 23, 2022 at 04:34:56 CST  (total: 00:14:13)
