
main:     file format elf32-littleriscv
main
architecture: riscv:rv32, flags 0x00000112:
EXEC_P, HAS_SYMS, D_PAGED
start address 0x00000000

Program Header:
    LOAD off    0x00001000 vaddr 0x00000000 paddr 0x00000000 align 2**12
         filesz 0x0000028c memsz 0x0000028c flags r-x
    LOAD off    0x00002000 vaddr 0x00010000 paddr 0x20000000 align 2**12
         filesz 0x00000a5c memsz 0x00000a5c flags r-x
    LOAD off    0x00000000 vaddr 0x20100000 paddr 0x20100000 align 2**12
         filesz 0x00000000 memsz 0x00001000 flags rw-
    LOAD off    0x00003000 vaddr 0x00020000 paddr 0x20101000 align 2**12
         filesz 0x00000000 memsz 0x00001000 flags rw-

Sections:
Idx Name          Size      VMA       LMA       File off  Algn
  0 .text0        0000028c  00000000  00000000  00001000  2**2
                  CONTENTS, ALLOC, LOAD, READONLY, CODE
  1 .text1        00000a58  00010000  20000000  00002000  2**2
                  CONTENTS, ALLOC, LOAD, READONLY, CODE
  2 .rodata       00000004  00010a58  20000a58  00002a58  2**0
                  CONTENTS, ALLOC, LOAD, READONLY, DATA
  3 _test         00001000  20100000  20100000  00003000  2**0
                  ALLOC
  4 .data         00000000  00020000  20101000  00003000  2**0
                  CONTENTS, ALLOC, LOAD, DATA
  5 .bss          00000000  00020000  20101000  00003000  2**0
                  ALLOC
  6 .stack        00001000  00020000  20101000  00003000  2**0
                  ALLOC
  7 .comment      00000012  00000000  00000000  00003000  2**0
                  CONTENTS, READONLY
  8 .riscv.attributes 0000001c  00000000  00000000  00003012  2**0
                  CONTENTS, READONLY
SYMBOL TABLE:
00000000 l    d  .text0	00000000 .text0
00010000 l    d  .text1	00000000 .text1
00010a58 l    d  .rodata	00000000 .rodata
20100000 l    d  _test	00000000 _test
00020000 l    d  .data	00000000 .data
00020000 l    d  .bss	00000000 .bss
00020000 l    d  .stack	00000000 .stack
00000000 l    d  .comment	00000000 .comment
00000000 l    d  .riscv.attributes	00000000 .riscv.attributes
00000000 l    df *ABS*	00000000 setup.o
00000084 l       .text0	00000000 init_bss
00000108 l       .text0	00000000 fill_block
0000009c l       .text0	00000000 init_sbss
000000b4 l       .text0	00000000 write_stack_pattern
000000cc l       .text0	00000000 init_stack
000000d4 l       .text0	00000000 write_test_pattern
000000ec l       .text0	00000000 SystemInit
000000f4 l       .text0	00000000 SystemExit
00000104 l       .text0	00000000 dead_loop
00000118 l       .text0	00000000 fb_end
00000000 l    df *ABS*	00000000 boot.c
00000000 l    df *ABS*	00000000 main.o
00010010 l       .text1	00000000 add
0001004c l       .text1	00000000 sub
00010088 l       .text1	00000000 sll
000100c4 l       .text1	00000000 slt
00010100 l       .text1	00000000 sltu
00010140 l       .text1	00000000 xor
00010184 l       .text1	00000000 srl
000101c8 l       .text1	00000000 sra
0001020c l       .text1	00000000 or
00010254 l       .text1	00000000 and
00010298 l       .text1	00000000 load
00010a58 l       .rodata	00000000 lw_data
0001033c l       .text1	00000000 addi
00010388 l       .text1	00000000 slti
000103d4 l       .text1	00000000 sltiu
00010424 l       .text1	00000000 xori
00010470 l       .text1	00000000 ori
000104bc l       .text1	00000000 andi
00010510 l       .text1	00000000 slli
00010560 l       .text1	00000000 srli
000105b4 l       .text1	00000000 srai
00010608 l       .text1	00000000 jalr
0001068c l       .text1	00000000 store
000106f4 l       .text1	00000000 beq
00010754 l       .text1	00000000 bne
000107b4 l       .text1	00000000 blt
0001083c l       .text1	00000000 bge
000108b8 l       .text1	00000000 bltu
00010934 l       .text1	00000000 bgeu
000109b0 l       .text1	00000000 auipc
000109cc l       .text1	00000000 lui
000109e8 l       .text1	00000000 jal
00010a0c l       .text1	00000000 rdinst
00010a2c l       .text1	00000000 rdcycle
00010a4c l       .text1	00000000 main_exit
20100000 g       _test	00000000 _test_start
20101000 g       *ABS*	00000000 __data_paddr_start
00020000 g       _test	00000000 __sbss_start
00020800 g       _test	00000000 _gp
20101000 g       _test	00000000 _test_end
00010000 g       .text1	00000000 _imem_start
00001000 g       *ABS*	00000000 _TEST_SIZE
20101000 g       *ABS*	00000000 __sdata_paddr_start
00020000 g       _test	00000000 __sdata_start
00010a5c g       .rodata	00000000 __rodata_end
0000011c g     F .text0	00000170 boot
00020000 g       .bss	00000000 __bss_end
00020000 g       _test	00000000 __sbss_end
00000000 g       .text0	00000000 _start
00010a58 g       .rodata	00000000 __rodata_start
00020000 g       .data	00000000 __data_end
20000000 g       .rodata	00000000 _dram_i_start
00020000 g       .bss	00000000 __bss_start
00001000 g       *ABS*	00000000 _STACK_SIZE
0002fffc g       .stack	00000000 _sim_end
00010000 g       .text1	00000000 main
00020000 g       .stack	00000000 _stack_end
00020000 g       _test	00000000 __sdata_end
20000a5c g       .rodata	00000000 _dram_i_end
00021000 g       .stack	00000000 __stack
00030000 g       .stack	00000000 _end
00021000 g       .stack	00000000 _stack
00020000 g       .data	00000000 __data_start


Contents of section .text0:
 0000 93000000 13010000 93010000 13020000  ................
 0010 93020000 13030000 93030000 13040000  ................
 0020 93040000 13050000 93050000 13060000  ................
 0030 93060000 13070000 93070000 13080000  ................
 0040 93080000 13090000 93090000 130a0000  ................
 0050 930a0000 130b0000 930b0000 130c0000  ................
 0060 930c0000 130d0000 930d0000 130e0000  ................
 0070 930e0000 130f0000 930f0000 97010200  ................
 0080 93814178 17050200 1305c5f7 97050200  ..Ax............
 0090 938505f7 13060000 ef000007 17050200  ................
 00a0 130545f6 97050200 938585f5 13060000  ..E.............
 00b0 ef008005 17050200 1305c5f4 97150200  ................
 00c0 938505f4 13060000 ef000004 17110200  ................
 00d0 130141f3 17051020 1305c5f2 97151020  ..A.... ....... 
 00e0 938505f2 13060000 ef000002 ef000003  ................
 00f0 eff01071 97020300 938282f0 1303f0ff  ...q............
 0100 23a06200 6f000000 63e8a500 2320c500  #.b.o...c...# ..
 0110 13054500 6ff05fff 67800000 130101fe  ..E.o._.g.......
 0120 232e8100 13040102 b7170020 1387c7a5  #.......... ....
 0130 b7070020 93870700 b307f740 93d72740  ... .......@..'@
 0140 93871700 2324f4fe 232604fe 6f000004  ....#$..#&..o...
 0150 8327c4fe 13972700 b7070020 93870700  .'....'.... ....
 0160 3307f700 8327c4fe 93962700 b7070100  3....'....'.....
 0170 93870700 b387f600 03270700 23a0e700  .........'..#...
 0180 8327c4fe 93871700 2326f4fe 0327c4fe  .'......#&...'..
 0190 832784fe e34ef7fa b7070200 13870700  .'...N..........
 01a0 b7070200 93870700 b307f740 93d72740  ...........@..'@
 01b0 93871700 2324f4fe 232604fe 6f000004  ....#$..#&..o...
 01c0 8327c4fe 13972700 b7171020 93870700  .'....'.... ....
 01d0 3307f700 8327c4fe 93962700 b7070200  3....'....'.....
 01e0 93870700 b387f600 03270700 23a0e700  .........'..#...
 01f0 8327c4fe 93871700 2326f4fe 0327c4fe  .'......#&...'..
 0200 832784fe e34ef7fa b7070200 13870700  .'...N..........
 0210 b7070200 93870700 b307f740 93d72740  ...........@..'@
 0220 93871700 2324f4fe 232604fe 6f000004  ....#$..#&..o...
 0230 8327c4fe 13972700 b7171020 93870700  .'....'.... ....
 0240 3307f700 8327c4fe 93962700 b7070200  3....'....'.....
 0250 93870700 b387f600 03270700 23a0e700  .........'..#...
 0260 8327c4fe 93871700 2326f4fe 0327c4fe  .'......#&...'..
 0270 832784fe e34ef7fa 13000000 13000000  .'...N..........
 0280 0324c101 13010102 67800000           .$......g...    
Contents of section .text1:
 10000 1301c1ff 23208100 17040f20 130484ff  ....# ..... ....
 10010 9302f0ff 1303f0ff b3826200 b3826200  ..........b...b.
 10020 b3826200 b3826200 b3826200 1303e0ff  ..b...b...b.....
 10030 b3025300 b3025300 b3025300 b3025300  ..S...S...S...S.
 10040 b3025300 23205400 13044400 93020000  ..S.# T...D.....
 10050 1303f0ff b3826240 b3826240 b3826240  ......b@..b@..b@
 10060 b3826240 b3826240 1303d0ff b3025340  ..b@..b@......S@
 10070 b3025340 b3025340 b3025340 b3025340  ..S@..S@..S@..S@
 10080 23205400 13044400 93021000 13031000  # T...D.........
 10090 b3926200 b3926200 b3926200 b3926200  ..b...b...b...b.
 100a0 b3926200 13032000 b3125300 b3125300  ..b... ...S...S.
 100b0 b3125300 b3125300 b3125300 23205400  ..S...S...S.# T.
 100c0 13044400 9302f0ff 13031000 b3a26200  ..D...........b.
 100d0 b3a26200 b3a26200 b3a26200 b3a26200  ..b...b...b...b.
 100e0 1303f0ff b3225300 b3225300 b3225300  ....."S.."S.."S.
 100f0 b3225300 b3225300 23205400 13044400  ."S.."S.# T...D.
 10100 9302f0ff 13031000 b3b26200 b3b26200  ..........b...b.
 10110 b3b26200 b3b26200 b3b26200 b3b26200  ..b...b...b...b.
 10120 13030000 b3325300 b3325300 b3325300  .....2S..2S..2S.
 10130 b3325300 b3325300 23205400 13044400  .2S..2S.# T...D.
 10140 9302f0ff 37f3f0f0 1303030f b3c26200  ....7.........b.
 10150 b3c26200 b3c26200 b3c26200 b3c26200  ..b...b...b...b.
 10160 37737777 13037377 b3425300 b3425300  7sww..sw.BS..BS.
 10170 b3425300 b3425300 b3425300 23205400  .BS..BS..BS.# T.
 10180 13044400 9302f0ff 37b3ec75 13034386  ..D.....7..u..C.
 10190 b3d26200 b3d26200 b3d26200 b3d26200  ..b...b...b...b.
 101a0 b3d26200 37533412 13038367 b3525300  ..b.7S4....g.RS.
 101b0 b3525300 b3525300 b3525300 b3525300  .RS..RS..RS..RS.
 101c0 23205400 13044400 b7426587 93821232  # T...D..Be....2
 101d0 13034000 b3d26240 b3d26240 b3d26240  ..@...b@..b@..b@
 101e0 b3d26240 b3d26240 37737777 13037377  ..b@..b@7sww..sw
 101f0 b3525340 b3525340 b3525340 b3525340  .RS@.RS@.RS@.RS@
 10200 b3525340 23205400 13044400 b7523412  .RS@# T...D..R4.
 10210 93828267 37c3dcfe 130383a9 b3e26200  ...g7.........b.
 10220 b3e26200 b3e26200 b3e26200 b3e26200  ..b...b...b...b.
 10230 37034062 13035328 b3625300 b3625300  7.@b..S(.bS..bS.
 10240 b3625300 b3625300 b3625300 23205400  .bS..bS..bS.# T.
 10250 13044400 b7523412 93828267 1303f0ff  ..D..R4....g....
 10260 b3f26200 b3f26200 b3f26200 b3f26200  ..b...b...b...b.
 10270 b3f26200 37f3f0f0 1303030f b3725300  ..b.7........rS.
 10280 b3725300 b3725300 b3725300 b3725300  .rS..rS..rS..rS.
 10290 23205400 13044400 17030000 1303037c  # T...D........|
 102a0 83220300 1301c1fe 23205100 93020100  ."......# Q.....
 102b0 23225100 93024100 23245100 93028100  #"Q...A.#$Q.....
 102c0 23265100 9302c100 23285100 93020101  #&Q.....#(Q.....
 102d0 83a20200 83a20200 83a20200 83a20200  ................
 102e0 83a20200 13014101 0323c1ff 832381ff  ......A..#...#..
 102f0 032e41ff 832e01ff 032fc1fe 3303d301  ..A....../..3...
 10300 b383c301 33037340 3303e301 b3826200  ....3.s@3.....b.
 10310 13040401 232854fe 030304ff 831304ff  ....#(T.........
 10320 034e04ff 835e04ff 232a64fe 232c74fe  .N...^..#*d.#,t.
 10330 232ec4ff 2320d401 13044400 9302f0ff  #...# ....D.....
 10340 9382f2ff 93825276 93828288 93822243  ......Rv......"C
 10350 9382c2ab 13031052 930323ce 130eb313  .......R..#.....
 10360 930e9349 130f1380 930f83a6 b383c301  ...I............
 10370 b38eee01 b382f201 b383d301 b3827200  ..............r.
 10380 23205400 13044400 9302f0ff 93a2f2ff  # T...D.........
 10390 93a2823e 93a20283 93a21200 93a27245  ...>..........rE
 103a0 130360c6 932343c9 132eb322 932e4383  ..`..#C...."..C.
 103b0 132f0300 932f63c6 b383c301 b38eee01  ./.../c.........
 103c0 b382f201 b383d301 b3827200 23205400  ..........r.# T.
 103d0 13044400 9302e0ff 93b2f2ff 93b2823e  ..D............>
 103e0 93b20283 93b212f0 93b21200 37c3aaaa  ............7...
 103f0 1303b3bb 933343c9 133eb322 933e4383  .....3C..>.".>C.
 10400 133f0300 933f63c6 b383c301 b38eee01  .?...?c.........
 10410 b382f201 b383d301 b3827200 23205400  ..........r.# T.
 10420 13044400 9302f0ff 93c2b207 93c25297  ..D...........R.
 10430 93c212cc 93c2127f 93c2324a 13037038  ..........2J..p8
 10440 934333ee 134e430a 934e636e 134f9389  .C3..NC..Ncn.O..
 10450 934f934b b383c301 b38eee01 b382f201  .O.K............
 10460 b383d301 b3827200 23205400 13044400  ......r.# T...D.
 10470 93021000 93e2c21b 93e2526e 93e2d2ed  ..........Rn....
 10480 93e2c209 93e22250 13033078 9363d311  ......"P..0x.c..
 10490 136ec3f5 936ea391 136f7376 936f73b4  .n...n...osv.os.
 104a0 b383c301 b38eee01 b382f201 b383d301  ................
 104b0 b3827200 23205400 13044400 b7f2cdab  ..r.# T...D.....
 104c0 938282f9 93f232eb 93f242f4 93f29220  ......2...B.... 
 104d0 93f272e8 93f25235 37533412 13038367  ..r...R57S4....g
 104e0 9373137f 137ea30d 937e43ec 137ff34a  .s...~...~C....J
 104f0 937f93cf b383c301 b38eee01 b382f201  ................
 10500 b383d301 b3827200 23205400 13044400  ......r.# T...D.
 10510 9302a000 93922200 93925200 93927200  ......"...R...r.
 10520 9392a200 93926200 3743b21a 130343cd  ......b.7C....C.
 10530 9313f300 131e6300 931ec301 131f1301  ......c.........
 10540 931f7300 b383c301 b38eee01 b382f201  ..s.............
 10550 b383d301 b3827200 23205400 13044400  ......r.# T...D.
 10560 b7c2b2a1 9382423d 93d23200 93d24200  ......B=..2...B.
 10570 93d26200 93d2b200 93d27200 3783bfaa  ..b.......r.7...
 10580 1303c390 93539301 135e0301 935e2301  .....S...^...^#.
 10590 135fb301 935f1301 b383c301 b38eee01  ._..._..........
 105a0 b382f201 b383d301 b3827200 23205400  ..........r.# T.
 105b0 13044400 b7c2b2a1 9382423d 93d25240  ..D.......B=..R@
 105c0 93d22240 93d28240 93d29240 93d24240  .."@...@...@..B@
 105d0 3783bfaa 1303c390 9353d340 135e8340  7........S.@.^.@
 105e0 935e9340 135fe340 935f4340 b383c301  .^.@._.@._C@....
 105f0 b38eee01 b382f201 b383d301 b3827200  ..............r.
 10600 23205400 13044400 b7f2ffff 17030000  # T...D.........
 10610 13030302 67030300 93e21200 67034300  ....g.......g.C.
 10620 93e24200 67034300 93e20201 67034300  ..B.g.C.....g.C.
 10630 93e21200 67034300 93e28200 17030000  ....g.C.........
 10640 13030303 e70303fe 93e20202 670e83fe  ............g...
 10650 93e20204 e70e03ff 93e20208 670f83ff  ............g...
 10660 93e20210 e70f0300 93e20220 b383c341  ........... ...A
 10670 b38eee41 b38f6f40 b383d301 3383f301  ...A..o@....3...
 10680 b3926200 23205400 13044400 9302f000  ..b.# T...D.....
 10690 1303000f b7130000 938303f0 37fe0000  ............7...
 106a0 b75e3412 938e8e67 13044401 232e54fe  .^4....g..D.#.T.
 106b0 232c64fe 232a74fe 2328c4ff 2326d4ff  #,d.#*t.#(..#&..
 106c0 13044401 032f84fd 832e04ff 232ee4ff  ..D../......#...
 106d0 230ce4ff 231ae4ff a309e4ff 2317e4ff  #...#.......#...
 106e0 832204ff 0323c4fe b3035300 13044400  ."...#....S...D.
 106f0 232e74fe b7f2ffff 37f3ffff 37130000  #.t.....7...7...
 10700 130303ff 638c6202 638a6202 63886202  ....c.b.c.b.c.b.
 10710 63866202 63846202 37f3ffff 37130000  c.b.c.b.7...7...
 10720 1303f3ff 630c5300 630a5300 63085300  ....c.S.c.S.c.S.
 10730 63065300 63045300 6f008000 93e21200  c.S.c.S.o.......
 10740 1343f3ff 63846200 93e22200 23205400  .C..c.b...".# T.
 10750 13044400 b7f2ffff 37130000 130303ff  ..D.....7.......
 10760 37f3ffff 639c6202 639a6202 63986202  7...c.b.c.b.c.b.
 10770 63966202 63946202 37130000 1303f3ff  c.b.c.b.7.......
 10780 37f3ffff 631c5300 631a5300 63185300  7...c.S.c.S.c.S.
 10790 63165300 63145300 6f008000 93e21200  c.S.c.S.o.......
 107a0 1343f3ff 63946200 93e22200 23205400  .C..c.b...".# T.
 107b0 13044400 b7f2ffff 37130000 130303ff  ..D.....7.......
 107c0 1383c2ff 63cc6202 63ca6202 63c86202  ....c.b.c.b.c.b.
 107d0 63c66202 63c46202 37130000 1303f3ff  c.b.c.b.7.......
 107e0 13834200 634c5300 634a5300 63485300  ..B.cLS.cJS.cHS.
 107f0 63465300 63445300 6f008000 93e21200  cFS.cDS.o.......
 10800 37130000 1303f3ff 63c46200 93e22200  7.......c.b...".
 10810 13830200 63c46200 6f008000 93e24200  ....c.b.o.....B.
 10820 37f3ffff 1303e3ee 63c46200 6f008000  7.......c.b.o...
 10830 93e28200 23205400 13044400 b7f2ffff  ....# T...D.....
 10840 37f3ffff 13834200 63da6202 63d86202  7.....B.c.b.c.b.
 10850 63d66202 63d46202 63d26202 3703ffff  c.b.c.b.c.b.7...
 10860 1383c2ff 635c5300 635a5300 63585300  ....c\S.cZS.cXS.
 10870 63565300 63545300 6f008000 93e21200  cVS.cTS.o.......
 10880 37130000 1303f3ff 63d46200 6f008000  7.......c.b.o...
 10890 93e22200 13830200 63d46200 93e24200  ..".....c.b...B.
 108a0 37f3ffff 1303e3ee 63d46200 93e28200  7.......c.b.....
 108b0 23205400 13044400 b7f2ffff 130300f0  # T...D.........
 108c0 1383c2ff 63ea6202 63e86202 63e66202  ....c.b.c.b.c.b.
 108d0 63e46202 63e26202 1303f0ff 13834200  c.b.c.b.......B.
 108e0 636c5300 636a5300 63685300 63665300  clS.cjS.chS.cfS.
 108f0 63645300 6f008000 93e21200 1303f0ff  cdS.o...........
 10900 63e46200 93e22200 13830200 63e46200  c.b...".....c.b.
 10910 6f008000 93e24200 37130000 1303f3ff  o.....B.7.......
 10920 63e46200 6f008000 93e28200 23205400  c.b.o.......# T.
 10930 13044400 b7f2ffff 37f3ffff 13834200  ..D.....7.....B.
 10940 63fc6202 63fa6202 63f86202 63f66202  c.b.c.b.c.b.c.b.
 10950 63f46202 37130000 1303f3ff 1383c2ff  c.b.7...........
 10960 637c5300 637a5300 63785300 63765300  c|S.czS.cxS.cvS.
 10970 63745300 6f008000 93e21200 1303f0ff  ctS.o...........
 10980 63f46200 6f008000 93e22200 13830200  c.b.o.....".....
 10990 63f46200 93e24200 37130000 1303f3ff  c.b...B.7.......
 109a0 63f46200 93e28200 23205400 13044400  c.b.....# T...D.
 109b0 97020000 17f3ffff 97935713 33037300  ..........W.3.s.
 109c0 b3826200 23205400 13044400 b7020000  ..b.# T...D.....
 109d0 37f3ffff b7935713 33037300 b3826200  7.....W.3.s...b.
 109e0 23205400 13044400 b7f2ffff 6f038000  # T...D.....o...
 109f0 93e21200 97030000 93830300 33836340  ............3.c@
 10a00 b3826200 23205400 13044400 f32220c8  ..b.# T...D.." .
 10a10 732320c0 f32320c8 e39a72fe 23205400  s# ..# ...r.# T.
 10a20 13044400 23206400 13044400 f32200c8  ..D.# d...D.."..
 10a30 732300c0 f32300c8 e39a72fe 23205400  s#...#....r.# T.
 10a40 13044400 23206400 13044400 03240100  ..D.# d...D..$..
 10a50 13014100 67800000                    ..A.g...        
Contents of section .rodata:
 10a58 66666666                             ffff            
Contents of section .comment:
 0000 4743433a 2028474e 55292031 312e312e  GCC: (GNU) 11.1.
 0010 3000                                 0.              
Contents of section .riscv.attributes:
 0000 411b0000 00726973 63760001 11000000  A....riscv......
 0010 04100572 76333269 32703000           ...rv32i2p0.    

Disassembly of section .text0:

00000000 <_start>:
   0:	00000093          	li	ra,0
   4:	00000113          	li	sp,0
   8:	00000193          	li	gp,0
   c:	00000213          	li	tp,0
  10:	00000293          	li	t0,0
  14:	00000313          	li	t1,0
  18:	00000393          	li	t2,0
  1c:	00000413          	li	s0,0
  20:	00000493          	li	s1,0
  24:	00000513          	li	a0,0
  28:	00000593          	li	a1,0
  2c:	00000613          	li	a2,0
  30:	00000693          	li	a3,0
  34:	00000713          	li	a4,0
  38:	00000793          	li	a5,0
  3c:	00000813          	li	a6,0
  40:	00000893          	li	a7,0
  44:	00000913          	li	s2,0
  48:	00000993          	li	s3,0
  4c:	00000a13          	li	s4,0
  50:	00000a93          	li	s5,0
  54:	00000b13          	li	s6,0
  58:	00000b93          	li	s7,0
  5c:	00000c13          	li	s8,0
  60:	00000c93          	li	s9,0
  64:	00000d13          	li	s10,0
  68:	00000d93          	li	s11,0
  6c:	00000e13          	li	t3,0
  70:	00000e93          	li	t4,0
  74:	00000f13          	li	t5,0
  78:	00000f93          	li	t6,0
  7c:	00020197          	auipc	gp,0x20
  80:	78418193          	addi	gp,gp,1924 # 20800 <_gp>

00000084 <init_bss>:
  84:	00020517          	auipc	a0,0x20
  88:	f7c50513          	addi	a0,a0,-132 # 20000 <__bss_end>
  8c:	00020597          	auipc	a1,0x20
  90:	f7058593          	addi	a1,a1,-144 # 1fffc <__rodata_end+0xf5a0>
  94:	00000613          	li	a2,0
  98:	070000ef          	jal	ra,108 <fill_block>

0000009c <init_sbss>:
  9c:	00020517          	auipc	a0,0x20
  a0:	f6450513          	addi	a0,a0,-156 # 20000 <__bss_end>
  a4:	00020597          	auipc	a1,0x20
  a8:	f5858593          	addi	a1,a1,-168 # 1fffc <__rodata_end+0xf5a0>
  ac:	00000613          	li	a2,0
  b0:	058000ef          	jal	ra,108 <fill_block>

000000b4 <write_stack_pattern>:
  b4:	00020517          	auipc	a0,0x20
  b8:	f4c50513          	addi	a0,a0,-180 # 20000 <__bss_end>
  bc:	00021597          	auipc	a1,0x21
  c0:	f4058593          	addi	a1,a1,-192 # 20ffc <_gp+0x7fc>
  c4:	00000613          	li	a2,0
  c8:	040000ef          	jal	ra,108 <fill_block>

000000cc <init_stack>:
  cc:	00021117          	auipc	sp,0x21
  d0:	f3410113          	addi	sp,sp,-204 # 21000 <__stack>

000000d4 <write_test_pattern>:
  d4:	20100517          	auipc	a0,0x20100
  d8:	f2c50513          	addi	a0,a0,-212 # 20100000 <_test_start>
  dc:	20101597          	auipc	a1,0x20101
  e0:	f2058593          	addi	a1,a1,-224 # 20100ffc <_test_start+0xffc>
  e4:	00000613          	li	a2,0
  e8:	020000ef          	jal	ra,108 <fill_block>

000000ec <SystemInit>:
  ec:	030000ef          	jal	ra,11c <boot>
  f0:	7110f0ef          	jal	ra,10000 <_imem_start>

000000f4 <SystemExit>:
  f4:	00030297          	auipc	t0,0x30
  f8:	f0828293          	addi	t0,t0,-248 # 2fffc <_sim_end>
  fc:	fff00313          	li	t1,-1
 100:	0062a023          	sw	t1,0(t0)

00000104 <dead_loop>:
 104:	0000006f          	j	104 <dead_loop>

00000108 <fill_block>:
 108:	00a5e863          	bltu	a1,a0,118 <fb_end>
 10c:	00c52023          	sw	a2,0(a0)
 110:	00450513          	addi	a0,a0,4
 114:	ff5ff06f          	j	108 <fill_block>

00000118 <fb_end>:
 118:	00008067          	ret

0000011c <boot>:
 11c:	fe010113          	addi	sp,sp,-32
 120:	00812e23          	sw	s0,28(sp)
 124:	02010413          	addi	s0,sp,32
 128:	200017b7          	lui	a5,0x20001
 12c:	a5c78713          	addi	a4,a5,-1444 # 20000a5c <_dram_i_end>
 130:	200007b7          	lui	a5,0x20000
 134:	00078793          	mv	a5,a5
 138:	40f707b3          	sub	a5,a4,a5
 13c:	4027d793          	srai	a5,a5,0x2
 140:	00178793          	addi	a5,a5,1 # 20000001 <_dram_i_start+0x1>
 144:	fef42423          	sw	a5,-24(s0)
 148:	fe042623          	sw	zero,-20(s0)
 14c:	0400006f          	j	18c <boot+0x70>
 150:	fec42783          	lw	a5,-20(s0)
 154:	00279713          	slli	a4,a5,0x2
 158:	200007b7          	lui	a5,0x20000
 15c:	00078793          	mv	a5,a5
 160:	00f70733          	add	a4,a4,a5
 164:	fec42783          	lw	a5,-20(s0)
 168:	00279693          	slli	a3,a5,0x2
 16c:	000107b7          	lui	a5,0x10
 170:	00078793          	mv	a5,a5
 174:	00f687b3          	add	a5,a3,a5
 178:	00072703          	lw	a4,0(a4)
 17c:	00e7a023          	sw	a4,0(a5) # 10000 <_imem_start>
 180:	fec42783          	lw	a5,-20(s0)
 184:	00178793          	addi	a5,a5,1
 188:	fef42623          	sw	a5,-20(s0)
 18c:	fec42703          	lw	a4,-20(s0)
 190:	fe842783          	lw	a5,-24(s0)
 194:	faf74ee3          	blt	a4,a5,150 <boot+0x34>
 198:	000207b7          	lui	a5,0x20
 19c:	00078713          	mv	a4,a5
 1a0:	000207b7          	lui	a5,0x20
 1a4:	00078793          	mv	a5,a5
 1a8:	40f707b3          	sub	a5,a4,a5
 1ac:	4027d793          	srai	a5,a5,0x2
 1b0:	00178793          	addi	a5,a5,1 # 20001 <__bss_end+0x1>
 1b4:	fef42423          	sw	a5,-24(s0)
 1b8:	fe042623          	sw	zero,-20(s0)
 1bc:	0400006f          	j	1fc <boot+0xe0>
 1c0:	fec42783          	lw	a5,-20(s0)
 1c4:	00279713          	slli	a4,a5,0x2
 1c8:	201017b7          	lui	a5,0x20101
 1cc:	00078793          	mv	a5,a5
 1d0:	00f70733          	add	a4,a4,a5
 1d4:	fec42783          	lw	a5,-20(s0)
 1d8:	00279693          	slli	a3,a5,0x2
 1dc:	000207b7          	lui	a5,0x20
 1e0:	00078793          	mv	a5,a5
 1e4:	00f687b3          	add	a5,a3,a5
 1e8:	00072703          	lw	a4,0(a4)
 1ec:	00e7a023          	sw	a4,0(a5) # 20000 <__bss_end>
 1f0:	fec42783          	lw	a5,-20(s0)
 1f4:	00178793          	addi	a5,a5,1
 1f8:	fef42623          	sw	a5,-20(s0)
 1fc:	fec42703          	lw	a4,-20(s0)
 200:	fe842783          	lw	a5,-24(s0)
 204:	faf74ee3          	blt	a4,a5,1c0 <boot+0xa4>
 208:	000207b7          	lui	a5,0x20
 20c:	00078713          	mv	a4,a5
 210:	000207b7          	lui	a5,0x20
 214:	00078793          	mv	a5,a5
 218:	40f707b3          	sub	a5,a4,a5
 21c:	4027d793          	srai	a5,a5,0x2
 220:	00178793          	addi	a5,a5,1 # 20001 <__bss_end+0x1>
 224:	fef42423          	sw	a5,-24(s0)
 228:	fe042623          	sw	zero,-20(s0)
 22c:	0400006f          	j	26c <boot+0x150>
 230:	fec42783          	lw	a5,-20(s0)
 234:	00279713          	slli	a4,a5,0x2
 238:	201017b7          	lui	a5,0x20101
 23c:	00078793          	mv	a5,a5
 240:	00f70733          	add	a4,a4,a5
 244:	fec42783          	lw	a5,-20(s0)
 248:	00279693          	slli	a3,a5,0x2
 24c:	000207b7          	lui	a5,0x20
 250:	00078793          	mv	a5,a5
 254:	00f687b3          	add	a5,a3,a5
 258:	00072703          	lw	a4,0(a4)
 25c:	00e7a023          	sw	a4,0(a5) # 20000 <__bss_end>
 260:	fec42783          	lw	a5,-20(s0)
 264:	00178793          	addi	a5,a5,1
 268:	fef42623          	sw	a5,-20(s0)
 26c:	fec42703          	lw	a4,-20(s0)
 270:	fe842783          	lw	a5,-24(s0)
 274:	faf74ee3          	blt	a4,a5,230 <boot+0x114>
 278:	00000013          	nop
 27c:	00000013          	nop
 280:	01c12403          	lw	s0,28(sp)
 284:	02010113          	addi	sp,sp,32
 288:	00008067          	ret

Disassembly of section .text1:

00010000 <_imem_start>:
   10000:	ffc10113          	addi	sp,sp,-4
   10004:	00812023          	sw	s0,0(sp)
   10008:	200f0417          	auipc	s0,0x200f0
   1000c:	ff840413          	addi	s0,s0,-8 # 20100000 <_test_start>

00010010 <add>:
   10010:	fff00293          	li	t0,-1
   10014:	fff00313          	li	t1,-1
   10018:	006282b3          	add	t0,t0,t1
   1001c:	006282b3          	add	t0,t0,t1
   10020:	006282b3          	add	t0,t0,t1
   10024:	006282b3          	add	t0,t0,t1
   10028:	006282b3          	add	t0,t0,t1
   1002c:	ffe00313          	li	t1,-2
   10030:	005302b3          	add	t0,t1,t0
   10034:	005302b3          	add	t0,t1,t0
   10038:	005302b3          	add	t0,t1,t0
   1003c:	005302b3          	add	t0,t1,t0
   10040:	005302b3          	add	t0,t1,t0
   10044:	00542023          	sw	t0,0(s0)
   10048:	00440413          	addi	s0,s0,4

0001004c <sub>:
   1004c:	00000293          	li	t0,0
   10050:	fff00313          	li	t1,-1
   10054:	406282b3          	sub	t0,t0,t1
   10058:	406282b3          	sub	t0,t0,t1
   1005c:	406282b3          	sub	t0,t0,t1
   10060:	406282b3          	sub	t0,t0,t1
   10064:	406282b3          	sub	t0,t0,t1
   10068:	ffd00313          	li	t1,-3
   1006c:	405302b3          	sub	t0,t1,t0
   10070:	405302b3          	sub	t0,t1,t0
   10074:	405302b3          	sub	t0,t1,t0
   10078:	405302b3          	sub	t0,t1,t0
   1007c:	405302b3          	sub	t0,t1,t0
   10080:	00542023          	sw	t0,0(s0)
   10084:	00440413          	addi	s0,s0,4

00010088 <sll>:
   10088:	00100293          	li	t0,1
   1008c:	00100313          	li	t1,1
   10090:	006292b3          	sll	t0,t0,t1
   10094:	006292b3          	sll	t0,t0,t1
   10098:	006292b3          	sll	t0,t0,t1
   1009c:	006292b3          	sll	t0,t0,t1
   100a0:	006292b3          	sll	t0,t0,t1
   100a4:	00200313          	li	t1,2
   100a8:	005312b3          	sll	t0,t1,t0
   100ac:	005312b3          	sll	t0,t1,t0
   100b0:	005312b3          	sll	t0,t1,t0
   100b4:	005312b3          	sll	t0,t1,t0
   100b8:	005312b3          	sll	t0,t1,t0
   100bc:	00542023          	sw	t0,0(s0)
   100c0:	00440413          	addi	s0,s0,4

000100c4 <slt>:
   100c4:	fff00293          	li	t0,-1
   100c8:	00100313          	li	t1,1
   100cc:	0062a2b3          	slt	t0,t0,t1
   100d0:	0062a2b3          	slt	t0,t0,t1
   100d4:	0062a2b3          	slt	t0,t0,t1
   100d8:	0062a2b3          	slt	t0,t0,t1
   100dc:	0062a2b3          	slt	t0,t0,t1
   100e0:	fff00313          	li	t1,-1
   100e4:	005322b3          	slt	t0,t1,t0
   100e8:	005322b3          	slt	t0,t1,t0
   100ec:	005322b3          	slt	t0,t1,t0
   100f0:	005322b3          	slt	t0,t1,t0
   100f4:	005322b3          	slt	t0,t1,t0
   100f8:	00542023          	sw	t0,0(s0)
   100fc:	00440413          	addi	s0,s0,4

00010100 <sltu>:
   10100:	fff00293          	li	t0,-1
   10104:	00100313          	li	t1,1
   10108:	0062b2b3          	sltu	t0,t0,t1
   1010c:	0062b2b3          	sltu	t0,t0,t1
   10110:	0062b2b3          	sltu	t0,t0,t1
   10114:	0062b2b3          	sltu	t0,t0,t1
   10118:	0062b2b3          	sltu	t0,t0,t1
   1011c:	0062b2b3          	sltu	t0,t0,t1
   10120:	00000313          	li	t1,0
   10124:	005332b3          	sltu	t0,t1,t0
   10128:	005332b3          	sltu	t0,t1,t0
   1012c:	005332b3          	sltu	t0,t1,t0
   10130:	005332b3          	sltu	t0,t1,t0
   10134:	005332b3          	sltu	t0,t1,t0
   10138:	00542023          	sw	t0,0(s0)
   1013c:	00440413          	addi	s0,s0,4

00010140 <xor>:
   10140:	fff00293          	li	t0,-1
   10144:	f0f0f337          	lui	t1,0xf0f0f
   10148:	0f030313          	addi	t1,t1,240 # f0f0f0f0 <__data_paddr_start+0xd0e0e0f0>
   1014c:	0062c2b3          	xor	t0,t0,t1
   10150:	0062c2b3          	xor	t0,t0,t1
   10154:	0062c2b3          	xor	t0,t0,t1
   10158:	0062c2b3          	xor	t0,t0,t1
   1015c:	0062c2b3          	xor	t0,t0,t1
   10160:	77777337          	lui	t1,0x77777
   10164:	77730313          	addi	t1,t1,1911 # 77777777 <__data_paddr_start+0x57676777>
   10168:	005342b3          	xor	t0,t1,t0
   1016c:	005342b3          	xor	t0,t1,t0
   10170:	005342b3          	xor	t0,t1,t0
   10174:	005342b3          	xor	t0,t1,t0
   10178:	005342b3          	xor	t0,t1,t0
   1017c:	00542023          	sw	t0,0(s0)
   10180:	00440413          	addi	s0,s0,4

00010184 <srl>:
   10184:	fff00293          	li	t0,-1
   10188:	75ecb337          	lui	t1,0x75ecb
   1018c:	86430313          	addi	t1,t1,-1948 # 75eca864 <__data_paddr_start+0x55dc9864>
   10190:	0062d2b3          	srl	t0,t0,t1
   10194:	0062d2b3          	srl	t0,t0,t1
   10198:	0062d2b3          	srl	t0,t0,t1
   1019c:	0062d2b3          	srl	t0,t0,t1
   101a0:	0062d2b3          	srl	t0,t0,t1
   101a4:	12345337          	lui	t1,0x12345
   101a8:	67830313          	addi	t1,t1,1656 # 12345678 <_end+0x12315678>
   101ac:	005352b3          	srl	t0,t1,t0
   101b0:	005352b3          	srl	t0,t1,t0
   101b4:	005352b3          	srl	t0,t1,t0
   101b8:	005352b3          	srl	t0,t1,t0
   101bc:	005352b3          	srl	t0,t1,t0
   101c0:	00542023          	sw	t0,0(s0)
   101c4:	00440413          	addi	s0,s0,4

000101c8 <sra>:
   101c8:	876542b7          	lui	t0,0x87654
   101cc:	32128293          	addi	t0,t0,801 # 87654321 <__data_paddr_start+0x67553321>
   101d0:	00400313          	li	t1,4
   101d4:	4062d2b3          	sra	t0,t0,t1
   101d8:	4062d2b3          	sra	t0,t0,t1
   101dc:	4062d2b3          	sra	t0,t0,t1
   101e0:	4062d2b3          	sra	t0,t0,t1
   101e4:	4062d2b3          	sra	t0,t0,t1
   101e8:	77777337          	lui	t1,0x77777
   101ec:	77730313          	addi	t1,t1,1911 # 77777777 <__data_paddr_start+0x57676777>
   101f0:	405352b3          	sra	t0,t1,t0
   101f4:	405352b3          	sra	t0,t1,t0
   101f8:	405352b3          	sra	t0,t1,t0
   101fc:	405352b3          	sra	t0,t1,t0
   10200:	405352b3          	sra	t0,t1,t0
   10204:	00542023          	sw	t0,0(s0)
   10208:	00440413          	addi	s0,s0,4

0001020c <or>:
   1020c:	123452b7          	lui	t0,0x12345
   10210:	67828293          	addi	t0,t0,1656 # 12345678 <_end+0x12315678>
   10214:	fedcc337          	lui	t1,0xfedcc
   10218:	a9830313          	addi	t1,t1,-1384 # fedcba98 <__data_paddr_start+0xdeccaa98>
   1021c:	0062e2b3          	or	t0,t0,t1
   10220:	0062e2b3          	or	t0,t0,t1
   10224:	0062e2b3          	or	t0,t0,t1
   10228:	0062e2b3          	or	t0,t0,t1
   1022c:	0062e2b3          	or	t0,t0,t1
   10230:	62400337          	lui	t1,0x62400
   10234:	28530313          	addi	t1,t1,645 # 62400285 <__data_paddr_start+0x422ff285>
   10238:	005362b3          	or	t0,t1,t0
   1023c:	005362b3          	or	t0,t1,t0
   10240:	005362b3          	or	t0,t1,t0
   10244:	005362b3          	or	t0,t1,t0
   10248:	005362b3          	or	t0,t1,t0
   1024c:	00542023          	sw	t0,0(s0)
   10250:	00440413          	addi	s0,s0,4

00010254 <and>:
   10254:	123452b7          	lui	t0,0x12345
   10258:	67828293          	addi	t0,t0,1656 # 12345678 <_end+0x12315678>
   1025c:	fff00313          	li	t1,-1
   10260:	0062f2b3          	and	t0,t0,t1
   10264:	0062f2b3          	and	t0,t0,t1
   10268:	0062f2b3          	and	t0,t0,t1
   1026c:	0062f2b3          	and	t0,t0,t1
   10270:	0062f2b3          	and	t0,t0,t1
   10274:	f0f0f337          	lui	t1,0xf0f0f
   10278:	0f030313          	addi	t1,t1,240 # f0f0f0f0 <__data_paddr_start+0xd0e0e0f0>
   1027c:	005372b3          	and	t0,t1,t0
   10280:	005372b3          	and	t0,t1,t0
   10284:	005372b3          	and	t0,t1,t0
   10288:	005372b3          	and	t0,t1,t0
   1028c:	005372b3          	and	t0,t1,t0
   10290:	00542023          	sw	t0,0(s0)
   10294:	00440413          	addi	s0,s0,4

00010298 <load>:
   10298:	00000317          	auipc	t1,0x0
   1029c:	7c030313          	addi	t1,t1,1984 # 10a58 <__rodata_start>
   102a0:	00032283          	lw	t0,0(t1)
   102a4:	fec10113          	addi	sp,sp,-20
   102a8:	00512023          	sw	t0,0(sp)
   102ac:	00010293          	mv	t0,sp
   102b0:	00512223          	sw	t0,4(sp)
   102b4:	00410293          	addi	t0,sp,4
   102b8:	00512423          	sw	t0,8(sp)
   102bc:	00810293          	addi	t0,sp,8
   102c0:	00512623          	sw	t0,12(sp)
   102c4:	00c10293          	addi	t0,sp,12
   102c8:	00512823          	sw	t0,16(sp)
   102cc:	01010293          	addi	t0,sp,16
   102d0:	0002a283          	lw	t0,0(t0)
   102d4:	0002a283          	lw	t0,0(t0)
   102d8:	0002a283          	lw	t0,0(t0)
   102dc:	0002a283          	lw	t0,0(t0)
   102e0:	0002a283          	lw	t0,0(t0)
   102e4:	01410113          	addi	sp,sp,20
   102e8:	ffc12303          	lw	t1,-4(sp)
   102ec:	ff812383          	lw	t2,-8(sp)
   102f0:	ff412e03          	lw	t3,-12(sp)
   102f4:	ff012e83          	lw	t4,-16(sp)
   102f8:	fec12f03          	lw	t5,-20(sp)
   102fc:	01d30333          	add	t1,t1,t4
   10300:	01c383b3          	add	t2,t2,t3
   10304:	40730333          	sub	t1,t1,t2
   10308:	01e30333          	add	t1,t1,t5
   1030c:	006282b3          	add	t0,t0,t1
   10310:	01040413          	addi	s0,s0,16
   10314:	fe542823          	sw	t0,-16(s0)
   10318:	ff040303          	lb	t1,-16(s0)
   1031c:	ff041383          	lh	t2,-16(s0)
   10320:	ff044e03          	lbu	t3,-16(s0)
   10324:	ff045e83          	lhu	t4,-16(s0)
   10328:	fe642a23          	sw	t1,-12(s0)
   1032c:	fe742c23          	sw	t2,-8(s0)
   10330:	ffc42e23          	sw	t3,-4(s0)
   10334:	01d42023          	sw	t4,0(s0)
   10338:	00440413          	addi	s0,s0,4

0001033c <addi>:
   1033c:	fff00293          	li	t0,-1
   10340:	fff28293          	addi	t0,t0,-1
   10344:	76528293          	addi	t0,t0,1893
   10348:	88828293          	addi	t0,t0,-1912
   1034c:	43228293          	addi	t0,t0,1074
   10350:	abc28293          	addi	t0,t0,-1348
   10354:	52100313          	li	t1,1313
   10358:	ce230393          	addi	t2,t1,-798
   1035c:	13b30e13          	addi	t3,t1,315
   10360:	49930e93          	addi	t4,t1,1177
   10364:	80130f13          	addi	t5,t1,-2047
   10368:	a6830f93          	addi	t6,t1,-1432
   1036c:	01c383b3          	add	t2,t2,t3
   10370:	01ee8eb3          	add	t4,t4,t5
   10374:	01f282b3          	add	t0,t0,t6
   10378:	01d383b3          	add	t2,t2,t4
   1037c:	007282b3          	add	t0,t0,t2
   10380:	00542023          	sw	t0,0(s0)
   10384:	00440413          	addi	s0,s0,4

00010388 <slti>:
   10388:	fff00293          	li	t0,-1
   1038c:	fff2a293          	slti	t0,t0,-1
   10390:	3e82a293          	slti	t0,t0,1000
   10394:	8302a293          	slti	t0,t0,-2000
   10398:	0012a293          	slti	t0,t0,1
   1039c:	4572a293          	slti	t0,t0,1111
   103a0:	c6600313          	li	t1,-922
   103a4:	c9432393          	slti	t2,t1,-876
   103a8:	22b32e13          	slti	t3,t1,555
   103ac:	83432e93          	slti	t4,t1,-1996
   103b0:	00032f13          	slti	t5,t1,0
   103b4:	c6632f93          	slti	t6,t1,-922
   103b8:	01c383b3          	add	t2,t2,t3
   103bc:	01ee8eb3          	add	t4,t4,t5
   103c0:	01f282b3          	add	t0,t0,t6
   103c4:	01d383b3          	add	t2,t2,t4
   103c8:	007282b3          	add	t0,t0,t2
   103cc:	00542023          	sw	t0,0(s0)
   103d0:	00440413          	addi	s0,s0,4

000103d4 <sltiu>:
   103d4:	ffe00293          	li	t0,-2
   103d8:	fff2b293          	sltiu	t0,t0,-1
   103dc:	3e82b293          	sltiu	t0,t0,1000
   103e0:	8302b293          	sltiu	t0,t0,-2000
   103e4:	f012b293          	sltiu	t0,t0,-255
   103e8:	0012b293          	seqz	t0,t0
   103ec:	aaaac337          	lui	t1,0xaaaac
   103f0:	bbb30313          	addi	t1,t1,-1093 # aaaabbbb <__data_paddr_start+0x8a9aabbb>
   103f4:	c9433393          	sltiu	t2,t1,-876
   103f8:	22b33e13          	sltiu	t3,t1,555
   103fc:	83433e93          	sltiu	t4,t1,-1996
   10400:	00033f13          	sltiu	t5,t1,0
   10404:	c6633f93          	sltiu	t6,t1,-922
   10408:	01c383b3          	add	t2,t2,t3
   1040c:	01ee8eb3          	add	t4,t4,t5
   10410:	01f282b3          	add	t0,t0,t6
   10414:	01d383b3          	add	t2,t2,t4
   10418:	007282b3          	add	t0,t0,t2
   1041c:	00542023          	sw	t0,0(s0)
   10420:	00440413          	addi	s0,s0,4

00010424 <xori>:
   10424:	fff00293          	li	t0,-1
   10428:	07b2c293          	xori	t0,t0,123
   1042c:	9752c293          	xori	t0,t0,-1675
   10430:	cc12c293          	xori	t0,t0,-831
   10434:	7f12c293          	xori	t0,t0,2033
   10438:	4a32c293          	xori	t0,t0,1187
   1043c:	38700313          	li	t1,903
   10440:	ee334393          	xori	t2,t1,-285
   10444:	0a434e13          	xori	t3,t1,164
   10448:	6e634e93          	xori	t4,t1,1766
   1044c:	89934f13          	xori	t5,t1,-1895
   10450:	4b934f93          	xori	t6,t1,1209
   10454:	01c383b3          	add	t2,t2,t3
   10458:	01ee8eb3          	add	t4,t4,t5
   1045c:	01f282b3          	add	t0,t0,t6
   10460:	01d383b3          	add	t2,t2,t4
   10464:	007282b3          	add	t0,t0,t2
   10468:	00542023          	sw	t0,0(s0)
   1046c:	00440413          	addi	s0,s0,4

00010470 <ori>:
   10470:	00100293          	li	t0,1
   10474:	1bc2e293          	ori	t0,t0,444
   10478:	6e52e293          	ori	t0,t0,1765
   1047c:	edd2e293          	ori	t0,t0,-291
   10480:	09c2e293          	ori	t0,t0,156
   10484:	5022e293          	ori	t0,t0,1282
   10488:	78300313          	li	t1,1923
   1048c:	11d36393          	ori	t2,t1,285
   10490:	f5c36e13          	ori	t3,t1,-164
   10494:	91a36e93          	ori	t4,t1,-1766
   10498:	76736f13          	ori	t5,t1,1895
   1049c:	b4736f93          	ori	t6,t1,-1209
   104a0:	01c383b3          	add	t2,t2,t3
   104a4:	01ee8eb3          	add	t4,t4,t5
   104a8:	01f282b3          	add	t0,t0,t6
   104ac:	01d383b3          	add	t2,t2,t4
   104b0:	007282b3          	add	t0,t0,t2
   104b4:	00542023          	sw	t0,0(s0)
   104b8:	00440413          	addi	s0,s0,4

000104bc <andi>:
   104bc:	abcdf2b7          	lui	t0,0xabcdf
   104c0:	f9828293          	addi	t0,t0,-104 # abcdef98 <__data_paddr_start+0x8bbddf98>
   104c4:	eb32f293          	andi	t0,t0,-333
   104c8:	f442f293          	andi	t0,t0,-188
   104cc:	2092f293          	andi	t0,t0,521
   104d0:	e872f293          	andi	t0,t0,-377
   104d4:	3552f293          	andi	t0,t0,853
   104d8:	12345337          	lui	t1,0x12345
   104dc:	67830313          	addi	t1,t1,1656 # 12345678 <_end+0x12315678>
   104e0:	7f137393          	andi	t2,t1,2033
   104e4:	0da37e13          	andi	t3,t1,218
   104e8:	ec437e93          	andi	t4,t1,-316
   104ec:	4af37f13          	andi	t5,t1,1199
   104f0:	cf937f93          	andi	t6,t1,-775
   104f4:	01c383b3          	add	t2,t2,t3
   104f8:	01ee8eb3          	add	t4,t4,t5
   104fc:	01f282b3          	add	t0,t0,t6
   10500:	01d383b3          	add	t2,t2,t4
   10504:	007282b3          	add	t0,t0,t2
   10508:	00542023          	sw	t0,0(s0)
   1050c:	00440413          	addi	s0,s0,4

00010510 <slli>:
   10510:	00a00293          	li	t0,10
   10514:	00229293          	slli	t0,t0,0x2
   10518:	00529293          	slli	t0,t0,0x5
   1051c:	00729293          	slli	t0,t0,0x7
   10520:	00a29293          	slli	t0,t0,0xa
   10524:	00629293          	slli	t0,t0,0x6
   10528:	1ab24337          	lui	t1,0x1ab24
   1052c:	cd430313          	addi	t1,t1,-812 # 1ab23cd4 <_end+0x1aaf3cd4>
   10530:	00f31393          	slli	t2,t1,0xf
   10534:	00631e13          	slli	t3,t1,0x6
   10538:	01c31e93          	slli	t4,t1,0x1c
   1053c:	01131f13          	slli	t5,t1,0x11
   10540:	00731f93          	slli	t6,t1,0x7
   10544:	01c383b3          	add	t2,t2,t3
   10548:	01ee8eb3          	add	t4,t4,t5
   1054c:	01f282b3          	add	t0,t0,t6
   10550:	01d383b3          	add	t2,t2,t4
   10554:	007282b3          	add	t0,t0,t2
   10558:	00542023          	sw	t0,0(s0)
   1055c:	00440413          	addi	s0,s0,4

00010560 <srli>:
   10560:	a1b2c2b7          	lui	t0,0xa1b2c
   10564:	3d428293          	addi	t0,t0,980 # a1b2c3d4 <__data_paddr_start+0x81a2b3d4>
   10568:	0032d293          	srli	t0,t0,0x3
   1056c:	0042d293          	srli	t0,t0,0x4
   10570:	0062d293          	srli	t0,t0,0x6
   10574:	00b2d293          	srli	t0,t0,0xb
   10578:	0072d293          	srli	t0,t0,0x7
   1057c:	aabf8337          	lui	t1,0xaabf8
   10580:	90c30313          	addi	t1,t1,-1780 # aabf790c <__data_paddr_start+0x8aaf690c>
   10584:	01935393          	srli	t2,t1,0x19
   10588:	01035e13          	srli	t3,t1,0x10
   1058c:	01235e93          	srli	t4,t1,0x12
   10590:	01b35f13          	srli	t5,t1,0x1b
   10594:	01135f93          	srli	t6,t1,0x11
   10598:	01c383b3          	add	t2,t2,t3
   1059c:	01ee8eb3          	add	t4,t4,t5
   105a0:	01f282b3          	add	t0,t0,t6
   105a4:	01d383b3          	add	t2,t2,t4
   105a8:	007282b3          	add	t0,t0,t2
   105ac:	00542023          	sw	t0,0(s0)
   105b0:	00440413          	addi	s0,s0,4

000105b4 <srai>:
   105b4:	a1b2c2b7          	lui	t0,0xa1b2c
   105b8:	3d428293          	addi	t0,t0,980 # a1b2c3d4 <__data_paddr_start+0x81a2b3d4>
   105bc:	4052d293          	srai	t0,t0,0x5
   105c0:	4022d293          	srai	t0,t0,0x2
   105c4:	4082d293          	srai	t0,t0,0x8
   105c8:	4092d293          	srai	t0,t0,0x9
   105cc:	4042d293          	srai	t0,t0,0x4
   105d0:	aabf8337          	lui	t1,0xaabf8
   105d4:	90c30313          	addi	t1,t1,-1780 # aabf790c <__data_paddr_start+0x8aaf690c>
   105d8:	40d35393          	srai	t2,t1,0xd
   105dc:	40835e13          	srai	t3,t1,0x8
   105e0:	40935e93          	srai	t4,t1,0x9
   105e4:	40e35f13          	srai	t5,t1,0xe
   105e8:	40435f93          	srai	t6,t1,0x4
   105ec:	01c383b3          	add	t2,t2,t3
   105f0:	01ee8eb3          	add	t4,t4,t5
   105f4:	01f282b3          	add	t0,t0,t6
   105f8:	01d383b3          	add	t2,t2,t4
   105fc:	007282b3          	add	t0,t0,t2
   10600:	00542023          	sw	t0,0(s0)
   10604:	00440413          	addi	s0,s0,4

00010608 <jalr>:
   10608:	fffff2b7          	lui	t0,0xfffff
   1060c:	00000317          	auipc	t1,0x0
   10610:	02030313          	addi	t1,t1,32 # 1062c <jalr+0x24>
   10614:	00030367          	jalr	t1,t1
   10618:	0012e293          	ori	t0,t0,1
   1061c:	00430367          	jalr	t1,4(t1)
   10620:	0042e293          	ori	t0,t0,4
   10624:	00430367          	jalr	t1,4(t1)
   10628:	0102e293          	ori	t0,t0,16
   1062c:	00430367          	jalr	t1,4(t1)
   10630:	0012e293          	ori	t0,t0,1
   10634:	00430367          	jalr	t1,4(t1)
   10638:	0082e293          	ori	t0,t0,8
   1063c:	00000317          	auipc	t1,0x0
   10640:	03030313          	addi	t1,t1,48 # 1066c <jalr+0x64>
   10644:	fe0303e7          	jalr	t2,-32(t1)
   10648:	0202e293          	ori	t0,t0,32
   1064c:	fe830e67          	jalr	t3,-24(t1)
   10650:	0402e293          	ori	t0,t0,64
   10654:	ff030ee7          	jalr	t4,-16(t1)
   10658:	0802e293          	ori	t0,t0,128
   1065c:	ff830f67          	jalr	t5,-8(t1)
   10660:	1002e293          	ori	t0,t0,256
   10664:	00030fe7          	jalr	t6,t1
   10668:	2002e293          	ori	t0,t0,512
   1066c:	41c383b3          	sub	t2,t2,t3
   10670:	41ee8eb3          	sub	t4,t4,t5
   10674:	406f8fb3          	sub	t6,t6,t1
   10678:	01d383b3          	add	t2,t2,t4
   1067c:	01f38333          	add	t1,t2,t6
   10680:	006292b3          	sll	t0,t0,t1
   10684:	00542023          	sw	t0,0(s0)
   10688:	00440413          	addi	s0,s0,4

0001068c <store>:
   1068c:	00f00293          	li	t0,15
   10690:	0f000313          	li	t1,240
   10694:	000013b7          	lui	t2,0x1
   10698:	f0038393          	addi	t2,t2,-256 # f00 <boot+0xde4>
   1069c:	0000fe37          	lui	t3,0xf
   106a0:	12345eb7          	lui	t4,0x12345
   106a4:	678e8e93          	addi	t4,t4,1656 # 12345678 <_end+0x12315678>
   106a8:	01440413          	addi	s0,s0,20
   106ac:	fe542e23          	sw	t0,-4(s0)
   106b0:	fe642c23          	sw	t1,-8(s0)
   106b4:	fe742a23          	sw	t2,-12(s0)
   106b8:	ffc42823          	sw	t3,-16(s0)
   106bc:	ffd42623          	sw	t4,-20(s0)
   106c0:	01440413          	addi	s0,s0,20
   106c4:	fd842f03          	lw	t5,-40(s0)
   106c8:	ff042e83          	lw	t4,-16(s0)
   106cc:	ffe42e23          	sw	t5,-4(s0)
   106d0:	ffe40c23          	sb	t5,-8(s0)
   106d4:	ffe41a23          	sh	t5,-12(s0)
   106d8:	ffe409a3          	sb	t5,-13(s0)
   106dc:	ffe41723          	sh	t5,-18(s0)
   106e0:	ff042283          	lw	t0,-16(s0)
   106e4:	fec42303          	lw	t1,-20(s0)
   106e8:	005303b3          	add	t2,t1,t0
   106ec:	00440413          	addi	s0,s0,4
   106f0:	fe742e23          	sw	t2,-4(s0)

000106f4 <beq>:
   106f4:	fffff2b7          	lui	t0,0xfffff
   106f8:	fffff337          	lui	t1,0xfffff
   106fc:	00001337          	lui	t1,0x1
   10700:	ff030313          	addi	t1,t1,-16 # ff0 <boot+0xed4>
   10704:	02628c63          	beq	t0,t1,1073c <beq+0x48>
   10708:	02628a63          	beq	t0,t1,1073c <beq+0x48>
   1070c:	02628863          	beq	t0,t1,1073c <beq+0x48>
   10710:	02628663          	beq	t0,t1,1073c <beq+0x48>
   10714:	02628463          	beq	t0,t1,1073c <beq+0x48>
   10718:	fffff337          	lui	t1,0xfffff
   1071c:	00001337          	lui	t1,0x1
   10720:	fff30313          	addi	t1,t1,-1 # fff <boot+0xee3>
   10724:	00530c63          	beq	t1,t0,1073c <beq+0x48>
   10728:	00530a63          	beq	t1,t0,1073c <beq+0x48>
   1072c:	00530863          	beq	t1,t0,1073c <beq+0x48>
   10730:	00530663          	beq	t1,t0,1073c <beq+0x48>
   10734:	00530463          	beq	t1,t0,1073c <beq+0x48>
   10738:	0080006f          	j	10740 <beq+0x4c>
   1073c:	0012e293          	ori	t0,t0,1
   10740:	fff34313          	not	t1,t1
   10744:	00628463          	beq	t0,t1,1074c <beq+0x58>
   10748:	0022e293          	ori	t0,t0,2
   1074c:	00542023          	sw	t0,0(s0)
   10750:	00440413          	addi	s0,s0,4

00010754 <bne>:
   10754:	fffff2b7          	lui	t0,0xfffff
   10758:	00001337          	lui	t1,0x1
   1075c:	ff030313          	addi	t1,t1,-16 # ff0 <boot+0xed4>
   10760:	fffff337          	lui	t1,0xfffff
   10764:	02629c63          	bne	t0,t1,1079c <bne+0x48>
   10768:	02629a63          	bne	t0,t1,1079c <bne+0x48>
   1076c:	02629863          	bne	t0,t1,1079c <bne+0x48>
   10770:	02629663          	bne	t0,t1,1079c <bne+0x48>
   10774:	02629463          	bne	t0,t1,1079c <bne+0x48>
   10778:	00001337          	lui	t1,0x1
   1077c:	fff30313          	addi	t1,t1,-1 # fff <boot+0xee3>
   10780:	fffff337          	lui	t1,0xfffff
   10784:	00531c63          	bne	t1,t0,1079c <bne+0x48>
   10788:	00531a63          	bne	t1,t0,1079c <bne+0x48>
   1078c:	00531863          	bne	t1,t0,1079c <bne+0x48>
   10790:	00531663          	bne	t1,t0,1079c <bne+0x48>
   10794:	00531463          	bne	t1,t0,1079c <bne+0x48>
   10798:	0080006f          	j	107a0 <bne+0x4c>
   1079c:	0012e293          	ori	t0,t0,1
   107a0:	fff34313          	not	t1,t1
   107a4:	00629463          	bne	t0,t1,107ac <bne+0x58>
   107a8:	0022e293          	ori	t0,t0,2
   107ac:	00542023          	sw	t0,0(s0)
   107b0:	00440413          	addi	s0,s0,4

000107b4 <blt>:
   107b4:	fffff2b7          	lui	t0,0xfffff
   107b8:	00001337          	lui	t1,0x1
   107bc:	ff030313          	addi	t1,t1,-16 # ff0 <boot+0xed4>
   107c0:	ffc28313          	addi	t1,t0,-4 # ffffeffc <__data_paddr_start+0xdfefdffc>
   107c4:	0262cc63          	blt	t0,t1,107fc <blt+0x48>
   107c8:	0262ca63          	blt	t0,t1,107fc <blt+0x48>
   107cc:	0262c863          	blt	t0,t1,107fc <blt+0x48>
   107d0:	0262c663          	blt	t0,t1,107fc <blt+0x48>
   107d4:	0262c463          	blt	t0,t1,107fc <blt+0x48>
   107d8:	00001337          	lui	t1,0x1
   107dc:	fff30313          	addi	t1,t1,-1 # fff <boot+0xee3>
   107e0:	00428313          	addi	t1,t0,4
   107e4:	00534c63          	blt	t1,t0,107fc <blt+0x48>
   107e8:	00534a63          	blt	t1,t0,107fc <blt+0x48>
   107ec:	00534863          	blt	t1,t0,107fc <blt+0x48>
   107f0:	00534663          	blt	t1,t0,107fc <blt+0x48>
   107f4:	00534463          	blt	t1,t0,107fc <blt+0x48>
   107f8:	0080006f          	j	10800 <blt+0x4c>
   107fc:	0012e293          	ori	t0,t0,1
   10800:	00001337          	lui	t1,0x1
   10804:	fff30313          	addi	t1,t1,-1 # fff <boot+0xee3>
   10808:	0062c463          	blt	t0,t1,10810 <blt+0x5c>
   1080c:	0022e293          	ori	t0,t0,2
   10810:	00028313          	mv	t1,t0
   10814:	0062c463          	blt	t0,t1,1081c <blt+0x68>
   10818:	0080006f          	j	10820 <blt+0x6c>
   1081c:	0042e293          	ori	t0,t0,4
   10820:	fffff337          	lui	t1,0xfffff
   10824:	eee30313          	addi	t1,t1,-274 # ffffeeee <__data_paddr_start+0xdfefdeee>
   10828:	0062c463          	blt	t0,t1,10830 <blt+0x7c>
   1082c:	0080006f          	j	10834 <blt+0x80>
   10830:	0082e293          	ori	t0,t0,8
   10834:	00542023          	sw	t0,0(s0)
   10838:	00440413          	addi	s0,s0,4

0001083c <bge>:
   1083c:	fffff2b7          	lui	t0,0xfffff
   10840:	fffff337          	lui	t1,0xfffff
   10844:	00428313          	addi	t1,t0,4 # fffff004 <__data_paddr_start+0xdfefe004>
   10848:	0262da63          	bge	t0,t1,1087c <bge+0x40>
   1084c:	0262d863          	bge	t0,t1,1087c <bge+0x40>
   10850:	0262d663          	bge	t0,t1,1087c <bge+0x40>
   10854:	0262d463          	bge	t0,t1,1087c <bge+0x40>
   10858:	0262d263          	bge	t0,t1,1087c <bge+0x40>
   1085c:	ffff0337          	lui	t1,0xffff0
   10860:	ffc28313          	addi	t1,t0,-4
   10864:	00535c63          	bge	t1,t0,1087c <bge+0x40>
   10868:	00535a63          	bge	t1,t0,1087c <bge+0x40>
   1086c:	00535863          	bge	t1,t0,1087c <bge+0x40>
   10870:	00535663          	bge	t1,t0,1087c <bge+0x40>
   10874:	00535463          	bge	t1,t0,1087c <bge+0x40>
   10878:	0080006f          	j	10880 <bge+0x44>
   1087c:	0012e293          	ori	t0,t0,1
   10880:	00001337          	lui	t1,0x1
   10884:	fff30313          	addi	t1,t1,-1 # fff <boot+0xee3>
   10888:	0062d463          	bge	t0,t1,10890 <bge+0x54>
   1088c:	0080006f          	j	10894 <bge+0x58>
   10890:	0022e293          	ori	t0,t0,2
   10894:	00028313          	mv	t1,t0
   10898:	0062d463          	bge	t0,t1,108a0 <bge+0x64>
   1089c:	0042e293          	ori	t0,t0,4
   108a0:	fffff337          	lui	t1,0xfffff
   108a4:	eee30313          	addi	t1,t1,-274 # ffffeeee <__data_paddr_start+0xdfefdeee>
   108a8:	0062d463          	bge	t0,t1,108b0 <bge+0x74>
   108ac:	0082e293          	ori	t0,t0,8
   108b0:	00542023          	sw	t0,0(s0)
   108b4:	00440413          	addi	s0,s0,4

000108b8 <bltu>:
   108b8:	fffff2b7          	lui	t0,0xfffff
   108bc:	f0000313          	li	t1,-256
   108c0:	ffc28313          	addi	t1,t0,-4 # ffffeffc <__data_paddr_start+0xdfefdffc>
   108c4:	0262ea63          	bltu	t0,t1,108f8 <bltu+0x40>
   108c8:	0262e863          	bltu	t0,t1,108f8 <bltu+0x40>
   108cc:	0262e663          	bltu	t0,t1,108f8 <bltu+0x40>
   108d0:	0262e463          	bltu	t0,t1,108f8 <bltu+0x40>
   108d4:	0262e263          	bltu	t0,t1,108f8 <bltu+0x40>
   108d8:	fff00313          	li	t1,-1
   108dc:	00428313          	addi	t1,t0,4
   108e0:	00536c63          	bltu	t1,t0,108f8 <bltu+0x40>
   108e4:	00536a63          	bltu	t1,t0,108f8 <bltu+0x40>
   108e8:	00536863          	bltu	t1,t0,108f8 <bltu+0x40>
   108ec:	00536663          	bltu	t1,t0,108f8 <bltu+0x40>
   108f0:	00536463          	bltu	t1,t0,108f8 <bltu+0x40>
   108f4:	0080006f          	j	108fc <bltu+0x44>
   108f8:	0012e293          	ori	t0,t0,1
   108fc:	fff00313          	li	t1,-1
   10900:	0062e463          	bltu	t0,t1,10908 <bltu+0x50>
   10904:	0022e293          	ori	t0,t0,2
   10908:	00028313          	mv	t1,t0
   1090c:	0062e463          	bltu	t0,t1,10914 <bltu+0x5c>
   10910:	0080006f          	j	10918 <bltu+0x60>
   10914:	0042e293          	ori	t0,t0,4
   10918:	00001337          	lui	t1,0x1
   1091c:	fff30313          	addi	t1,t1,-1 # fff <boot+0xee3>
   10920:	0062e463          	bltu	t0,t1,10928 <bltu+0x70>
   10924:	0080006f          	j	1092c <bltu+0x74>
   10928:	0082e293          	ori	t0,t0,8
   1092c:	00542023          	sw	t0,0(s0)
   10930:	00440413          	addi	s0,s0,4

00010934 <bgeu>:
   10934:	fffff2b7          	lui	t0,0xfffff
   10938:	fffff337          	lui	t1,0xfffff
   1093c:	00428313          	addi	t1,t0,4 # fffff004 <__data_paddr_start+0xdfefe004>
   10940:	0262fc63          	bgeu	t0,t1,10978 <bgeu+0x44>
   10944:	0262fa63          	bgeu	t0,t1,10978 <bgeu+0x44>
   10948:	0262f863          	bgeu	t0,t1,10978 <bgeu+0x44>
   1094c:	0262f663          	bgeu	t0,t1,10978 <bgeu+0x44>
   10950:	0262f463          	bgeu	t0,t1,10978 <bgeu+0x44>
   10954:	00001337          	lui	t1,0x1
   10958:	fff30313          	addi	t1,t1,-1 # fff <boot+0xee3>
   1095c:	ffc28313          	addi	t1,t0,-4
   10960:	00537c63          	bgeu	t1,t0,10978 <bgeu+0x44>
   10964:	00537a63          	bgeu	t1,t0,10978 <bgeu+0x44>
   10968:	00537863          	bgeu	t1,t0,10978 <bgeu+0x44>
   1096c:	00537663          	bgeu	t1,t0,10978 <bgeu+0x44>
   10970:	00537463          	bgeu	t1,t0,10978 <bgeu+0x44>
   10974:	0080006f          	j	1097c <bgeu+0x48>
   10978:	0012e293          	ori	t0,t0,1
   1097c:	fff00313          	li	t1,-1
   10980:	0062f463          	bgeu	t0,t1,10988 <bgeu+0x54>
   10984:	0080006f          	j	1098c <bgeu+0x58>
   10988:	0022e293          	ori	t0,t0,2
   1098c:	00028313          	mv	t1,t0
   10990:	0062f463          	bgeu	t0,t1,10998 <bgeu+0x64>
   10994:	0042e293          	ori	t0,t0,4
   10998:	00001337          	lui	t1,0x1
   1099c:	fff30313          	addi	t1,t1,-1 # fff <boot+0xee3>
   109a0:	0062f463          	bgeu	t0,t1,109a8 <bgeu+0x74>
   109a4:	0082e293          	ori	t0,t0,8
   109a8:	00542023          	sw	t0,0(s0)
   109ac:	00440413          	addi	s0,s0,4

000109b0 <auipc>:
   109b0:	00000297          	auipc	t0,0x0
   109b4:	fffff317          	auipc	t1,0xfffff
   109b8:	13579397          	auipc	t2,0x13579
   109bc:	00730333          	add	t1,t1,t2
   109c0:	006282b3          	add	t0,t0,t1
   109c4:	00542023          	sw	t0,0(s0)
   109c8:	00440413          	addi	s0,s0,4

000109cc <lui>:
   109cc:	000002b7          	lui	t0,0x0
   109d0:	fffff337          	lui	t1,0xfffff
   109d4:	135793b7          	lui	t2,0x13579
   109d8:	00730333          	add	t1,t1,t2
   109dc:	006282b3          	add	t0,t0,t1
   109e0:	00542023          	sw	t0,0(s0)
   109e4:	00440413          	addi	s0,s0,4

000109e8 <jal>:
   109e8:	fffff2b7          	lui	t0,0xfffff
   109ec:	0080036f          	jal	t1,109f4 <jal+0xc>
   109f0:	0012e293          	ori	t0,t0,1
   109f4:	00000397          	auipc	t2,0x0
   109f8:	00038393          	mv	t2,t2
   109fc:	40638333          	sub	t1,t2,t1
   10a00:	006282b3          	add	t0,t0,t1
   10a04:	00542023          	sw	t0,0(s0)
   10a08:	00440413          	addi	s0,s0,4

00010a0c <rdinst>:
   10a0c:	c82022f3          	rdinstreth	t0
   10a10:	c0202373          	rdinstret	t1
   10a14:	c82023f3          	rdinstreth	t2
   10a18:	fe729ae3          	bne	t0,t2,10a0c <rdinst>
   10a1c:	00542023          	sw	t0,0(s0)
   10a20:	00440413          	addi	s0,s0,4
   10a24:	00642023          	sw	t1,0(s0)
   10a28:	00440413          	addi	s0,s0,4

00010a2c <rdcycle>:
   10a2c:	c80022f3          	rdcycleh	t0
   10a30:	c0002373          	rdcycle	t1
   10a34:	c80023f3          	rdcycleh	t2
   10a38:	fe729ae3          	bne	t0,t2,10a2c <rdcycle>
   10a3c:	00542023          	sw	t0,0(s0)
   10a40:	00440413          	addi	s0,s0,4
   10a44:	00642023          	sw	t1,0(s0)
   10a48:	00440413          	addi	s0,s0,4

00010a4c <main_exit>:
   10a4c:	00012403          	lw	s0,0(sp)
   10a50:	00410113          	addi	sp,sp,4
   10a54:	00008067          	ret
